Command: vcs -timescale=1ns/1fs -j8 -sverilog +v2k -full64 -Mupdate -R -debug_access+all \
-y /usr/cad/synopsys/synthesis/cur/dw/sim_ver/ +libext+.v -f filelist.f -o simv -l \
vcs.log -P /usr/cad/synopsys/verdi/2019.06//share/PLI/VCS/linux64/novas.tab /usr/cad/synopsys/verdi/2019.06//share/PLI/VCS/linux64/pli.a \
-v /RAID2/COURSE/iclab/iclabTA01/umc018/Verilog/umc18_neg.v +define+GATE +neg_tchk \
+nowarnNTCDSN
*** Using c compiler gcc instead of cc ...
                         Chronologic VCS (TM)
         Version T-2022.06_Full64 -- Tue Oct  8 21:57:49 2024

                    Copyright (c) 1991 - 2022 Synopsys, Inc.
   This software and the associated documentation are proprietary to Synopsys,
 Inc. This software may only be used in accordance with the terms and conditions
 of a written license agreement with Synopsys, Inc. All other use, reproduction,
   or distribution of this software is strictly prohibited.  Licensed Products
     communicate with Synopsys servers for the purpose of providing software
    updates, detecting software piracy and verifying that customers are using
    Licensed Products in conformity with the applicable License Key for such
  Licensed Products. Synopsys will use information gathered in connection with
    this process to deliver software updates and pursue software pirates and
                                   infringers.

 Inclusivity & Diversity - Visit SolvNetPlus to read the "Synopsys Statement on
            Inclusivity and Diversity" (Refer to article 000036315 at
                        https://solvnetplus.synopsys.com)

Parsing design file 'TESTBED.v'
Parsing included file '/RAID2/COURSE/iclab/iclab143/Lab04/Exercise/00_TESTBED/pattern_1.v'.
Back to file 'TESTBED.v'.
Parsing included file 'CNN_SYN.v'.
Back to file 'TESTBED.v'.
Parsing library file '/RAID2/COURSE/iclab/iclabTA01/umc018/Verilog/umc18_neg.v'
Top Level Modules:
       TESTBED
TimeScale is 1 ns / 1 ps

Warning-[TFIPC] Too few instance port connections
CNN_SYN.v, 49208
CNN, "DFFSX1 out_valid_reg( .D (n72468),  .CK (clk),  .SN (n213334),  .QN (out_valid));"
  The above instance has fewer port connections than the module definition.
  Please use '+lint=TFIPC-L' to print out detailed information of unconnected 
  ports.


Warning-[TFIPC] Too few instance port connections
CNN_SYN.v, 54099
CNN, "ADDFXL U79300( .A (M1_pp0[15]),  .B (n210860),  .CI (n210424),  .CO (n210425));"
  The above instance has fewer port connections than the module definition.
  Please use '+lint=TFIPC-L' to print out detailed information of unconnected 
  ports.


Warning-[TFIPC] Too few instance port connections
CNN_SYN.v, 54363
CNN, "ADDFXL U79516( .A (M1_pp0[20]),  .B (n210870),  .CI (n210429),  .CO (n210430));"
  The above instance has fewer port connections than the module definition.
  Please use '+lint=TFIPC-L' to print out detailed information of unconnected 
  ports.


Warning-[TFIPC] Too few instance port connections
CNN_SYN.v, 70903
CNN, "ADDFX1 U93695( .A (M1_pp0[21]),  .B (n210872),  .CI (n210430),  .CO (n210818));"
  The above instance has fewer port connections than the module definition.
  Please use '+lint=TFIPC-L' to print out detailed information of unconnected 
  ports.


Warning-[TFIPC] Too few instance port connections
CNN_SYN.v, 82475
CNN, "AFHCONX2 U103596( .A (n99391),  .B (n71909),  .CI (n99389),  .CON (n99428));"
  The above instance has fewer port connections than the module definition.
  Please use '+lint=TFIPC-L' to print out detailed information of unconnected 
  ports.


Warning-[TFIPC] Too few instance port connections
CNN_SYN.v, 83109
CNN, "AFHCONX2 U104201( .A (n108616),  .B (n109427),  .CI (n109425),  .CON (n109471));"
  The above instance has fewer port connections than the module definition.
  Please use '+lint=TFIPC-L' to print out detailed information of unconnected 
  ports.


Warning-[TFIPC] Too few instance port connections
CNN_SYN.v, 89051
CNN, "ADDFXL U108913( .A (n211776),  .B (n211766),  .CI (n104502),  .CO (n104503));"
  The above instance has fewer port connections than the module definition.
  Please use '+lint=TFIPC-L' to print out detailed information of unconnected 
  ports.


Warning-[TFIPC] Too few instance port connections
CNN_SYN.v, 89917
CNN, "ADDFXL U109613( .A (M1_pp0[22]),  .B (n210874),  .CI (n210873),  .CO (n210876));"
  The above instance has fewer port connections than the module definition.
  Please use '+lint=TFIPC-L' to print out detailed information of unconnected 
  ports.


Warning-[TFIPC] Too few instance port connections
CNN_SYN.v, 89918
CNN, "ADDFXL U109614( .A (M1_pp0[21]),  .B (n210872),  .CI (n210871),  .CO (n210873));"
  The above instance has fewer port connections than the module definition.
  Please use '+lint=TFIPC-L' to print out detailed information of unconnected 
  ports.


Warning-[TFIPC] Too few instance port connections
CNN_SYN.v, 94573
CNN, "ADDFXL U113218( .A (n68941),  .B (n211819),  .CI (n102890),  .CO (n210603));"
  The above instance has fewer port connections than the module definition.
  Please use '+lint=TFIPC-L' to print out detailed information of unconnected 
  ports.


Warning-[TFIPC] Too few instance port connections
CNN_SYN.v, 95918
CNN, "ADDFXL U114264( .A (M1_pp0[20]),  .B (n210870),  .CI (n210869),  .CO (n210871));"
  The above instance has fewer port connections than the module definition.
  Please use '+lint=TFIPC-L' to print out detailed information of unconnected 
  ports.


Warning-[TFIPC] Too few instance port connections
CNN_SYN.v, 110335
CNN, "AFHCONX2 U125154( .A (n68503),  .B (n78467),  .CI (n78469),  .CON (n78462));"
  The above instance has fewer port connections than the module definition.
  Please use '+lint=TFIPC-L' to print out detailed information of unconnected 
  ports.


Warning-[TFIPC] Too few instance port connections
CNN_SYN.v, 110336
CNN, "AFHCONX2 U125155( .A (n77803),  .B (n78489),  .CI (n78491),  .CON (n78502));"
  The above instance has fewer port connections than the module definition.
  Please use '+lint=TFIPC-L' to print out detailed information of unconnected 
  ports.


Warning-[TFIPC] Too few instance port connections
CNN_SYN.v, 115304
CNN, "AFHCONX2 U128762( .A (n84223),  .B (n84225),  .CI (n84221),  .CON (n84265));"
  The above instance has fewer port connections than the module definition.
  Please use '+lint=TFIPC-L' to print out detailed information of unconnected 
  ports.


Warning-[TFIPC] Too few instance port connections
CNN_SYN.v, 125329
CNN, "AFHCONX2 U136172( .A (n93152),  .B (n93933),  .CI (n93935),  .CON (n93929));"
  The above instance has fewer port connections than the module definition.
  Please use '+lint=TFIPC-L' to print out detailed information of unconnected 
  ports.


Warning-[TFIPC] Too few instance port connections
CNN_SYN.v, 125330
CNN, "AFHCONX2 U136173( .A (n93926),  .B (n93927),  .CI (n93929),  .CON (n93961));"
  The above instance has fewer port connections than the module definition.
  Please use '+lint=TFIPC-L' to print out detailed information of unconnected 
  ports.


Warning-[TFIPC] Too few instance port connections
CNN_SYN.v, 125331
CNN, "AFHCONX2 U136174( .A (n93407),  .B (n93959),  .CI (n93961),  .CON (n93975));"
  The above instance has fewer port connections than the module definition.
  Please use '+lint=TFIPC-L' to print out detailed information of unconnected 
  ports.


Warning-[TFIPC] Too few instance port connections
CNN_SYN.v, 201186
CNN, "AFHCONX2 U193077( .A (n68845),  .B (n178224),  .CI (n178226),  .CON (n178219));"
  The above instance has fewer port connections than the module definition.
  Please use '+lint=TFIPC-L' to print out detailed information of unconnected 
  ports.


Warning-[TFIPC] Too few instance port connections
CNN_SYN.v, 201187
CNN, "AFHCONX2 U193078( .A (n178217),  .B (n178117),  .CI (n178219),  .CON (n178247));"
  The above instance has fewer port connections than the module definition.
  Please use '+lint=TFIPC-L' to print out detailed information of unconnected 
  ports.


Warning-[TFIPC] Too few instance port connections
CNN_SYN.v, 201188
CNN, "AFHCONX2 U193079( .A (n177807),  .B (n178243),  .CI (n178247),  .CON (n177432));"
  The above instance has fewer port connections than the module definition.
  Please use '+lint=TFIPC-L' to print out detailed information of unconnected 
  ports.


Warning-[TFIPC] Too few instance port connections
CNN_SYN.v, 229210
CNN, "ADDFXL U216459( .A (n210831),  .B (n210830),  .CI (n210412),  .CO (n210413));"
  The above instance has fewer port connections than the module definition.
  Please use '+lint=TFIPC-L' to print out detailed information of unconnected 
  ports.


Warning-[TFIPC] Too few instance port connections
CNN_SYN.v, 229211
CNN, "ADDFXL U216460( .A (n210834),  .B (n210833),  .CI (n210413),  .CO (n210414));"
  The above instance has fewer port connections than the module definition.
  Please use '+lint=TFIPC-L' to print out detailed information of unconnected 
  ports.


Warning-[TFIPC] Too few instance port connections
CNN_SYN.v, 229212
CNN, "ADDFXL U216461( .A (n210837),  .B (n210836),  .CI (n210414),  .CO (n210415));"
  The above instance has fewer port connections than the module definition.
  Please use '+lint=TFIPC-L' to print out detailed information of unconnected 
  ports.


Warning-[TFIPC] Too few instance port connections
CNN_SYN.v, 229213
CNN, "ADDFXL U216462( .A (n210840),  .B (n210839),  .CI (n210415),  .CO (n210416));"
  The above instance has fewer port connections than the module definition.
  Please use '+lint=TFIPC-L' to print out detailed information of unconnected 
  ports.


Warning-[TFIPC] Too few instance port connections
CNN_SYN.v, 229214
CNN, "ADDFXL U216463( .A (n210843),  .B (n210842),  .CI (n210416),  .CO (n210417));"
  The above instance has fewer port connections than the module definition.
  Please use '+lint=TFIPC-L' to print out detailed information of unconnected 
  ports.


Warning-[TFIPC] Too few instance port connections
CNN_SYN.v, 229215
CNN, "ADDFXL U216464( .A (n210846),  .B (n210845),  .CI (n210417),  .CO (n210418));"
  The above instance has fewer port connections than the module definition.
  Please use '+lint=TFIPC-L' to print out detailed information of unconnected 
  ports.


Warning-[TFIPC] Too few instance port connections
CNN_SYN.v, 229216
CNN, "ADDFXL U216465( .A (M1_pp0[9]),  .B (n210848),  .CI (n210418),  .CO (n210419));"
  The above instance has fewer port connections than the module definition.
  Please use '+lint=TFIPC-L' to print out detailed information of unconnected 
  ports.


Warning-[TFIPC] Too few instance port connections
CNN_SYN.v, 229217
CNN, "ADDFXL U216466( .A (M1_pp0[10]),  .B (n210850),  .CI (n210419),  .CO (n210420));"
  The above instance has fewer port connections than the module definition.
  Please use '+lint=TFIPC-L' to print out detailed information of unconnected 
  ports.


Warning-[TFIPC] Too few instance port connections
CNN_SYN.v, 229218
CNN, "ADDFXL U216467( .A (M1_pp0[11]),  .B (n210852),  .CI (n210420),  .CO (n210421));"
  The above instance has fewer port connections than the module definition.
  Please use '+lint=TFIPC-L' to print out detailed information of unconnected 
  ports.


Warning-[TFIPC] Too few instance port connections
CNN_SYN.v, 229219
CNN, "ADDFXL U216468( .A (M1_pp0[12]),  .B (n210854),  .CI (n210421),  .CO (n210422));"
  The above instance has fewer port connections than the module definition.
  Please use '+lint=TFIPC-L' to print out detailed information of unconnected 
  ports.


Warning-[TFIPC] Too few instance port connections
CNN_SYN.v, 229220
CNN, "ADDFXL U216469( .A (M1_pp0[13]),  .B (n210856),  .CI (n210422),  .CO (n210423));"
  The above instance has fewer port connections than the module definition.
  Please use '+lint=TFIPC-L' to print out detailed information of unconnected 
  ports.


Warning-[TFIPC] Too few instance port connections
CNN_SYN.v, 229221
CNN, "ADDFXL U216470( .A (M1_pp0[14]),  .B (n210858),  .CI (n210423),  .CO (n210424));"
  The above instance has fewer port connections than the module definition.
  Please use '+lint=TFIPC-L' to print out detailed information of unconnected 
  ports.


Warning-[TFIPC] Too few instance port connections
CNN_SYN.v, 229222
CNN, "ADDFX1 U216471( .A (M1_pp0[16]),  .B (n210862),  .CI (n210425),  .CO (n210426));"
  The above instance has fewer port connections than the module definition.
  Please use '+lint=TFIPC-L' to print out detailed information of unconnected 
  ports.


Warning-[TFIPC] Too few instance port connections
CNN_SYN.v, 229223
CNN, "ADDFX1 U216472( .A (M1_pp0[17]),  .B (n210864),  .CI (n210426),  .CO (n210427));"
  The above instance has fewer port connections than the module definition.
  Please use '+lint=TFIPC-L' to print out detailed information of unconnected 
  ports.


Warning-[TFIPC] Too few instance port connections
CNN_SYN.v, 229224
CNN, "ADDFX1 U216473( .A (M1_pp0[18]),  .B (n210866),  .CI (n210427),  .CO (n210428));"
  The above instance has fewer port connections than the module definition.
  Please use '+lint=TFIPC-L' to print out detailed information of unconnected 
  ports.


Warning-[TFIPC] Too few instance port connections
CNN_SYN.v, 229225
CNN, "ADDFX1 U216474( .A (M1_pp0[19]),  .B (n210868),  .CI (n210428),  .CO (n210429));"
  The above instance has fewer port connections than the module definition.
  Please use '+lint=TFIPC-L' to print out detailed information of unconnected 
  ports.


Warning-[TFIPC] Too few instance port connections
CNN_SYN.v, 229492
CNN, "ADDHXL U216709( .A (n211329),  .B (n210824),  .CO (n210825));"
  The above instance has fewer port connections than the module definition.
  Please use '+lint=TFIPC-L' to print out detailed information of unconnected 
  ports.


Warning-[TFIPC] Too few instance port connections
CNN_SYN.v, 229495
CNN, "ADDFXL U216712( .A (n210831),  .B (n210830),  .CI (n210829),  .CO (n210832));"
  The above instance has fewer port connections than the module definition.
  Please use '+lint=TFIPC-L' to print out detailed information of unconnected 
  ports.


Warning-[TFIPC] Too few instance port connections
CNN_SYN.v, 229496
CNN, "ADDFXL U216713( .A (n210834),  .B (n210833),  .CI (n210832),  .CO (n210835));"
  The above instance has fewer port connections than the module definition.
  Please use '+lint=TFIPC-L' to print out detailed information of unconnected 
  ports.


Warning-[TFIPC] Too few instance port connections
CNN_SYN.v, 229497
CNN, "ADDFXL U216714( .A (n210837),  .B (n210836),  .CI (n210835),  .CO (n210838));"
  The above instance has fewer port connections than the module definition.
  Please use '+lint=TFIPC-L' to print out detailed information of unconnected 
  ports.


Warning-[TFIPC] Too few instance port connections
CNN_SYN.v, 229498
CNN, "ADDFXL U216715( .A (n210840),  .B (n210839),  .CI (n210838),  .CO (n210841));"
  The above instance has fewer port connections than the module definition.
  Please use '+lint=TFIPC-L' to print out detailed information of unconnected 
  ports.


Warning-[TFIPC] Too few instance port connections
CNN_SYN.v, 229499
CNN, "ADDFXL U216716( .A (n210843),  .B (n210842),  .CI (n210841),  .CO (n210844));"
  The above instance has fewer port connections than the module definition.
  Please use '+lint=TFIPC-L' to print out detailed information of unconnected 
  ports.


Warning-[TFIPC] Too few instance port connections
CNN_SYN.v, 229500
CNN, "ADDFXL U216717( .A (n210846),  .B (n210845),  .CI (n210844),  .CO (n210847));"
  The above instance has fewer port connections than the module definition.
  Please use '+lint=TFIPC-L' to print out detailed information of unconnected 
  ports.


Warning-[TFIPC] Too few instance port connections
CNN_SYN.v, 229501
CNN, "ADDFXL U216718( .A (M1_pp0[9]),  .B (n210848),  .CI (n210847),  .CO (n210849));"
  The above instance has fewer port connections than the module definition.
  Please use '+lint=TFIPC-L' to print out detailed information of unconnected 
  ports.


Warning-[TFIPC] Too few instance port connections
CNN_SYN.v, 229502
CNN, "ADDFXL U216719( .A (M1_pp0[10]),  .B (n210850),  .CI (n210849),  .CO (n210851));"
  The above instance has fewer port connections than the module definition.
  Please use '+lint=TFIPC-L' to print out detailed information of unconnected 
  ports.


Warning-[TFIPC] Too few instance port connections
CNN_SYN.v, 229503
CNN, "ADDFXL U216720( .A (M1_pp0[11]),  .B (n210852),  .CI (n210851),  .CO (n210853));"
  The above instance has fewer port connections than the module definition.
  Please use '+lint=TFIPC-L' to print out detailed information of unconnected 
  ports.


Warning-[TFIPC] Too few instance port connections
CNN_SYN.v, 229504
CNN, "ADDFXL U216721( .A (M1_pp0[12]),  .B (n210854),  .CI (n210853),  .CO (n210855));"
  The above instance has fewer port connections than the module definition.
  Please use '+lint=TFIPC-L' to print out detailed information of unconnected 
  ports.


Warning-[TFIPC] Too few instance port connections
CNN_SYN.v, 229505
CNN, "ADDFXL U216722( .A (M1_pp0[13]),  .B (n210856),  .CI (n210855),  .CO (n210857));"
  The above instance has fewer port connections than the module definition.
  Please use '+lint=TFIPC-L' to print out detailed information of unconnected 
  ports.


Warning-[TFIPC] Too few instance port connections
CNN_SYN.v, 229506
CNN, "ADDFXL U216723( .A (M1_pp0[14]),  .B (n210858),  .CI (n210857),  .CO (n210859));"
  The above instance has fewer port connections than the module definition.
  Please use '+lint=TFIPC-L' to print out detailed information of unconnected 
  ports.


Warning-[TFIPC] Too few instance port connections
CNN_SYN.v, 229507
CNN, "ADDFXL U216724( .A (M1_pp0[15]),  .B (n210860),  .CI (n210859),  .CO (n210861));"
  The above instance has fewer port connections than the module definition.
  Please use '+lint=TFIPC-L' to print out detailed information of unconnected 
  ports.


Warning-[TFIPC] Too few instance port connections
CNN_SYN.v, 229508
CNN, "ADDFXL U216725( .A (M1_pp0[16]),  .B (n210862),  .CI (n210861),  .CO (n210863));"
  The above instance has fewer port connections than the module definition.
  Please use '+lint=TFIPC-L' to print out detailed information of unconnected 
  ports.


Warning-[TFIPC] Too few instance port connections
CNN_SYN.v, 229509
CNN, "ADDFXL U216726( .A (M1_pp0[17]),  .B (n210864),  .CI (n210863),  .CO (n210865));"
  The above instance has fewer port connections than the module definition.
  Please use '+lint=TFIPC-L' to print out detailed information of unconnected 
  ports.


Warning-[TFIPC] Too few instance port connections
CNN_SYN.v, 229510
CNN, "ADDFXL U216727( .A (M1_pp0[18]),  .B (n210866),  .CI (n210865),  .CO (n210867));"
  The above instance has fewer port connections than the module definition.
  Please use '+lint=TFIPC-L' to print out detailed information of unconnected 
  ports.


Warning-[TFIPC] Too few instance port connections
CNN_SYN.v, 229511
CNN, "ADDFXL U216728( .A (M1_pp0[19]),  .B (n210868),  .CI (n210867),  .CO (n210869));"
  The above instance has fewer port connections than the module definition.
  Please use '+lint=TFIPC-L' to print out detailed information of unconnected 
  ports.


Warning-[TFIPC] Too few instance port connections
CNN_SYN.v, 229646
CNN, "ADDHXL U216805( .A (n212178),  .B (n212176),  .CO (n212074));"
  The above instance has fewer port connections than the module definition.
  Please use '+lint=TFIPC-L' to print out detailed information of unconnected 
  ports.


   ***   $sdf_annotate() version 1.2R
   ***    SDF file: "CNN_SYN.sdf"
   ***    Annotation scope: TESTBED.u_CNN
   ***    No MTM selection argument specified
   ***    No SCALE FACTORS argument specified
   ***    No SCALE TYPE argument specified
   ***    MTM selection defaulted to "TOOL_CONTROL":
               (+typdelays compiled, TYPICAL delays selected)
   ***    SCALE FACTORS defaulted to "1.0:1.0:1.0":
   ***    SCALE TYPE defaulted to: "FROM_MTM"
   ***    Turnoff delay: "FROM_FILE"
   ***    Approximation (mipd) policy: "MAXIMUM"

   ***    SDF annotation begin: Tue Oct  8 21:57:57 2024


SDF Info: +pulse_r/100, +pulse_e/100 in effect

Warning-[SDFCOM_NDI] Negative Delay Ignored
CNN_SYN.sdf, 479370
module: MXI2X1, "instance: TESTBED.u_CNN.U251957"
  SDF Warning: Negative delay is ignored and replaced by 0.
  Please use -negdelay to support it. 


Warning-[SDFCOM_NDI] Negative Delay Ignored
CNN_SYN.sdf, 479425
module: MXI2X1, "instance: TESTBED.u_CNN.U251952"
  SDF Warning: Negative delay is ignored and replaced by 0.
  Please use -negdelay to support it. 


Warning-[SDFCOM_NDI] Negative Delay Ignored
CNN_SYN.sdf, 479462
module: MXI2X1, "instance: TESTBED.u_CNN.U251949"
  SDF Warning: Negative delay is ignored and replaced by 0.
  Please use -negdelay to support it. 


Warning-[SDFCOM_NDI] Negative Delay Ignored
CNN_SYN.sdf, 479513
module: MXI2X1, "instance: TESTBED.u_CNN.U251945"
  SDF Warning: Negative delay is ignored and replaced by 0.
  Please use -negdelay to support it. 


Warning-[SDFCOM_NDI] Negative Delay Ignored
CNN_SYN.sdf, 479536
module: MXI2X1, "instance: TESTBED.u_CNN.U251943"
  SDF Warning: Negative delay is ignored and replaced by 0.
  Please use -negdelay to support it. 


Warning-[SDFCOM_NDI] Negative Delay Ignored
CNN_SYN.sdf, 479582
module: MXI2X1, "instance: TESTBED.u_CNN.U251939"
  SDF Warning: Negative delay is ignored and replaced by 0.
  Please use -negdelay to support it. 


Warning-[SDFCOM_NDI] Negative Delay Ignored
CNN_SYN.sdf, 479619
module: MXI2X1, "instance: TESTBED.u_CNN.U251936"
  SDF Warning: Negative delay is ignored and replaced by 0.
  Please use -negdelay to support it. 


Warning-[SDFCOM_NDI] Negative Delay Ignored
CNN_SYN.sdf, 479674
module: MXI2X1, "instance: TESTBED.u_CNN.U251931"
  SDF Warning: Negative delay is ignored and replaced by 0.
  Please use -negdelay to support it. 


Warning-[SDFCOM_NDI] Negative Delay Ignored
CNN_SYN.sdf, 479688
module: MXI2X1, "instance: TESTBED.u_CNN.U251930"
  SDF Warning: Negative delay is ignored and replaced by 0.
  Please use -negdelay to support it. 

All future warnings not reported; use +sdfverbose to report them.

Warning-[SDFCOM_NDI] Negative Delay Ignored
CNN_SYN.sdf, 479720
module: MXI2X1, "instance: TESTBED.u_CNN.U251927"
  SDF Warning: Negative delay is ignored and replaced by 0.
  Please use -negdelay to support it. 


          Total errors: 0
          Total warnings: 1899
   ***    SDF annotation completed: Tue Oct  8 21:58:00 2024


Starting vcs inline pass...

Note-[VCS_PARAL] Parallel code-gen enabled
  VCS is running with parallel code generation(-j)...

195 modules and 2 UDPs read.
recompiling module PATTERN
recompiling module CMPR42X1
recompiling module CMPR42X2
recompiling module AFHCONX2
recompiling module ADDFHX1
recompiling module ADDFHX2
recompiling module ADDFHX4
recompiling module ADDFHXL
recompiling module ADDFX1
recompiling module ADDFX2
recompiling module ADDFXL
recompiling module DFFRX1
recompiling module DFFSX1
recompiling module XNOR3X2
recompiling module XOR3X2
recompiling module ADDHX1
recompiling module ADDHX2
recompiling module ADDHXL
recompiling module AOI222X1
recompiling module AOI222X2
recompiling module AOI222X4
recompiling module AOI222XL
recompiling module DFFX2
recompiling module DFFX4
recompiling module DFFRHQXL
recompiling module OAI222X1
recompiling module OAI222X4
recompiling module AND3X1
recompiling module BUFX12
recompiling module BUFX16
recompiling module BUFX1
recompiling module BUFX20
recompiling module BUFX2
recompiling module BUFX3
recompiling module BUFX4
recompiling module BUFX8
recompiling module BUFXL
recompiling module CLKBUFX1
recompiling module CLKINVX2
recompiling module CLKINVX3
recompiling module CLKINVX8
recompiling module INVX12
recompiling module INVX16
recompiling module INVX1
recompiling module INVX20
recompiling module INVX2
recompiling module INVX3
recompiling module INVX4
recompiling module INVX8
recompiling module INVXL
recompiling module OAI222XL
recompiling module OAI33XL
recompiling module AOI221X1
recompiling module AOI221X2
recompiling module AOI221XL
recompiling module AOI32X1
recompiling module AOI32X4
recompiling module AOI32XL
recompiling module DFFHQX1
recompiling module DFFHQX2
recompiling module DFFHQX4
recompiling module OAI221XL
recompiling module OAI32XL
recompiling module AOI22X1
recompiling module AOI22X2
recompiling module AOI22XL
recompiling module AOI2BB2X1
recompiling module AOI2BB2X2
recompiling module AOI2BB2XL
recompiling module NAND4BBX1
recompiling module NAND4BBX2
recompiling module NAND4BBX4
recompiling module NAND4BBXL
recompiling module NOR4BBXL
recompiling module OAI22X1
recompiling module OAI22X2
recompiling module OAI22X4
recompiling module OAI22XL
recompiling module OAI2BB2X1
recompiling module OAI2BB2X2
recompiling module OAI2BB2XL
recompiling module XNOR2X1
recompiling module XNOR2X2
recompiling module XNOR2X4
recompiling module XNOR2XL
recompiling module XOR2X1
recompiling module XOR2X2
recompiling module XOR2X4
recompiling module XOR2XL
recompiling module AOI211X1
recompiling module AOI211X2
recompiling module AOI211X4
recompiling module AOI211XL
recompiling module AOI31X1
recompiling module AOI31X4
recompiling module AOI31XL
recompiling module MXI2X1
recompiling module MXI2X2
recompiling module MXI2X4
recompiling module MXI2XL
recompiling module NAND4BX1
recompiling module NAND4BX2
recompiling module NAND4BX4
recompiling module NAND4BXL
recompiling module NOR4BX1
recompiling module NOR4BXL
recompiling module OAI211X1
recompiling module OAI211X2
recompiling module OAI211X4
recompiling module OAI211XL
recompiling module OAI31X1
recompiling module OAI31X4
recompiling module OAI31XL
recompiling module AND4X1
recompiling module AND4X2
recompiling module AND4X4
recompiling module AND4XL
recompiling module AOI21X1
recompiling module AOI21X2
recompiling module AOI21X4
recompiling module AOI21XL
recompiling module AOI2BB1X1
recompiling module AOI2BB1X2
recompiling module AOI2BB1X4
recompiling module AOI2BB1XL
recompiling module MX2X1
recompiling module MX2X2
recompiling module MX2X4
recompiling module CNN
recompiling module MX2XL
recompiling module NAND3BX1
recompiling module NAND3BX2
recompiling module NAND3BXL
recompiling module NAND4X1
recompiling module NAND4X2
recompiling module NAND4X4
recompiling module NAND4XL
recompiling module NOR3BX1
recompiling module NOR3BX2
recompiling module NOR3BXL
recompiling module NOR4X1
recompiling module NOR4X2
recompiling module NOR4XL
recompiling module OAI21X1
recompiling module OAI21X2
recompiling module OAI21X4
recompiling module OAI21XL
recompiling module OAI2BB1X1
recompiling module OAI2BB1X2
recompiling module OAI2BB1X4
recompiling module OAI2BB1XL
recompiling module OR4X1
recompiling module OR4X2
recompiling module OR4X4
recompiling module OR4XL
recompiling module AND3X2
recompiling module AND3X4
recompiling module AND3XL
recompiling module NAND2BX1
recompiling module NAND2BX2
recompiling module NAND2BX4
recompiling module NAND2BXL
recompiling module NAND3X1
recompiling module NAND3X2
recompiling module NAND3X4
recompiling module NAND3XL
recompiling module NOR2BX1
recompiling module NOR2BX2
recompiling module NOR2BX4
recompiling module NOR2BXL
recompiling module NOR3X1
recompiling module NOR3X2
recompiling module NOR3X4
recompiling module NOR3XL
recompiling module OR3X1
recompiling module OR3X2
recompiling module OR3X4
recompiling module OR3XL
recompiling module AND2X1
recompiling module AND2X2
recompiling module AND2X4
recompiling module AND2XL
recompiling module NAND2X1
recompiling module NAND2X2
recompiling module NAND2X4
recompiling module NAND2XL
recompiling module NOR2X1
recompiling module NOR2X2
recompiling module NOR2X4
recompiling module NOR2XL
recompiling module OR2X1
recompiling module OR2X2
recompiling module OR2X4
recompiling module OR2XL
	However, due to incremental compilation, only 194 modules need to be compiled. 
make[1]: Entering directory `/RAID2/COURSE/iclab/iclab143/Lab04/Exercise/03_GATE/csrc' \

rm -f _cuarc*.so _csrc*.so pre_vcsobj_*.so share_vcsobj_*.so
ld -shared  -Bsymbolic   -o .//../simv.daidir//_cuarc0.so objs/amcQw_d.o 
rm -f _cuarc0.so
if [ -x ../simv ]; then chmod a-x ../simv; fi
g++  -o ../simv      -rdynamic  -Wl,-rpath='$ORIGIN'/simv.daidir -Wl,-rpath=./simv.daidir \
-Wl,-rpath=/usr/cad/synopsys/vcs/2022.06/linux64/lib -L/usr/cad/synopsys/vcs/2022.06/linux64/lib \
-Wl,-rpath-link=./  /usr/lib64/libnuma.so.1     _26306_archive_1.so _26347_archive_1.so \
_26348_archive_1.so _26349_archive_1.so _26350_archive_1.so _prev_archive_1.so _cuarc0.so \
objs/udps/U7Vwg.o objs/udps/exIG1.o  SIM_l.o      rmapats_mop.o rmapats.o rmar.o \
rmar_nd.o  rmar_llvm_0_1.o rmar_llvm_0_0.o           -lvirsim -lerrorinf -lsnpsmalloc \
-lvfs /usr/cad/synopsys/verdi/2019.06//share/PLI/VCS/linux64/pli.a    -lvcsnew -lsimprofile \
-luclinative /usr/cad/synopsys/vcs/2022.06/linux64/lib/vcs_tls.o   -Wl,-whole-archive \
-lvcsucli    -Wl,-no-whole-archive        _vcs_pli_stub_.o   /usr/cad/synopsys/vcs/2022.06/linux64/lib/vcs_save_restore_new.o \
/usr/cad/synopsys/verdi/2019.06//share/PLI/VCS/LINUX64/pli.a -ldl -lm  -lc -lpthread \
-ldl 
../simv up to date
make[1]: Leaving directory `/RAID2/COURSE/iclab/iclab143/Lab04/Exercise/03_GATE/csrc' \

Command: /RAID2/COURSE/iclab/iclab143/Lab04/Exercise/03_GATE/./simv +v2k +libext+.v -a vcs.log +define+GATE +neg_tchk +nowarnNTCDSN
Chronologic VCS simulator copyright 1991-2022
Contains Synopsys proprietary information.
Compiler version T-2022.06_Full64; Runtime version T-2022.06_Full64;  Oct  8 21:58 2024
Doing SDF annotation ...... Done
PASS PATTERN NO.   0
PASS PATTERN NO.   1
PASS PATTERN NO.   2
PASS PATTERN NO.   3
PASS PATTERN NO.   4
PASS PATTERN NO.   5
PASS PATTERN NO.   6
PASS PATTERN NO.   7
PASS PATTERN NO.   8
PASS PATTERN NO.   9
PASS PATTERN NO.  10
PASS PATTERN NO.  11
PASS PATTERN NO.  12
PASS PATTERN NO.  13
PASS PATTERN NO.  14
PASS PATTERN NO.  15
PASS PATTERN NO.  16
PASS PATTERN NO.  17
PASS PATTERN NO.  18
PASS PATTERN NO.  19
PASS PATTERN NO.  20
PASS PATTERN NO.  21
PASS PATTERN NO.  22
PASS PATTERN NO.  23
PASS PATTERN NO.  24
PASS PATTERN NO.  25
PASS PATTERN NO.  26
PASS PATTERN NO.  27
PASS PATTERN NO.  28
PASS PATTERN NO.  29
PASS PATTERN NO.  30
PASS PATTERN NO.  31
PASS PATTERN NO.  32
PASS PATTERN NO.  33
PASS PATTERN NO.  34
PASS PATTERN NO.  35
PASS PATTERN NO.  36
PASS PATTERN NO.  37
PASS PATTERN NO.  38
PASS PATTERN NO.  39
PASS PATTERN NO.  40
PASS PATTERN NO.  41
PASS PATTERN NO.  42
PASS PATTERN NO.  43
PASS PATTERN NO.  44
PASS PATTERN NO.  45
PASS PATTERN NO.  46
PASS PATTERN NO.  47
PASS PATTERN NO.  48
PASS PATTERN NO.  49
PASS PATTERN NO.  50
PASS PATTERN NO.  51
PASS PATTERN NO.  52
PASS PATTERN NO.  53
PASS PATTERN NO.  54
PASS PATTERN NO.  55
PASS PATTERN NO.  56
PASS PATTERN NO.  57
PASS PATTERN NO.  58
PASS PATTERN NO.  59
PASS PATTERN NO.  60
PASS PATTERN NO.  61
PASS PATTERN NO.  62
PASS PATTERN NO.  63
PASS PATTERN NO.  64
PASS PATTERN NO.  65
PASS PATTERN NO.  66
PASS PATTERN NO.  67
PASS PATTERN NO.  68
PASS PATTERN NO.  69
PASS PATTERN NO.  70
PASS PATTERN NO.  71
PASS PATTERN NO.  72
PASS PATTERN NO.  73
PASS PATTERN NO.  74
PASS PATTERN NO.  75
PASS PATTERN NO.  76
PASS PATTERN NO.  77
PASS PATTERN NO.  78
PASS PATTERN NO.  79
PASS PATTERN NO.  80
PASS PATTERN NO.  81
PASS PATTERN NO.  82
PASS PATTERN NO.  83
PASS PATTERN NO.  84
PASS PATTERN NO.  85
PASS PATTERN NO.  86
PASS PATTERN NO.  87
PASS PATTERN NO.  88
PASS PATTERN NO.  89
PASS PATTERN NO.  90
PASS PATTERN NO.  91
PASS PATTERN NO.  92
PASS PATTERN NO.  93
PASS PATTERN NO.  94
PASS PATTERN NO.  95
PASS PATTERN NO.  96
PASS PATTERN NO.  97
PASS PATTERN NO.  98
PASS PATTERN NO.  99
PASS PATTERN NO. 100
PASS PATTERN NO. 101
PASS PATTERN NO. 102
PASS PATTERN NO. 103
PASS PATTERN NO. 104
PASS PATTERN NO. 105
PASS PATTERN NO. 106
PASS PATTERN NO. 107
PASS PATTERN NO. 108
PASS PATTERN NO. 109
PASS PATTERN NO. 110
PASS PATTERN NO. 111
PASS PATTERN NO. 112
PASS PATTERN NO. 113
PASS PATTERN NO. 114
PASS PATTERN NO. 115
PASS PATTERN NO. 116
PASS PATTERN NO. 117
PASS PATTERN NO. 118
PASS PATTERN NO. 119
PASS PATTERN NO. 120
PASS PATTERN NO. 121
PASS PATTERN NO. 122
PASS PATTERN NO. 123
PASS PATTERN NO. 124
PASS PATTERN NO. 125
PASS PATTERN NO. 126
PASS PATTERN NO. 127
PASS PATTERN NO. 128
PASS PATTERN NO. 129
PASS PATTERN NO. 130
PASS PATTERN NO. 131
PASS PATTERN NO. 132
PASS PATTERN NO. 133
PASS PATTERN NO. 134
PASS PATTERN NO. 135
PASS PATTERN NO. 136
PASS PATTERN NO. 137
PASS PATTERN NO. 138
PASS PATTERN NO. 139
PASS PATTERN NO. 140
PASS PATTERN NO. 141
PASS PATTERN NO. 142
PASS PATTERN NO. 143
PASS PATTERN NO. 144
PASS PATTERN NO. 145
PASS PATTERN NO. 146
PASS PATTERN NO. 147
PASS PATTERN NO. 148
PASS PATTERN NO. 149
PASS PATTERN NO. 150
PASS PATTERN NO. 151
PASS PATTERN NO. 152
PASS PATTERN NO. 153
PASS PATTERN NO. 154
PASS PATTERN NO. 155
PASS PATTERN NO. 156
PASS PATTERN NO. 157
PASS PATTERN NO. 158
PASS PATTERN NO. 159
PASS PATTERN NO. 160
PASS PATTERN NO. 161
PASS PATTERN NO. 162
PASS PATTERN NO. 163
PASS PATTERN NO. 164
PASS PATTERN NO. 165
PASS PATTERN NO. 166
PASS PATTERN NO. 167
PASS PATTERN NO. 168
PASS PATTERN NO. 169
PASS PATTERN NO. 170
PASS PATTERN NO. 171
PASS PATTERN NO. 172
PASS PATTERN NO. 173
PASS PATTERN NO. 174
PASS PATTERN NO. 175
PASS PATTERN NO. 176
PASS PATTERN NO. 177
PASS PATTERN NO. 178
PASS PATTERN NO. 179
PASS PATTERN NO. 180
PASS PATTERN NO. 181
PASS PATTERN NO. 182
PASS PATTERN NO. 183
PASS PATTERN NO. 184
PASS PATTERN NO. 185
PASS PATTERN NO. 186
PASS PATTERN NO. 187
PASS PATTERN NO. 188
PASS PATTERN NO. 189
PASS PATTERN NO. 190
PASS PATTERN NO. 191
PASS PATTERN NO. 192
PASS PATTERN NO. 193
PASS PATTERN NO. 194
PASS PATTERN NO. 195
PASS PATTERN NO. 196
PASS PATTERN NO. 197
PASS PATTERN NO. 198
PASS PATTERN NO. 199
PASS PATTERN NO. 200
PASS PATTERN NO. 201
PASS PATTERN NO. 202
PASS PATTERN NO. 203
PASS PATTERN NO. 204
PASS PATTERN NO. 205
PASS PATTERN NO. 206
PASS PATTERN NO. 207
PASS PATTERN NO. 208
PASS PATTERN NO. 209
PASS PATTERN NO. 210
PASS PATTERN NO. 211
PASS PATTERN NO. 212
PASS PATTERN NO. 213
PASS PATTERN NO. 214
PASS PATTERN NO. 215
PASS PATTERN NO. 216
PASS PATTERN NO. 217
PASS PATTERN NO. 218
PASS PATTERN NO. 219
PASS PATTERN NO. 220
PASS PATTERN NO. 221
PASS PATTERN NO. 222
PASS PATTERN NO. 223
PASS PATTERN NO. 224
PASS PATTERN NO. 225
PASS PATTERN NO. 226
PASS PATTERN NO. 227
PASS PATTERN NO. 228
PASS PATTERN NO. 229
PASS PATTERN NO. 230
PASS PATTERN NO. 231
PASS PATTERN NO. 232
PASS PATTERN NO. 233
PASS PATTERN NO. 234
PASS PATTERN NO. 235
PASS PATTERN NO. 236
PASS PATTERN NO. 237
PASS PATTERN NO. 238
PASS PATTERN NO. 239
PASS PATTERN NO. 240
PASS PATTERN NO. 241
PASS PATTERN NO. 242
PASS PATTERN NO. 243
PASS PATTERN NO. 244
PASS PATTERN NO. 245
PASS PATTERN NO. 246
PASS PATTERN NO. 247
PASS PATTERN NO. 248
PASS PATTERN NO. 249
PASS PATTERN NO. 250
PASS PATTERN NO. 251
PASS PATTERN NO. 252
PASS PATTERN NO. 253
PASS PATTERN NO. 254
PASS PATTERN NO. 255
PASS PATTERN NO. 256
PASS PATTERN NO. 257
PASS PATTERN NO. 258
PASS PATTERN NO. 259
PASS PATTERN NO. 260
PASS PATTERN NO. 261
PASS PATTERN NO. 262
PASS PATTERN NO. 263
PASS PATTERN NO. 264
PASS PATTERN NO. 265
PASS PATTERN NO. 266
PASS PATTERN NO. 267
PASS PATTERN NO. 268
PASS PATTERN NO. 269
PASS PATTERN NO. 270
PASS PATTERN NO. 271
PASS PATTERN NO. 272
PASS PATTERN NO. 273
PASS PATTERN NO. 274
PASS PATTERN NO. 275
PASS PATTERN NO. 276
PASS PATTERN NO. 277
PASS PATTERN NO. 278
PASS PATTERN NO. 279
PASS PATTERN NO. 280
PASS PATTERN NO. 281
PASS PATTERN NO. 282
PASS PATTERN NO. 283
PASS PATTERN NO. 284
PASS PATTERN NO. 285
PASS PATTERN NO. 286
PASS PATTERN NO. 287
PASS PATTERN NO. 288
PASS PATTERN NO. 289
PASS PATTERN NO. 290
PASS PATTERN NO. 291
PASS PATTERN NO. 292
PASS PATTERN NO. 293
PASS PATTERN NO. 294
PASS PATTERN NO. 295
PASS PATTERN NO. 296
PASS PATTERN NO. 297
PASS PATTERN NO. 298
PASS PATTERN NO. 299
PASS PATTERN NO. 300
PASS PATTERN NO. 301
PASS PATTERN NO. 302
PASS PATTERN NO. 303
PASS PATTERN NO. 304
PASS PATTERN NO. 305
PASS PATTERN NO. 306
PASS PATTERN NO. 307
PASS PATTERN NO. 308
PASS PATTERN NO. 309
PASS PATTERN NO. 310
PASS PATTERN NO. 311
PASS PATTERN NO. 312
PASS PATTERN NO. 313
PASS PATTERN NO. 314
PASS PATTERN NO. 315
PASS PATTERN NO. 316
PASS PATTERN NO. 317
PASS PATTERN NO. 318
PASS PATTERN NO. 319
PASS PATTERN NO. 320
PASS PATTERN NO. 321
PASS PATTERN NO. 322
PASS PATTERN NO. 323
PASS PATTERN NO. 324
PASS PATTERN NO. 325
PASS PATTERN NO. 326
PASS PATTERN NO. 327
PASS PATTERN NO. 328
PASS PATTERN NO. 329
PASS PATTERN NO. 330
PASS PATTERN NO. 331
PASS PATTERN NO. 332
PASS PATTERN NO. 333
PASS PATTERN NO. 334
PASS PATTERN NO. 335
PASS PATTERN NO. 336
PASS PATTERN NO. 337
PASS PATTERN NO. 338
PASS PATTERN NO. 339
PASS PATTERN NO. 340
PASS PATTERN NO. 341
PASS PATTERN NO. 342
PASS PATTERN NO. 343
PASS PATTERN NO. 344
PASS PATTERN NO. 345
PASS PATTERN NO. 346
PASS PATTERN NO. 347
PASS PATTERN NO. 348
PASS PATTERN NO. 349
PASS PATTERN NO. 350
PASS PATTERN NO. 351
PASS PATTERN NO. 352
PASS PATTERN NO. 353
PASS PATTERN NO. 354
PASS PATTERN NO. 355
PASS PATTERN NO. 356
PASS PATTERN NO. 357
PASS PATTERN NO. 358
PASS PATTERN NO. 359
PASS PATTERN NO. 360
PASS PATTERN NO. 361
PASS PATTERN NO. 362
PASS PATTERN NO. 363
PASS PATTERN NO. 364
PASS PATTERN NO. 365
PASS PATTERN NO. 366
PASS PATTERN NO. 367
PASS PATTERN NO. 368
PASS PATTERN NO. 369
PASS PATTERN NO. 370
PASS PATTERN NO. 371
PASS PATTERN NO. 372
PASS PATTERN NO. 373
PASS PATTERN NO. 374
PASS PATTERN NO. 375
PASS PATTERN NO. 376
PASS PATTERN NO. 377
PASS PATTERN NO. 378
PASS PATTERN NO. 379
PASS PATTERN NO. 380
PASS PATTERN NO. 381
PASS PATTERN NO. 382
PASS PATTERN NO. 383
PASS PATTERN NO. 384
PASS PATTERN NO. 385
PASS PATTERN NO. 386
PASS PATTERN NO. 387
PASS PATTERN NO. 388
PASS PATTERN NO. 389
PASS PATTERN NO. 390
PASS PATTERN NO. 391
PASS PATTERN NO. 392
PASS PATTERN NO. 393
PASS PATTERN NO. 394
PASS PATTERN NO. 395
PASS PATTERN NO. 396
PASS PATTERN NO. 397
PASS PATTERN NO. 398
PASS PATTERN NO. 399
PASS PATTERN NO. 400
PASS PATTERN NO. 401
PASS PATTERN NO. 402
PASS PATTERN NO. 403
PASS PATTERN NO. 404
PASS PATTERN NO. 405
PASS PATTERN NO. 406
PASS PATTERN NO. 407
PASS PATTERN NO. 408
PASS PATTERN NO. 409
PASS PATTERN NO. 410
PASS PATTERN NO. 411
PASS PATTERN NO. 412
PASS PATTERN NO. 413
PASS PATTERN NO. 414
PASS PATTERN NO. 415
PASS PATTERN NO. 416
PASS PATTERN NO. 417
PASS PATTERN NO. 418
PASS PATTERN NO. 419
PASS PATTERN NO. 420
PASS PATTERN NO. 421
PASS PATTERN NO. 422
PASS PATTERN NO. 423
PASS PATTERN NO. 424
PASS PATTERN NO. 425
PASS PATTERN NO. 426
PASS PATTERN NO. 427
PASS PATTERN NO. 428
PASS PATTERN NO. 429
PASS PATTERN NO. 430
PASS PATTERN NO. 431
PASS PATTERN NO. 432
PASS PATTERN NO. 433
PASS PATTERN NO. 434
PASS PATTERN NO. 435
PASS PATTERN NO. 436
PASS PATTERN NO. 437
PASS PATTERN NO. 438
PASS PATTERN NO. 439
PASS PATTERN NO. 440
PASS PATTERN NO. 441
PASS PATTERN NO. 442
PASS PATTERN NO. 443
PASS PATTERN NO. 444
PASS PATTERN NO. 445
PASS PATTERN NO. 446
PASS PATTERN NO. 447
PASS PATTERN NO. 448
PASS PATTERN NO. 449
PASS PATTERN NO. 450
PASS PATTERN NO. 451
PASS PATTERN NO. 452
PASS PATTERN NO. 453
PASS PATTERN NO. 454
PASS PATTERN NO. 455
PASS PATTERN NO. 456
PASS PATTERN NO. 457
PASS PATTERN NO. 458
PASS PATTERN NO. 459
PASS PATTERN NO. 460
PASS PATTERN NO. 461
PASS PATTERN NO. 462
PASS PATTERN NO. 463
PASS PATTERN NO. 464
PASS PATTERN NO. 465
PASS PATTERN NO. 466
PASS PATTERN NO. 467
PASS PATTERN NO. 468
PASS PATTERN NO. 469
PASS PATTERN NO. 470
PASS PATTERN NO. 471
PASS PATTERN NO. 472
PASS PATTERN NO. 473
PASS PATTERN NO. 474
PASS PATTERN NO. 475
PASS PATTERN NO. 476
PASS PATTERN NO. 477
PASS PATTERN NO. 478
PASS PATTERN NO. 479
PASS PATTERN NO. 480
PASS PATTERN NO. 481
PASS PATTERN NO. 482
PASS PATTERN NO. 483
PASS PATTERN NO. 484
PASS PATTERN NO. 485
PASS PATTERN NO. 486
PASS PATTERN NO. 487
PASS PATTERN NO. 488
PASS PATTERN NO. 489
PASS PATTERN NO. 490
PASS PATTERN NO. 491
PASS PATTERN NO. 492
PASS PATTERN NO. 493
PASS PATTERN NO. 494
PASS PATTERN NO. 495
PASS PATTERN NO. 496
PASS PATTERN NO. 497
PASS PATTERN NO. 498
PASS PATTERN NO. 499
[1;33m                         `oo+oy+`                                                                                                     
[1;33m                        /h/----+y        `+++++:                                                                                      
[1;33m                      .y------:m/+ydoo+:y:---:+o                                                                                      
[1;33m                       o+------/y--::::::+oso+:/y                                                                                     
[1;33m                       s/-----:/:----------:+ooy+-                                                                                    
[1;33m                      /o----------------/yhyo/::/o+/:-.`                                                                              
[1;33m                     `ys----------------:::--------:::+yyo+                                                                           
[1;33m                     .d/:-------------------:--------/--/hos/                                                                         
[1;33m                     y/-------------------::ds------:s:/-:sy-                                                                         
[1;33m                    +y--------------------::os:-----:ssm/o+`                                                                          
[1;33m                   `d:-----------------------:-----/+o++yNNmms                                                                        
[1;33m                    /y-----------------------------------hMMMMN.                                                                      
[1;33m                    o+---------------------://:----------:odmdy/+.                                                                    
[1;33m                    o+---------------------::y:------------::+o-/h                                                                    
[1;33m                    :y-----------------------+s:------------/h:-:d                                                                    
[1;33m                    `m/-----------------------+y/---------:oy:--/y                                                                    
[1;33m                     /h------------------------:os++/:::/+o/:--:h-                                                                    
[1;33m                  `:+ym--------------------------://++++o/:---:h/                                                                     
[1;31m                 `hhhhhoooo++oo+/:[1;33m--------------------:oo----[1;31m+dd+                                                 
[1;31m                  shyyyhhhhhhhhhhhso/:[1;33m---------------:+/---[1;31m/ydyyhs:`                                              
[1;31m                  .mhyyyyyyhhhdddhhhhhs+:[1;33m----------------[1;31m:sdmhyyyyyyo:                                            
[1;31m                 `hhdhhyyyyhhhhhddddhyyyyyo++/:[1;33m--------[1;31m:odmyhmhhyyyyhy                                            
[1;31m                 -dyyhhyyyyyyhdhyhhddhhyyyyyhhhs+/::[1;33m-[1;31m:ohdmhdhhhdmdhdmy:                                           
[1;31m                  hhdhyyyyyyyyyddyyyyhdddhhyyyyyhhhyyhdhdyyhyys+ossyhssy:-`                                                           
[1;31m                  `Ndyyyyyyyyyyymdyyyyyyyhddddhhhyhhhhhhhhy+/:[1;33m-------::/+o++++-`                                            
[1;31m                   dyyyyyyyyyyyyhNyydyyyyyyyyyyhhhhyyhhy+/[1;33m------------------:/ooo:`                                         
[1;31m                  :myyyyyyyyyyyyyNyhmhhhyyyyyhdhyyyhho/[1;33m-------------------------:+o/`                                       
[1;31m                 /dyyyyyyyyyyyyyyddmmhyyyyyyhhyyyhh+:[1;33m-----------------------------:+s-                                      
[1;31m               +dyyyyyyyyyyyyyyydmyyyyyyyyyyyyyds:[1;33m---------------------------------:s+                                      
[1;31m               -ddhhyyyyyyyyyyyyyddyyyyyyyyyyyhd+[1;33m------------------------------------:oo              `-++o+:.`             
[1;31m                `/dhshdhyyyyyyyyyhdyyyyyyyyyydh:[1;33m---------------------------------------s/            -o/://:/+s             
[1;31m                  os-:/oyhhhhyyyydhyyyyyyyyyds:[1;33m----------------------------------------:h:--.`      `y:------+os            
[1;33m                  h+-----[1;31m:/+oosshdyyyyyyyyhds[1;33m-------------------------------------------+h//o+s+-.` :o-------s/y  
[1;33m                  m:------------[1;31mdyyyyyyyyymo[1;33m--------------------------------------------oh----:://++oo------:s/d  
[1;33m                 `N/-----------+[1;31mmyyyyyyyydo[1;33m---------------------------------------------sy---------:/s------+o/d  
[1;33m                 .m-----------:d[1;31mhhyyyyyyd+[1;33m----------------------------------------------y+-----------+:-----oo/h  
[1;33m                 +s-----------+N[1;31mhmyyyyhd/[1;33m----------------------------------------------:h:-----------::-----+o/m  
[1;33m                 h/----------:d/[1;31mmmhyyhh:[1;33m-----------------------------------------------oo-------------------+o/h  
[1;33m                `y-----------so /[1;31mNhydh:[1;33m-----------------------------------------------/h:-------------------:soo  
[1;33m             `.:+o:---------+h   [1;31mmddhhh/:[1;33m---------------:/osssssoo+/::---------------+d+//++///::+++//::::::/y+`  
[1;33m            -s+/::/--------+d.   [1;31mohso+/+y/:[1;33m-----------:yo+/:-----:/oooo/:----------:+s//::-.....--:://////+/:`    
[1;33m            s/------------/y`           `/oo:--------:y/-------------:/oo+:------:/s:                                                 
[1;33m            o+:--------::++`              `:so/:-----s+-----------------:oy+:--:+s/``````                                             
[1;33m             :+o++///+oo/.                   .+o+::--os-------------------:oy+oo:`/o+++++o-                                           
[1;33m                .---.`                          -+oo/:yo:-------------------:oy-:h/:---:+oyo                                          
[1;33m                                                   `:+omy/---------------------+h:----:y+//so                                         
[1;33m                                                       `-ys:-------------------+s-----+s///om                                         
[1;33m                                                          -os+::---------------/y-----ho///om                                         
[1;33m                                                             -+oo//:-----------:h-----h+///+d                                         
[1;33m                                                                `-oyy+:---------s:----s/////y                                         
[1;33m                                                                    `-/o+::-----:+----oo///+s                                         
[1;33m                                                                        ./+o+::-------:y///s:                                         
[1;33m                                                                            ./+oo/-----oo/+h                                          
[1;33m                                                                                `://++++syo`                                          
[1;0m
--------------------------------------------------------------------------------------------------------------------------------------------
                                                               Congratulations!                						                       
*                                                        Your execution cycles = 11500 cycles                                                  
*                                                        Your clock period = 50.0 ns                                                         
*                                                        Total Latency = 575000.0 ns                                                             
--------------------------------------------------------------------------------------------------------------------------------------------
$finish called from file "/RAID2/COURSE/iclab/iclab143/Lab04/Exercise/00_TESTBED/pattern_1.v", line 347.
$finish at simulation time           2525125000
           V C S   S i m u l a t i o n   R e p o r t 
Time: 2525125000 ps
CPU Time:    918.310 seconds;       Data structure size:  42.1Mb
Tue Oct  8 22:13:35 2024
CPU time: 20.200 seconds to compile + 3.909 seconds to elab + 1.297 seconds to link + 918.360 seconds in simulation
