Information: The max_cores limit for the local (current) process has been modified by 4 to 8. (CMCR-103)
# specify parameters
set DESIGN "CONV_TOP"
CONV_TOP
#Step 1 Read in the design data, which includes a gate-level netlist and associated logic libraries.
set search_path         " ./ 			../02_SYN/Netlist                                 ../04_MEM/                                                    ~iclabTA01/UMC018_CBDK/CIC/SynopsysDC/db/                            ~iclabTA01/UMC018_CBDK/CIC/Sdb/                                  /usr/cad/synopsys/synthesis/cur/libraries/syn/                         /usr/cad/synopsys/synthesis/cur/dw "
 ./    ../02_SYN/Netlist                                 ../04_MEM/                                                    ~iclabTA01/UMC018_CBDK/CIC/SynopsysDC/db/                            ~iclabTA01/UMC018_CBDK/CIC/Sdb/                                  /usr/cad/synopsys/synthesis/cur/libraries/syn/                         /usr/cad/synopsys/synthesis/cur/dw 
set target_library      " fsa0m_a_generic_core_ss1p62v125c.db DUAL_64X8X1BM1_WC.db "
 fsa0m_a_generic_core_ss1p62v125c.db DUAL_64X8X1BM1_WC.db 
set link_library        " * $target_library dw_foundation.sldb standard.sldb DUAL_64X8X1BM1_WC.db "
 *  fsa0m_a_generic_core_ss1p62v125c.db DUAL_64X8X1BM1_WC.db  dw_foundation.sldb standard.sldb DUAL_64X8X1BM1_WC.db 
read_verilog Netlist/$DESIGN\_SYN.v
1
current_design $DESIGN
Information: current_design won't return any data before link (DES-071)
link_design -keep_sub_designs $DESIGN
Loading verilog file '/RAID2/COURSE/iclab/iclab143/Lab07/Exercise/02_SYN/Netlist/CONV_TOP_SYN.v'
Loading db file '/RAID2/COURSE/iclab/iclabTA01/UMC018_CBDK/CIC/SynopsysDC/db/fsa0m_a_generic_core_ss1p62v125c.db'
Loading db file '/RAID2/COURSE/iclab/iclab143/Lab07/Exercise/04_MEM/DUAL_64X8X1BM1_WC.db'
Loading db file '/usr/cad/synopsys/synthesis/cur/libraries/syn/dw_foundation.sldb'
Loading db file '/usr/cad/synopsys/synthesis/cur/libraries/syn/standard.sldb'
Warning: -keep_sub_design option of link_design will be made obsolete and removed from future releases of PrimeTime starting with the 2017.12 release. (PT-007)
Linking design CONV_TOP...
Information: 321 (84.03%) library cells are unused in library fsa0m_a_generic_core_ss1p62v125c..... (LNK-045)
Information: 1004 (100.00%) library cells are unused in library dw_foundation.sldb..... (LNK-045)
Information: 178 (100.00%) library cells are unused in library standard.sldb..... (LNK-045)
Information: total 1503 library cells are unused (LNK-046)
Design 'CONV_TOP' was successfully linked.
Information: There are 2571 leaf cells, ports, hiers and 2816 nets in the design (LNK-047)
1
#create_clock -period $CLK_period CLK
read_sdc Netlist/$DESIGN\_SYN.sdc

Reading SDC version 2.1...
Warning: Setting input delay on clock port (clk1) relative to a clock (clk1) defined at the same port. Command is ignored. (UITE-489)
Warning: Setting input delay on clock port (clk2) relative to a clock (clk2) defined at the same port. Command is ignored. (UITE-489)
1
1
#Step 6 Specify case and mode analysis settings.
#Step 7 Back-annotate delay and parasitics.
read_sdf Netlist/$DESIGN\_SYN.sdf

****************************************
Report : read_sdf /RAID2/COURSE/iclab/iclab143/Lab07/Exercise/02_SYN/Netlist/CONV_TOP_SYN.sdf
	-load_delay cell
	-analysis_type on_chip_variation
	-min_type sdf_min
	-max_type sdf_max
Design : CONV_TOP
Version: P-2019.03-SP5-1
Date   : Sun Nov  3 21:04:28 2024
****************************************

        0 error(s)
        Number of annotated cell delay arcs :     34538
        Number of annotated net delay arcs  :      7462
        Number of annotated timing checks   :      3826
        Number of annotated constraints     :      1875
        TEMPERATURE: 125.00 (min)  125.00 (max)
        VOLTAGE    : 1.62 (min)  1.62 (max)
        PROCESS    : WCCOM (min)  WCCOM (max)
1
# set_annotated_check 
# modify here 
# set all_dffs [get_cells -hierarchical -filter "ref_name =~ *DFF*"]
foreach_in_collection x [get_cell */A1_reg] {
  set_annotated_check -0 -setup -from [get_object_name $x]/CK -to [get_object_name $x]/D -clock rise
  set_annotated_check -0 -hold  -from [get_object_name $x]/CK -to [get_object_name $x]/D -clock rise
}
write_sdf Netlist/$DESIGN\_SYN_pt.sdf
Warning: Zero transition time will be used at to pins of annotated arcs. Delays on not annotated delay arcs will be estimated using best available slew.  (PTE-066)
Information: Using automatic min wire load selection group 'DEFAULT'. (ENV-003)
Information: Using automatic max wire load selection group 'DEFAULT'. (ENV-003)
Information: Using automatic min wire load selection group 'DEFAULT'. (ENV-003)
Information: Building multi voltage information for entire design. (MV-022)
Warning: Some timing arcs have been disabled for breaking timing loops or because of constant propagation. Use the 'report_disable_timing' command to get the list of these disabled timing arcs. (PTE-003)
Information: Zero transition time used at to pin of annotated arcs. Delays on not annotated delay arcs will be estimated using best available slew.  (PTE-054)
Information: Zero transition time used at to pin of annotated arcs. Delays on not annotated delay arcs will be estimated using best available slew.  (PTE-054)
1
#Step 8 (Optional) Apply variation.
#Step 9 Specify power information
#Step 10 (Optional) Specify options and data for signal integrity analysis.
#Step 11 (Optional) Apply options for specific design techniques.
#Step 12 Check the design data and analysis setup.
check_timing
Information: Checking 'no_input_delay'.
Information: Checking 'no_driving_cell'.
Information: Checking 'unconstrained_endpoints'.
Information: Checking 'unexpandable_clocks'.
Information: Checking 'latch_fanout'.
Information: Checking 'no_clock'.
Information: Checking 'partial_input_delay'.
Information: Checking 'generic'.
Information: Checking 'loops'.
Information: Checking 'generated_clocks'.
Information: Checking 'pulse_clock_non_pulse_clock_merge'.
Information: Checking 'pll_configuration'.
check_timing succeeded.
1
#Step 13 Perform a full timing analysis and examine the results.
report_timing > Report/$DESIGN\_pt.timing
report_timing
****************************************
Report : timing
	-path_type full
	-delay_type max
	-max_paths 1
	-sort_by slack
Design : CONV_TOP
Version: P-2019.03-SP5-1
Date   : Sun Nov  3 21:04:28 2024
****************************************


  Startpoint: u_Conv/conv_count_reg_4_
               (rising edge-triggered flip-flop clocked by clk2)
  Endpoint: u_Conv/conv_out_reg_2__6_
               (rising edge-triggered flip-flop clocked by clk2)
  Path Group: clk2
  Path Type: max

  Point                                                   Incr       Path
  ------------------------------------------------------------------------------
  clock clk2 (rise edge)                                  0.00       0.00
  clock network delay (ideal)                             0.00       0.00
  u_Conv/conv_count_reg_4_/CK (QDFFRBS)                   0.00       0.00 r
  u_Conv/conv_count_reg_4_/Q (QDFFRBS)                    0.64 *     0.64 r
  u_Conv/U664/O (INV1S)                                   0.35 *     0.99 f
  u_Conv/U945/O (NR2)                                     1.19 *     2.18 r
  u_Conv/U83/O (BUF4)                                     0.62 *     2.80 r
  u_Conv/U1023/O (AOI22S)                                 0.15 *     2.95 f
  u_Conv/U1025/O (ND2)                                    0.34 *     3.29 r
  u_Conv/U239/O (OA22S)                                   0.44 *     3.74 r
  u_Conv/U565/O (AO222)                                   0.42 *     4.16 r
  u_Conv/U566/O (INV1S)                                   0.49 *     4.65 f
  u_Conv/U57/O (NR2P)                                     0.24 *     4.89 r
  u_Conv/U12/S (FA1S)                                     0.59 *     5.48 f
  u_Conv/U329/S (FA1S)                                    0.73 *     6.21 r
  u_Conv/U402/S (FA1S)                                    0.57 *     6.78 f
  u_Conv/U447/CO (FA1S)                                   0.52 *     7.30 f
  u_Conv/U448/CO (FA1S)                                   0.53 *     7.83 f
  u_Conv/U449/CO (FA1S)                                   0.53 *     8.35 f
  u_Conv/U450/CO (FA1S)                                   0.53 *     8.88 f
  u_Conv/U451/S (FA1S)                                    0.65 *     9.53 r
  u_Conv/U515/O (MUX2S)                                   0.28 *     9.81 r
  u_Conv/conv_out_reg_2__6_/D (QDFFRBS)                   0.00 *     9.81 r
  data arrival time                                                  9.81

  clock clk2 (rise edge)                                 10.10      10.10
  clock network delay (ideal)                             0.00      10.10
  clock reconvergence pessimism                           0.00      10.10
  clock uncertainty                                      -0.10      10.00
  u_Conv/conv_out_reg_2__6_/CK (QDFFRBS)                            10.00 r
  library setup time                                     -0.17 *     9.83
  data required time                                                 9.83
  ------------------------------------------------------------------------------
  data required time                                                 9.83
  data arrival time                                                 -9.81
  ------------------------------------------------------------------------------
  slack (MET)                                                        0.01


1
#Step 14 (Optional) Perform ECO to fix timing violations and recover power.
#Step 15 Save the PrimeTime session.
#save_session
exit
Information: Defining new variable 'x'. (CMD-041)
Information: Defining new variable 'DESIGN'. (CMD-041)
Maximum memory usage for this session: 1129.11 MB
CPU usage for this session: 3 seconds 
Elapsed time for this session: 5 seconds
Diagnostics summary: 5 warnings, 15 informationals

Thank you for using pt_shell!
