#======================================================
#
# Synopsys Synthesis Scripts (Design Vision dctcl mode)
#
#======================================================
#======================================================
# (A) Global Parameters
#======================================================
set DESIGN "CONV_TOP"
CONV_TOP
set SYNCHRONIZER "NDFF_syn"
NDFF_syn
set CYCLE1 47.1
47.1
set CYCLE2 10.1
10.1
set INPUT_DLY [expr 0.5*$CYCLE1]
23.55
set OUTPUT_DLY [expr 0.5*$CYCLE1]
23.55
#======================================================
# (B) Read RTL Code
#======================================================
# (B-1) analyze + elaborate
set hdlin_auto_save_templates TRUE
TRUE
analyze -f sverilog $SYNCHRONIZER\.v 
Running PRESTO HDLC
Compiling source file ../01_RTL/synchronizer/NDFF_syn.v
Presto compilation completed successfully.
Loading db file '/RAID2/COURSE/iclab/iclabTA01/UMC018_CBDK/CIC/SynopsysDC/db/fsa0m_a_generic_core_ss1p62v125c.db'
Loading db file '/RAID2/COURSE/iclab/iclab143/Lab07/Exercise/04_MEM/DUAL_64X8X1BM1_WC.db'
Loading db file '/usr/cad/synopsys/synthesis/cur/libraries/syn/dw_foundation.sldb'
Loading db file '/usr/cad/synopsys/synthesis/cur/libraries/syn/standard.sldb'
1
elaborate $SYNCHRONIZER  
Loading db file '/usr/cad/synopsys/synthesis/2022.03/libraries/syn/gtech.db'
Loading db file '/usr/cad/synopsys/synthesis/2022.03/libraries/syn/standard.sldb'
  Loading link library 'fsa0m_a_generic_core_ss1p62v125c'
  Loading link library 'DUAL_64X8X1BM1_WC'
  Loading link library 'gtech'
Running PRESTO HDLC

Inferred memory devices in process
        in routine NDFF_syn line 13 in file
                '../01_RTL/synchronizer/NDFF_syn.v'.
===============================================================================
|    Register Name    |   Type    | Width | Bus | MB | AR | AS | SR | SS | ST |
===============================================================================
|       A1_reg        | Flip-flop |   1   |  N  | N  | Y  | N  | N  | N  | N  |
===============================================================================

Inferred memory devices in process
        in routine NDFF_syn line 21 in file
                '../01_RTL/synchronizer/NDFF_syn.v'.
===============================================================================
|    Register Name    |   Type    | Width | Bus | MB | AR | AS | SR | SS | ST |
===============================================================================
|       A2_reg        | Flip-flop |   1   |  N  | N  | Y  | N  | N  | N  | N  |
===============================================================================
Presto compilation completed successfully. (NDFF_syn)
Elaborated 1 design.
Current design is now 'NDFF_syn'.
1
analyze -f sverilog $DESIGN\.v 
Running PRESTO HDLC
Compiling source file ../01_RTL/CONV_TOP.v
Opening include file ../01_RTL/DESIGN_module.v
Opening include file ../01_RTL/synchronizer/Handshake_syn.v
Opening include file ../01_RTL/synchronizer/FIFO_syn.v
Warning:  ../01_RTL/synchronizer/FIFO_syn.v:28: Parameter keyword used in local parameter declaration. (VER-329)
Opening include file ../01_RTL/synchronizer/NDFF_syn.v
Opening include file ../01_RTL/synchronizer/NDFF_BUS_syn.v
Presto compilation completed successfully.
1
elaborate $DESIGN  
Running PRESTO HDLC
Presto compilation completed successfully. (CONV_TOP)
Elaborated 1 design.
Current design is now 'CONV_TOP'.
Information: Building the design 'CLK_1_MODULE'. (HDL-193)
Warning:  ../01_RTL/DESIGN_module.v:89: Statement unreachable (Branch condition impossible to meet).  (VER-61)

Statistics for case statements in always block at line 63 in file
        '../01_RTL/DESIGN_module.v'
===============================================
|           Line           |  full/ parallel  |
===============================================
|            64            |    auto/auto     |
===============================================

Inferred memory devices in process
        in routine CLK_1_MODULE line 56 in file
                '../01_RTL/DESIGN_module.v'.
===============================================================================
|    Register Name    |   Type    | Width | Bus | MB | AR | AS | SR | SS | ST |
===============================================================================
|      state_reg      | Flip-flop |   3   |  Y  | N  | Y  | N  | N  | N  | N  |
===============================================================================

Inferred memory devices in process
        in routine CLK_1_MODULE line 98 in file
                '../01_RTL/DESIGN_module.v'.
===============================================================================
|    Register Name    |   Type    | Width | Bus | MB | AR | AS | SR | SS | ST |
===============================================================================
|    in_matrix_reg    | Flip-flop |  180  |  Y  | N  | Y  | N  | N  | N  | N  |
===============================================================================

Inferred memory devices in process
        in routine CLK_1_MODULE line 108 in file
                '../01_RTL/DESIGN_module.v'.
===============================================================================
|    Register Name    |   Type    | Width | Bus | MB | AR | AS | SR | SS | ST |
===============================================================================
|    in_count_reg     | Flip-flop |   8   |  Y  | N  | Y  | N  | N  | N  | N  |
===============================================================================

Inferred memory devices in process
        in routine CLK_1_MODULE line 128 in file
                '../01_RTL/DESIGN_module.v'.
===============================================================================
|    Register Name    |   Type    | Width | Bus | MB | AR | AS | SR | SS | ST |
===============================================================================
|    out_count_reg    | Flip-flop |   8   |  Y  | N  | Y  | N  | N  | N  | N  |
===============================================================================

Inferred memory devices in process
        in routine CLK_1_MODULE line 138 in file
                '../01_RTL/DESIGN_module.v'.
===============================================================================
|    Register Name    |   Type    | Width | Bus | MB | AR | AS | SR | SS | ST |
===============================================================================
|  delay_sready_reg   | Flip-flop |   1   |  N  | N  | Y  | N  | N  | N  | N  |
===============================================================================

Inferred memory devices in process
        in routine CLK_1_MODULE line 146 in file
                '../01_RTL/DESIGN_module.v'.
===============================================================================
|    Register Name    |   Type    | Width | Bus | MB | AR | AS | SR | SS | ST |
===============================================================================
|   hand_count_reg    | Flip-flop |   8   |  Y  | N  | Y  | N  | N  | N  | N  |
===============================================================================

Inferred memory devices in process
        in routine CLK_1_MODULE line 157 in file
                '../01_RTL/DESIGN_module.v'.
================================================================================
|    Register Name     |   Type    | Width | Bus | MB | AR | AS | SR | SS | ST |
================================================================================
|  handshake_din_reg   | Flip-flop |  30   |  Y  | N  | Y  | N  | N  | N  | N  |
| handshake_sready_reg | Flip-flop |   1   |  N  | N  | Y  | N  | N  | N  | N  |
================================================================================

Inferred memory devices in process
        in routine CLK_1_MODULE line 172 in file
                '../01_RTL/DESIGN_module.v'.
==================================================================================
|     Register Name      |   Type    | Width | Bus | MB | AR | AS | SR | SS | ST |
==================================================================================
| delay_fifo_to_clk1_reg | Flip-flop |   1   |  N  | N  | Y  | N  | N  | N  | N  |
==================================================================================

Inferred memory devices in process
        in routine CLK_1_MODULE line 179 in file
                '../01_RTL/DESIGN_module.v'.
===============================================================================
|    Register Name    |   Type    | Width | Bus | MB | AR | AS | SR | SS | ST |
===============================================================================
|    out_valid_reg    | Flip-flop |   1   |  N  | N  | Y  | N  | N  | N  | N  |
===============================================================================
Presto compilation completed successfully. (CLK_1_MODULE)
Information: Building the design 'Handshake_syn' instantiated from design 'CONV_TOP' with
        the parameters "30". (HDL-193)
Warning:  ../01_RTL/synchronizer/Handshake_syn.v:57: signed to unsigned assignment occurs. (VER-318)

Inferred memory devices in process
        in routine Handshake_syn_WIDTH30 line 59 in file
                '../01_RTL/synchronizer/Handshake_syn.v'.
===============================================================================
|    Register Name    |   Type    | Width | Bus | MB | AR | AS | SR | SS | ST |
===============================================================================
|      sreq_reg       | Flip-flop |   1   |  N  | N  | Y  | N  | N  | N  | N  |
===============================================================================

Inferred memory devices in process
        in routine Handshake_syn_WIDTH30 line 70 in file
                '../01_RTL/synchronizer/Handshake_syn.v'.
===============================================================================
|    Register Name    |   Type    | Width | Bus | MB | AR | AS | SR | SS | ST |
===============================================================================
|      data_reg       | Flip-flop |  30   |  Y  | N  | Y  | N  | N  | N  | N  |
===============================================================================

Inferred memory devices in process
        in routine Handshake_syn_WIDTH30 line 81 in file
                '../01_RTL/synchronizer/Handshake_syn.v'.
===============================================================================
|    Register Name    |   Type    | Width | Bus | MB | AR | AS | SR | SS | ST |
===============================================================================
|      dack_reg       | Flip-flop |   1   |  N  | N  | Y  | N  | N  | N  | N  |
===============================================================================

Inferred memory devices in process
        in routine Handshake_syn_WIDTH30 line 91 in file
                '../01_RTL/synchronizer/Handshake_syn.v'.
===============================================================================
|    Register Name    |   Type    | Width | Bus | MB | AR | AS | SR | SS | ST |
===============================================================================
|     dvalid_reg      | Flip-flop |   1   |  N  | N  | Y  | N  | N  | N  | N  |
|      dout_reg       | Flip-flop |  30   |  Y  | N  | Y  | N  | N  | N  | N  |
===============================================================================
Presto compilation completed successfully. (Handshake_syn_WIDTH30)
Information: Building the design 'CLK_2_MODULE'. (HDL-193)

Statistics for case statements in always block at line 270 in file
        '../01_RTL/DESIGN_module.v'
===============================================
|           Line           |  full/ parallel  |
===============================================
|           271            |    auto/auto     |
===============================================

Inferred memory devices in process
        in routine CLK_2_MODULE line 263 in file
                '../01_RTL/DESIGN_module.v'.
===============================================================================
|    Register Name    |   Type    | Width | Bus | MB | AR | AS | SR | SS | ST |
===============================================================================
|      state_reg      | Flip-flop |   3   |  Y  | N  | Y  | N  | N  | N  | N  |
===============================================================================

Inferred memory devices in process
        in routine CLK_2_MODULE line 315 in file
                '../01_RTL/DESIGN_module.v'.
===============================================================================
|    Register Name    |   Type    | Width | Bus | MB | AR | AS | SR | SS | ST |
===============================================================================
|    cal_count_reg    | Flip-flop |   5   |  Y  | N  | Y  | N  | N  | N  | N  |
===============================================================================

Inferred memory devices in process
        in routine CLK_2_MODULE line 326 in file
                '../01_RTL/DESIGN_module.v'.
===============================================================================
|    Register Name    |   Type    | Width | Bus | MB | AR | AS | SR | SS | ST |
===============================================================================
|   conv_count_reg    | Flip-flop |   5   |  Y  | N  | Y  | N  | N  | N  | N  |
===============================================================================

Inferred memory devices in process
        in routine CLK_2_MODULE line 341 in file
                '../01_RTL/DESIGN_module.v'.
===============================================================================
|    Register Name    |   Type    | Width | Bus | MB | AR | AS | SR | SS | ST |
===============================================================================
|   delay_valid_reg   | Flip-flop |   1   |  N  | N  | Y  | N  | N  | N  | N  |
===============================================================================

Inferred memory devices in process
        in routine CLK_2_MODULE line 348 in file
                '../01_RTL/DESIGN_module.v'.
===============================================================================
|    Register Name    |   Type    | Width | Bus | MB | AR | AS | SR | SS | ST |
===============================================================================
|    in_count_reg     | Flip-flop |   5   |  Y  | N  | Y  | N  | N  | N  | N  |
===============================================================================

Inferred memory devices in process
        in routine CLK_2_MODULE line 448 in file
                '../01_RTL/DESIGN_module.v'.
===============================================================================
|    Register Name    |   Type    | Width | Bus | MB | AR | AS | SR | SS | ST |
===============================================================================
|    in_matrix_reg    | Flip-flop |  180  |  Y  | N  | N  | N  | N  | N  | N  |
===============================================================================

Inferred memory devices in process
        in routine CLK_2_MODULE line 459 in file
                '../01_RTL/DESIGN_module.v'.
===============================================================================
|    Register Name    |   Type    | Width | Bus | MB | AR | AS | SR | SS | ST |
===============================================================================
|    conv_out_reg     | Flip-flop |  40   |  Y  | N  | Y  | N  | N  | N  | N  |
===============================================================================

Inferred memory devices in process
        in routine CLK_2_MODULE line 494 in file
                '../01_RTL/DESIGN_module.v'.
===============================================================================
|    Register Name    |   Type    | Width | Bus | MB | AR | AS | SR | SS | ST |
===============================================================================
|   fifo_count_reg    | Flip-flop |   5   |  Y  | N  | Y  | N  | N  | N  | N  |
===============================================================================

Inferred memory devices in process
        in routine CLK_2_MODULE line 512 in file
                '../01_RTL/DESIGN_module.v'.
===============================================================================
|    Register Name    |   Type    | Width | Bus | MB | AR | AS | SR | SS | ST |
===============================================================================
|    out_count_reg    | Flip-flop |   8   |  Y  | N  | Y  | N  | N  | N  | N  |
===============================================================================

Inferred memory devices in process
        in routine CLK_2_MODULE line 530 in file
                '../01_RTL/DESIGN_module.v'.
===============================================================================
|    Register Name    |   Type    | Width | Bus | MB | AR | AS | SR | SS | ST |
===============================================================================
|    out_data_reg     | Flip-flop |   8   |  Y  | N  | Y  | N  | N  | N  | N  |
===============================================================================
Presto compilation completed successfully. (CLK_2_MODULE)
Information: Building the design 'FIFO_syn' instantiated from design 'CONV_TOP' with
        the parameters "WIDTH=8,WORDS=64". (HDL-193)

Inferred memory devices in process
        in routine FIFO_syn_WIDTH8_WORDS64 line 48 in file
                '../01_RTL/synchronizer/FIFO_syn.v'.
===============================================================================
|    Register Name    |   Type    | Width | Bus | MB | AR | AS | SR | SS | ST |
===============================================================================
|      rdata_reg      | Flip-flop |   8   |  Y  | N  | Y  | N  | N  | N  | N  |
===============================================================================

Inferred memory devices in process
        in routine FIFO_syn_WIDTH8_WORDS64 line 73 in file
                '../01_RTL/synchronizer/FIFO_syn.v'.
===============================================================================
|    Register Name    |   Type    | Width | Bus | MB | AR | AS | SR | SS | ST |
===============================================================================
|    wflag_cnt_reg    | Flip-flop |   3   |  Y  | N  | Y  | N  | N  | N  | N  |
===============================================================================

Inferred memory devices in process
        in routine FIFO_syn_WIDTH8_WORDS64 line 104 in file
                '../01_RTL/synchronizer/FIFO_syn.v'.
===============================================================================
|    Register Name    |   Type    | Width | Bus | MB | AR | AS | SR | SS | ST |
===============================================================================
|    rflag_cnt_reg    | Flip-flop |   3   |  Y  | N  | Y  | N  | N  | N  | N  |
===============================================================================

Inferred memory devices in process
        in routine FIFO_syn_WIDTH8_WORDS64 line 125 in file
                '../01_RTL/synchronizer/FIFO_syn.v'.
===============================================================================
|    Register Name    |   Type    | Width | Bus | MB | AR | AS | SR | SS | ST |
===============================================================================
|     rempty_reg      | Flip-flop |   1   |  N  | N  | N  | Y  | N  | N  | N  |
===============================================================================

Inferred memory devices in process
        in routine FIFO_syn_WIDTH8_WORDS64 line 136 in file
                '../01_RTL/synchronizer/FIFO_syn.v'.
===============================================================================
|    Register Name    |   Type    | Width | Bus | MB | AR | AS | SR | SS | ST |
===============================================================================
|      wfull_reg      | Flip-flop |   1   |  N  | N  | Y  | N  | N  | N  | N  |
===============================================================================

Inferred memory devices in process
        in routine FIFO_syn_WIDTH8_WORDS64 line 148 in file
                '../01_RTL/synchronizer/FIFO_syn.v'.
===============================================================================
|    Register Name    |   Type    | Width | Bus | MB | AR | AS | SR | SS | ST |
===============================================================================
|     w_addr_reg      | Flip-flop |   8   |  Y  | N  | Y  | N  | N  | N  | N  |
===============================================================================

Inferred memory devices in process
        in routine FIFO_syn_WIDTH8_WORDS64 line 159 in file
                '../01_RTL/synchronizer/FIFO_syn.v'.
===============================================================================
|    Register Name    |   Type    | Width | Bus | MB | AR | AS | SR | SS | ST |
===============================================================================
|     r_addr_reg      | Flip-flop |   8   |  Y  | N  | Y  | N  | N  | N  | N  |
===============================================================================
Presto compilation completed successfully. (FIFO_syn_WIDTH8_WORDS64)
Information: Building the design 'NDFF_BUS_syn' instantiated from design 'FIFO_syn_WIDTH8_WORDS64' with
        the parameters "7". (HDL-193)
Presto compilation completed successfully. (NDFF_BUS_syn_WIDTH7)
1
# (B-2) read_sverilog
#read_sverilog $DESIGN\.v
# (B-3) set current design
current_design $SYNCHRONIZER
Current design is 'NDFF_syn'.
{NDFF_syn}
link

  Linking design 'NDFF_syn'
  Using the following designs and libraries:
  --------------------------------------------------------------------------
  * (7 designs)               /RAID2/COURSE/iclab/iclab143/Lab07/Exercise/02_SYN/NDFF_syn.db, etc
  fsa0m_a_generic_core_ss1p62v125c (library) /RAID2/COURSE/iclab/iclabTA01/UMC018_CBDK/CIC/SynopsysDC/db/fsa0m_a_generic_core_ss1p62v125c.db
  DUAL_64X8X1BM1_WC (library) /RAID2/COURSE/iclab/iclab143/Lab07/Exercise/04_MEM/DUAL_64X8X1BM1_WC.db
  dw_foundation.sldb (library) /usr/cad/synopsys/synthesis/cur/libraries/syn/dw_foundation.sldb

1
compile
Information: Checking out the license 'DesignWare'. (SEC-104)
Information: Evaluating DesignWare library utilization. (UISN-27)

============================================================================
| DesignWare Building Block Library  |         Version         | Available |
============================================================================
| Basic DW Building Blocks           | S-2021.06-DWBB_202106.0 |     *     |
| Licensed DW Building Blocks        | S-2021.06-DWBB_202106.0 |     *     |
============================================================================

====================================================================================================
| Flow Information                                                                                 |
----------------------------------------------------------------------------------------------------
| Flow         | Design Compiler NXT                                                               |
====================================================================================================
| Design Information                                      | Value                                  |
====================================================================================================
| Number of Scenarios                                     | 0                                      |
| Leaf Cell Count                                         | 3                                      |
| Number of User Hierarchies                              | 0                                      |
| Sequential Cell Count                                   | 2                                      |
| Macro Count                                             | 0                                      |
| Number of Power Domains                                 | 0                                      |
| Number of Path Groups                                   | 1                                      |
| Number of VT class                                      | 0                                      |
| Number of Clocks                                        | 0                                      |
| Number of Dont Touch cells                              | 0                                      |
| Number of Dont Touch nets                               | 0                                      |
| Number of size only cells                               | 0                                      |
| Design with UPF Data                                    | false                                  |
====================================================================================================


  Beginning Pass 1 Mapping
  ------------------------
  Processing 'NDFF_syn'

  Updating timing information
Information: Updating design information... (UID-85)
Information: Design 'NDFF_syn' has no optimization constraints set. (OPT-108)

  Beginning Mapping Optimizations  (Medium effort)
  -------------------------------

                                  TOTAL                                      
   ELAPSED            WORST NEG   SETUP    DESIGN                            
    TIME      AREA      SLACK     COST    RULE COST         ENDPOINT         
  --------- --------- --------- --------- --------- -------------------------
    0:00:00     118.7      0.00       0.0       0.0                          
    0:00:00     118.7      0.00       0.0       0.0                          
    0:00:00     118.7      0.00       0.0       0.0                          
    0:00:00     118.7      0.00       0.0       0.0                          
    0:00:00     118.7      0.00       0.0       0.0                          
    0:00:00     118.7      0.00       0.0       0.0                          
    0:00:00     118.7      0.00       0.0       0.0                          
    0:00:00     118.7      0.00       0.0       0.0                          
    0:00:00     118.7      0.00       0.0       0.0                          
    0:00:00     118.7      0.00       0.0       0.0                          
    0:00:00     118.7      0.00       0.0       0.0                          
    0:00:00     118.7      0.00       0.0       0.0                          



  Beginning Delay Optimization Phase
  ----------------------------------

                                  TOTAL                                      
   ELAPSED            WORST NEG   SETUP    DESIGN                            
    TIME      AREA      SLACK     COST    RULE COST         ENDPOINT         
  --------- --------- --------- --------- --------- -------------------------
    0:00:00     118.7      0.00       0.0       0.0                          
    0:00:00     118.7      0.00       0.0       0.0                          
    0:00:00     118.7      0.00       0.0       0.0                          


  Beginning Area-Recovery Phase  (cleanup)
  -----------------------------

                                  TOTAL                                      
   ELAPSED            WORST NEG   SETUP    DESIGN                            
    TIME      AREA      SLACK     COST    RULE COST         ENDPOINT         
  --------- --------- --------- --------- --------- -------------------------
    0:00:00     118.7      0.00       0.0       0.0                          
    0:00:00     118.7      0.00       0.0       0.0                          
    0:00:00     118.7      0.00       0.0       0.0                          
    0:00:00     118.7      0.00       0.0       0.0                          
    0:00:00     118.7      0.00       0.0       0.0                          
    0:00:00     118.7      0.00       0.0       0.0                          
    0:00:00     118.7      0.00       0.0       0.0                          
    0:00:00     118.7      0.00       0.0       0.0                          
    0:00:00     118.7      0.00       0.0       0.0                          
    0:00:00     118.7      0.00       0.0       0.0                          
    0:00:00     118.7      0.00       0.0       0.0                          
Loading db file '/RAID2/COURSE/iclab/iclabTA01/UMC018_CBDK/CIC/SynopsysDC/db/fsa0m_a_generic_core_ss1p62v125c.db'
Loading db file '/RAID2/COURSE/iclab/iclab143/Lab07/Exercise/04_MEM/DUAL_64X8X1BM1_WC.db'


Note: Symbol # after min delay cost means estimated hold TNS across all active scenarios 


  Optimization Complete
  ---------------------
1
set_dont_touch $SYNCHRONIZER
1
current_design $DESIGN
Current design is 'CONV_TOP'.
{CONV_TOP}
link

  Linking design 'CONV_TOP'
  Using the following designs and libraries:
  --------------------------------------------------------------------------
  * (7 designs)               /RAID2/COURSE/iclab/iclab143/Lab07/Exercise/02_SYN/CONV_TOP.db, etc
  fsa0m_a_generic_core_ss1p62v125c (library) /RAID2/COURSE/iclab/iclabTA01/UMC018_CBDK/CIC/SynopsysDC/db/fsa0m_a_generic_core_ss1p62v125c.db
  DUAL_64X8X1BM1_WC (library) /RAID2/COURSE/iclab/iclab143/Lab07/Exercise/04_MEM/DUAL_64X8X1BM1_WC.db
  dw_foundation.sldb (library) /usr/cad/synopsys/synthesis/cur/libraries/syn/dw_foundation.sldb

1
#======================================================
#  (C) Global Setting
#======================================================
set_wire_load_mode top
1
# set_operating_conditions -max WCCOM -min BCCOM
# set_wire_load_model -name umc18_wl10 -library slow
#======================================================
#  (D) Set Design Constraints
#======================================================
# (D-1) Setting Clock Constraints
create_clock -name clk1 -period $CYCLE1 [get_ports clk1] 
1
create_clock -name clk2 -period $CYCLE2 [get_ports clk2]
1
set_dont_touch_network             [all_clocks] 
1
set_fix_hold                       [all_clocks] 
1
set_clock_uncertainty       0.1    [all_clocks] 
1
# set_clock_latency   -source 0      [get_clocks clk]
# set_clock_latency           1      [get_clocks clk] 
set_input_transition        0.5    [all_inputs] 
1
set_clock_transition        0.1    [all_clocks] 
1
read_sdc $DESIGN\.sdc

Reading SDC version 2.1...
1
# (D-2) Setting in/out Constraints
set_input_delay   -max  $INPUT_DLY  -clock clk1   [all_inputs] ;  # set_up time check 
1
set_input_delay   -min  0           -clock clk1   [all_inputs] ;  # hold   time check 
1
set_output_delay  -max  $OUTPUT_DLY -clock clk1   [all_outputs] ; # set_up time check 
1
set_output_delay  -min  0           -clock clk1   [all_outputs] ; # hold   time check 
1
set_input_delay 0 -clock clk1 clk1
1
set_input_delay 0 -clock clk2 clk2
1
set_input_delay 0 -clock clk1 rst_n
1
#set_max_delay $CYCLE -from [all_inputs] -to [all_outputs]
# (D-3) Setting Design Environment
# set_driving_cell -library umc18io3v5v_slow -lib_cell P2C    -pin {Y}  [get_ports clk]
# set_driving_cell -library umc18io3v5v_slow -lib_cell P2C    -pin {Y}  [remove_from_collection [all_inputs] [get_ports clk]]
# set_load  [load_of "umc18io3v5v_slow/P8C/A"]       [all_outputs] ; # ~= 0.038
set_load 0.05 [all_outputs]
1
# (D-4) Setting DRC Constraint
#set_max_delay           0     ; # Optimize delay max effort                 
#set_max_area            0      ; # Optimize area max effort           
set_max_transition      3       [all_inputs]   ; # U18 LUT Max Transition Value  
1
set_max_capacitance     0.15    [all_inputs]   ; # U18 LUT Max Capacitance Value
1
set_max_fanout          10      [all_inputs]
1
# set_dont_use slow/JKFF*
#set_dont_touch [get_cells core_reg_macro]
#set hdlin_ff_always_sync_set_reset true
# (D-5) Report Clock skew
report_clock -skew clk1
Information: Changed wire load model for 'alt1' from '(none)' to 'G5K'. (OPT-170)
Information: Changed wire load model for 'apparch' from '(none)' to 'G5K'. (OPT-170)
Information: Updating design information... (UID-85)
Warning: Design 'CONV_TOP' contains 2 high-fanout nets. A fanout number of 1000 will be used for delay calculations involving these nets. (TIM-134)
 
****************************************
Report : clock_skew
Design : CONV_TOP
Version: T-2022.03
Date   : Sun Nov  3 21:03:25 2024
****************************************

                 Rise      Fall  Min Rise  Min fall        Uncertainty
Object          Delay     Delay     Delay     Delay     Plus      Minus
--------------------------------------------------------------------------------
clk1                -         -         -         -      0.10      0.10

                 Max Transition      Min Transition
Object           Rise      Fall      Rise      Fall
-------------------------------------------------------
clk1             0.10      0.10      0.10      0.10
1
report_clock -skew clk2
 
****************************************
Report : clock_skew
Design : CONV_TOP
Version: T-2022.03
Date   : Sun Nov  3 21:03:25 2024
****************************************

                 Rise      Fall  Min Rise  Min fall        Uncertainty
Object          Delay     Delay     Delay     Delay     Plus      Minus
--------------------------------------------------------------------------------
clk2                -         -         -         -      0.10      0.10

                 Max Transition      Min Transition
Object           Rise      Fall      Rise      Fall
-------------------------------------------------------
clk2             0.10      0.10      0.10      0.10
1
check_timing

Information: Checking generated_clocks...

Information: Checking loops...

Information: Checking no_input_delay...

Information: Checking unconstrained_endpoints...

Information: Checking pulse_clock_cell_type...

Information: Checking no_driving_cell...

Information: Checking partial_input_delay...
1
#======================================================
#  (E) Optimization
#======================================================
check_design > Report/$DESIGN\.check
set_fix_multiple_port_nets -all -buffer_constants [get_designs *]
1
set_fix_hold [all_clocks]
1
compile_ultra
Information: Performing power optimization. (PWR-850)
Alib files are up-to-date.
Information: Running optimization using a maximum of 8 cores. (OPT-1500)
====================================================================================================
| Flow Information                                                                                 |
----------------------------------------------------------------------------------------------------
| Flow         | Design Compiler NXT WLM                                                           |
| Comand line  | compile_ultra                                                                     |
====================================================================================================
| Design Information                                      | Value                                  |
====================================================================================================
| Number of Scenarios                                     | 0                                      |
| Leaf Cell Count                                         | 3923                                   |
| Number of User Hierarchies                              | 22                                     |
| Sequential Cell Count                                   | 629                                    |
| Macro Count                                             | 0                                      |
| Number of Power Domains                                 | 0                                      |
| Number of Path Groups                                   | 3                                      |
| Number of VT class                                      | 0                                      |
| Number of Clocks                                        | 2                                      |
| Number of Dont Touch cells                              | 1013                                   |
| Number of Dont Touch nets                               | 90                                     |
| Number of size only cells                               | 0                                      |
| Design with UPF Data                                    | false                                  |
----------------------------------------------------------------------------------------------------
| Variables                                               | Value                                  |
----------------------------------------------------------------------------------------------------
| set_fix_multiple_port_nets                              | -all -buffer_constants                 |
====================================================================================================
Information: Sequential output inversion is enabled.  SVF file must be used for formal verification. (OPT-1208)

Information: There are 35 potential problems in your design. Please run 'check_design' for more information. (LINT-99)

Information: Uniquified 2 instances of design 'NDFF_BUS_syn_WIDTH7'. (OPT-1056)
  Simplifying Design 'CONV_TOP'

Loading db file '/RAID2/COURSE/iclab/iclabTA01/UMC018_CBDK/CIC/SynopsysDC/db/fsa0m_a_generic_core_ss1p62v125c.db'
Loading db file '/RAID2/COURSE/iclab/iclab143/Lab07/Exercise/04_MEM/DUAL_64X8X1BM1_WC.db'
  Loading target library 'DUAL_64X8X1BM1_WC'
Loaded alib file './alib-52/fsa0m_a_generic_core_ss1p62v125c.db.alib'
Loaded alib file './alib-52/DUAL_64X8X1BM1_WC.db.alib' (placeholder)
  Building model 'DW01_NAND2'
Information: Ungrouping hierarchy u_input_output before Pass 1 (OPT-776)
Information: Ungrouping hierarchy u_Handshake_syn before Pass 1 (OPT-776)
Information: Ungrouping hierarchy u_FIFO_syn before Pass 1 (OPT-776)
Information: Ungrouping hierarchy u_FIFO_syn/sync_r2w before Pass 1 (OPT-776)
Information: Ungrouping hierarchy u_FIFO_syn/sync_w2r before Pass 1 (OPT-776)
Information: Ungrouping 5 of 23 hierarchies before Pass 1 (OPT-775)
Information: State dependent leakage is now switched from on to off.

  Beginning Pass 1 Mapping
  ------------------------
  Processing 'CLK_2_MODULE'
 Implement Synthetic for 'CLK_2_MODULE'.
Information: Added key list 'DesignWare' to design 'CLK_2_MODULE'. (DDB-72)
  Processing 'CONV_TOP'
Information: Added key list 'DesignWare' to design 'CONV_TOP'. (DDB-72)
Information: The register 'u_input_output/state_reg[2]' is a constant and will be removed. (OPT-1206)
 Implement Synthetic for 'CONV_TOP'.

  Updating timing information
Information: Updating design information... (UID-85)
Information: The library cell 'TIE1' in the library 'fsa0m_a_generic_core_ss1p62v125c' is not characterized for internal power. (PWR-536)
Information: The library cell 'TIE0' in the library 'fsa0m_a_generic_core_ss1p62v125c' is not characterized for internal power. (PWR-536)
Information: The library cell 'BHD1' in the library 'fsa0m_a_generic_core_ss1p62v125c' is not characterized for internal power. (PWR-536)
Information: The target library(s) contains cell(s), other than black boxes, that are not characterized for internal power. (PWR-24)
Information: The register 'u_Conv/conv_count_reg[0]' is a constant and will be removed. (OPT-1206)

  Beginning Mapping Optimizations  (Ultra High effort)
  -------------------------------
Information: The register 'u_FIFO_syn/r_addr_reg[7]' will be removed. (OPT-1207)
  Mapping Optimization (Phase 1)

                                  TOTAL                                                            
   ELAPSED            WORST NEG   SETUP    DESIGN                              LEAKAGE   MIN DELAY 
    TIME      AREA      SLACK     COST    RULE COST         ENDPOINT            POWER      COST    
  --------- --------- --------- --------- --------- ------------------------- --------- -----------
    0:00:32  140205.7      0.00       0.0       0.0                           7918548.5000      0.00  
    0:00:32  140199.4      0.00       0.0       0.0                           7918447.0000      0.00  

  Beginning Constant Register Removal
  -----------------------------------
    0:00:32  140199.4      0.00       0.0       0.0                           7918447.0000      0.00  
    0:00:32  140199.4      0.00       0.0       0.0                           7918447.0000      0.00  

  Beginning Global Optimizations
  ------------------------------
  Global Optimization (Phase 1)
  Global Optimization (Phase 2)
  Global Optimization (Phase 3)
  Global Optimization (Phase 4)
  Global Optimization (Phase 5)
  Global Optimization (Phase 6)
  Global Optimization (Phase 7)
  Global Optimization (Phase 8)
  Global Optimization (Phase 9)
  Global Optimization (Phase 10)
  Global Optimization (Phase 11)
  Global Optimization (Phase 12)
  Global Optimization (Phase 13)
  Global Optimization (Phase 14)
  Global Optimization (Phase 15)
  Global Optimization (Phase 16)
  Global Optimization (Phase 17)
  Global Optimization (Phase 18)
  Global Optimization (Phase 19)
  Global Optimization (Phase 20)
  Global Optimization (Phase 21)
  Global Optimization (Phase 22)
  Global Optimization (Phase 23)
  Global Optimization (Phase 24)
  Global Optimization (Phase 25)
  Global Optimization (Phase 26)
  Global Optimization (Phase 27)
  Global Optimization (Phase 28)
  Global Optimization (Phase 29)
  Global Optimization (Phase 30)
  Global Optimization (Phase 31)
  Mapping 'CLK_2_MODULE_DP_OP_478J1_123_2761_0'
  Mapping 'CLK_2_MODULE_DP_OP_479J1_124_2761_0'
  Mapping 'CLK_2_MODULE_DP_OP_480J1_125_2761_0'

  Beginning Isolate Ports
  -----------------------

  Beginning Delay Optimization
  ----------------------------
    0:00:34  134977.9      0.00       0.0      31.8                           7109478.5000      0.00  
    0:00:34  134977.9      0.00       0.0      31.8                           7109478.5000      0.00  
    0:00:34  134977.9      0.00       0.0      31.8                           7109478.5000      0.00  
    0:00:34  134977.9      0.00       0.0      31.8                           7109478.5000      0.00  
    0:00:34  134959.2      0.00       0.0      31.8                           7109478.5000      0.00  
    0:00:34  134959.2      0.00       0.0      31.8                           7109478.5000      0.00  

  Beginning WLM Backend Optimization
  --------------------------------------
    0:00:35  133165.5      0.00       0.0      31.8                           6955088.5000      0.00  
    0:00:35  133165.5      0.00       0.0      31.8                           6955088.5000      0.00  
    0:00:35  133165.5      0.00       0.0      31.8                           6955088.5000      0.00  
    0:00:35  132834.3      0.00       0.0      31.8                           6892114.5000      0.00  
    0:00:35  132834.3      0.00       0.0      31.8                           6892114.5000      0.00  
    0:00:35  132834.3      0.00       0.0      31.8                           6892114.5000      0.00  
    0:00:35  132834.3      0.00       0.0      31.8                           6892114.5000      0.00  
    0:00:35  132834.3      0.00       0.0      31.8                           6892114.5000      0.00  
    0:00:35  132834.3      0.00       0.0      31.8                           6892114.5000      0.00  
    0:00:35  132834.3      0.00       0.0      31.8                           6892114.5000      0.00  
    0:00:35  132834.3      0.00       0.0      31.8                           6892114.5000      0.00  
    0:00:35  132834.3      0.00       0.0      31.8                           6892114.5000      0.00  
    0:00:35  132834.3      0.00       0.0      31.8                           6892114.5000      0.00  
    0:00:35  132834.3      0.00       0.0      31.8                           6892114.5000      0.00  
    0:00:35  132834.3      0.00       0.0      31.8                           6892114.5000      0.00  
    0:00:35  132834.3      0.00       0.0      31.8                           6892114.5000      0.00  
    0:00:35  132834.3      0.00       0.0      31.8                           6892114.5000      0.00  
    0:00:35  132834.3      0.00       0.0      31.8                           6892114.5000      0.00  
    0:00:35  132834.3      0.00       0.0      31.8                           6892114.5000      0.00  
    0:00:35  132834.3      0.00       0.0      31.8                           6892114.5000      0.00  
    0:00:35  132834.3      0.00       0.0      31.8                           6892114.5000      0.00  
    0:00:35  132834.3      0.00       0.0      31.8                           6892114.5000      0.00  


  Beginning Design Rule Fixing  (max_transition)  (max_capacitance)
  ----------------------------

                                  TOTAL                                                            
   ELAPSED            WORST NEG   SETUP    DESIGN                              LEAKAGE   MIN DELAY 
    TIME      AREA      SLACK     COST    RULE COST         ENDPOINT            POWER      COST    
  --------- --------- --------- --------- --------- ------------------------- --------- -----------
    0:00:35  132834.3      0.00       0.0      31.8                           6892114.5000      0.00  
  Global Optimization (Phase 32)
  Global Optimization (Phase 33)
  Global Optimization (Phase 34)
    0:00:35  132856.2      0.00       0.0       0.0                           6893531.5000      0.00  
    0:00:35  132856.2      0.00       0.0       0.0                           6893531.5000      0.00  


  Beginning Leakage Power Optimization  (max_leakage_power 0)
  ------------------------------------

                                  TOTAL                                                            
   ELAPSED            WORST NEG   SETUP    DESIGN                              LEAKAGE   MIN DELAY 
    TIME      AREA      SLACK     COST    RULE COST         ENDPOINT            POWER      COST    
  --------- --------- --------- --------- --------- ------------------------- --------- -----------
    0:00:35  132856.2      0.00       0.0       0.0                           6893531.5000      0.00  
  Global Optimization (Phase 35)
  Global Optimization (Phase 36)
  Global Optimization (Phase 37)
  Global Optimization (Phase 38)
  Global Optimization (Phase 39)
  Global Optimization (Phase 40)
  Global Optimization (Phase 41)
  Global Optimization (Phase 42)
  Global Optimization (Phase 43)
  Global Optimization (Phase 44)
  Global Optimization (Phase 45)
  Global Optimization (Phase 46)
  Global Optimization (Phase 47)
  Global Optimization (Phase 48)
  Global Optimization (Phase 49)
    0:00:36  127325.3      0.00       0.0       0.0                           6284859.5000      0.00  
    0:00:36  127325.3      0.00       0.0       0.0                           6284859.5000      0.00  
    0:00:36  127325.3      0.00       0.0       0.0                           6284859.5000      0.00  
    0:00:36  127325.3      0.00       0.0       0.0                           6284859.5000      0.00  
    0:00:36  127325.3      0.00       0.0       0.0                           6284859.5000      0.00  
    0:00:36  127325.3      0.00       0.0       0.0                           6284859.5000      0.00  
    0:00:36  127325.3      0.00       0.0       0.0                           6284859.5000      0.00  
    0:00:36  127325.3      0.00       0.0       0.0                           6284859.5000      0.00  
    0:00:36  127325.3      0.00       0.0       0.0                           6284859.5000      0.00  
    0:00:36  127325.3      0.00       0.0       0.0                           6284859.5000      0.00  
    0:00:36  127325.3      0.00       0.0       0.0                           6284859.5000      0.00  
    0:00:36  127325.3      0.00       0.0       0.0                           6284859.5000      0.00  
    0:00:36  127325.3      0.00       0.0       0.0                           6284859.5000      0.00  
    0:00:36  127325.3      0.00       0.0       0.0                           6284859.5000      0.00  
    0:00:36  127325.3      0.00       0.0       0.0                           6284859.5000      0.00  
    0:00:36  127325.3      0.00       0.0       0.0                           6284859.5000      0.00  
    0:00:36  127325.3      0.00       0.0       0.0                           6284859.5000      0.00  
    0:00:36  127325.3      0.00       0.0       0.0                           6284859.5000      0.00  
    0:00:36  127325.3      0.00       0.0       0.0                           6284859.5000      0.00  
    0:00:36  127325.3      0.00       0.0       0.0                           6284859.5000      0.00  
    0:00:36  127325.3      0.00       0.0       0.0                           6284859.5000      0.00  
    0:00:36  127325.3      0.00       0.0       0.0                           6284859.5000      0.00  

                                  TOTAL                                                            
   ELAPSED            WORST NEG   SETUP    DESIGN                              LEAKAGE   MIN DELAY 
    TIME      AREA      SLACK     COST    RULE COST         ENDPOINT            POWER      COST    
  --------- --------- --------- --------- --------- ------------------------- --------- -----------
    0:00:36  127325.3      0.00       0.0       0.0                           6284859.5000      0.00  
    0:00:36  127109.7      0.00       0.0       0.0                           6263948.0000      0.00  
    0:00:36  127109.7      0.00       0.0       0.0                           6263948.0000      0.00  
    0:00:36  127109.7      0.00       0.0       0.0                           6263948.0000      0.00  
    0:00:36  127106.5      0.00       0.0       0.0                           6263486.5000      0.00  
    0:00:37  127050.3      0.00       0.0       0.0                           6257051.5000      0.00  
    0:00:37  127050.3      0.00       0.0       0.0                           6257051.5000      0.00  
    0:00:37  127050.3      0.00       0.0       0.0                           6257051.5000      0.00  
    0:00:37  127050.3      0.00       0.0       0.0                           6257051.5000      0.00  
    0:00:37  127050.3      0.00       0.0       0.0                           6257051.5000      0.00  
    0:00:37  127050.3      0.00       0.0       0.0                           6257051.5000      0.00  
    0:00:37  127031.5      0.00       0.0       0.0                           6255589.5000      0.00  
Loading db file '/RAID2/COURSE/iclab/iclabTA01/UMC018_CBDK/CIC/SynopsysDC/db/fsa0m_a_generic_core_ss1p62v125c.db'
Loading db file '/RAID2/COURSE/iclab/iclab143/Lab07/Exercise/04_MEM/DUAL_64X8X1BM1_WC.db'


Note: Symbol # after min delay cost means estimated hold TNS across all active scenarios 


  Optimization Complete
  ---------------------
  Loading target library 'DUAL_64X8X1BM1_WC'
Information: State dependent leakage is now switched from off to on.
Information: Propagating switching activity (low effort zero delay simulation). (PWR-6)
Warning: Design has unannotated black box outputs. (PWR-428)
1
#uniquify
#compile
#======================================================
#  (F) Output Reports 
#======================================================
report_design  >  Report/$DESIGN\.design
report_resource >  Report/$DESIGN\.resource
# report_timing -max_paths 1000 -path_type end >  Report/$DESIGN\.timing
report_timing -to {u_FIFO_syn/u_dual_sram/A0 u_FIFO_syn/u_dual_sram/B0} >  Report/$DESIGN\.timing
report_area -hierarchy >  Report/$DESIGN\.area
report_power > Report/$DESIGN\.power
report_clock > Report/$DESIGN\.clock
report_port >  Report/$DESIGN\.port
report_power >  Report/$DESIGN\.power
#report_reference > Report/$DESIGN\.reference
#======================================================
#  (G) Change Naming Rule
#======================================================
set bus_inference_style "%s\[%d\]"
%s[%d]
set bus_naming_style "%s\[%d\]"
%s[%d]
set hdlout_internal_busses true
true
change_names -hierarchy -rule verilog
1
define_name_rules name_rule -allowed "a-z A-Z 0-9 _" -max_length 255 -type cell
1
define_name_rules name_rule -allowed "a-z A-Z 0-9 _[]" -max_length 255 -type net
1
define_name_rules name_rule -map {{"\\*cell\\*" "cell"}}
1
define_name_rules name_rule -case_insensitive
1
change_names -hierarchy -rules name_rule
1
#======================================================
#  (H) Output Results
#======================================================
set verilogout_higher_designs_first true
true
write -format verilog -output Netlist/$DESIGN\_SYN.v -hierarchy
Writing verilog file '/RAID2/COURSE/iclab/iclab143/Lab07/Exercise/02_SYN/Netlist/CONV_TOP_SYN.v'.
1
write -format ddc     -hierarchy -output $DESIGN\_SYN.ddc
Writing ddc file 'CONV_TOP_SYN.ddc'.
1
write_sdf -version 3.0 -context verilog -load_delay cell Netlist/$DESIGN\_SYN.sdf -significant_digits 6
Information: Writing timing information to file '/RAID2/COURSE/iclab/iclab143/Lab07/Exercise/02_SYN/Netlist/CONV_TOP_SYN.sdf'. (WT-3)
1
write_sdc Netlist/$DESIGN\_SYN.sdc
1
#======================================================
#  (I) Finish and Quit
#======================================================
report_area
 
****************************************
Report : area
Design : CONV_TOP
Version: T-2022.03
Date   : Sun Nov  3 21:04:05 2024
****************************************

Library(s) Used:

    fsa0m_a_generic_core_ss1p62v125c (File: /RAID2/COURSE/iclab/iclabTA01/UMC018_CBDK/CIC/SynopsysDC/db/fsa0m_a_generic_core_ss1p62v125c.db)
    DUAL_64X8X1BM1_WC (File: /RAID2/COURSE/iclab/iclab143/Lab07/Exercise/04_MEM/DUAL_64X8X1BM1_WC.db)

Number of ports:                          155
Number of nets:                          2813
Number of cells:                         2527
Number of combinational cells:           1884
Number of sequential cells:               625
Number of macros/black boxes:               1
Number of buf/inv:                        185
Number of references:                      42

Combinational area:              35425.857824
Buf/Inv area:                     1249.919987
Noncombinational area:           37107.000351
Macro/Black Box area:            54498.683594
Net Interconnect area:      undefined  (Wire load has zero net area)

Total cell area:                127031.541769
Total area:                 undefined
1
report_timing 
 
****************************************
Report : timing
        -path full
        -delay max
        -max_paths 1
Design : CONV_TOP
Version: T-2022.03
Date   : Sun Nov  3 21:04:05 2024
****************************************

Operating Conditions: WCCOM   Library: fsa0m_a_generic_core_ss1p62v125c
Wire Load Model Mode: top

  Startpoint: in_valid (input port clocked by clk1)
  Endpoint: u_input_output_in_matrix_reg_2__0_
            (rising edge-triggered flip-flop clocked by clk1)
  Path Group: clk1
  Path Type: max

  Des/Clust/Port     Wire Load Model       Library
  ------------------------------------------------
  CONV_TOP           enG30K                fsa0m_a_generic_core_ss1p62v125c

  Point                                                   Incr       Path
  --------------------------------------------------------------------------
  clock clk1 (rise edge)                                  0.00       0.00
  clock network delay (ideal)                             0.00       0.00
  input external delay                                   23.55      23.55 f
  in_valid (in)                                           0.00      23.55 f
  U665/O (NR2)                                            1.17      24.72 r
  U758/O (NR2)                                            0.17      24.89 f
  U625/O (ND3S)                                           0.29      25.18 r
  U773/O (INV1S)                                          0.30      25.48 f
  U618/O (ND3P)                                           0.91      26.39 r
  U1016/O (MOAI1S)                                        0.35      26.74 r
  u_input_output_in_matrix_reg_2__0_/D (QDFFRBS)          0.00      26.74 r
  data arrival time                                                 26.74

  clock clk1 (rise edge)                                 47.10      47.10
  clock network delay (ideal)                             0.00      47.10
  clock uncertainty                                      -0.10      47.00
  u_input_output_in_matrix_reg_2__0_/CK (QDFFRBS)         0.00      47.00 r
  library setup time                                     -0.23      46.77
  data required time                                                46.77
  --------------------------------------------------------------------------
  data required time                                                46.77
  data arrival time                                                -26.74
  --------------------------------------------------------------------------
  slack (MET)                                                       20.03


  Startpoint: u_Conv/conv_count_reg_4_
              (rising edge-triggered flip-flop clocked by clk2)
  Endpoint: u_Conv/conv_out_reg_2__6_
            (rising edge-triggered flip-flop clocked by clk2)
  Path Group: clk2
  Path Type: max

  Des/Clust/Port     Wire Load Model       Library
  ------------------------------------------------
  CONV_TOP           enG30K                fsa0m_a_generic_core_ss1p62v125c

  Point                                                   Incr       Path
  --------------------------------------------------------------------------
  clock clk2 (rise edge)                                  0.00       0.00
  clock network delay (ideal)                             0.00       0.00
  u_Conv/conv_count_reg_4_/CK (QDFFRBS)                   0.00       0.00 r
  u_Conv/conv_count_reg_4_/Q (QDFFRBS)                    0.64       0.64 r
  u_Conv/U664/O (INV1S)                                   0.35       0.99 f
  u_Conv/U945/O (NR2)                                     1.19       2.18 r
  u_Conv/U83/O (BUF4)                                     0.62       2.80 r
  u_Conv/U1023/O (AOI22S)                                 0.15       2.95 f
  u_Conv/U1025/O (ND2)                                    0.34       3.29 r
  u_Conv/U239/O (OA22S)                                   0.44       3.74 r
  u_Conv/U565/O (AO222)                                   0.42       4.16 r
  u_Conv/U566/O (INV1S)                                   0.49       4.65 f
  u_Conv/U57/O (NR2P)                                     0.24       4.89 r
  u_Conv/U12/S (FA1S)                                     0.59       5.48 f
  u_Conv/U329/S (FA1S)                                    0.73       6.21 r
  u_Conv/U402/S (FA1S)                                    0.57       6.78 f
  u_Conv/U447/CO (FA1S)                                   0.52       7.30 f
  u_Conv/U448/CO (FA1S)                                   0.53       7.83 f
  u_Conv/U449/CO (FA1S)                                   0.53       8.35 f
  u_Conv/U450/CO (FA1S)                                   0.53       8.88 f
  u_Conv/U451/S (FA1S)                                    0.65       9.53 r
  u_Conv/U515/O (MUX2S)                                   0.28       9.81 r
  u_Conv/conv_out_reg_2__6_/D (QDFFRBS)                   0.00       9.81 r
  data arrival time                                                  9.81

  clock clk2 (rise edge)                                 10.10      10.10
  clock network delay (ideal)                             0.00      10.10
  clock uncertainty                                      -0.10      10.00
  u_Conv/conv_out_reg_2__6_/CK (QDFFRBS)                  0.00      10.00 r
  library setup time                                     -0.17       9.83
  data required time                                                 9.83
  --------------------------------------------------------------------------
  data required time                                                 9.83
  data arrival time                                                 -9.81
  --------------------------------------------------------------------------
  slack (MET)                                                        0.01


1
exit

Memory usage for this session 354 Mbytes.
Memory usage for this session including child processes 434 Mbytes.
CPU usage for this session 51 seconds ( 0.01 hours ).
Elapsed time for this session 48 seconds ( 0.01 hours ).

Thank you...

