Command: vcs -timescale=1ns/1fs -j4 -sverilog +v2k -full64 -Mupdate -R -debug_access+all \
-f filelist.f -o simv -l vcs.log -P /usr/cad/synopsys/verdi/2019.06//share/PLI/VCS/linux64/novas.tab \
/usr/cad/synopsys/verdi/2019.06//share/PLI/VCS/linux64/pli.a -v /RAID2/COURSE/iclab/iclabTA01/umc018/Verilog/umc18_neg.v \
+define+GATE +neg_tchk
*** Using c compiler gcc instead of cc ...
                         Chronologic VCS (TM)
         Version T-2022.06_Full64 -- Sat Oct 26 18:57:46 2024

                    Copyright (c) 1991 - 2022 Synopsys, Inc.
   This software and the associated documentation are proprietary to Synopsys,
 Inc. This software may only be used in accordance with the terms and conditions
 of a written license agreement with Synopsys, Inc. All other use, reproduction,
   or distribution of this software is strictly prohibited.  Licensed Products
     communicate with Synopsys servers for the purpose of providing software
    updates, detecting software piracy and verifying that customers are using
    Licensed Products in conformity with the applicable License Key for such
  Licensed Products. Synopsys will use information gathered in connection with
    this process to deliver software updates and pursue software pirates and
                                   infringers.

 Inclusivity & Diversity - Visit SolvNetPlus to read the "Synopsys Statement on
            Inclusivity and Diversity" (Refer to article 000036315 at
                        https://solvnetplus.synopsys.com)

Parsing design file 'TESTBED.v'
Parsing included file 'PATTERN.v'.
Back to file 'TESTBED.v'.
Parsing included file 'Ramen_SYN.v'.
Back to file 'TESTBED.v'.
Parsing library file '/RAID2/COURSE/iclab/iclabTA01/umc018/Verilog/umc18_neg.v'
Top Level Modules:
       TESTBED
TimeScale is 1 ns / 1 ps

   ***   $sdf_annotate() version 1.2R
   ***    SDF file: "Ramen_SYN.sdf"
   ***    Annotation scope: TESTBED.u_Ramen
   ***    No MTM selection argument specified
   ***    No SCALE FACTORS argument specified
   ***    No SCALE TYPE argument specified
   ***    MTM selection defaulted to "TOOL_CONTROL":
               (+typdelays compiled, TYPICAL delays selected)
   ***    SCALE FACTORS defaulted to "1.0:1.0:1.0":
   ***    SCALE TYPE defaulted to: "FROM_MTM"
   ***    Turnoff delay: "FROM_FILE"
   ***    Approximation (mipd) policy: "MAXIMUM"

   ***    SDF annotation begin: Sat Oct 26 18:57:47 2024


SDF Info: +pulse_r/100, +pulse_e/100 in effect

          Total errors: 0
          Total warnings: 0
   ***    SDF annotation completed: Sat Oct 26 18:57:47 2024


Starting vcs inline pass...

Note-[VCS_PARAL] Parallel code-gen enabled
  VCS is running with parallel code generation(-j)...

48 modules and 2 UDPs read.
recompiling module Ramen
recompiling module PATTERN
recompiling module CMPR42X1
recompiling module ADDFXL
recompiling module DFFSX1
recompiling module AOI222XL
recompiling module DFFRHQXL
recompiling module OAI222XL
recompiling module AOI221XL
recompiling module AOI32XL
recompiling module OAI32XL
recompiling module AOI22XL
recompiling module AOI2BB2XL
recompiling module OAI22XL
recompiling module OAI2BB2XL
recompiling module XNOR2XL
recompiling module XOR2XL
recompiling module TESTBED
recompiling module AOI211XL
recompiling module AOI31XL
recompiling module MXI2XL
recompiling module NOR4BXL
recompiling module OAI211XL
recompiling module OAI31XL
recompiling module AOI21XL
recompiling module AOI2BB1XL
recompiling module NAND3BXL
recompiling module NAND4XL
recompiling module NOR4XL
recompiling module OAI21XL
recompiling module OAI2BB1X1
recompiling module OAI2BB1XL
recompiling module OR4XL
recompiling module AND3XL
recompiling module NAND2BXL
recompiling module NAND3XL
recompiling module NOR2BXL
recompiling module NOR3XL
recompiling module OR3XL
recompiling module AND2XL
recompiling module NAND2X1
recompiling module BUFXL
recompiling module INVX1
recompiling module INVXL
recompiling module NAND2XL
recompiling module NOR2X1
recompiling module NOR2XL
recompiling module OR2XL
All of 48 modules done
make[1]: Entering directory `/RAID2/COURSE/iclab/iclab143/OT/Exercise/03_GATE/csrc' \

rm -f _cuarc*.so _csrc*.so pre_vcsobj_*.so share_vcsobj_*.so
if [ -x ../simv ]; then chmod a-x ../simv; fi
g++  -o ../simv      -rdynamic  -Wl,-rpath='$ORIGIN'/simv.daidir -Wl,-rpath=./simv.daidir \
-Wl,-rpath=/usr/cad/synopsys/vcs/2022.06/linux64/lib -L/usr/cad/synopsys/vcs/2022.06/linux64/lib \
-Wl,-rpath-link=./  /usr/lib64/libnuma.so.1   objs/amcQw_d.o   _219713_archive_1.so \
_219730_archive_1.so _219731_archive_1.so objs/udps/U7Vwg.o objs/udps/exIG1.o  SIM_l.o \
rmapats_mop.o rmapats.o rmar.o rmar_nd.o  rmar_llvm_0_1.o rmar_llvm_0_0.o        \
-lvirsim -lerrorinf -lsnpsmalloc -lvfs /usr/cad/synopsys/verdi/2019.06//share/PLI/VCS/linux64/pli.a \
-lvcsnew -lsimprofile -luclinative /usr/cad/synopsys/vcs/2022.06/linux64/lib/vcs_tls.o \
-Wl,-whole-archive  -lvcsucli    -Wl,-no-whole-archive        _vcs_pli_stub_.o   \
/usr/cad/synopsys/vcs/2022.06/linux64/lib/vcs_save_restore_new.o /usr/cad/synopsys/verdi/2019.06//share/PLI/VCS/LINUX64/pli.a \
-ldl -lm  -lc -lpthread -ldl 
../simv up to date
make[1]: Leaving directory `/RAID2/COURSE/iclab/iclab143/OT/Exercise/03_GATE/csrc' \

Command: /RAID2/COURSE/iclab/iclab143/OT/Exercise/03_GATE/./simv +v2k -a vcs.log +define+GATE +neg_tchk
Chronologic VCS simulator copyright 1991-2022
Contains Synopsys proprietary information.
Compiler version T-2022.06_Full64; Runtime version T-2022.06_Full64;  Oct 26 18:57 2024
Doing SDF annotation ...... Done
*Verdi* Loading libsscore_vcs201906.so
FSDB Dumper for VCS, Release Verdi_P-2019.06, Linux x86_64/64bit, 05/26/2019
(C) 1996 - 2019 by Synopsys, Inc.
***********************************************************************
*  ERROR -                                                            *
*  The simulator version is newer than the FSDB dumper version which  *
*  may cause abnormal behavior, please contact Synopsys support for   *
*  assistance.                                                        *
***********************************************************************
*Verdi* : Create FSDB file 'Ramen_SYN.fsdb'
*Verdi* : Begin traversing the scopes, layer (0).
*Verdi* : Enable +mda dumping.
*Verdi* : End of traversing.
*Verdi* : Begin traversing the scopes, layer (0).
*Verdi* : End of traversing.
[32m********************** pass pat_num          0 | Your execution cycles =           2 cycles **********************[0m
[32m********************** pass pat_num          1 | Your execution cycles =           2 cycles **********************[0m
[32m********************** pass pat_num          2 | Your execution cycles =           2 cycles **********************[0m
[32m********************** pass pat_num          3 | Your execution cycles =           2 cycles **********************[0m
[32m********************** pass pat_num          4 | Your execution cycles =           2 cycles **********************[0m
[32m********************** pass pat_num          5 | Your execution cycles =           2 cycles **********************[0m
[32m********************** pass pat_num          6 | Your execution cycles =           2 cycles **********************[0m
[32m********************** pass pat_num          7 | Your execution cycles =           2 cycles **********************[0m
[32m********************** pass pat_num          8 | Your execution cycles =           2 cycles **********************[0m
[32m********************** pass pat_num          9 | Your execution cycles =           2 cycles **********************[0m
[32m********************** pass pat_num         10 | Your execution cycles =           2 cycles **********************[0m
[32m********************** pass pat_num         11 | Your execution cycles =           2 cycles **********************[0m
[32m********************** pass pat_num         12 | Your execution cycles =           2 cycles **********************[0m
[32m********************** pass pat_num         13 | Your execution cycles =           2 cycles **********************[0m
[32m********************** pass pat_num         14 | Your execution cycles =           2 cycles **********************[0m
[32m********************** pass pat_num         15 | Your execution cycles =           2 cycles **********************[0m
[32m********************** pass pat_num         16 | Your execution cycles =           2 cycles **********************[0m
[32m********************** pass pat_num         17 | Your execution cycles =           2 cycles **********************[0m
[32m********************** pass pat_num         18 | Your execution cycles =           2 cycles **********************[0m
[32m********************** pass pat_num         19 | Your execution cycles =           2 cycles **********************[0m
[32m********************** pass pat_num         20 | Your execution cycles =           2 cycles **********************[0m
[32m********************** pass pat_num         21 | Your execution cycles =           2 cycles **********************[0m
[32m********************** pass pat_num         22 | Your execution cycles =           2 cycles **********************[0m
[32m********************** pass pat_num         23 | Your execution cycles =           2 cycles **********************[0m
[32m********************** pass pat_num         24 | Your execution cycles =           2 cycles **********************[0m
[32m********************** pass pat_num         25 | Your execution cycles =           2 cycles **********************[0m
[32m********************** pass pat_num         26 | Your execution cycles =           2 cycles **********************[0m
[32m********************** pass pat_num         27 | Your execution cycles =           2 cycles **********************[0m
[32m********************** pass pat_num         28 | Your execution cycles =           2 cycles **********************[0m
[32m********************** pass pat_num         29 | Your execution cycles =           2 cycles **********************[0m
[32m********************** pass pat_num         30 | Your execution cycles =           2 cycles **********************[0m
[32m********************** pass pat_num         31 | Your execution cycles =           2 cycles **********************[0m
[32m********************** pass pat_num         32 | Your execution cycles =           2 cycles **********************[0m
[32m********************** pass pat_num         33 | Your execution cycles =           2 cycles **********************[0m
[32m********************** pass pat_num         34 | Your execution cycles =           2 cycles **********************[0m
[32m********************** pass pat_num         35 | Your execution cycles =           2 cycles **********************[0m
[32m********************** pass pat_num         36 | Your execution cycles =           2 cycles **********************[0m
[32m********************** pass pat_num         37 | Your execution cycles =           2 cycles **********************[0m
[32m********************** pass pat_num         38 | Your execution cycles =           2 cycles **********************[0m
[32m********************** pass pat_num         39 | Your execution cycles =           2 cycles **********************[0m
[32m********************** pass pat_num         40 | Your execution cycles =           2 cycles **********************[0m
[32m********************** pass pat_num         41 | Your execution cycles =           2 cycles **********************[0m
[32m********************** pass pat_num         42 | Your execution cycles =           2 cycles **********************[0m
[32m********************** pass pat_num         43 | Your execution cycles =           2 cycles **********************[0m
[32m********************** pass pat_num         44 | Your execution cycles =           2 cycles **********************[0m
[32m********************** pass pat_num         45 | Your execution cycles =           2 cycles **********************[0m
[32m********************** pass pat_num         46 | Your execution cycles =           2 cycles **********************[0m
[32m********************** pass pat_num         47 | Your execution cycles =           2 cycles **********************[0m
[32m********************** pass pat_num         48 | Your execution cycles =           2 cycles **********************[0m
[32m********************** pass pat_num         49 | Your execution cycles =           2 cycles **********************[0m
[32m********************** pass pat_num         50 | Your execution cycles =           2 cycles **********************[0m
[32m********************** pass pat_num         51 | Your execution cycles =           2 cycles **********************[0m
[32m********************** pass pat_num         52 | Your execution cycles =           2 cycles **********************[0m
[32m********************** pass pat_num         53 | Your execution cycles =           2 cycles **********************[0m
[32m********************** pass pat_num         54 | Your execution cycles =           2 cycles **********************[0m
[32m********************** pass pat_num         55 | Your execution cycles =           2 cycles **********************[0m
[32m********************** pass pat_num         56 | Your execution cycles =           2 cycles **********************[0m
[32m********************** pass pat_num         57 | Your execution cycles =           2 cycles **********************[0m
[32m********************** pass pat_num         58 | Your execution cycles =           2 cycles **********************[0m
[32m********************** pass pat_num         59 | Your execution cycles =           2 cycles **********************[0m
[32m********************** pass pat_num         60 | Your execution cycles =           2 cycles **********************[0m
[32m********************** pass pat_num         61 | Your execution cycles =           2 cycles **********************[0m
[32m********************** pass pat_num         62 | Your execution cycles =           2 cycles **********************[0m
[32m********************** pass pat_num         63 | Your execution cycles =           2 cycles **********************[0m
[32m********************** pass pat_num         64 | Your execution cycles =           2 cycles **********************[0m
[32m********************** pass pat_num         65 | Your execution cycles =           2 cycles **********************[0m
[32m********************** pass pat_num         66 | Your execution cycles =           2 cycles **********************[0m
[32m********************** pass pat_num         67 | Your execution cycles =           2 cycles **********************[0m
[32m********************** pass pat_num         68 | Your execution cycles =           2 cycles **********************[0m
[32m********************** pass pat_num         69 | Your execution cycles =           2 cycles **********************[0m
[32m********************** pass pat_num         70 | Your execution cycles =           2 cycles **********************[0m
[32m********************** pass pat_num         71 | Your execution cycles =           2 cycles **********************[0m
[32m********************** pass pat_num         72 | Your execution cycles =           2 cycles **********************[0m
[32m********************** pass pat_num         73 | Your execution cycles =           2 cycles **********************[0m
[32m********************** pass pat_num         74 | Your execution cycles =           2 cycles **********************[0m
[32m********************** pass pat_num         75 | Your execution cycles =           2 cycles **********************[0m
[32m********************** pass pat_num         76 | Your execution cycles =           2 cycles **********************[0m
[32m********************** pass pat_num         77 | Your execution cycles =           2 cycles **********************[0m
[32m********************** pass pat_num         78 | Your execution cycles =           2 cycles **********************[0m
[32m********************** pass pat_num         79 | Your execution cycles =           2 cycles **********************[0m
[32m********************** pass pat_num         80 | Your execution cycles =           2 cycles **********************[0m
[32m********************** pass pat_num         81 | Your execution cycles =           2 cycles **********************[0m
[32m********************** pass pat_num         82 | Your execution cycles =           2 cycles **********************[0m
[32m********************** pass pat_num         83 | Your execution cycles =           2 cycles **********************[0m
[32m********************** pass pat_num         84 | Your execution cycles =           2 cycles **********************[0m
[32m********************** pass pat_num         85 | Your execution cycles =           2 cycles **********************[0m
[32m********************** pass pat_num         86 | Your execution cycles =           2 cycles **********************[0m
[32m********************** pass pat_num         87 | Your execution cycles =           2 cycles **********************[0m
[32m********************** pass pat_num         88 | Your execution cycles =           2 cycles **********************[0m
[32m********************** pass pat_num         89 | Your execution cycles =           2 cycles **********************[0m
[32m********************** pass pat_num         90 | Your execution cycles =           2 cycles **********************[0m
[32m********************** pass pat_num         91 | Your execution cycles =           2 cycles **********************[0m
[32m********************** pass pat_num         92 | Your execution cycles =           2 cycles **********************[0m
[32m********************** pass pat_num         93 | Your execution cycles =           2 cycles **********************[0m
[32m********************** pass pat_num         94 | Your execution cycles =           2 cycles **********************[0m
[32m********************** pass pat_num         95 | Your execution cycles =           2 cycles **********************[0m
[32m********************** pass pat_num         96 | Your execution cycles =           2 cycles **********************[0m
[32m********************** pass pat_num         97 | Your execution cycles =           2 cycles **********************[0m
[32m********************** pass pat_num         98 | Your execution cycles =           2 cycles **********************[0m
[32m********************** pass pat_num         99 | Your execution cycles =           2 cycles **********************[0m
[32m********************** pass pat_num        100 | Your execution cycles =           2 cycles **********************[0m
[32m********************** pass pat_num        101 | Your execution cycles =           2 cycles **********************[0m
[32m********************** pass pat_num        102 | Your execution cycles =           2 cycles **********************[0m
[32m********************** pass pat_num        103 | Your execution cycles =           2 cycles **********************[0m
[32m********************** pass pat_num        104 | Your execution cycles =           2 cycles **********************[0m
[32m********************** pass pat_num        105 | Your execution cycles =           2 cycles **********************[0m
[32m********************** pass pat_num        106 | Your execution cycles =           2 cycles **********************[0m
[32m********************** pass pat_num        107 | Your execution cycles =           2 cycles **********************[0m
[32m********************** pass pat_num        108 | Your execution cycles =           2 cycles **********************[0m
[32m********************** pass pat_num        109 | Your execution cycles =           2 cycles **********************[0m
[32m********************** pass pat_num        110 | Your execution cycles =           2 cycles **********************[0m
[32m********************** pass pat_num        111 | Your execution cycles =           2 cycles **********************[0m
[32m********************** pass pat_num        112 | Your execution cycles =           2 cycles **********************[0m
[32m********************** pass pat_num        113 | Your execution cycles =           2 cycles **********************[0m
[32m********************** pass pat_num        114 | Your execution cycles =           2 cycles **********************[0m
[32m********************** pass pat_num        115 | Your execution cycles =           2 cycles **********************[0m
[32m********************** pass pat_num        116 | Your execution cycles =           2 cycles **********************[0m
[32m********************** pass pat_num        117 | Your execution cycles =           2 cycles **********************[0m
[32m********************** pass pat_num        118 | Your execution cycles =           2 cycles **********************[0m
[32m********************** pass pat_num        119 | Your execution cycles =           2 cycles **********************[0m
[32m********************** pass pat_num        120 | Your execution cycles =           2 cycles **********************[0m
[32m********************** pass pat_num        121 | Your execution cycles =           2 cycles **********************[0m
[32m********************** pass pat_num        122 | Your execution cycles =           2 cycles **********************[0m
[32m********************** pass pat_num        123 | Your execution cycles =           2 cycles **********************[0m
[32m********************** pass pat_num        124 | Your execution cycles =           2 cycles **********************[0m
[32m********************** pass pat_num        125 | Your execution cycles =           2 cycles **********************[0m
[32m********************** pass pat_num        126 | Your execution cycles =           2 cycles **********************[0m
[32m********************** pass pat_num        127 | Your execution cycles =           2 cycles **********************[0m
[32m********************** pass pat_num        128 | Your execution cycles =           2 cycles **********************[0m
[32m********************** pass pat_num        129 | Your execution cycles =           2 cycles **********************[0m
[32m********************** pass pat_num        130 | Your execution cycles =           2 cycles **********************[0m
[32m********************** pass pat_num        131 | Your execution cycles =           2 cycles **********************[0m
[32m********************** pass pat_num        132 | Your execution cycles =           2 cycles **********************[0m
[32m********************** pass pat_num        133 | Your execution cycles =           2 cycles **********************[0m
[32m********************** pass pat_num        134 | Your execution cycles =           2 cycles **********************[0m
[32m********************** pass pat_num        135 | Your execution cycles =           2 cycles **********************[0m
[32m********************** pass pat_num        136 | Your execution cycles =           2 cycles **********************[0m
[32m********************** pass pat_num        137 | Your execution cycles =           2 cycles **********************[0m
[32m********************** pass pat_num        138 | Your execution cycles =           2 cycles **********************[0m
[32m********************** pass pat_num        139 | Your execution cycles =           2 cycles **********************[0m
[32m********************** pass pat_num        140 | Your execution cycles =           2 cycles **********************[0m
[32m********************** pass pat_num        141 | Your execution cycles =           2 cycles **********************[0m
[32m********************** pass pat_num        142 | Your execution cycles =           2 cycles **********************[0m
[32m********************** pass pat_num        143 | Your execution cycles =           2 cycles **********************[0m
[32m********************** pass pat_num        144 | Your execution cycles =           2 cycles **********************[0m
[32m********************** pass pat_num        145 | Your execution cycles =           2 cycles **********************[0m
[32m********************** pass pat_num        146 | Your execution cycles =           2 cycles **********************[0m
[32m********************** pass pat_num        147 | Your execution cycles =           2 cycles **********************[0m
[32m********************** pass pat_num        148 | Your execution cycles =           2 cycles **********************[0m
[32m********************** pass pat_num        149 | Your execution cycles =           2 cycles **********************[0m
[32m********************** pass pat_num        150 | Your execution cycles =           2 cycles **********************[0m
[32m********************** pass pat_num        151 | Your execution cycles =           2 cycles **********************[0m
[32m********************** pass pat_num        152 | Your execution cycles =           2 cycles **********************[0m
[32m********************** pass pat_num        153 | Your execution cycles =           2 cycles **********************[0m
[32m********************** pass pat_num        154 | Your execution cycles =           2 cycles **********************[0m
[32m********************** pass pat_num        155 | Your execution cycles =           2 cycles **********************[0m
[32m********************** pass pat_num        156 | Your execution cycles =           2 cycles **********************[0m
[32m********************** pass pat_num        157 | Your execution cycles =           2 cycles **********************[0m
[32m********************** pass pat_num        158 | Your execution cycles =           2 cycles **********************[0m
[32m********************** pass pat_num        159 | Your execution cycles =           2 cycles **********************[0m
[32m********************** pass pat_num        160 | Your execution cycles =           2 cycles **********************[0m
[32m********************** pass pat_num        161 | Your execution cycles =           2 cycles **********************[0m
[32m********************** pass pat_num        162 | Your execution cycles =           2 cycles **********************[0m
[32m********************** pass pat_num        163 | Your execution cycles =           2 cycles **********************[0m
[32m********************** pass pat_num        164 | Your execution cycles =           2 cycles **********************[0m
[32m********************** pass pat_num        165 | Your execution cycles =           2 cycles **********************[0m
[32m********************** pass pat_num        166 | Your execution cycles =           2 cycles **********************[0m
[32m********************** pass pat_num        167 | Your execution cycles =           2 cycles **********************[0m
[32m********************** pass pat_num        168 | Your execution cycles =           2 cycles **********************[0m
[32m********************** pass pat_num        169 | Your execution cycles =           2 cycles **********************[0m
[32m********************** pass pat_num        170 | Your execution cycles =           2 cycles **********************[0m
[32m********************** pass pat_num        171 | Your execution cycles =           2 cycles **********************[0m
[32m********************** pass pat_num        172 | Your execution cycles =           2 cycles **********************[0m
[32m********************** pass pat_num        173 | Your execution cycles =           2 cycles **********************[0m
[32m********************** pass pat_num        174 | Your execution cycles =           2 cycles **********************[0m
[32m********************** pass pat_num        175 | Your execution cycles =           2 cycles **********************[0m
[32m********************** pass pat_num        176 | Your execution cycles =           2 cycles **********************[0m
[32m********************** pass pat_num        177 | Your execution cycles =           2 cycles **********************[0m
[32m********************** pass pat_num        178 | Your execution cycles =           2 cycles **********************[0m
[32m********************** pass pat_num        179 | Your execution cycles =           2 cycles **********************[0m
[32m********************** pass pat_num        180 | Your execution cycles =           2 cycles **********************[0m
[32m********************** pass pat_num        181 | Your execution cycles =           2 cycles **********************[0m
[32m********************** pass pat_num        182 | Your execution cycles =           2 cycles **********************[0m
[32m********************** pass pat_num        183 | Your execution cycles =           2 cycles **********************[0m
[32m********************** pass pat_num        184 | Your execution cycles =           2 cycles **********************[0m
[32m********************** pass pat_num        185 | Your execution cycles =           2 cycles **********************[0m
[32m********************** pass pat_num        186 | Your execution cycles =           2 cycles **********************[0m
[32m********************** pass pat_num        187 | Your execution cycles =           2 cycles **********************[0m
[32m********************** pass pat_num        188 | Your execution cycles =           2 cycles **********************[0m
[32m********************** pass pat_num        189 | Your execution cycles =           2 cycles **********************[0m
[32m********************** pass pat_num        190 | Your execution cycles =           2 cycles **********************[0m
[32m********************** pass pat_num        191 | Your execution cycles =           2 cycles **********************[0m
[32m********************** pass pat_num        192 | Your execution cycles =           2 cycles **********************[0m
[32m********************** pass pat_num        193 | Your execution cycles =           2 cycles **********************[0m
[32m********************** pass pat_num        194 | Your execution cycles =           2 cycles **********************[0m
[32m********************** pass pat_num        195 | Your execution cycles =           2 cycles **********************[0m
[32m********************** pass pat_num        196 | Your execution cycles =           2 cycles **********************[0m
[32m********************** pass pat_num        197 | Your execution cycles =           2 cycles **********************[0m
[32m********************** pass pat_num        198 | Your execution cycles =           2 cycles **********************[0m
[32m********************** pass pat_num        199 | Your execution cycles =           2 cycles **********************[0m
[32m********************** pass pat_num        200 | Your execution cycles =           2 cycles **********************[0m
[32m********************** pass pat_num        201 | Your execution cycles =           2 cycles **********************[0m
[32m********************** pass pat_num        202 | Your execution cycles =           2 cycles **********************[0m
[32m********************** pass pat_num        203 | Your execution cycles =           2 cycles **********************[0m
[32m********************** pass pat_num        204 | Your execution cycles =           2 cycles **********************[0m
[32m********************** pass pat_num        205 | Your execution cycles =           2 cycles **********************[0m
[32m********************** pass pat_num        206 | Your execution cycles =           2 cycles **********************[0m
[32m********************** pass pat_num        207 | Your execution cycles =           2 cycles **********************[0m
[32m********************** pass pat_num        208 | Your execution cycles =           2 cycles **********************[0m
[32m********************** pass pat_num        209 | Your execution cycles =           2 cycles **********************[0m
[32m********************** pass pat_num        210 | Your execution cycles =           2 cycles **********************[0m
[32m********************** pass pat_num        211 | Your execution cycles =           2 cycles **********************[0m
[32m********************** pass pat_num        212 | Your execution cycles =           2 cycles **********************[0m
[32m********************** pass pat_num        213 | Your execution cycles =           2 cycles **********************[0m
[32m********************** pass pat_num        214 | Your execution cycles =           2 cycles **********************[0m
[32m********************** pass pat_num        215 | Your execution cycles =           2 cycles **********************[0m
[32m********************** pass pat_num        216 | Your execution cycles =           2 cycles **********************[0m
[32m********************** pass pat_num        217 | Your execution cycles =           2 cycles **********************[0m
[32m********************** pass pat_num        218 | Your execution cycles =           2 cycles **********************[0m
[32m********************** pass pat_num        219 | Your execution cycles =           2 cycles **********************[0m
[32m********************** pass pat_num        220 | Your execution cycles =           2 cycles **********************[0m
[32m********************** pass pat_num        221 | Your execution cycles =           2 cycles **********************[0m
[32m********************** pass pat_num        222 | Your execution cycles =           2 cycles **********************[0m
[32m********************** pass pat_num        223 | Your execution cycles =           2 cycles **********************[0m
[32m********************** pass pat_num        224 | Your execution cycles =           2 cycles **********************[0m
[32m********************** pass pat_num        225 | Your execution cycles =           2 cycles **********************[0m
[32m********************** pass pat_num        226 | Your execution cycles =           2 cycles **********************[0m
[32m********************** pass pat_num        227 | Your execution cycles =           2 cycles **********************[0m
[32m********************** pass pat_num        228 | Your execution cycles =           2 cycles **********************[0m
[32m********************** pass pat_num        229 | Your execution cycles =           2 cycles **********************[0m
[32m********************** pass pat_num        230 | Your execution cycles =           2 cycles **********************[0m
[32m********************** pass pat_num        231 | Your execution cycles =           2 cycles **********************[0m
[32m********************** pass pat_num        232 | Your execution cycles =           2 cycles **********************[0m
[32m********************** pass pat_num        233 | Your execution cycles =           2 cycles **********************[0m
[32m********************** pass pat_num        234 | Your execution cycles =           2 cycles **********************[0m
[32m********************** pass pat_num        235 | Your execution cycles =           2 cycles **********************[0m
[32m********************** pass pat_num        236 | Your execution cycles =           2 cycles **********************[0m
[32m********************** pass pat_num        237 | Your execution cycles =           2 cycles **********************[0m
[32m********************** pass pat_num        238 | Your execution cycles =           2 cycles **********************[0m
[32m********************** pass pat_num        239 | Your execution cycles =           2 cycles **********************[0m
[32m********************** pass pat_num        240 | Your execution cycles =           2 cycles **********************[0m
[32m********************** pass pat_num        241 | Your execution cycles =           2 cycles **********************[0m
[32m********************** pass pat_num        242 | Your execution cycles =           2 cycles **********************[0m
[32m********************** pass pat_num        243 | Your execution cycles =           2 cycles **********************[0m
[32m********************** pass pat_num        244 | Your execution cycles =           2 cycles **********************[0m
[32m********************** pass pat_num        245 | Your execution cycles =           2 cycles **********************[0m
[32m********************** pass pat_num        246 | Your execution cycles =           2 cycles **********************[0m
[32m********************** pass pat_num        247 | Your execution cycles =           2 cycles **********************[0m
[32m********************** pass pat_num        248 | Your execution cycles =           2 cycles **********************[0m
[32m********************** pass pat_num        249 | Your execution cycles =           2 cycles **********************[0m
[32m********************** pass pat_num        250 | Your execution cycles =           2 cycles **********************[0m
[32m********************** pass pat_num        251 | Your execution cycles =           2 cycles **********************[0m
[32m********************** pass pat_num        252 | Your execution cycles =           2 cycles **********************[0m
[32m********************** pass pat_num        253 | Your execution cycles =           2 cycles **********************[0m
[32m********************** pass pat_num        254 | Your execution cycles =           2 cycles **********************[0m
[32m********************** pass pat_num        255 | Your execution cycles =           2 cycles **********************[0m
[32m********************** pass pat_num        256 | Your execution cycles =           2 cycles **********************[0m
[32m********************** pass pat_num        257 | Your execution cycles =           2 cycles **********************[0m
[32m********************** pass pat_num        258 | Your execution cycles =           2 cycles **********************[0m
[32m********************** pass pat_num        259 | Your execution cycles =           2 cycles **********************[0m
[32m********************** pass pat_num        260 | Your execution cycles =           2 cycles **********************[0m
[32m********************** pass pat_num        261 | Your execution cycles =           2 cycles **********************[0m
[32m********************** pass pat_num        262 | Your execution cycles =           2 cycles **********************[0m
[32m********************** pass pat_num        263 | Your execution cycles =           2 cycles **********************[0m
[32m********************** pass pat_num        264 | Your execution cycles =           2 cycles **********************[0m
[32m********************** pass pat_num        265 | Your execution cycles =           2 cycles **********************[0m
[32m********************** pass pat_num        266 | Your execution cycles =           2 cycles **********************[0m
[32m********************** pass pat_num        267 | Your execution cycles =           2 cycles **********************[0m
[32m********************** pass pat_num        268 | Your execution cycles =           2 cycles **********************[0m
[32m********************** pass pat_num        269 | Your execution cycles =           2 cycles **********************[0m
[32m********************** pass pat_num        270 | Your execution cycles =           2 cycles **********************[0m
[32m********************** pass pat_num        271 | Your execution cycles =           2 cycles **********************[0m
[32m********************** pass pat_num        272 | Your execution cycles =           2 cycles **********************[0m
[32m********************** pass pat_num        273 | Your execution cycles =           2 cycles **********************[0m
[32m********************** pass pat_num        274 | Your execution cycles =           2 cycles **********************[0m
[32m********************** pass pat_num        275 | Your execution cycles =           2 cycles **********************[0m
[32m********************** pass pat_num        276 | Your execution cycles =           2 cycles **********************[0m
[32m********************** pass pat_num        277 | Your execution cycles =           2 cycles **********************[0m
[32m********************** pass pat_num        278 | Your execution cycles =           2 cycles **********************[0m
[32m********************** pass pat_num        279 | Your execution cycles =           2 cycles **********************[0m
[32m********************** pass pat_num        280 | Your execution cycles =           2 cycles **********************[0m
[32m********************** pass pat_num        281 | Your execution cycles =           2 cycles **********************[0m
[32m********************** pass pat_num        282 | Your execution cycles =           2 cycles **********************[0m
[32m********************** pass pat_num        283 | Your execution cycles =           2 cycles **********************[0m
[32m********************** pass pat_num        284 | Your execution cycles =           2 cycles **********************[0m
[32m********************** pass pat_num        285 | Your execution cycles =           2 cycles **********************[0m
[32m********************** pass pat_num        286 | Your execution cycles =           2 cycles **********************[0m
[32m********************** pass pat_num        287 | Your execution cycles =           2 cycles **********************[0m
[32m********************** pass pat_num        288 | Your execution cycles =           2 cycles **********************[0m
[32m********************** pass pat_num        289 | Your execution cycles =           2 cycles **********************[0m
[32m********************** pass pat_num        290 | Your execution cycles =           2 cycles **********************[0m
[32m********************** pass pat_num        291 | Your execution cycles =           2 cycles **********************[0m
[32m********************** pass pat_num        292 | Your execution cycles =           2 cycles **********************[0m
[32m********************** pass pat_num        293 | Your execution cycles =           2 cycles **********************[0m
[32m********************** pass pat_num        294 | Your execution cycles =           2 cycles **********************[0m
[32m********************** pass pat_num        295 | Your execution cycles =           2 cycles **********************[0m
[32m********************** pass pat_num        296 | Your execution cycles =           2 cycles **********************[0m
[32m********************** pass pat_num        297 | Your execution cycles =           2 cycles **********************[0m
[32m********************** pass pat_num        298 | Your execution cycles =           2 cycles **********************[0m
[32m********************** pass pat_num        299 | Your execution cycles =           2 cycles **********************[0m
[32m********************** pass pat_num        300 | Your execution cycles =           2 cycles **********************[0m
[32m********************** pass pat_num        301 | Your execution cycles =           2 cycles **********************[0m
[32m********************** pass pat_num        302 | Your execution cycles =           2 cycles **********************[0m
[32m********************** pass pat_num        303 | Your execution cycles =           2 cycles **********************[0m
[32m********************** pass pat_num        304 | Your execution cycles =           2 cycles **********************[0m
[32m********************** pass pat_num        305 | Your execution cycles =           2 cycles **********************[0m
[32m********************** pass pat_num        306 | Your execution cycles =           2 cycles **********************[0m
[32m********************** pass pat_num        307 | Your execution cycles =           2 cycles **********************[0m
[32m********************** pass pat_num        308 | Your execution cycles =           2 cycles **********************[0m
[32m********************** pass pat_num        309 | Your execution cycles =           2 cycles **********************[0m
[32m********************** pass pat_num        310 | Your execution cycles =           2 cycles **********************[0m
[32m********************** pass pat_num        311 | Your execution cycles =           2 cycles **********************[0m
[32m********************** pass pat_num        312 | Your execution cycles =           2 cycles **********************[0m
[32m********************** pass pat_num        313 | Your execution cycles =           2 cycles **********************[0m
[32m********************** pass pat_num        314 | Your execution cycles =           2 cycles **********************[0m
[32m********************** pass pat_num        315 | Your execution cycles =           2 cycles **********************[0m
[32m********************** pass pat_num        316 | Your execution cycles =           2 cycles **********************[0m
[32m********************** pass pat_num        317 | Your execution cycles =           2 cycles **********************[0m
[32m********************** pass pat_num        318 | Your execution cycles =           2 cycles **********************[0m
[32m********************** pass pat_num        319 | Your execution cycles =           2 cycles **********************[0m
[32m********************** pass pat_num        320 | Your execution cycles =           2 cycles **********************[0m
[32m********************** pass pat_num        321 | Your execution cycles =           2 cycles **********************[0m
[32m********************** pass pat_num        322 | Your execution cycles =           2 cycles **********************[0m
[32m********************** pass pat_num        323 | Your execution cycles =           2 cycles **********************[0m
[32m********************** pass pat_num        324 | Your execution cycles =           2 cycles **********************[0m
[32m********************** pass pat_num        325 | Your execution cycles =           2 cycles **********************[0m
[32m********************** pass pat_num        326 | Your execution cycles =           2 cycles **********************[0m
[32m********************** pass pat_num        327 | Your execution cycles =           2 cycles **********************[0m
[32m********************** pass pat_num        328 | Your execution cycles =           2 cycles **********************[0m
[32m********************** pass pat_num        329 | Your execution cycles =           2 cycles **********************[0m
[32m********************** pass pat_num        330 | Your execution cycles =           2 cycles **********************[0m
[32m********************** pass pat_num        331 | Your execution cycles =           2 cycles **********************[0m
[32m********************** pass pat_num        332 | Your execution cycles =           2 cycles **********************[0m
[32m********************** pass pat_num        333 | Your execution cycles =           2 cycles **********************[0m
[32m********************** pass pat_num        334 | Your execution cycles =           2 cycles **********************[0m
[32m********************** pass pat_num        335 | Your execution cycles =           2 cycles **********************[0m
[32m********************** pass pat_num        336 | Your execution cycles =           2 cycles **********************[0m
[32m********************** pass pat_num        337 | Your execution cycles =           2 cycles **********************[0m
[32m********************** pass pat_num        338 | Your execution cycles =           2 cycles **********************[0m
[32m********************** pass pat_num        339 | Your execution cycles =           2 cycles **********************[0m
[32m********************** pass pat_num        340 | Your execution cycles =           2 cycles **********************[0m
[32m********************** pass pat_num        341 | Your execution cycles =           2 cycles **********************[0m
[32m********************** pass pat_num        342 | Your execution cycles =           2 cycles **********************[0m
[32m********************** pass pat_num        343 | Your execution cycles =           2 cycles **********************[0m
[32m********************** pass pat_num        344 | Your execution cycles =           2 cycles **********************[0m
[32m********************** pass pat_num        345 | Your execution cycles =           2 cycles **********************[0m
[32m********************** pass pat_num        346 | Your execution cycles =           2 cycles **********************[0m
[32m********************** pass pat_num        347 | Your execution cycles =           2 cycles **********************[0m
[32m********************** pass pat_num        348 | Your execution cycles =           2 cycles **********************[0m
[32m********************** pass pat_num        349 | Your execution cycles =           2 cycles **********************[0m
[32m********************** pass pat_num        350 | Your execution cycles =           2 cycles **********************[0m
[32m********************** pass pat_num        351 | Your execution cycles =           2 cycles **********************[0m
[32m********************** pass pat_num        352 | Your execution cycles =           2 cycles **********************[0m
[32m********************** pass pat_num        353 | Your execution cycles =           2 cycles **********************[0m
[32m********************** pass pat_num        354 | Your execution cycles =           2 cycles **********************[0m
[32m********************** pass pat_num        355 | Your execution cycles =           2 cycles **********************[0m
[32m********************** pass pat_num        356 | Your execution cycles =           2 cycles **********************[0m
[32m********************** pass pat_num        357 | Your execution cycles =           2 cycles **********************[0m
[32m********************** pass pat_num        358 | Your execution cycles =           2 cycles **********************[0m
[32m********************** pass pat_num        359 | Your execution cycles =           2 cycles **********************[0m
[32m********************** pass pat_num        360 | Your execution cycles =           2 cycles **********************[0m
[32m********************** pass pat_num        361 | Your execution cycles =           2 cycles **********************[0m
[32m********************** pass pat_num        362 | Your execution cycles =           2 cycles **********************[0m
[32m********************** pass pat_num        363 | Your execution cycles =           2 cycles **********************[0m
[32m********************** pass pat_num        364 | Your execution cycles =           2 cycles **********************[0m
[32m********************** pass pat_num        365 | Your execution cycles =           2 cycles **********************[0m
[32m********************** pass pat_num        366 | Your execution cycles =           2 cycles **********************[0m
[32m********************** pass pat_num        367 | Your execution cycles =           2 cycles **********************[0m
[32m********************** pass pat_num        368 | Your execution cycles =           2 cycles **********************[0m
[32m********************** pass pat_num        369 | Your execution cycles =           2 cycles **********************[0m
[32m********************** pass pat_num        370 | Your execution cycles =           2 cycles **********************[0m
[32m********************** pass pat_num        371 | Your execution cycles =           2 cycles **********************[0m
[32m********************** pass pat_num        372 | Your execution cycles =           2 cycles **********************[0m
[32m********************** pass pat_num        373 | Your execution cycles =           2 cycles **********************[0m
[32m********************** pass pat_num        374 | Your execution cycles =           2 cycles **********************[0m
[32m********************** pass pat_num        375 | Your execution cycles =           2 cycles **********************[0m
[32m********************** pass pat_num        376 | Your execution cycles =           2 cycles **********************[0m
[32m********************** pass pat_num        377 | Your execution cycles =           2 cycles **********************[0m
[32m********************** pass pat_num        378 | Your execution cycles =           2 cycles **********************[0m
[32m********************** pass pat_num        379 | Your execution cycles =           2 cycles **********************[0m
[32m********************** pass pat_num        380 | Your execution cycles =           2 cycles **********************[0m
[32m********************** pass pat_num        381 | Your execution cycles =           2 cycles **********************[0m
[32m********************** pass pat_num        382 | Your execution cycles =           2 cycles **********************[0m
[32m********************** pass pat_num        383 | Your execution cycles =           2 cycles **********************[0m
[32m********************** pass pat_num        384 | Your execution cycles =           2 cycles **********************[0m
[32m********************** pass pat_num        385 | Your execution cycles =           2 cycles **********************[0m
[32m********************** pass pat_num        386 | Your execution cycles =           2 cycles **********************[0m
[32m********************** pass pat_num        387 | Your execution cycles =           2 cycles **********************[0m
[32m********************** pass pat_num        388 | Your execution cycles =           2 cycles **********************[0m
[32m********************** pass pat_num        389 | Your execution cycles =           2 cycles **********************[0m
[32m********************** pass pat_num        390 | Your execution cycles =           2 cycles **********************[0m
[32m********************** pass pat_num        391 | Your execution cycles =           2 cycles **********************[0m
[32m********************** pass pat_num        392 | Your execution cycles =           2 cycles **********************[0m
[32m********************** pass pat_num        393 | Your execution cycles =           2 cycles **********************[0m
[32m********************** pass pat_num        394 | Your execution cycles =           2 cycles **********************[0m
[32m********************** pass pat_num        395 | Your execution cycles =           2 cycles **********************[0m
[32m********************** pass pat_num        396 | Your execution cycles =           2 cycles **********************[0m
[32m********************** pass pat_num        397 | Your execution cycles =           2 cycles **********************[0m
[32m********************** pass pat_num        398 | Your execution cycles =           2 cycles **********************[0m
[32m********************** pass pat_num        399 | Your execution cycles =           2 cycles **********************[0m
[32m********************** pass pat_num        400 | Your execution cycles =           2 cycles **********************[0m
[32m********************** pass pat_num        401 | Your execution cycles =           2 cycles **********************[0m
[32m********************** pass pat_num        402 | Your execution cycles =           2 cycles **********************[0m
[32m********************** pass pat_num        403 | Your execution cycles =           2 cycles **********************[0m
[32m********************** pass pat_num        404 | Your execution cycles =           2 cycles **********************[0m
[32m********************** pass pat_num        405 | Your execution cycles =           2 cycles **********************[0m
[32m********************** pass pat_num        406 | Your execution cycles =           2 cycles **********************[0m
[32m********************** pass pat_num        407 | Your execution cycles =           2 cycles **********************[0m
[32m********************** pass pat_num        408 | Your execution cycles =           2 cycles **********************[0m
[32m********************** pass pat_num        409 | Your execution cycles =           2 cycles **********************[0m
[32m********************** pass pat_num        410 | Your execution cycles =           2 cycles **********************[0m
[32m********************** pass pat_num        411 | Your execution cycles =           2 cycles **********************[0m
[32m********************** pass pat_num        412 | Your execution cycles =           2 cycles **********************[0m
[32m********************** pass pat_num        413 | Your execution cycles =           2 cycles **********************[0m
[32m********************** pass pat_num        414 | Your execution cycles =           2 cycles **********************[0m
[32m********************** pass pat_num        415 | Your execution cycles =           2 cycles **********************[0m
[32m********************** pass pat_num        416 | Your execution cycles =           2 cycles **********************[0m
[32m********************** pass pat_num        417 | Your execution cycles =           2 cycles **********************[0m
[32m********************** pass pat_num        418 | Your execution cycles =           2 cycles **********************[0m
[32m********************** pass pat_num        419 | Your execution cycles =           2 cycles **********************[0m
[32m********************** pass pat_num        420 | Your execution cycles =           2 cycles **********************[0m
[32m********************** pass pat_num        421 | Your execution cycles =           2 cycles **********************[0m
[32m********************** pass pat_num        422 | Your execution cycles =           2 cycles **********************[0m
[32m********************** pass pat_num        423 | Your execution cycles =           2 cycles **********************[0m
[32m********************** pass pat_num        424 | Your execution cycles =           2 cycles **********************[0m
[32m********************** pass pat_num        425 | Your execution cycles =           2 cycles **********************[0m
[32m********************** pass pat_num        426 | Your execution cycles =           2 cycles **********************[0m
[32m********************** pass pat_num        427 | Your execution cycles =           2 cycles **********************[0m
[32m********************** pass pat_num        428 | Your execution cycles =           2 cycles **********************[0m
[32m********************** pass pat_num        429 | Your execution cycles =           2 cycles **********************[0m
[32m********************** pass pat_num        430 | Your execution cycles =           2 cycles **********************[0m
[32m********************** pass pat_num        431 | Your execution cycles =           2 cycles **********************[0m
[32m********************** pass pat_num        432 | Your execution cycles =           2 cycles **********************[0m
[32m********************** pass pat_num        433 | Your execution cycles =           2 cycles **********************[0m
[32m********************** pass pat_num        434 | Your execution cycles =           2 cycles **********************[0m
[32m********************** pass pat_num        435 | Your execution cycles =           2 cycles **********************[0m
[32m********************** pass pat_num        436 | Your execution cycles =           2 cycles **********************[0m
[32m********************** pass pat_num        437 | Your execution cycles =           2 cycles **********************[0m
[32m********************** pass pat_num        438 | Your execution cycles =           2 cycles **********************[0m
[32m********************** pass pat_num        439 | Your execution cycles =           2 cycles **********************[0m
[32m********************** pass pat_num        440 | Your execution cycles =           2 cycles **********************[0m
[32m********************** pass pat_num        441 | Your execution cycles =           2 cycles **********************[0m
[32m********************** pass pat_num        442 | Your execution cycles =           2 cycles **********************[0m
[32m********************** pass pat_num        443 | Your execution cycles =           2 cycles **********************[0m
[32m********************** pass pat_num        444 | Your execution cycles =           2 cycles **********************[0m
[32m********************** pass pat_num        445 | Your execution cycles =           2 cycles **********************[0m
[32m********************** pass pat_num        446 | Your execution cycles =           2 cycles **********************[0m
[32m********************** pass pat_num        447 | Your execution cycles =           2 cycles **********************[0m
[32m********************** pass pat_num        448 | Your execution cycles =           2 cycles **********************[0m
[32m********************** pass pat_num        449 | Your execution cycles =           2 cycles **********************[0m
[32m********************** pass pat_num        450 | Your execution cycles =           2 cycles **********************[0m
[32m********************** pass pat_num        451 | Your execution cycles =           2 cycles **********************[0m
[32m********************** pass pat_num        452 | Your execution cycles =           2 cycles **********************[0m
[32m********************** pass pat_num        453 | Your execution cycles =           2 cycles **********************[0m
[32m********************** pass pat_num        454 | Your execution cycles =           2 cycles **********************[0m
[32m********************** pass pat_num        455 | Your execution cycles =           2 cycles **********************[0m
[32m********************** pass pat_num        456 | Your execution cycles =           2 cycles **********************[0m
[32m********************** pass pat_num        457 | Your execution cycles =           2 cycles **********************[0m
[32m********************** pass pat_num        458 | Your execution cycles =           2 cycles **********************[0m
[32m********************** pass pat_num        459 | Your execution cycles =           2 cycles **********************[0m
[32m********************** pass pat_num        460 | Your execution cycles =           2 cycles **********************[0m
[32m********************** pass pat_num        461 | Your execution cycles =           2 cycles **********************[0m
[32m********************** pass pat_num        462 | Your execution cycles =           2 cycles **********************[0m
[32m********************** pass pat_num        463 | Your execution cycles =           2 cycles **********************[0m
[32m********************** pass pat_num        464 | Your execution cycles =           2 cycles **********************[0m
[32m********************** pass pat_num        465 | Your execution cycles =           2 cycles **********************[0m
[32m********************** pass pat_num        466 | Your execution cycles =           2 cycles **********************[0m
[32m********************** pass pat_num        467 | Your execution cycles =           2 cycles **********************[0m
[32m********************** pass pat_num        468 | Your execution cycles =           2 cycles **********************[0m
[32m********************** pass pat_num        469 | Your execution cycles =           2 cycles **********************[0m
[32m********************** pass pat_num        470 | Your execution cycles =           2 cycles **********************[0m
[32m********************** pass pat_num        471 | Your execution cycles =           2 cycles **********************[0m
[32m********************** pass pat_num        472 | Your execution cycles =           2 cycles **********************[0m
[32m********************** pass pat_num        473 | Your execution cycles =           2 cycles **********************[0m
[32m********************** pass pat_num        474 | Your execution cycles =           2 cycles **********************[0m
[32m********************** pass pat_num        475 | Your execution cycles =           2 cycles **********************[0m
[32m********************** pass pat_num        476 | Your execution cycles =           2 cycles **********************[0m
[32m********************** pass pat_num        477 | Your execution cycles =           2 cycles **********************[0m
[32m********************** pass pat_num        478 | Your execution cycles =           2 cycles **********************[0m
[32m********************** pass pat_num        479 | Your execution cycles =           2 cycles **********************[0m
[32m********************** pass pat_num        480 | Your execution cycles =           2 cycles **********************[0m
[32m********************** pass pat_num        481 | Your execution cycles =           2 cycles **********************[0m
[32m********************** pass pat_num        482 | Your execution cycles =           2 cycles **********************[0m
[32m********************** pass pat_num        483 | Your execution cycles =           2 cycles **********************[0m
[32m********************** pass pat_num        484 | Your execution cycles =           2 cycles **********************[0m
[32m********************** pass pat_num        485 | Your execution cycles =           2 cycles **********************[0m
[32m********************** pass pat_num        486 | Your execution cycles =           2 cycles **********************[0m
[32m********************** pass pat_num        487 | Your execution cycles =           2 cycles **********************[0m
[32m********************** pass pat_num        488 | Your execution cycles =           2 cycles **********************[0m
[32m********************** pass pat_num        489 | Your execution cycles =           2 cycles **********************[0m
[32m********************** pass pat_num        490 | Your execution cycles =           2 cycles **********************[0m
[32m********************** pass pat_num        491 | Your execution cycles =           2 cycles **********************[0m
[32m********************** pass pat_num        492 | Your execution cycles =           2 cycles **********************[0m
[32m********************** pass pat_num        493 | Your execution cycles =           2 cycles **********************[0m
[32m********************** pass pat_num        494 | Your execution cycles =           2 cycles **********************[0m
[32m********************** pass pat_num        495 | Your execution cycles =           2 cycles **********************[0m
[32m********************** pass pat_num        496 | Your execution cycles =           2 cycles **********************[0m
[32m********************** pass pat_num        497 | Your execution cycles =           2 cycles **********************[0m
[32m********************** pass pat_num        498 | Your execution cycles =           2 cycles **********************[0m
[32m********************** pass pat_num        499 | Your execution cycles =           2 cycles **********************[0m
************************************************************************
*                         Congratulations!                             *
*                            Pass all!                                 *
************************************************************************
$finish called from file "PATTERN.v", line 6.
$finish at simulation time           3673865000
           V C S   S i m u l a t i o n   R e p o r t 
Time: 3673865000 ps
CPU Time:     10.650 seconds;       Data structure size:   0.3Mb
Sat Oct 26 18:57:59 2024
CPU time: .833 seconds to compile + .342 seconds to elab + .672 seconds to link + 10.701 seconds in simulation
