
Cadence Innovus(TM) Implementation System.
Copyright 2020 Cadence Design Systems, Inc. All rights reserved worldwide.

Version:	v20.15-s105_1, built Tue Jul 27 14:15:35 PDT 2021
Options:	
Date:		Thu Nov 28 21:53:40 2024
Host:		ee25 (x86_64 w/Linux 3.10.0-1160.88.1.el7.x86_64) (64cores*256cpus*AMD EPYC 7713 64-Core Processor 512KB)
OS:		CentOS Linux release 7.9.2009 (Core)

License:
		invs	Innovus Implementation System	20.1	checkout succeeded
		8 CPU jobs allowed with the current license(s). Use setMultiCpuUsage to set your required CPU count.
Change the soft stacksize limit to 0.2%RAM (2063 mbytes). Set global soft_stack_size_limit to change the value.

**INFO:  MMMC transition support version v31-84 

<CMD> set_global _enable_mmmc_by_default_flow      $CTE::mmmc_default
<CMD> suppressMessage ENCEXT-2799
<CMD> getVersion
[INFO] Loading Pegasus 21.21 fill procedures
<CMD> win
<CMD> encMessage warning 0
Suppress "**WARN ..." messages.
<CMD> encMessage debug 0
<CMD> encMessage info 0
RC_Corner
**WARN: (IMPLF-119):	LAYER 'metal1' has been found in the database. Its content except ANTENNA* data will be ignored.
Review the LEF files specified in the init_lef_file variable and remove redundant definitions.
**WARN: (IMPLF-119):	LAYER 'metal2' has been found in the database. Its content except ANTENNA* data will be ignored.
Review the LEF files specified in the init_lef_file variable and remove redundant definitions.
**WARN: (IMPLF-119):	LAYER 'metal3' has been found in the database. Its content except ANTENNA* data will be ignored.
Review the LEF files specified in the init_lef_file variable and remove redundant definitions.
**WARN: (IMPLF-119):	LAYER 'metal4' has been found in the database. Its content except ANTENNA* data will be ignored.
Review the LEF files specified in the init_lef_file variable and remove redundant definitions.
**WARN: (IMPLF-119):	LAYER 'metal5' has been found in the database. Its content except ANTENNA* data will be ignored.
Review the LEF files specified in the init_lef_file variable and remove redundant definitions.
**WARN: (IMPLF-119):	LAYER 'metal6' has been found in the database. Its content except ANTENNA* data will be ignored.
Review the LEF files specified in the init_lef_file variable and remove redundant definitions.
**WARN: (IMPLF-58):	MACRO 'AN2' has been found in the database. Its content except DENSITY and PIN ANTENNA* data, and certain properties, will be ignored.
Review the LEF files specified in the init_lef_file variable and remove redundant definitions.
**WARN: (IMPLF-58):	MACRO 'AN2B1' has been found in the database. Its content except DENSITY and PIN ANTENNA* data, and certain properties, will be ignored.
Review the LEF files specified in the init_lef_file variable and remove redundant definitions.
**WARN: (IMPLF-58):	MACRO 'AN2B1P' has been found in the database. Its content except DENSITY and PIN ANTENNA* data, and certain properties, will be ignored.
Review the LEF files specified in the init_lef_file variable and remove redundant definitions.
**WARN: (IMPLF-58):	MACRO 'AN2B1S' has been found in the database. Its content except DENSITY and PIN ANTENNA* data, and certain properties, will be ignored.
Review the LEF files specified in the init_lef_file variable and remove redundant definitions.
**WARN: (IMPLF-58):	MACRO 'AN2B1T' has been found in the database. Its content except DENSITY and PIN ANTENNA* data, and certain properties, will be ignored.
Review the LEF files specified in the init_lef_file variable and remove redundant definitions.
**WARN: (IMPLF-58):	MACRO 'AN2P' has been found in the database. Its content except DENSITY and PIN ANTENNA* data, and certain properties, will be ignored.
Review the LEF files specified in the init_lef_file variable and remove redundant definitions.
**WARN: (IMPLF-58):	MACRO 'AN2S' has been found in the database. Its content except DENSITY and PIN ANTENNA* data, and certain properties, will be ignored.
Review the LEF files specified in the init_lef_file variable and remove redundant definitions.
**WARN: (IMPLF-58):	MACRO 'AN2T' has been found in the database. Its content except DENSITY and PIN ANTENNA* data, and certain properties, will be ignored.
Review the LEF files specified in the init_lef_file variable and remove redundant definitions.
**WARN: (IMPLF-58):	MACRO 'AN3' has been found in the database. Its content except DENSITY and PIN ANTENNA* data, and certain properties, will be ignored.
Review the LEF files specified in the init_lef_file variable and remove redundant definitions.
**WARN: (IMPLF-58):	MACRO 'AN3B1' has been found in the database. Its content except DENSITY and PIN ANTENNA* data, and certain properties, will be ignored.
Review the LEF files specified in the init_lef_file variable and remove redundant definitions.
**WARN: (IMPLF-58):	MACRO 'AN3B1P' has been found in the database. Its content except DENSITY and PIN ANTENNA* data, and certain properties, will be ignored.
Review the LEF files specified in the init_lef_file variable and remove redundant definitions.
**WARN: (IMPLF-58):	MACRO 'AN3B1S' has been found in the database. Its content except DENSITY and PIN ANTENNA* data, and certain properties, will be ignored.
Review the LEF files specified in the init_lef_file variable and remove redundant definitions.
**WARN: (IMPLF-58):	MACRO 'AN3B1T' has been found in the database. Its content except DENSITY and PIN ANTENNA* data, and certain properties, will be ignored.
Review the LEF files specified in the init_lef_file variable and remove redundant definitions.
**WARN: (IMPLF-58):	MACRO 'AN3B2' has been found in the database. Its content except DENSITY and PIN ANTENNA* data, and certain properties, will be ignored.
Review the LEF files specified in the init_lef_file variable and remove redundant definitions.
**WARN: (IMPLF-58):	MACRO 'AN3B2P' has been found in the database. Its content except DENSITY and PIN ANTENNA* data, and certain properties, will be ignored.
Review the LEF files specified in the init_lef_file variable and remove redundant definitions.
**WARN: (IMPLF-58):	MACRO 'AN3B2S' has been found in the database. Its content except DENSITY and PIN ANTENNA* data, and certain properties, will be ignored.
Review the LEF files specified in the init_lef_file variable and remove redundant definitions.
**WARN: (IMPLF-58):	MACRO 'AN3B2T' has been found in the database. Its content except DENSITY and PIN ANTENNA* data, and certain properties, will be ignored.
Review the LEF files specified in the init_lef_file variable and remove redundant definitions.
**WARN: (IMPLF-58):	MACRO 'AN3P' has been found in the database. Its content except DENSITY and PIN ANTENNA* data, and certain properties, will be ignored.
Review the LEF files specified in the init_lef_file variable and remove redundant definitions.
**WARN: (IMPLF-58):	MACRO 'AN3S' has been found in the database. Its content except DENSITY and PIN ANTENNA* data, and certain properties, will be ignored.
Review the LEF files specified in the init_lef_file variable and remove redundant definitions.
**WARN: (IMPLF-58):	MACRO 'AN3T' has been found in the database. Its content except DENSITY and PIN ANTENNA* data, and certain properties, will be ignored.
Review the LEF files specified in the init_lef_file variable and remove redundant definitions.
**WARN: (EMS-27):	Message (IMPLF-58) has exceeded the current message display limit of 20.
To increase the message display limit, refer to the product command reference manual.
**WARN: (IMPLF-119):	LAYER 'metal1' has been found in the database. Its content except ANTENNA* data will be ignored.
Review the LEF files specified in the init_lef_file variable and remove redundant definitions.
**WARN: (IMPLF-119):	LAYER 'metal2' has been found in the database. Its content except ANTENNA* data will be ignored.
Review the LEF files specified in the init_lef_file variable and remove redundant definitions.
**WARN: (IMPLF-119):	LAYER 'metal3' has been found in the database. Its content except ANTENNA* data will be ignored.
Review the LEF files specified in the init_lef_file variable and remove redundant definitions.
**WARN: (IMPLF-119):	LAYER 'metal4' has been found in the database. Its content except ANTENNA* data will be ignored.
Review the LEF files specified in the init_lef_file variable and remove redundant definitions.
**WARN: (IMPLF-119):	LAYER 'metal5' has been found in the database. Its content except ANTENNA* data will be ignored.
Review the LEF files specified in the init_lef_file variable and remove redundant definitions.
**WARN: (IMPLF-119):	LAYER 'metal6' has been found in the database. Its content except ANTENNA* data will be ignored.
Review the LEF files specified in the init_lef_file variable and remove redundant definitions.
**WARN: (IMPLF-61):	392 duplicated MACRO definitions have been found in the LEF file(s). Their content except DENSITY and PIN ANTENNA* data, and certain properties, have been ignored.
Review the LEF files specified in the init_lef_file variable and remove redundant definitions.
**WARN: (IMPLF-201):	Pin 'DO15' in macro 'MEM_3' has no ANTENNADIFFAREA value defined. The library data is incomplete and some process antenna rules will not be checked correctly.
**WARN: (IMPLF-200):	Pin 'DI15' in macro 'MEM_3' has no ANTENNAGATEAREA value defined. The library data is incomplete and some process antenna rules will not be checked correctly.
**WARN: (IMPLF-201):	Pin 'DO14' in macro 'MEM_3' has no ANTENNADIFFAREA value defined. The library data is incomplete and some process antenna rules will not be checked correctly.
**WARN: (IMPLF-200):	Pin 'DI14' in macro 'MEM_3' has no ANTENNAGATEAREA value defined. The library data is incomplete and some process antenna rules will not be checked correctly.
**WARN: (IMPLF-201):	Pin 'DO13' in macro 'MEM_3' has no ANTENNADIFFAREA value defined. The library data is incomplete and some process antenna rules will not be checked correctly.
**WARN: (IMPLF-200):	Pin 'DI13' in macro 'MEM_3' has no ANTENNAGATEAREA value defined. The library data is incomplete and some process antenna rules will not be checked correctly.
**WARN: (IMPLF-201):	Pin 'DO12' in macro 'MEM_3' has no ANTENNADIFFAREA value defined. The library data is incomplete and some process antenna rules will not be checked correctly.
**WARN: (IMPLF-200):	Pin 'DI12' in macro 'MEM_3' has no ANTENNAGATEAREA value defined. The library data is incomplete and some process antenna rules will not be checked correctly.
**WARN: (IMPLF-201):	Pin 'DO11' in macro 'MEM_3' has no ANTENNADIFFAREA value defined. The library data is incomplete and some process antenna rules will not be checked correctly.
**WARN: (IMPLF-200):	Pin 'DI11' in macro 'MEM_3' has no ANTENNAGATEAREA value defined. The library data is incomplete and some process antenna rules will not be checked correctly.
**WARN: (IMPLF-201):	Pin 'DO10' in macro 'MEM_3' has no ANTENNADIFFAREA value defined. The library data is incomplete and some process antenna rules will not be checked correctly.
**WARN: (IMPLF-200):	Pin 'DI10' in macro 'MEM_3' has no ANTENNAGATEAREA value defined. The library data is incomplete and some process antenna rules will not be checked correctly.
**WARN: (IMPLF-201):	Pin 'DO9' in macro 'MEM_3' has no ANTENNADIFFAREA value defined. The library data is incomplete and some process antenna rules will not be checked correctly.
**WARN: (IMPLF-200):	Pin 'DI9' in macro 'MEM_3' has no ANTENNAGATEAREA value defined. The library data is incomplete and some process antenna rules will not be checked correctly.
**WARN: (IMPLF-201):	Pin 'DO8' in macro 'MEM_3' has no ANTENNADIFFAREA value defined. The library data is incomplete and some process antenna rules will not be checked correctly.
**WARN: (IMPLF-200):	Pin 'DI8' in macro 'MEM_3' has no ANTENNAGATEAREA value defined. The library data is incomplete and some process antenna rules will not be checked correctly.
**WARN: (IMPLF-200):	Pin 'A1' in macro 'MEM_3' has no ANTENNAGATEAREA value defined. The library data is incomplete and some process antenna rules will not be checked correctly.
**WARN: (IMPLF-200):	Pin 'WEB' in macro 'MEM_3' has no ANTENNAGATEAREA value defined. The library data is incomplete and some process antenna rules will not be checked correctly.
**WARN: (IMPLF-200):	Pin 'OE' in macro 'MEM_3' has no ANTENNAGATEAREA value defined. The library data is incomplete and some process antenna rules will not be checked correctly.
**WARN: (IMPLF-200):	Pin 'CS' in macro 'MEM_3' has no ANTENNAGATEAREA value defined. The library data is incomplete and some process antenna rules will not be checked correctly.
**WARN: (IMPLF-200):	Pin 'A2' in macro 'MEM_3' has no ANTENNAGATEAREA value defined. The library data is incomplete and some process antenna rules will not be checked correctly.
**WARN: (IMPLF-200):	Pin 'CK' in macro 'MEM_3' has no ANTENNAGATEAREA value defined. The library data is incomplete and some process antenna rules will not be checked correctly.
**WARN: (IMPLF-200):	Pin 'A0' in macro 'MEM_3' has no ANTENNAGATEAREA value defined. The library data is incomplete and some process antenna rules will not be checked correctly.
**WARN: (IMPLF-200):	Pin 'A3' in macro 'MEM_3' has no ANTENNAGATEAREA value defined. The library data is incomplete and some process antenna rules will not be checked correctly.
**WARN: (IMPLF-200):	Pin 'A4' in macro 'MEM_3' has no ANTENNAGATEAREA value defined. The library data is incomplete and some process antenna rules will not be checked correctly.
**WARN: (IMPLF-200):	Pin 'A5' in macro 'MEM_3' has no ANTENNAGATEAREA value defined. The library data is incomplete and some process antenna rules will not be checked correctly.
**WARN: (IMPLF-200):	Pin 'A6' in macro 'MEM_3' has no ANTENNAGATEAREA value defined. The library data is incomplete and some process antenna rules will not be checked correctly.
**WARN: (IMPLF-200):	Pin 'A7' in macro 'MEM_3' has no ANTENNAGATEAREA value defined. The library data is incomplete and some process antenna rules will not be checked correctly.
**WARN: (EMS-27):	Message (IMPLF-200) has exceeded the current message display limit of 20.
To increase the message display limit, refer to the product command reference manual.
**WARN: (IMPLF-201):	Pin 'DO7' in macro 'MEM_3' has no ANTENNADIFFAREA value defined. The library data is incomplete and some process antenna rules will not be checked correctly.
**WARN: (IMPLF-201):	Pin 'DO6' in macro 'MEM_3' has no ANTENNADIFFAREA value defined. The library data is incomplete and some process antenna rules will not be checked correctly.
**WARN: (IMPLF-201):	Pin 'DO5' in macro 'MEM_3' has no ANTENNADIFFAREA value defined. The library data is incomplete and some process antenna rules will not be checked correctly.
**WARN: (IMPLF-201):	Pin 'DO4' in macro 'MEM_3' has no ANTENNADIFFAREA value defined. The library data is incomplete and some process antenna rules will not be checked correctly.
**WARN: (IMPLF-201):	Pin 'DO3' in macro 'MEM_3' has no ANTENNADIFFAREA value defined. The library data is incomplete and some process antenna rules will not be checked correctly.
**WARN: (IMPLF-201):	Pin 'DO2' in macro 'MEM_3' has no ANTENNADIFFAREA value defined. The library data is incomplete and some process antenna rules will not be checked correctly.
**WARN: (IMPLF-201):	Pin 'DO1' in macro 'MEM_3' has no ANTENNADIFFAREA value defined. The library data is incomplete and some process antenna rules will not be checked correctly.
**WARN: (IMPLF-201):	Pin 'DO0' in macro 'MEM_3' has no ANTENNADIFFAREA value defined. The library data is incomplete and some process antenna rules will not be checked correctly.
Loading view definition file from /RAID2/COURSE/iclab/iclab143/Lab11/05_APR/CHIP.inn.dat/viewDefinition.tcl
**WARN: (TECHLIB-302):	No function defined for cell 'ANTENNA'. The cell will only be used for analysis. (File /RAID2/COURSE/BackUp/2023_Spring/iclab/iclabta01/UMC018_CBDK/orig_lib/fsa0m_a/2009Q2v2.0/GENERIC_CORE/FrontEnd/synopsys/fsa0m_a_generic_core_ss1p62v125c.lib)
**WARN: (TECHLIB-302):	No function defined for cell 'ANTENNA'. The cell will only be used for analysis. (File /RAID2/COURSE/BackUp/2023_Spring/iclab/iclabta01/UMC018_CBDK/orig_lib/fsa0m_a/2009Q2v2.0/GENERIC_CORE/FrontEnd/synopsys/fsa0m_a_generic_core_ff1p98vm40c.lib)
*** End library_loading (cpu=0.03min, real=0.03min, mem=18.9M, fe_cpu=0.38min, fe_real=2.18min, fe_mem=948.8M) ***
**WARN: (IMPVL-159):	Pin 'GND' of cell 'XOR4T' is defined in LEF but not in the timing library.
**WARN: (IMPVL-159):	Pin 'VCC' of cell 'XOR4T' is defined in LEF but not in the timing library.
**WARN: (IMPVL-159):	Pin 'GND' of cell 'XOR4S' is defined in LEF but not in the timing library.
**WARN: (IMPVL-159):	Pin 'VCC' of cell 'XOR4S' is defined in LEF but not in the timing library.
**WARN: (IMPVL-159):	Pin 'GND' of cell 'XOR4P' is defined in LEF but not in the timing library.
**WARN: (IMPVL-159):	Pin 'VCC' of cell 'XOR4P' is defined in LEF but not in the timing library.
**WARN: (IMPVL-159):	Pin 'GND' of cell 'XOR4' is defined in LEF but not in the timing library.
**WARN: (IMPVL-159):	Pin 'VCC' of cell 'XOR4' is defined in LEF but not in the timing library.
**WARN: (IMPVL-159):	Pin 'GND' of cell 'XOR3T' is defined in LEF but not in the timing library.
**WARN: (IMPVL-159):	Pin 'VCC' of cell 'XOR3T' is defined in LEF but not in the timing library.
**WARN: (IMPVL-159):	Pin 'GND' of cell 'XOR3S' is defined in LEF but not in the timing library.
**WARN: (IMPVL-159):	Pin 'VCC' of cell 'XOR3S' is defined in LEF but not in the timing library.
**WARN: (IMPVL-159):	Pin 'GND' of cell 'XOR3P' is defined in LEF but not in the timing library.
**WARN: (IMPVL-159):	Pin 'VCC' of cell 'XOR3P' is defined in LEF but not in the timing library.
**WARN: (IMPVL-159):	Pin 'GND' of cell 'XOR3' is defined in LEF but not in the timing library.
**WARN: (IMPVL-159):	Pin 'VCC' of cell 'XOR3' is defined in LEF but not in the timing library.
**WARN: (IMPVL-159):	Pin 'GND' of cell 'XOR2HT' is defined in LEF but not in the timing library.
**WARN: (IMPVL-159):	Pin 'VCC' of cell 'XOR2HT' is defined in LEF but not in the timing library.
**WARN: (IMPVL-159):	Pin 'GND' of cell 'XOR2HS' is defined in LEF but not in the timing library.
**WARN: (IMPVL-159):	Pin 'VCC' of cell 'XOR2HS' is defined in LEF but not in the timing library.
**WARN: (EMS-27):	Message (IMPVL-159) has exceeded the current message display limit of 20.
To increase the message display limit, refer to the product command reference manual.
*** Netlist is unique.
**WARN: (IMPFP-3961):	The techSite 'iocore_f' has no related standard cells in LEF/OA library. Cannot make calculations for this site type unless standard cell models of this type exist in the LEF/OA library. If the SITE is not used by the library you can ignore this warning or remove the SITE definition from the LEF/OA to avoid this message.
**WARN: (IMPFP-3961):	The techSite 'iocore_e' has no related standard cells in LEF/OA library. Cannot make calculations for this site type unless standard cell models of this type exist in the LEF/OA library. If the SITE is not used by the library you can ignore this warning or remove the SITE definition from the LEF/OA to avoid this message.
**WARN: (IMPFP-3961):	The techSite 'iocore_ds' has no related standard cells in LEF/OA library. Cannot make calculations for this site type unless standard cell models of this type exist in the LEF/OA library. If the SITE is not used by the library you can ignore this warning or remove the SITE definition from the LEF/OA to avoid this message.
**WARN: (IMPFP-3961):	The techSite 'iocore_cs' has no related standard cells in LEF/OA library. Cannot make calculations for this site type unless standard cell models of this type exist in the LEF/OA library. If the SITE is not used by the library you can ignore this warning or remove the SITE definition from the LEF/OA to avoid this message.
**WARN: (IMPFP-3961):	The techSite 'iocore_d' has no related standard cells in LEF/OA library. Cannot make calculations for this site type unless standard cell models of this type exist in the LEF/OA library. If the SITE is not used by the library you can ignore this warning or remove the SITE definition from the LEF/OA to avoid this message.
**WARN: (IMPFP-3961):	The techSite 'iocore_c' has no related standard cells in LEF/OA library. Cannot make calculations for this site type unless standard cell models of this type exist in the LEF/OA library. If the SITE is not used by the library you can ignore this warning or remove the SITE definition from the LEF/OA to avoid this message.
**WARN: (IMPFP-3961):	The techSite 'iocore_b' has no related standard cells in LEF/OA library. Cannot make calculations for this site type unless standard cell models of this type exist in the LEF/OA library. If the SITE is not used by the library you can ignore this warning or remove the SITE definition from the LEF/OA to avoid this message.
**WARN: (IMPFP-3961):	The techSite 'iocore_a' has no related standard cells in LEF/OA library. Cannot make calculations for this site type unless standard cell models of this type exist in the LEF/OA library. If the SITE is not used by the library you can ignore this warning or remove the SITE definition from the LEF/OA to avoid this message.
Loading preference file /RAID2/COURSE/iclab/iclab143/Lab11/05_APR/CHIP.inn.dat/gui.pref.tcl ...
**WARN: (IMPOPT-3602):	The specified path group name reg2reg is not defined.
**WARN: (IMPTCM-77):	Option "-drouteStartIteration" for command setNanoRouteMode is obsolete and will be removed in a future release. The obsolete option still works in this release but to avoid this warning and to ensure compatibility with future releases, remove the obsolete option from your script.
This command "restoreDesign /RAID2/COURSE/iclab/iclab143/Lab11/05_APR/CHIP.inn.dat ..." required an extra checkout of license tpsxl.
Additional license(s) checked out: 1 'Tempus_Timing_Signoff_XL' license(s)
**WARN: (IMPSYC-2):	Timing information is not defined for cell VCCKD; Check the timing library (.lib) file and make sure the timing information exists for the cell and you can run the checkTimingLibrary command to verify if the timing library has complete information after the design is loaded.
**WARN: (IMPSYC-2):	Timing information is not defined for cell VCC3IOD; Check the timing library (.lib) file and make sure the timing information exists for the cell and you can run the checkTimingLibrary command to verify if the timing library has complete information after the design is loaded.
**WARN: (IMPSYC-2):	Timing information is not defined for cell GNDKD; Check the timing library (.lib) file and make sure the timing information exists for the cell and you can run the checkTimingLibrary command to verify if the timing library has complete information after the design is loaded.
**WARN: (IMPSYC-2):	Timing information is not defined for cell GNDIOD; Check the timing library (.lib) file and make sure the timing information exists for the cell and you can run the checkTimingLibrary command to verify if the timing library has complete information after the design is loaded.
**WARN: (IMPFP-3961):	The techSite 'iocore_f' has no related standard cells in LEF/OA library. Cannot make calculations for this site type unless standard cell models of this type exist in the LEF/OA library. If the SITE is not used by the library you can ignore this warning or remove the SITE definition from the LEF/OA to avoid this message.
**WARN: (IMPFP-3961):	The techSite 'iocore_e' has no related standard cells in LEF/OA library. Cannot make calculations for this site type unless standard cell models of this type exist in the LEF/OA library. If the SITE is not used by the library you can ignore this warning or remove the SITE definition from the LEF/OA to avoid this message.
**WARN: (IMPFP-3961):	The techSite 'iocore_ds' has no related standard cells in LEF/OA library. Cannot make calculations for this site type unless standard cell models of this type exist in the LEF/OA library. If the SITE is not used by the library you can ignore this warning or remove the SITE definition from the LEF/OA to avoid this message.
**WARN: (IMPFP-3961):	The techSite 'iocore_cs' has no related standard cells in LEF/OA library. Cannot make calculations for this site type unless standard cell models of this type exist in the LEF/OA library. If the SITE is not used by the library you can ignore this warning or remove the SITE definition from the LEF/OA to avoid this message.
**WARN: (IMPFP-3961):	The techSite 'iocore_d' has no related standard cells in LEF/OA library. Cannot make calculations for this site type unless standard cell models of this type exist in the LEF/OA library. If the SITE is not used by the library you can ignore this warning or remove the SITE definition from the LEF/OA to avoid this message.
**WARN: (IMPFP-3961):	The techSite 'iocore_c' has no related standard cells in LEF/OA library. Cannot make calculations for this site type unless standard cell models of this type exist in the LEF/OA library. If the SITE is not used by the library you can ignore this warning or remove the SITE definition from the LEF/OA to avoid this message.
**WARN: (IMPFP-3961):	The techSite 'iocore_b' has no related standard cells in LEF/OA library. Cannot make calculations for this site type unless standard cell models of this type exist in the LEF/OA library. If the SITE is not used by the library you can ignore this warning or remove the SITE definition from the LEF/OA to avoid this message.
**WARN: (IMPFP-3961):	The techSite 'iocore_a' has no related standard cells in LEF/OA library. Cannot make calculations for this site type unless standard cell models of this type exist in the LEF/OA library. If the SITE is not used by the library you can ignore this warning or remove the SITE definition from the LEF/OA to avoid this message.
Loading place ...
**WARN: (IMPEXT-6202):	In addition to the technology file, the capacitance table file is specified for all the RC corners. If the technology file  is already specified for all the RC corners, the capacitance table file is not required for preRoute and postRoute extraction. In a new session, the capacitance table files can be removed from the create_rc_corner command to enable the technology file to be used for preRoute and postRoute (effort level medium/high/signoff) extraction engines.
'set_default_switching_activity' finished successfully.
Delay_Corner_min Delay_Corner_max
**WARN: (IMPESI-3505):	setDelayCalMode -eng_copyNetPropToNewNet true (default=false) will be obsoleted along with its sgs2set equivalent.  This parameter will continue to be supported in the current release, but will be removed in the next major release of the software.
**WARN: (IMPCTE-107):	The following globals have been obsoleted since version 20.15-s105_1. They will be removed in the next release. 
timing_enable_default_delay_arc
<CMD> redirect -quiet {set honorDomain [getAnalysisMode -honorClockDomains]} > /dev/null
<CMD> timeDesign -postRoute -pathReports -drvReports -slackReports -numPaths 50 -prefix CHIP_postRoute -outDir timingReports
Deleting AAE DB and timing data for delay calculations...
AAE DB initialization (MEM=2524.8 CPU=0:00:00.1 REAL=0:00:00.0) 
*** timeDesign #1 [begin] : totSession cpu/real = 0:00:31.5/0:02:33.8 (0.2), mem = 2524.8M
Setting timing_disable_library_data_to_data_checks to 'true'.
Setting timing_disable_user_data_to_data_checks to 'true'.
 Reset EOS DB
Ignoring AAE DB Resetting ...
Extraction called for design 'CHIP' of instances=223200 and nets=81006 using extraction engine 'postRoute' at effort level 'signoff' .
RC_Corner
*** timeDesign #1 [finish] : cpu/real = 0:00:00.1/0:00:00.4 (0.1), totSession cpu/real = 0:00:31.5/0:02:34.2 (0.2), mem = 2524.8M
**ERROR: (IMPSYT-16):	ERROR: $OA_HOME is not set and the Cadence installation does not
seem to have a valid default OA installation under
/usr/cad/cadence/QUANTUS/QUANTUS_21.11.000/share/oa
Check your OA installation (you may need to re-run
the post-install configure step for your Cadence tools), or set the
OA_HOME variable to point to a valid OA installation.
See the "OpenAccess Installation and Configuration Guide"
for more information.
qrc:   ERROR: No proper OA2.2 installation found. Fix the errors reported by cdsGetOABinPath.
qrc:    INFO: Note that OpenAccess (OA) requires running the Configure phase.
qrc:          See the "OpenAccess Installation and Configuration Guide" before
qrc:          you complete the configuration step. This manual is included with
qrc:          the Cadence product documentation.
child process exited abnormally
<CMD> redirect -quiet {set honorDomain [getAnalysisMode -honorClockDomains]} > /dev/null
<CMD> timeDesign -postRoute -pathReports -drvReports -slackReports -numPaths 50 -prefix CHIP_postRoute -outDir timingReports
*** timeDesign #2 [begin] : totSession cpu/real = 0:00:35.7/0:03:15.3 (0.2), mem = 2524.8M
 Reset EOS DB
Ignoring AAE DB Resetting ...
Extraction called for design 'CHIP' of instances=223200 and nets=81006 using extraction engine 'postRoute' at effort level 'signoff' .
RC_Corner
**ERROR: (IMPEXT-5063):	Failed to open Quantus QRC layermap file 'lefdef.layermap.cmd'. Check the file specified and run again.
*** timeDesign #2 [finish] : cpu/real = 0:00:00.0/0:00:00.5 (0.1), totSession cpu/real = 0:00:35.8/0:03:15.8 (0.2), mem = 2524.8M

**ERROR: (IMPSYT-16):	
--------------------------------------------------------------------------------
Exiting Innovus on Thu Nov 28 21:57:17 2024
  Total CPU time:     0:00:41
  Total real time:    0:03:39
  Peak memory (main): 1840.46MB


*** Memory Usage v#1 (Current mem = 2524.797M, initial mem = 284.375M) ***
*** Message Summary: 1250 warning(s), 5 error(s)

--- Ending "Innovus" (totcpu=0:00:37.0, real=0:03:37, mem=2524.8M) ---
