Command: vcs -timescale=1ns/1fs -j8 -sverilog +v2k -full64 -Mupdate -R -debug_access+all \
-y /usr/cad/synopsys/synthesis/cur/dw/sim_ver/ +libext+.v -f filelist.f -o simv -l \
vcs.log -P /usr/cad/synopsys/verdi/2019.06//share/PLI/VCS/linux64/novas.tab /usr/cad/synopsys/verdi/2019.06//share/PLI/VCS/linux64/pli.a \
+define+RTL +define+CG +notimingchecks
*** Using c compiler gcc instead of cc ...
                         Chronologic VCS (TM)
         Version T-2022.06_Full64 -- Tue Nov 12 18:35:18 2024

                    Copyright (c) 1991 - 2022 Synopsys, Inc.
   This software and the associated documentation are proprietary to Synopsys,
 Inc. This software may only be used in accordance with the terms and conditions
 of a written license agreement with Synopsys, Inc. All other use, reproduction,
   or distribution of this software is strictly prohibited.  Licensed Products
     communicate with Synopsys servers for the purpose of providing software
    updates, detecting software piracy and verifying that customers are using
    Licensed Products in conformity with the applicable License Key for such
  Licensed Products. Synopsys will use information gathered in connection with
    this process to deliver software updates and pursue software pirates and
                                   infringers.

 Inclusivity & Diversity - Visit SolvNetPlus to read the "Synopsys Statement on
            Inclusivity and Diversity" (Refer to article 000036315 at
                        https://solvnetplus.synopsys.com)

Parsing design file 'TESTBED.v'
Parsing included file 'PATTERN_CG.v'.

Warning-[DCTL] Decimal constant too large
PATTERN_CG.v, 52
  Decimal constant '4656546542131' is too large as a 32bit signed constant, it
  should be smaller than 2147483648.
  VCS is using truncated value '801993267' instead.
  To make it an unsigned constant, please use sized constant format.

Back to file 'TESTBED.v'.
Parsing included file 'SA.v'.
Parsing included file 'GATED_OR.v'.
Back to file 'SA.v'.
Back to file 'TESTBED.v'.
Top Level Modules:
       TESTBED
TimeScale is 1 ns / 10 ps
Starting vcs inline pass...


Note-[VCS_PARAL] Parallel code-gen enabled
  VCS is running with parallel code generation(-j)...

2 modules and 0 UDP read.
recompiling module PATTERN
recompiling module TESTBED
Both modules done.
make[1]: Entering directory `/RAID2/COURSE/iclab/iclab143/Lab08/EXERCISE/01_RTL/csrc' \

rm -f _cuarc*.so _csrc*.so pre_vcsobj_*.so share_vcsobj_*.so
ld -shared  -Bsymbolic   -o .//../simv.daidir//_cuarc0.so objs/amcQw_d.o 
rm -f _cuarc0.so
if [ -x ../simv ]; then chmod a-x ../simv; fi
g++  -o ../simv      -rdynamic  -Wl,-rpath='$ORIGIN'/simv.daidir -Wl,-rpath=./simv.daidir \
-Wl,-rpath=/usr/cad/synopsys/vcs/2022.06/linux64/lib -L/usr/cad/synopsys/vcs/2022.06/linux64/lib \
-Wl,-rpath-link=./  /usr/lib64/libnuma.so.1     _109618_archive_1.so _110343_archive_1.so \
_110344_archive_1.so _prev_archive_1.so _cuarc0.so  SIM_l.o      rmapats_mop.o rmapats.o \
rmar.o rmar_nd.o  rmar_llvm_0_1.o rmar_llvm_0_0.o           -lvirsim -lerrorinf -lsnpsmalloc \
-lvfs /usr/cad/synopsys/verdi/2019.06//share/PLI/VCS/linux64/pli.a    -lvcsnew -lsimprofile \
-luclinative /usr/cad/synopsys/vcs/2022.06/linux64/lib/vcs_tls.o   -Wl,-whole-archive \
-lvcsucli    -Wl,-no-whole-archive        _vcs_pli_stub_.o   /usr/cad/synopsys/vcs/2022.06/linux64/lib/vcs_save_restore_new.o \
/usr/cad/synopsys/verdi/2019.06//share/PLI/VCS/LINUX64/pli.a -ldl -lm  -lc -lpthread \
-ldl 
../simv up to date
make[1]: Leaving directory `/RAID2/COURSE/iclab/iclab143/Lab08/EXERCISE/01_RTL/csrc' \

Command: /RAID2/COURSE/iclab/iclab143/Lab08/EXERCISE/01_RTL/./simv +v2k +libext+.v -a vcs.log +define+RTL +define+CG +notimingchecks
Chronologic VCS simulator copyright 1991-2022
Contains Synopsys proprietary information.
Compiler version T-2022.06_Full64; Runtime version T-2022.06_Full64;  Nov 12 18:35 2024
[0;34mPASS PATTERN NO.    1, [m [0;32mExecution Cycle:   1[m
[0;34mPASS PATTERN NO.    2, [m [0;32mExecution Cycle:   1[m
[0;34mPASS PATTERN NO.    3, [m [0;32mExecution Cycle:   1[m
[0;34mPASS PATTERN NO.    4, [m [0;32mExecution Cycle:   1[m
[0;34mPASS PATTERN NO.    5, [m [0;32mExecution Cycle:   1[m
[0;34mPASS PATTERN NO.    6, [m [0;32mExecution Cycle:   1[m
[0;34mPASS PATTERN NO.    7, [m [0;32mExecution Cycle:   1[m
[0;34mPASS PATTERN NO.    8, [m [0;32mExecution Cycle:   1[m
[0;34mPASS PATTERN NO.    9, [m [0;32mExecution Cycle:   1[m
[0;34mPASS PATTERN NO.   10, [m [0;32mExecution Cycle:   1[m
[0;34mPASS PATTERN NO.   11, [m [0;32mExecution Cycle:   1[m
[0;34mPASS PATTERN NO.   12, [m [0;32mExecution Cycle:   1[m
[0;34mPASS PATTERN NO.   13, [m [0;32mExecution Cycle:   1[m
[0;34mPASS PATTERN NO.   14, [m [0;32mExecution Cycle:   1[m
[0;34mPASS PATTERN NO.   15, [m [0;32mExecution Cycle:   1[m
[0;34mPASS PATTERN NO.   16, [m [0;32mExecution Cycle:   1[m
[0;34mPASS PATTERN NO.   17, [m [0;32mExecution Cycle:   1[m
[0;34mPASS PATTERN NO.   18, [m [0;32mExecution Cycle:   1[m
[0;34mPASS PATTERN NO.   19, [m [0;32mExecution Cycle:   1[m
[0;34mPASS PATTERN NO.   20, [m [0;32mExecution Cycle:   1[m
[0;34mPASS PATTERN NO.   21, [m [0;32mExecution Cycle:   1[m
[0;34mPASS PATTERN NO.   22, [m [0;32mExecution Cycle:   1[m
[0;34mPASS PATTERN NO.   23, [m [0;32mExecution Cycle:   1[m
[0;34mPASS PATTERN NO.   24, [m [0;32mExecution Cycle:   1[m
[0;34mPASS PATTERN NO.   25, [m [0;32mExecution Cycle:   1[m
[0;34mPASS PATTERN NO.   26, [m [0;32mExecution Cycle:   1[m
[0;34mPASS PATTERN NO.   27, [m [0;32mExecution Cycle:   1[m
[0;34mPASS PATTERN NO.   28, [m [0;32mExecution Cycle:   1[m
[0;34mPASS PATTERN NO.   29, [m [0;32mExecution Cycle:   1[m
[0;34mPASS PATTERN NO.   30, [m [0;32mExecution Cycle:   1[m
[0;34mPASS PATTERN NO.   31, [m [0;32mExecution Cycle:   1[m
[0;34mPASS PATTERN NO.   32, [m [0;32mExecution Cycle:   1[m
[0;34mPASS PATTERN NO.   33, [m [0;32mExecution Cycle:   1[m
[0;34mPASS PATTERN NO.   34, [m [0;32mExecution Cycle:   1[m
[0;34mPASS PATTERN NO.   35, [m [0;32mExecution Cycle:   1[m
[0;34mPASS PATTERN NO.   36, [m [0;32mExecution Cycle:   1[m
[0;34mPASS PATTERN NO.   37, [m [0;32mExecution Cycle:   1[m
[0;34mPASS PATTERN NO.   38, [m [0;32mExecution Cycle:   1[m
[0;34mPASS PATTERN NO.   39, [m [0;32mExecution Cycle:   1[m
[0;34mPASS PATTERN NO.   40, [m [0;32mExecution Cycle:   1[m
[0;34mPASS PATTERN NO.   41, [m [0;32mExecution Cycle:   1[m
[0;34mPASS PATTERN NO.   42, [m [0;32mExecution Cycle:   1[m
[0;34mPASS PATTERN NO.   43, [m [0;32mExecution Cycle:   1[m
[0;34mPASS PATTERN NO.   44, [m [0;32mExecution Cycle:   1[m
[0;34mPASS PATTERN NO.   45, [m [0;32mExecution Cycle:   1[m
[0;34mPASS PATTERN NO.   46, [m [0;32mExecution Cycle:   1[m
[0;34mPASS PATTERN NO.   47, [m [0;32mExecution Cycle:   1[m
[0;34mPASS PATTERN NO.   48, [m [0;32mExecution Cycle:   1[m
[0;34mPASS PATTERN NO.   49, [m [0;32mExecution Cycle:   1[m
[0;34mPASS PATTERN NO.   50, [m [0;32mExecution Cycle:   1[m
[0;34mPASS PATTERN NO.   51, [m [0;32mExecution Cycle:   1[m
[0;34mPASS PATTERN NO.   52, [m [0;32mExecution Cycle:   1[m
[0;34mPASS PATTERN NO.   53, [m [0;32mExecution Cycle:   1[m
[0;34mPASS PATTERN NO.   54, [m [0;32mExecution Cycle:   1[m
[0;34mPASS PATTERN NO.   55, [m [0;32mExecution Cycle:   1[m
[0;34mPASS PATTERN NO.   56, [m [0;32mExecution Cycle:   1[m
[0;34mPASS PATTERN NO.   57, [m [0;32mExecution Cycle:   1[m
[0;34mPASS PATTERN NO.   58, [m [0;32mExecution Cycle:   1[m
[0;34mPASS PATTERN NO.   59, [m [0;32mExecution Cycle:   1[m
[0;34mPASS PATTERN NO.   60, [m [0;32mExecution Cycle:   1[m
[0;34mPASS PATTERN NO.   61, [m [0;32mExecution Cycle:   1[m
[0;34mPASS PATTERN NO.   62, [m [0;32mExecution Cycle:   1[m
[0;34mPASS PATTERN NO.   63, [m [0;32mExecution Cycle:   1[m
[0;34mPASS PATTERN NO.   64, [m [0;32mExecution Cycle:   1[m
[0;34mPASS PATTERN NO.   65, [m [0;32mExecution Cycle:   1[m
[0;34mPASS PATTERN NO.   66, [m [0;32mExecution Cycle:   1[m
[0;34mPASS PATTERN NO.   67, [m [0;32mExecution Cycle:   1[m
[0;34mPASS PATTERN NO.   68, [m [0;32mExecution Cycle:   1[m
[0;34mPASS PATTERN NO.   69, [m [0;32mExecution Cycle:   1[m
[0;34mPASS PATTERN NO.   70, [m [0;32mExecution Cycle:   1[m
[0;34mPASS PATTERN NO.   71, [m [0;32mExecution Cycle:   1[m
[0;34mPASS PATTERN NO.   72, [m [0;32mExecution Cycle:   1[m
[0;34mPASS PATTERN NO.   73, [m [0;32mExecution Cycle:   1[m
[0;34mPASS PATTERN NO.   74, [m [0;32mExecution Cycle:   1[m
[0;34mPASS PATTERN NO.   75, [m [0;32mExecution Cycle:   1[m
[0;34mPASS PATTERN NO.   76, [m [0;32mExecution Cycle:   1[m
[0;34mPASS PATTERN NO.   77, [m [0;32mExecution Cycle:   1[m
[0;34mPASS PATTERN NO.   78, [m [0;32mExecution Cycle:   1[m
[0;34mPASS PATTERN NO.   79, [m [0;32mExecution Cycle:   1[m
[0;34mPASS PATTERN NO.   80, [m [0;32mExecution Cycle:   1[m
[0;34mPASS PATTERN NO.   81, [m [0;32mExecution Cycle:   1[m
[0;34mPASS PATTERN NO.   82, [m [0;32mExecution Cycle:   1[m
[0;34mPASS PATTERN NO.   83, [m [0;32mExecution Cycle:   1[m
[0;34mPASS PATTERN NO.   84, [m [0;32mExecution Cycle:   1[m
[0;34mPASS PATTERN NO.   85, [m [0;32mExecution Cycle:   1[m
[0;34mPASS PATTERN NO.   86, [m [0;32mExecution Cycle:   1[m
[0;34mPASS PATTERN NO.   87, [m [0;32mExecution Cycle:   1[m
[0;34mPASS PATTERN NO.   88, [m [0;32mExecution Cycle:   1[m
[0;34mPASS PATTERN NO.   89, [m [0;32mExecution Cycle:   1[m
[0;34mPASS PATTERN NO.   90, [m [0;32mExecution Cycle:   1[m
[0;34mPASS PATTERN NO.   91, [m [0;32mExecution Cycle:   1[m
[0;34mPASS PATTERN NO.   92, [m [0;32mExecution Cycle:   1[m
[0;34mPASS PATTERN NO.   93, [m [0;32mExecution Cycle:   1[m
[0;34mPASS PATTERN NO.   94, [m [0;32mExecution Cycle:   1[m
[0;34mPASS PATTERN NO.   95, [m [0;32mExecution Cycle:   1[m
[0;34mPASS PATTERN NO.   96, [m [0;32mExecution Cycle:   1[m
[0;34mPASS PATTERN NO.   97, [m [0;32mExecution Cycle:   1[m
[0;34mPASS PATTERN NO.   98, [m [0;32mExecution Cycle:   1[m
[0;34mPASS PATTERN NO.   99, [m [0;32mExecution Cycle:   1[m
[0;34mPASS PATTERN NO.  100, [m [0;32mExecution Cycle:   1[m
[0;34mPASS PATTERN NO.  101, [m [0;32mExecution Cycle:   1[m
[0;34mPASS PATTERN NO.  102, [m [0;32mExecution Cycle:   1[m
[0;34mPASS PATTERN NO.  103, [m [0;32mExecution Cycle:   1[m
[0;34mPASS PATTERN NO.  104, [m [0;32mExecution Cycle:   1[m
[0;34mPASS PATTERN NO.  105, [m [0;32mExecution Cycle:   1[m
[0;34mPASS PATTERN NO.  106, [m [0;32mExecution Cycle:   1[m
[0;34mPASS PATTERN NO.  107, [m [0;32mExecution Cycle:   1[m
[0;34mPASS PATTERN NO.  108, [m [0;32mExecution Cycle:   1[m
[0;34mPASS PATTERN NO.  109, [m [0;32mExecution Cycle:   1[m
[0;34mPASS PATTERN NO.  110, [m [0;32mExecution Cycle:   1[m
[0;34mPASS PATTERN NO.  111, [m [0;32mExecution Cycle:   1[m
[0;34mPASS PATTERN NO.  112, [m [0;32mExecution Cycle:   1[m
[0;34mPASS PATTERN NO.  113, [m [0;32mExecution Cycle:   1[m
[0;34mPASS PATTERN NO.  114, [m [0;32mExecution Cycle:   1[m
[0;34mPASS PATTERN NO.  115, [m [0;32mExecution Cycle:   1[m
[0;34mPASS PATTERN NO.  116, [m [0;32mExecution Cycle:   1[m
[0;34mPASS PATTERN NO.  117, [m [0;32mExecution Cycle:   1[m
[0;34mPASS PATTERN NO.  118, [m [0;32mExecution Cycle:   1[m
[0;34mPASS PATTERN NO.  119, [m [0;32mExecution Cycle:   1[m
[0;34mPASS PATTERN NO.  120, [m [0;32mExecution Cycle:   1[m
[0;34mPASS PATTERN NO.  121, [m [0;32mExecution Cycle:   1[m
[0;34mPASS PATTERN NO.  122, [m [0;32mExecution Cycle:   1[m
[0;34mPASS PATTERN NO.  123, [m [0;32mExecution Cycle:   1[m
[0;34mPASS PATTERN NO.  124, [m [0;32mExecution Cycle:   1[m
[0;34mPASS PATTERN NO.  125, [m [0;32mExecution Cycle:   1[m
[0;34mPASS PATTERN NO.  126, [m [0;32mExecution Cycle:   1[m
[0;34mPASS PATTERN NO.  127, [m [0;32mExecution Cycle:   1[m
[0;34mPASS PATTERN NO.  128, [m [0;32mExecution Cycle:   1[m
[0;34mPASS PATTERN NO.  129, [m [0;32mExecution Cycle:   1[m
[0;34mPASS PATTERN NO.  130, [m [0;32mExecution Cycle:   1[m
[0;34mPASS PATTERN NO.  131, [m [0;32mExecution Cycle:   1[m
[0;34mPASS PATTERN NO.  132, [m [0;32mExecution Cycle:   1[m
[0;34mPASS PATTERN NO.  133, [m [0;32mExecution Cycle:   1[m
[0;34mPASS PATTERN NO.  134, [m [0;32mExecution Cycle:   1[m
[0;34mPASS PATTERN NO.  135, [m [0;32mExecution Cycle:   1[m
[0;34mPASS PATTERN NO.  136, [m [0;32mExecution Cycle:   1[m
[0;34mPASS PATTERN NO.  137, [m [0;32mExecution Cycle:   1[m
[0;34mPASS PATTERN NO.  138, [m [0;32mExecution Cycle:   1[m
[0;34mPASS PATTERN NO.  139, [m [0;32mExecution Cycle:   1[m
[0;34mPASS PATTERN NO.  140, [m [0;32mExecution Cycle:   1[m
[0;34mPASS PATTERN NO.  141, [m [0;32mExecution Cycle:   1[m
[0;34mPASS PATTERN NO.  142, [m [0;32mExecution Cycle:   1[m
[0;34mPASS PATTERN NO.  143, [m [0;32mExecution Cycle:   1[m
[0;34mPASS PATTERN NO.  144, [m [0;32mExecution Cycle:   1[m
[0;34mPASS PATTERN NO.  145, [m [0;32mExecution Cycle:   1[m
[0;34mPASS PATTERN NO.  146, [m [0;32mExecution Cycle:   1[m
[0;34mPASS PATTERN NO.  147, [m [0;32mExecution Cycle:   1[m
[0;34mPASS PATTERN NO.  148, [m [0;32mExecution Cycle:   1[m
[0;34mPASS PATTERN NO.  149, [m [0;32mExecution Cycle:   1[m
[0;34mPASS PATTERN NO.  150, [m [0;32mExecution Cycle:   1[m
[0;34mPASS PATTERN NO.  151, [m [0;32mExecution Cycle:   1[m
[0;34mPASS PATTERN NO.  152, [m [0;32mExecution Cycle:   1[m
[0;34mPASS PATTERN NO.  153, [m [0;32mExecution Cycle:   1[m
[0;34mPASS PATTERN NO.  154, [m [0;32mExecution Cycle:   1[m
[0;34mPASS PATTERN NO.  155, [m [0;32mExecution Cycle:   1[m
[0;34mPASS PATTERN NO.  156, [m [0;32mExecution Cycle:   1[m
[0;34mPASS PATTERN NO.  157, [m [0;32mExecution Cycle:   1[m
[0;34mPASS PATTERN NO.  158, [m [0;32mExecution Cycle:   1[m
[0;34mPASS PATTERN NO.  159, [m [0;32mExecution Cycle:   1[m
[0;34mPASS PATTERN NO.  160, [m [0;32mExecution Cycle:   1[m
[0;34mPASS PATTERN NO.  161, [m [0;32mExecution Cycle:   1[m
[0;34mPASS PATTERN NO.  162, [m [0;32mExecution Cycle:   1[m
[0;34mPASS PATTERN NO.  163, [m [0;32mExecution Cycle:   1[m
[0;34mPASS PATTERN NO.  164, [m [0;32mExecution Cycle:   1[m
[0;34mPASS PATTERN NO.  165, [m [0;32mExecution Cycle:   1[m
[0;34mPASS PATTERN NO.  166, [m [0;32mExecution Cycle:   1[m
[0;34mPASS PATTERN NO.  167, [m [0;32mExecution Cycle:   1[m
[0;34mPASS PATTERN NO.  168, [m [0;32mExecution Cycle:   1[m
[0;34mPASS PATTERN NO.  169, [m [0;32mExecution Cycle:   1[m
[0;34mPASS PATTERN NO.  170, [m [0;32mExecution Cycle:   1[m
[0;34mPASS PATTERN NO.  171, [m [0;32mExecution Cycle:   1[m
[0;34mPASS PATTERN NO.  172, [m [0;32mExecution Cycle:   1[m
[0;34mPASS PATTERN NO.  173, [m [0;32mExecution Cycle:   1[m
[0;34mPASS PATTERN NO.  174, [m [0;32mExecution Cycle:   1[m
[0;34mPASS PATTERN NO.  175, [m [0;32mExecution Cycle:   1[m
[0;34mPASS PATTERN NO.  176, [m [0;32mExecution Cycle:   1[m
[0;34mPASS PATTERN NO.  177, [m [0;32mExecution Cycle:   1[m
[0;34mPASS PATTERN NO.  178, [m [0;32mExecution Cycle:   1[m
[0;34mPASS PATTERN NO.  179, [m [0;32mExecution Cycle:   1[m
[0;34mPASS PATTERN NO.  180, [m [0;32mExecution Cycle:   1[m
[0;34mPASS PATTERN NO.  181, [m [0;32mExecution Cycle:   1[m
[0;34mPASS PATTERN NO.  182, [m [0;32mExecution Cycle:   1[m
[0;34mPASS PATTERN NO.  183, [m [0;32mExecution Cycle:   1[m
[0;34mPASS PATTERN NO.  184, [m [0;32mExecution Cycle:   1[m
[0;34mPASS PATTERN NO.  185, [m [0;32mExecution Cycle:   1[m
[0;34mPASS PATTERN NO.  186, [m [0;32mExecution Cycle:   1[m
[0;34mPASS PATTERN NO.  187, [m [0;32mExecution Cycle:   1[m
[0;34mPASS PATTERN NO.  188, [m [0;32mExecution Cycle:   1[m
[0;34mPASS PATTERN NO.  189, [m [0;32mExecution Cycle:   1[m
[0;34mPASS PATTERN NO.  190, [m [0;32mExecution Cycle:   1[m
[0;34mPASS PATTERN NO.  191, [m [0;32mExecution Cycle:   1[m
[0;34mPASS PATTERN NO.  192, [m [0;32mExecution Cycle:   1[m
[0;34mPASS PATTERN NO.  193, [m [0;32mExecution Cycle:   1[m
[0;34mPASS PATTERN NO.  194, [m [0;32mExecution Cycle:   1[m
[0;34mPASS PATTERN NO.  195, [m [0;32mExecution Cycle:   1[m
[0;34mPASS PATTERN NO.  196, [m [0;32mExecution Cycle:   1[m
[0;34mPASS PATTERN NO.  197, [m [0;32mExecution Cycle:   1[m
[0;34mPASS PATTERN NO.  198, [m [0;32mExecution Cycle:   1[m
[0;34mPASS PATTERN NO.  199, [m [0;32mExecution Cycle:   1[m
[0;34mPASS PATTERN NO.  200, [m [0;32mExecution Cycle:   1[m
[0;34mPASS PATTERN NO.  201, [m [0;32mExecution Cycle:   1[m
[0;34mPASS PATTERN NO.  202, [m [0;32mExecution Cycle:   1[m
[0;34mPASS PATTERN NO.  203, [m [0;32mExecution Cycle:   1[m
[0;34mPASS PATTERN NO.  204, [m [0;32mExecution Cycle:   1[m
[0;34mPASS PATTERN NO.  205, [m [0;32mExecution Cycle:   1[m
[0;34mPASS PATTERN NO.  206, [m [0;32mExecution Cycle:   1[m
[0;34mPASS PATTERN NO.  207, [m [0;32mExecution Cycle:   1[m
[0;34mPASS PATTERN NO.  208, [m [0;32mExecution Cycle:   1[m
[0;34mPASS PATTERN NO.  209, [m [0;32mExecution Cycle:   1[m
[0;34mPASS PATTERN NO.  210, [m [0;32mExecution Cycle:   1[m
[0;34mPASS PATTERN NO.  211, [m [0;32mExecution Cycle:   1[m
[0;34mPASS PATTERN NO.  212, [m [0;32mExecution Cycle:   1[m
[0;34mPASS PATTERN NO.  213, [m [0;32mExecution Cycle:   1[m
[0;34mPASS PATTERN NO.  214, [m [0;32mExecution Cycle:   1[m
[0;34mPASS PATTERN NO.  215, [m [0;32mExecution Cycle:   1[m
[0;34mPASS PATTERN NO.  216, [m [0;32mExecution Cycle:   1[m
[0;34mPASS PATTERN NO.  217, [m [0;32mExecution Cycle:   1[m
[0;34mPASS PATTERN NO.  218, [m [0;32mExecution Cycle:   1[m
[0;34mPASS PATTERN NO.  219, [m [0;32mExecution Cycle:   1[m
[0;34mPASS PATTERN NO.  220, [m [0;32mExecution Cycle:   1[m
[0;34mPASS PATTERN NO.  221, [m [0;32mExecution Cycle:   1[m
[0;34mPASS PATTERN NO.  222, [m [0;32mExecution Cycle:   1[m
[0;34mPASS PATTERN NO.  223, [m [0;32mExecution Cycle:   1[m
[0;34mPASS PATTERN NO.  224, [m [0;32mExecution Cycle:   1[m
[0;34mPASS PATTERN NO.  225, [m [0;32mExecution Cycle:   1[m
[0;34mPASS PATTERN NO.  226, [m [0;32mExecution Cycle:   1[m
[0;34mPASS PATTERN NO.  227, [m [0;32mExecution Cycle:   1[m
[0;34mPASS PATTERN NO.  228, [m [0;32mExecution Cycle:   1[m
[0;34mPASS PATTERN NO.  229, [m [0;32mExecution Cycle:   1[m
[0;34mPASS PATTERN NO.  230, [m [0;32mExecution Cycle:   1[m
[0;34mPASS PATTERN NO.  231, [m [0;32mExecution Cycle:   1[m
[0;34mPASS PATTERN NO.  232, [m [0;32mExecution Cycle:   1[m
[0;34mPASS PATTERN NO.  233, [m [0;32mExecution Cycle:   1[m
[0;34mPASS PATTERN NO.  234, [m [0;32mExecution Cycle:   1[m
[0;34mPASS PATTERN NO.  235, [m [0;32mExecution Cycle:   1[m
[0;34mPASS PATTERN NO.  236, [m [0;32mExecution Cycle:   1[m
[0;34mPASS PATTERN NO.  237, [m [0;32mExecution Cycle:   1[m
[0;34mPASS PATTERN NO.  238, [m [0;32mExecution Cycle:   1[m
[0;34mPASS PATTERN NO.  239, [m [0;32mExecution Cycle:   1[m
[0;34mPASS PATTERN NO.  240, [m [0;32mExecution Cycle:   1[m
[0;34mPASS PATTERN NO.  241, [m [0;32mExecution Cycle:   1[m
[0;34mPASS PATTERN NO.  242, [m [0;32mExecution Cycle:   1[m
[0;34mPASS PATTERN NO.  243, [m [0;32mExecution Cycle:   1[m
[0;34mPASS PATTERN NO.  244, [m [0;32mExecution Cycle:   1[m
[0;34mPASS PATTERN NO.  245, [m [0;32mExecution Cycle:   1[m
[0;34mPASS PATTERN NO.  246, [m [0;32mExecution Cycle:   1[m
[0;34mPASS PATTERN NO.  247, [m [0;32mExecution Cycle:   1[m
[0;34mPASS PATTERN NO.  248, [m [0;32mExecution Cycle:   1[m
[0;34mPASS PATTERN NO.  249, [m [0;32mExecution Cycle:   1[m
[0;34mPASS PATTERN NO.  250, [m [0;32mExecution Cycle:   1[m
[0;34mPASS PATTERN NO.  251, [m [0;32mExecution Cycle:   1[m
[0;34mPASS PATTERN NO.  252, [m [0;32mExecution Cycle:   1[m
[0;34mPASS PATTERN NO.  253, [m [0;32mExecution Cycle:   1[m
[0;34mPASS PATTERN NO.  254, [m [0;32mExecution Cycle:   1[m
[0;34mPASS PATTERN NO.  255, [m [0;32mExecution Cycle:   1[m
[0;34mPASS PATTERN NO.  256, [m [0;32mExecution Cycle:   1[m
[0;34mPASS PATTERN NO.  257, [m [0;32mExecution Cycle:   1[m
[0;34mPASS PATTERN NO.  258, [m [0;32mExecution Cycle:   1[m
[0;34mPASS PATTERN NO.  259, [m [0;32mExecution Cycle:   1[m
[0;34mPASS PATTERN NO.  260, [m [0;32mExecution Cycle:   1[m
[0;34mPASS PATTERN NO.  261, [m [0;32mExecution Cycle:   1[m
[0;34mPASS PATTERN NO.  262, [m [0;32mExecution Cycle:   1[m
[0;34mPASS PATTERN NO.  263, [m [0;32mExecution Cycle:   1[m
[0;34mPASS PATTERN NO.  264, [m [0;32mExecution Cycle:   1[m
[0;34mPASS PATTERN NO.  265, [m [0;32mExecution Cycle:   1[m
[0;34mPASS PATTERN NO.  266, [m [0;32mExecution Cycle:   1[m
[0;34mPASS PATTERN NO.  267, [m [0;32mExecution Cycle:   1[m
[0;34mPASS PATTERN NO.  268, [m [0;32mExecution Cycle:   1[m
[0;34mPASS PATTERN NO.  269, [m [0;32mExecution Cycle:   1[m
[0;34mPASS PATTERN NO.  270, [m [0;32mExecution Cycle:   1[m
[0;34mPASS PATTERN NO.  271, [m [0;32mExecution Cycle:   1[m
[0;34mPASS PATTERN NO.  272, [m [0;32mExecution Cycle:   1[m
[0;34mPASS PATTERN NO.  273, [m [0;32mExecution Cycle:   1[m
[0;34mPASS PATTERN NO.  274, [m [0;32mExecution Cycle:   1[m
[0;34mPASS PATTERN NO.  275, [m [0;32mExecution Cycle:   1[m
[0;34mPASS PATTERN NO.  276, [m [0;32mExecution Cycle:   1[m
[0;34mPASS PATTERN NO.  277, [m [0;32mExecution Cycle:   1[m
[0;34mPASS PATTERN NO.  278, [m [0;32mExecution Cycle:   1[m
[0;34mPASS PATTERN NO.  279, [m [0;32mExecution Cycle:   1[m
[0;34mPASS PATTERN NO.  280, [m [0;32mExecution Cycle:   1[m
[0;34mPASS PATTERN NO.  281, [m [0;32mExecution Cycle:   1[m
[0;34mPASS PATTERN NO.  282, [m [0;32mExecution Cycle:   1[m
[0;34mPASS PATTERN NO.  283, [m [0;32mExecution Cycle:   1[m
[0;34mPASS PATTERN NO.  284, [m [0;32mExecution Cycle:   1[m
[0;34mPASS PATTERN NO.  285, [m [0;32mExecution Cycle:   1[m
[0;34mPASS PATTERN NO.  286, [m [0;32mExecution Cycle:   1[m
[0;34mPASS PATTERN NO.  287, [m [0;32mExecution Cycle:   1[m
[0;34mPASS PATTERN NO.  288, [m [0;32mExecution Cycle:   1[m
[0;34mPASS PATTERN NO.  289, [m [0;32mExecution Cycle:   1[m
[0;34mPASS PATTERN NO.  290, [m [0;32mExecution Cycle:   1[m
[0;34mPASS PATTERN NO.  291, [m [0;32mExecution Cycle:   1[m
[0;34mPASS PATTERN NO.  292, [m [0;32mExecution Cycle:   1[m
[0;34mPASS PATTERN NO.  293, [m [0;32mExecution Cycle:   1[m
[0;34mPASS PATTERN NO.  294, [m [0;32mExecution Cycle:   1[m
[0;34mPASS PATTERN NO.  295, [m [0;32mExecution Cycle:   1[m
[0;34mPASS PATTERN NO.  296, [m [0;32mExecution Cycle:   1[m
[0;34mPASS PATTERN NO.  297, [m [0;32mExecution Cycle:   1[m
[0;34mPASS PATTERN NO.  298, [m [0;32mExecution Cycle:   1[m
[0;34mPASS PATTERN NO.  299, [m [0;32mExecution Cycle:   1[m
[0;34mPASS PATTERN NO.  300, [m [0;32mExecution Cycle:   1[m
[0;34mPASS PATTERN NO.  301, [m [0;32mExecution Cycle:   1[m
[0;34mPASS PATTERN NO.  302, [m [0;32mExecution Cycle:   1[m
[0;34mPASS PATTERN NO.  303, [m [0;32mExecution Cycle:   1[m
[0;34mPASS PATTERN NO.  304, [m [0;32mExecution Cycle:   1[m
[0;34mPASS PATTERN NO.  305, [m [0;32mExecution Cycle:   1[m
[0;34mPASS PATTERN NO.  306, [m [0;32mExecution Cycle:   1[m
[0;34mPASS PATTERN NO.  307, [m [0;32mExecution Cycle:   1[m
[0;34mPASS PATTERN NO.  308, [m [0;32mExecution Cycle:   1[m
[0;34mPASS PATTERN NO.  309, [m [0;32mExecution Cycle:   1[m
[0;34mPASS PATTERN NO.  310, [m [0;32mExecution Cycle:   1[m
[0;34mPASS PATTERN NO.  311, [m [0;32mExecution Cycle:   1[m
[0;34mPASS PATTERN NO.  312, [m [0;32mExecution Cycle:   1[m
[0;34mPASS PATTERN NO.  313, [m [0;32mExecution Cycle:   1[m
[0;34mPASS PATTERN NO.  314, [m [0;32mExecution Cycle:   1[m
[0;34mPASS PATTERN NO.  315, [m [0;32mExecution Cycle:   1[m
[0;34mPASS PATTERN NO.  316, [m [0;32mExecution Cycle:   1[m
[0;34mPASS PATTERN NO.  317, [m [0;32mExecution Cycle:   1[m
[0;34mPASS PATTERN NO.  318, [m [0;32mExecution Cycle:   1[m
[0;34mPASS PATTERN NO.  319, [m [0;32mExecution Cycle:   1[m
[0;34mPASS PATTERN NO.  320, [m [0;32mExecution Cycle:   1[m
[0;34mPASS PATTERN NO.  321, [m [0;32mExecution Cycle:   1[m
[0;34mPASS PATTERN NO.  322, [m [0;32mExecution Cycle:   1[m
[0;34mPASS PATTERN NO.  323, [m [0;32mExecution Cycle:   1[m
[0;34mPASS PATTERN NO.  324, [m [0;32mExecution Cycle:   1[m
[0;34mPASS PATTERN NO.  325, [m [0;32mExecution Cycle:   1[m
[0;34mPASS PATTERN NO.  326, [m [0;32mExecution Cycle:   1[m
[0;34mPASS PATTERN NO.  327, [m [0;32mExecution Cycle:   1[m
[0;34mPASS PATTERN NO.  328, [m [0;32mExecution Cycle:   1[m
[0;34mPASS PATTERN NO.  329, [m [0;32mExecution Cycle:   1[m
[0;34mPASS PATTERN NO.  330, [m [0;32mExecution Cycle:   1[m
[0;34mPASS PATTERN NO.  331, [m [0;32mExecution Cycle:   1[m
[0;34mPASS PATTERN NO.  332, [m [0;32mExecution Cycle:   1[m
[0;34mPASS PATTERN NO.  333, [m [0;32mExecution Cycle:   1[m
[0;34mPASS PATTERN NO.  334, [m [0;32mExecution Cycle:   1[m
[0;34mPASS PATTERN NO.  335, [m [0;32mExecution Cycle:   1[m
[0;34mPASS PATTERN NO.  336, [m [0;32mExecution Cycle:   1[m
[0;34mPASS PATTERN NO.  337, [m [0;32mExecution Cycle:   1[m
[0;34mPASS PATTERN NO.  338, [m [0;32mExecution Cycle:   1[m
[0;34mPASS PATTERN NO.  339, [m [0;32mExecution Cycle:   1[m
[0;34mPASS PATTERN NO.  340, [m [0;32mExecution Cycle:   1[m
[0;34mPASS PATTERN NO.  341, [m [0;32mExecution Cycle:   1[m
[0;34mPASS PATTERN NO.  342, [m [0;32mExecution Cycle:   1[m
[0;34mPASS PATTERN NO.  343, [m [0;32mExecution Cycle:   1[m
[0;34mPASS PATTERN NO.  344, [m [0;32mExecution Cycle:   1[m
[0;34mPASS PATTERN NO.  345, [m [0;32mExecution Cycle:   1[m
[0;34mPASS PATTERN NO.  346, [m [0;32mExecution Cycle:   1[m
[0;34mPASS PATTERN NO.  347, [m [0;32mExecution Cycle:   1[m
[0;34mPASS PATTERN NO.  348, [m [0;32mExecution Cycle:   1[m
[0;34mPASS PATTERN NO.  349, [m [0;32mExecution Cycle:   1[m
[0;34mPASS PATTERN NO.  350, [m [0;32mExecution Cycle:   1[m
[0;34mPASS PATTERN NO.  351, [m [0;32mExecution Cycle:   1[m
[0;34mPASS PATTERN NO.  352, [m [0;32mExecution Cycle:   1[m
[0;34mPASS PATTERN NO.  353, [m [0;32mExecution Cycle:   1[m
[0;34mPASS PATTERN NO.  354, [m [0;32mExecution Cycle:   1[m
[0;34mPASS PATTERN NO.  355, [m [0;32mExecution Cycle:   1[m
[0;34mPASS PATTERN NO.  356, [m [0;32mExecution Cycle:   1[m
[0;34mPASS PATTERN NO.  357, [m [0;32mExecution Cycle:   1[m
[0;34mPASS PATTERN NO.  358, [m [0;32mExecution Cycle:   1[m
[0;34mPASS PATTERN NO.  359, [m [0;32mExecution Cycle:   1[m
[0;34mPASS PATTERN NO.  360, [m [0;32mExecution Cycle:   1[m
[0;34mPASS PATTERN NO.  361, [m [0;32mExecution Cycle:   1[m
[0;34mPASS PATTERN NO.  362, [m [0;32mExecution Cycle:   1[m
[0;34mPASS PATTERN NO.  363, [m [0;32mExecution Cycle:   1[m
[0;34mPASS PATTERN NO.  364, [m [0;32mExecution Cycle:   1[m
[0;34mPASS PATTERN NO.  365, [m [0;32mExecution Cycle:   1[m
[0;34mPASS PATTERN NO.  366, [m [0;32mExecution Cycle:   1[m
[0;34mPASS PATTERN NO.  367, [m [0;32mExecution Cycle:   1[m
[0;34mPASS PATTERN NO.  368, [m [0;32mExecution Cycle:   1[m
[0;34mPASS PATTERN NO.  369, [m [0;32mExecution Cycle:   1[m
[0;34mPASS PATTERN NO.  370, [m [0;32mExecution Cycle:   1[m
[0;34mPASS PATTERN NO.  371, [m [0;32mExecution Cycle:   1[m
[0;34mPASS PATTERN NO.  372, [m [0;32mExecution Cycle:   1[m
[0;34mPASS PATTERN NO.  373, [m [0;32mExecution Cycle:   1[m
[0;34mPASS PATTERN NO.  374, [m [0;32mExecution Cycle:   1[m
[0;34mPASS PATTERN NO.  375, [m [0;32mExecution Cycle:   1[m
[0;34mPASS PATTERN NO.  376, [m [0;32mExecution Cycle:   1[m
[0;34mPASS PATTERN NO.  377, [m [0;32mExecution Cycle:   1[m
[0;34mPASS PATTERN NO.  378, [m [0;32mExecution Cycle:   1[m
[0;34mPASS PATTERN NO.  379, [m [0;32mExecution Cycle:   1[m
[0;34mPASS PATTERN NO.  380, [m [0;32mExecution Cycle:   1[m
[0;34mPASS PATTERN NO.  381, [m [0;32mExecution Cycle:   1[m
[0;34mPASS PATTERN NO.  382, [m [0;32mExecution Cycle:   1[m
[0;34mPASS PATTERN NO.  383, [m [0;32mExecution Cycle:   1[m
[0;34mPASS PATTERN NO.  384, [m [0;32mExecution Cycle:   1[m
[0;34mPASS PATTERN NO.  385, [m [0;32mExecution Cycle:   1[m
[0;34mPASS PATTERN NO.  386, [m [0;32mExecution Cycle:   1[m
[0;34mPASS PATTERN NO.  387, [m [0;32mExecution Cycle:   1[m
[0;34mPASS PATTERN NO.  388, [m [0;32mExecution Cycle:   1[m
[0;34mPASS PATTERN NO.  389, [m [0;32mExecution Cycle:   1[m
[0;34mPASS PATTERN NO.  390, [m [0;32mExecution Cycle:   1[m
[0;34mPASS PATTERN NO.  391, [m [0;32mExecution Cycle:   1[m
[0;34mPASS PATTERN NO.  392, [m [0;32mExecution Cycle:   1[m
[0;34mPASS PATTERN NO.  393, [m [0;32mExecution Cycle:   1[m
Interrupt at time 457117500

finish
            V C S   S i m u l a t i o n   R e p o r t 
Time: 4571175000 ps
CPU Time:      1.590 seconds;       Data structure size:   0.1Mb
Tue Nov 12 18:35:29 2024
CPU time: 1.387 seconds to compile + .391 seconds to elab + .366 seconds to link + 1.628 seconds in simulation
