#======================================================
#
# Synopsys Synthesis Scripts (Design Vision dctcl mode)
#
#======================================================
#======================================================
# (A) Global Parameters
#======================================================
set DESIGN "BB"
BB
set CYCLE 10
10
set INPUT_DLY [expr 0.5*$CYCLE]
5.0
set OUTPUT_DLY [expr 0.5*$CYCLE]
5.0
#======================================================
# (B) Read RTL Code
#======================================================
# (B-1) analyze + elaborate
set hdlin_auto_save_templates TRUE
TRUE
analyze -f sverilog $DESIGN\.v 
Running PRESTO HDLC
Compiling source file ../01_RTL/BB.v
Presto compilation completed successfully.
Loading db file '/RAID2/COURSE/iclab/iclabTA01/umc018/Synthesis/slow.db'
Loading db file '/usr/cad/synopsys/synthesis/cur/libraries/syn/dw_foundation.sldb'
Loading db file '/usr/cad/synopsys/synthesis/cur/libraries/syn/standard.sldb'
1
elaborate $DESIGN  
Loading db file '/usr/cad/synopsys/synthesis/2022.03/libraries/syn/gtech.db'
Loading db file '/usr/cad/synopsys/synthesis/2022.03/libraries/syn/standard.sldb'
  Loading link library 'slow'
  Loading link library 'gtech'
Running PRESTO HDLC
Warning:  ../01_RTL/BB.v:105: DEFAULT branch of CASE statement cannot be reached. (ELAB-311)
Warning:  ../01_RTL/BB.v:187: DEFAULT branch of CASE statement cannot be reached. (ELAB-311)
Warning:  ../01_RTL/BB.v:247: DEFAULT branch of CASE statement cannot be reached. (ELAB-311)

Statistics for case statements in always block at line 56 in file
        '../01_RTL/BB.v'
===============================================
|           Line           |  full/ parallel  |
===============================================
|            57            |    auto/auto     |
===============================================

Statistics for case statements in always block at line 103 in file
        '../01_RTL/BB.v'
===============================================
|           Line           |  full/ parallel  |
===============================================
|           105            |    auto/auto     |
|           107            |    auto/auto     |
===============================================

Statistics for case statements in always block at line 185 in file
        '../01_RTL/BB.v'
===============================================
|           Line           |  full/ parallel  |
===============================================
|           187            |    auto/auto     |
===============================================

Statistics for case statements in always block at line 243 in file
        '../01_RTL/BB.v'
===============================================
|           Line           |  full/ parallel  |
===============================================
|           247            |    auto/auto     |
===============================================

Statistics for case statements in always block at line 311 in file
        '../01_RTL/BB.v'
===============================================
|           Line           |  full/ parallel  |
===============================================
|           323            |     no/auto      |
|           345            |     no/auto      |
===============================================

Statistics for case statements in always block at line 378 in file
        '../01_RTL/BB.v'
===============================================
|           Line           |  full/ parallel  |
===============================================
|           379            |    auto/auto     |
===============================================

Inferred memory devices in process
        in routine BB line 48 in file
                '../01_RTL/BB.v'.
===============================================================================
|    Register Name    |   Type    | Width | Bus | MB | AR | AS | SR | SS | ST |
===============================================================================
|      state_reg      | Flip-flop |   2   |  Y  | N  | Y  | N  | N  | N  | N  |
===============================================================================

Inferred memory devices in process
        in routine BB line 103 in file
                '../01_RTL/BB.v'.
===============================================================================
|    Register Name    |   Type    | Width | Bus | MB | AR | AS | SR | SS | ST |
===============================================================================
|    next_base_reg    | Flip-flop |   3   |  Y  | N  | N  | N  | N  | N  | N  |
===============================================================================

Inferred memory devices in process
        in routine BB line 185 in file
                '../01_RTL/BB.v'.
===============================================================================
|    Register Name    |   Type    | Width | Bus | MB | AR | AS | SR | SS | ST |
===============================================================================
|      outs_reg       | Flip-flop |   3   |  Y  | N  | N  | N  | N  | N  | N  |
===============================================================================

Inferred memory devices in process
        in routine BB line 243 in file
                '../01_RTL/BB.v'.
===============================================================================
|    Register Name    |   Type    | Width | Bus | MB | AR | AS | SR | SS | ST |
===============================================================================
|   next_score_reg    | Flip-flop |   4   |  Y  | N  | N  | N  | N  | N  | N  |
===============================================================================

Inferred memory devices in process
        in routine BB line 311 in file
                '../01_RTL/BB.v'.
===============================================================================
|    Register Name    |   Type    | Width | Bus | MB | AR | AS | SR | SS | ST |
===============================================================================
|     score_B_reg     | Flip-flop |   4   |  Y  | N  | Y  | N  | N  | N  | N  |
|     score_A_reg     | Flip-flop |   4   |  Y  | N  | Y  | N  | N  | N  | N  |
===============================================================================
Presto compilation completed successfully. (BB)
Elaborated 1 design.
Current design is now 'BB'.
1
# (B-2) read_sverilog
#read_sverilog $DESIGN\.v
# (B-3) set current design
current_design $DESIGN
Current design is 'BB'.
{BB}
link

  Linking design 'BB'
  Using the following designs and libraries:
  --------------------------------------------------------------------------
  BB                          /RAID2/COURSE/iclab/iclab143/Lab02/Exercise/02_SYN/BB.db
  slow (library)              /RAID2/COURSE/iclab/iclabTA01/umc018/Synthesis/slow.db
  dw_foundation.sldb (library) /usr/cad/synopsys/synthesis/cur/libraries/syn/dw_foundation.sldb

1
#======================================================
#  (C) Global Setting
#======================================================
#set_wire_load_mode top
#set_operating_conditions -max WCCOM -min BCCOM
#set_wire_load_model -name umc18_wl10 -library slow
#======================================================
#  (D) Set Design Constraints
#======================================================
# (D-1) Setting Clock Constraints
create_clock -name clk -period $CYCLE [get_ports clk] 
1
set_dont_touch_network             [get_clocks clk]
1
set_fix_hold                       [get_clocks clk]
1
set_clock_uncertainty       0.1    [get_clocks clk]
1
# set_clock_latency   -source 0      [get_clocks clk]
# set_clock_latency           1      [get_clocks clk] 
set_input_transition        0.5    [all_inputs] 
1
set_clock_transition        0.1    [all_clocks] 
1
# (D-2) Setting in/out Constraints
set_input_delay   -max  $INPUT_DLY  -clock clk   [all_inputs] ;  # set_up time check 
1
set_input_delay   -min  0           -clock clk   [all_inputs] ;  # hold   time check 
1
set_output_delay  -max  $OUTPUT_DLY -clock clk   [all_outputs] ; # set_up time check 
1
set_output_delay  -min  0           -clock clk   [all_outputs] ; # hold   time check 
1
set_input_delay 0 -clock clk clk
1
set_input_delay 0 -clock clk rst_n
1
#set_max_delay $CYCLE -from [all_inputs] -to [all_outputs]
# (D-3) Setting Design Environment
# set_driving_cell -library umc18io3v5v_slow -lib_cell P2C    -pin {Y}  [get_ports clk]
# set_driving_cell -library umc18io3v5v_slow -lib_cell P2C    -pin {Y}  [remove_from_collection [all_inputs] [get_ports clk]]
# set_load  [load_of "umc18io3v5v_slow/P8C/A"]       [all_outputs] ; # ~= 0.038
set_load 0.05 [all_outputs]
1
# (D-4) Setting DRC Constraint
#set_max_delay           0     ; # Optimize delay max effort                 
#set_max_area            0      ; # Optimize area max effort           
set_max_transition      3       [all_inputs]   ; # U18 LUT Max Transition Value  
1
set_max_capacitance     0.15    [all_inputs]   ; # U18 LUT Max Capacitance Value
1
set_max_fanout          10      [all_inputs]
1
# set_dont_use slow/JKFF*
#set_dont_touch [get_cells core_reg_macro]
#set hdlin_ff_always_sync_set_reset true
# (D-5) Report Clock skew
report_clock -skew clk
Information: Checking out the license 'DesignWare'. (SEC-104)
Information: Updating design information... (UID-85)
 
****************************************
Report : clock_skew
Design : BB
Version: T-2022.03
Date   : Sun Sep 22 22:07:07 2024
****************************************

                 Rise      Fall  Min Rise  Min fall        Uncertainty
Object          Delay     Delay     Delay     Delay     Plus      Minus
--------------------------------------------------------------------------------
clk                 -         -         -         -      0.10      0.10

                 Max Transition      Min Transition
Object           Rise      Fall      Rise      Fall
-------------------------------------------------------
clk              0.10      0.10      0.10      0.10
1
check_timing

Information: Checking generated_clocks...

Information: Checking loops...

Information: Checking no_input_delay...

Information: Checking unconstrained_endpoints...

Information: Checking pulse_clock_cell_type...

Information: Checking no_driving_cell...

Information: Checking partial_input_delay...
1
#======================================================
#  (E) Optimization
#======================================================
check_design > Report/$DESIGN\.check
set_fix_multiple_port_nets -all -buffer_constants [get_designs *]
1
set_fix_hold [all_clocks]
1
compile_ultra
Information: Performing power optimization. (PWR-850)
Alib files are up-to-date.
Information: Running optimization using a maximum of 4 cores. (OPT-1500)
Information: Evaluating DesignWare library utilization. (UISN-27)

============================================================================
| DesignWare Building Block Library  |         Version         | Available |
============================================================================
| Basic DW Building Blocks           | S-2021.06-DWBB_202106.0 |     *     |
| Licensed DW Building Blocks        | S-2021.06-DWBB_202106.0 |     *     |
============================================================================

====================================================================================================
| Flow Information                                                                                 |
----------------------------------------------------------------------------------------------------
| Flow         | Design Compiler NXT WLM                                                           |
| Comand line  | compile_ultra                                                                     |
====================================================================================================
| Design Information                                      | Value                                  |
====================================================================================================
| Number of Scenarios                                     | 0                                      |
| Leaf Cell Count                                         | 410                                    |
| Number of User Hierarchies                              | 0                                      |
| Sequential Cell Count                                   | 20                                     |
| Macro Count                                             | 0                                      |
| Number of Power Domains                                 | 0                                      |
| Number of Path Groups                                   | 2                                      |
| Number of VT class                                      | 0                                      |
| Number of Clocks                                        | 1                                      |
| Number of Dont Touch cells                              | 175                                    |
| Number of Dont Touch nets                               | 1                                      |
| Number of size only cells                               | 0                                      |
| Design with UPF Data                                    | false                                  |
----------------------------------------------------------------------------------------------------
| Variables                                               | Value                                  |
----------------------------------------------------------------------------------------------------
| set_fix_multiple_port_nets                              | -all -buffer_constants                 |
====================================================================================================
Information: Sequential output inversion is enabled.  SVF file must be used for formal verification. (OPT-1208)

Information: There are 25 potential problems in your design. Please run 'check_design' for more information. (LINT-99)

  Simplifying Design 'BB'

Loaded alib file './alib-52/slow.db.alib'
  Building model 'DW01_NAND2'
Information: Ungrouping 0 of 1 hierarchies before Pass 1 (OPT-775)
Information: State dependent leakage is now switched from on to off.

  Beginning Pass 1 Mapping
  ------------------------
  Processing 'BB'
Information: Added key list 'DesignWare' to design 'BB'. (DDB-72)
 Implement Synthetic for 'BB'.

  Updating timing information
Information: Updating design information... (UID-85)
Information: The library cell 'HOLDX1' in the library 'slow' is not characterized for internal power. (PWR-536)
Information: The target library(s) contains cell(s), other than black boxes, that are not characterized for internal power. (PWR-24)
Information: The register 'outs_reg[2]' is a constant and will be removed. (OPT-1206)

  Beginning Mapping Optimizations  (Ultra High effort)
  -------------------------------
Information: There is no timing violation in design BB. Delay-based auto_ungroup will not be performed. (OPT-780)

                                  TOTAL                                                            
   ELAPSED            WORST NEG   SETUP    DESIGN                              LEAKAGE   MIN DELAY 
    TIME      AREA      SLACK     COST    RULE COST         ENDPOINT            POWER      COST    
  --------- --------- --------- --------- --------- ------------------------- --------- -----------
    0:00:02    4364.2      0.00       0.0       0.0                           440059.2812      0.00  
    0:00:02    4364.2      0.00       0.0       0.0                           440059.2812      0.00  

  Beginning Constant Register Removal
  -----------------------------------
    0:00:02    4364.2      0.00       0.0       0.0                           440059.2812      0.00  
    0:00:02    4364.2      0.00       0.0       0.0                           440059.2812      0.00  

  Beginning Global Optimizations
  ------------------------------
  Numerical Synthesis (Phase 1)
  Numerical Synthesis (Phase 2)
  Global Optimization (Phase 1)
  Global Optimization (Phase 2)
  Global Optimization (Phase 3)
  Global Optimization (Phase 4)
  Global Optimization (Phase 5)
  Global Optimization (Phase 6)
  Global Optimization (Phase 7)
  Global Optimization (Phase 8)
  Global Optimization (Phase 9)
  Global Optimization (Phase 10)
  Global Optimization (Phase 11)
  Global Optimization (Phase 12)
  Global Optimization (Phase 13)
  Global Optimization (Phase 14)
  Global Optimization (Phase 15)
  Global Optimization (Phase 16)
  Global Optimization (Phase 17)
  Global Optimization (Phase 18)
  Global Optimization (Phase 19)
  Global Optimization (Phase 20)
  Global Optimization (Phase 21)
  Global Optimization (Phase 22)
  Global Optimization (Phase 23)
  Global Optimization (Phase 24)
  Global Optimization (Phase 25)
  Global Optimization (Phase 26)
  Global Optimization (Phase 27)
  Global Optimization (Phase 28)
  Global Optimization (Phase 29)

  Beginning Isolate Ports
  -----------------------

  Beginning Delay Optimization
  ----------------------------
    0:00:02    3788.8      0.00       0.0       0.0                           297916.5000      0.00  
    0:00:02    3788.8      0.00       0.0       0.0                           297916.5000      0.00  
    0:00:02    3788.8      0.00       0.0       0.0                           297916.5000      0.00  
    0:00:02    3778.8      0.00       0.0       0.0                           284898.5938      0.00  
    0:00:02    3778.8      0.00       0.0       0.0                           284898.5938      0.00  
    0:00:02    3778.8      0.00       0.0       0.0                           284898.5938      0.00  

  Beginning WLM Backend Optimization
  --------------------------------------
    0:00:03    3782.1      0.00       0.0       0.0                           281892.7500      0.00  
    0:00:03    3782.1      0.00       0.0       0.0                           281892.7500      0.00  
    0:00:03    3782.1      0.00       0.0       0.0                           281892.7500      0.00  
    0:00:03    3782.1      0.00       0.0       0.0                           278003.3125      0.00  
    0:00:03    3782.1      0.00       0.0       0.0                           278003.3125      0.00  
    0:00:03    3782.1      0.00       0.0       0.0                           278003.3125      0.00  
    0:00:03    3782.1      0.00       0.0       0.0                           278003.3125      0.00  
    0:00:03    3782.1      0.00       0.0       0.0                           278003.3125      0.00  
    0:00:03    3782.1      0.00       0.0       0.0                           278003.3125      0.00  
    0:00:03    3782.1      0.00       0.0       0.0                           278003.3125      0.00  
    0:00:03    3782.1      0.00       0.0       0.0                           278003.3125      0.00  
    0:00:03    3782.1      0.00       0.0       0.0                           278003.3125      0.00  
    0:00:03    3782.1      0.00       0.0       0.0                           278003.3125      0.00  
    0:00:03    3782.1      0.00       0.0       0.0                           278003.3125      0.00  
    0:00:03    3782.1      0.00       0.0       0.0                           278003.3125      0.00  
    0:00:03    3782.1      0.00       0.0       0.0                           278003.3125      0.00  
    0:00:03    3782.1      0.00       0.0       0.0                           278003.3125      0.00  
    0:00:03    3782.1      0.00       0.0       0.0                           278003.3125      0.00  
    0:00:03    3782.1      0.00       0.0       0.0                           278003.3125      0.00  
    0:00:03    3782.1      0.00       0.0       0.0                           278003.3125      0.00  
    0:00:03    3782.1      0.00       0.0       0.0                           278003.3125      0.00  
    0:00:03    3782.1      0.00       0.0       0.0                           278003.3125      0.00  
    0:00:03    3782.1      0.00       0.0       0.0                           278003.3125      0.00  
    0:00:03    3782.1      0.00       0.0       0.0                           278003.3125      0.00  


  Beginning Leakage Power Optimization  (max_leakage_power 0)
  ------------------------------------

                                  TOTAL                                                            
   ELAPSED            WORST NEG   SETUP    DESIGN                              LEAKAGE   MIN DELAY 
    TIME      AREA      SLACK     COST    RULE COST         ENDPOINT            POWER      COST    
  --------- --------- --------- --------- --------- ------------------------- --------- -----------
    0:00:03    3782.1      0.00       0.0       0.0                           278003.3125      0.00  
  Global Optimization (Phase 30)
  Global Optimization (Phase 31)
  Global Optimization (Phase 32)
  Global Optimization (Phase 33)
  Global Optimization (Phase 34)
  Global Optimization (Phase 35)
  Global Optimization (Phase 36)
  Global Optimization (Phase 37)
  Global Optimization (Phase 38)
  Global Optimization (Phase 39)
  Global Optimization (Phase 40)
  Global Optimization (Phase 41)
    0:00:03    3871.9      0.00       0.0       0.0                           229809.7500      0.00  
    0:00:03    3871.9      0.00       0.0       0.0                           229809.7500      0.00  
    0:00:03    3871.9      0.00       0.0       0.0                           229809.7500      0.00  
    0:00:03    3848.6      0.00       0.0       0.0                           231284.2500      0.00  
    0:00:03    3848.6      0.00       0.0       0.0                           231284.2500      0.00  
    0:00:03    3848.6      0.00       0.0       0.0                           231284.2500      0.00  
    0:00:03    3848.6      0.00       0.0       0.0                           231284.2500      0.00  
    0:00:03    3848.6      0.00       0.0       0.0                           231284.2500      0.00  
    0:00:03    3848.6      0.00       0.0       0.0                           231284.2500      0.00  
    0:00:03    3848.6      0.00       0.0       0.0                           231284.2500      0.00  
    0:00:03    3848.6      0.00       0.0       0.0                           231284.2500      0.00  
    0:00:03    3848.6      0.00       0.0       0.0                           231284.2500      0.00  
    0:00:03    3848.6      0.00       0.0       0.0                           231284.2500      0.00  
    0:00:03    3848.6      0.00       0.0       0.0                           231284.2500      0.00  
    0:00:03    3848.6      0.00       0.0       0.0                           231284.2500      0.00  
    0:00:03    3848.6      0.00       0.0       0.0                           231284.2500      0.00  
    0:00:03    3848.6      0.00       0.0       0.0                           231284.2500      0.00  
    0:00:03    3848.6      0.00       0.0       0.0                           231284.2500      0.00  
    0:00:03    3848.6      0.00       0.0       0.0                           231284.2500      0.00  
    0:00:03    3848.6      0.00       0.0       0.0                           231284.2500      0.00  
    0:00:03    3848.6      0.00       0.0       0.0                           231284.2500      0.00  
    0:00:03    3848.6      0.00       0.0       0.0                           231284.2500      0.00  

                                  TOTAL                                                            
   ELAPSED            WORST NEG   SETUP    DESIGN                              LEAKAGE   MIN DELAY 
    TIME      AREA      SLACK     COST    RULE COST         ENDPOINT            POWER      COST    
  --------- --------- --------- --------- --------- ------------------------- --------- -----------
    0:00:03    3848.6      0.00       0.0       0.0                           231284.2500      0.00  
    0:00:03    3775.5      0.00       0.0       0.0                           235918.3594      0.00  
    0:00:03    3775.5      0.00       0.0       0.0                           235918.3594      0.00  
    0:00:03    3775.5      0.00       0.0       0.0                           235918.3594      0.00  
    0:00:03    3775.5      0.00       0.0       0.0                           235918.3594      0.00  
    0:00:03    3815.4      0.00       0.0       0.0                           233390.6719      0.00  
    0:00:03    3815.4      0.00       0.0       0.0                           233390.6719      0.00  
    0:00:03    3815.4      0.00       0.0       0.0                           233390.6719      0.00  
    0:00:03    3815.4      0.00       0.0       0.0                           233390.6719      0.00  
    0:00:03    3815.4      0.00       0.0       0.0                           233390.6719      0.00  
    0:00:03    3815.4      0.00       0.0       0.0                           233390.6719      0.00  
Loading db file '/RAID2/COURSE/iclab/iclabTA01/umc018/Synthesis/slow.db'


Note: Symbol # after min delay cost means estimated hold TNS across all active scenarios 


  Optimization Complete
  ---------------------
Information: State dependent leakage is now switched from off to on.
Information: Propagating switching activity (low effort zero delay simulation). (PWR-6)
1
#uniquify
#compile
#======================================================
#  (F) Output Reports 
#======================================================
report_design  >  Report/$DESIGN\.design
report_resource >  Report/$DESIGN\.resource
report_timing -max_paths 3 >  Report/$DESIGN\.timing
report_area >  Report/$DESIGN\.area
report_power > Report/$DESIGN\.power
report_clock > Report/$DESIGN\.clock
report_port >  Report/$DESIGN\.port
report_power >  Report/$DESIGN\.power
#report_reference > Report/$DESIGN\.reference
#======================================================
#  (G) Change Naming Rule
#======================================================
set bus_inference_style "%s\[%d\]"
%s[%d]
set bus_naming_style "%s\[%d\]"
%s[%d]
set hdlout_internal_busses true
true
change_names -hierarchy -rule verilog
1
define_name_rules name_rule -allowed "a-z A-Z 0-9 _" -max_length 255 -type cell
1
define_name_rules name_rule -allowed "a-z A-Z 0-9 _[]" -max_length 255 -type net
1
define_name_rules name_rule -map {{"\\*cell\\*" "cell"}}
1
define_name_rules name_rule -case_insensitive
1
change_names -hierarchy -rules name_rule
1
#======================================================
#  (H) Output Results
#======================================================
set verilogout_higher_designs_first true
true
write -format verilog -output Netlist/$DESIGN\_SYN.v -hierarchy
Writing verilog file '/RAID2/COURSE/iclab/iclab143/Lab02/Exercise/02_SYN/Netlist/BB_SYN.v'.
1
write -format ddc     -hierarchy -output $DESIGN\_SYN.ddc
Writing ddc file 'BB_SYN.ddc'.
1
write_sdf -version 3.0 -context verilog -load_delay cell Netlist/$DESIGN\_SYN.sdf -significant_digits 6
Information: Writing timing information to file '/RAID2/COURSE/iclab/iclab143/Lab02/Exercise/02_SYN/Netlist/BB_SYN.sdf'. (WT-3)
1
write_sdc Netlist/$DESIGN\_SYN.sdc
1
#======================================================
#  (I) Finish and Quit
#======================================================
report_area
 
****************************************
Report : area
Design : BB
Version: T-2022.03
Date   : Sun Sep 22 22:07:12 2024
****************************************

Library(s) Used:

    slow (File: /RAID2/COURSE/iclab/iclabTA01/umc018/Synthesis/slow.db)

Number of ports:                           20
Number of nets:                           197
Number of cells:                          178
Number of combinational cells:            159
Number of sequential cells:                19
Number of macros/black boxes:               0
Number of buf/inv:                         24
Number of references:                      30

Combinational area:               2577.960051
Buf/Inv area:                      239.500809
Noncombinational area:            1237.420792
Macro/Black Box area:                0.000000
Net Interconnect area:      undefined  (No wire load specified)

Total cell area:                  3815.380842
Total area:                 undefined
1
report_timing 
 
****************************************
Report : timing
        -path full
        -delay max
        -max_paths 1
Design : BB
Version: T-2022.03
Date   : Sun Sep 22 22:07:12 2024
****************************************

Operating Conditions: slow   Library: slow
Wire Load Model Mode: top

  Startpoint: score_A_reg_1_
              (rising edge-triggered flip-flop clocked by clk)
  Endpoint: result[1] (output port clocked by clk)
  Path Group: clk
  Path Type: max

  Point                                    Incr       Path
  -----------------------------------------------------------
  clock clk (rise edge)                    0.00       0.00
  clock network delay (ideal)              0.00       0.00
  score_A_reg_1_/CK (DFFRHQXL)             0.00       0.00 r
  score_A_reg_1_/Q (DFFRHQXL)              1.39       1.39 r
  U163/Y (NAND2XL)                         0.11       1.50 f
  U168/Y (NAND2XL)                         0.18       1.68 r
  U167/Y (OAI22XL)                         0.16       1.84 f
  U166/Y (AOI2BB2XL)                       0.22       2.06 r
  U165/Y (OAI22XL)                         0.19       2.25 f
  U226/Y (NOR4BXL)                         1.34       3.59 r
  result[1] (out)                          0.00       3.59 r
  data arrival time                                   3.59

  clock clk (rise edge)                   10.00      10.00
  clock network delay (ideal)              0.00      10.00
  clock uncertainty                       -0.10       9.90
  output external delay                   -5.00       4.90
  data required time                                  4.90
  -----------------------------------------------------------
  data required time                                  4.90
  data arrival time                                  -3.59
  -----------------------------------------------------------
  slack (MET)                                         1.31


1
exit

Memory usage for this session 220 Mbytes.
Memory usage for this session including child processes 380 Mbytes.
CPU usage for this session 6 seconds ( 0.00 hours ).
Elapsed time for this session 10 seconds ( 0.00 hours ).

Thank you...

