Command: vcs -timescale=1ns/1fs -j8 -sverilog +v2k -full64 -Mupdate -R -debug_access+all \
-y /usr/cad/synopsys/synthesis/cur/dw/sim_ver/ +libext+.v -f filelist.f -o simv -l \
vcs.log -P /usr/cad/synopsys/verdi/2019.06//share/PLI/VCS/linux64/novas.tab /usr/cad/synopsys/verdi/2019.06//share/PLI/VCS/linux64/pli.a \
+define+RTL +notimingchecks
*** Using c compiler gcc instead of cc ...
                         Chronologic VCS (TM)
         Version T-2022.06_Full64 -- Mon Oct 14 12:48:31 2024

                    Copyright (c) 1991 - 2022 Synopsys, Inc.
   This software and the associated documentation are proprietary to Synopsys,
 Inc. This software may only be used in accordance with the terms and conditions
 of a written license agreement with Synopsys, Inc. All other use, reproduction,
   or distribution of this software is strictly prohibited.  Licensed Products
     communicate with Synopsys servers for the purpose of providing software
    updates, detecting software piracy and verifying that customers are using
    Licensed Products in conformity with the applicable License Key for such
  Licensed Products. Synopsys will use information gathered in connection with
    this process to deliver software updates and pursue software pirates and
                                   infringers.

 Inclusivity & Diversity - Visit SolvNetPlus to read the "Synopsys Statement on
            Inclusivity and Diversity" (Refer to article 000036315 at
                        https://solvnetplus.synopsys.com)

Parsing design file 'TESTBED.v'
Parsing included file 'PATTERN.vp'.
Back to file 'TESTBED.v'.
Parsing included file 'TMIP.v'.
Back to file 'TESTBED.v'.
Parsing design file '../04_MEM/MEM_3.v'
Top Level Modules:
       TESTBED
TimeScale is 10 ps / 1 ps
Starting vcs inline pass...


Note-[VCS_PARAL] Parallel code-gen enabled
  VCS is running with parallel code generation(-j)...

6 modules and 0 UDP read.
recompiling module PATTERN
	However, due to incremental compilation, only 1 module needs to be compiled. 
make[1]: Entering directory `/RAID2/COURSE/iclab/iclab143/Lab05_2024A/Exercise/01_RTL/csrc' \

rm -f _cuarc*.so _csrc*.so pre_vcsobj_*.so share_vcsobj_*.so
ld -shared  -Bsymbolic   -o .//../simv.daidir//_cuarc0.so objs/amcQw_d.o 
rm -f _cuarc0.so
if [ -x ../simv ]; then chmod a-x ../simv; fi
g++  -o ../simv      -rdynamic  -Wl,-rpath='$ORIGIN'/simv.daidir -Wl,-rpath=./simv.daidir \
-Wl,-rpath=/usr/cad/synopsys/vcs/2022.06/linux64/lib -L/usr/cad/synopsys/vcs/2022.06/linux64/lib \
-Wl,-rpath-link=./  /usr/lib64/libnuma.so.1     _190254_archive_1.so _190275_archive_1.so \
_prev_archive_1.so _cuarc0.so  SIM_l.o      rmapats_mop.o rmapats.o rmar.o rmar_nd.o \
rmar_llvm_0_1.o rmar_llvm_0_0.o           -lvirsim -lerrorinf -lsnpsmalloc -lvfs \
/usr/cad/synopsys/verdi/2019.06//share/PLI/VCS/linux64/pli.a    -lvcsnew -lsimprofile \
-luclinative /usr/cad/synopsys/vcs/2022.06/linux64/lib/vcs_tls.o   -Wl,-whole-archive \
-lvcsucli    -Wl,-no-whole-archive        _vcs_pli_stub_.o   /usr/cad/synopsys/vcs/2022.06/linux64/lib/vcs_save_restore_new.o \
/usr/cad/synopsys/verdi/2019.06//share/PLI/VCS/LINUX64/pli.a -ldl -lm  -lc -lpthread \
-ldl 
../simv up to date
make[1]: Leaving directory `/RAID2/COURSE/iclab/iclab143/Lab05_2024A/Exercise/01_RTL/csrc' \

Command: /RAID2/COURSE/iclab/iclab143/Lab05_2024A/Exercise/01_RTL/./simv +v2k +libext+.v -a vcs.log +define+RTL +notimingchecks
Chronologic VCS simulator copyright 1991-2022
Contains Synopsys proprietary information.
Compiler version T-2022.06_Full64; Runtime version T-2022.06_Full64;  Oct 14 12:48 2024
[0;34m =========== Pattern:  0 =========== [m
[0;32m $ Pass set: 0, latency:  154 [m
[0;32m $ Pass set: 1, latency:   36 [m
[0;32m $ Pass set: 2, latency:  118 [m
[0;32m $ Pass set: 3, latency:  231 [m
[0;32m $ Pass set: 4, latency:  183 [m
[0;32m $ Pass set: 5, latency:   36 [m
[0;32m $ Pass set: 6, latency:  267 [m
[0;32m $ Pass set: 7, latency:   36 [m
[0;33m ###### Pass pattern:  0 ###### [m
[0;34m =========== Pattern:  1 =========== [m
[0;32m $ Pass set: 0, latency:   12 [m
[0;32m $ Pass set: 1, latency:   67 [m
[0;32m $ Pass set: 2, latency:   48 [m
[0;32m $ Pass set: 3, latency:   31 [m
[0;32m $ Pass set: 4, latency:   14 [m
[0;32m $ Pass set: 5, latency:   48 [m
[0;32m $ Pass set: 6, latency:   67 [m
[0;32m $ Pass set: 7, latency:   12 [m
[0;33m ###### Pass pattern:  1 ###### [m
[0;34m =========== Pattern:  2 =========== [m
[0;32m $ Pass set: 0, latency:  122 [m
[0;32m $ Pass set: 1, latency:  101 [m
[0;32m $ Pass set: 2, latency:   53 [m
[0;32m $ Pass set: 3, latency:  185 [m
[0;32m $ Pass set: 4, latency:   53 [m
[0;32m $ Pass set: 5, latency:  137 [m
[0;32m $ Pass set: 6, latency:   63 [m
[0;32m $ Pass set: 7, latency:  361 [m
[0;33m ###### Pass pattern:  2 ###### [m
[0;34m =========== Pattern:  3 =========== [m
[0;32m $ Pass set: 0, latency: 1160 [m
[0;32m $ Pass set: 1, latency:  650 [m
[0;32m $ Pass set: 2, latency:  136 [m
[0;32m $ Pass set: 3, latency:  329 [m
[0;32m $ Pass set: 4, latency:  266 [m
[0;32m $ Pass set: 5, latency:  136 [m
[0;32m $ Pass set: 6, latency:  346 [m
[0;32m $ Pass set: 7, latency:  218 [m
[0;33m ###### Pass pattern:  3 ###### [m
[0;34m =========== Pattern:  4 =========== [m
[0;32m $ Pass set: 0, latency:  132 [m
[0;32m $ Pass set: 1, latency:  134 [m
[0;32m $ Pass set: 2, latency:  648 [m
[0;32m $ Pass set: 3, latency:  460 [m
[0;32m $ Pass set: 4, latency:  199 [m
[0;32m $ Pass set: 5, latency:  389 [m
[0;32m $ Pass set: 6, latency:  540 [m
[0;32m $ Pass set: 7, latency:  648 [m
[0;33m ###### Pass pattern:  4 ###### [m
[0;34m =========== Pattern:  5 =========== [m
[0;32m $ Pass set: 0, latency:   12 [m
[0;32m $ Pass set: 1, latency:   12 [m
[0;32m $ Pass set: 2, latency:   12 [m
[0;32m $ Pass set: 3, latency:   69 [m
[0;32m $ Pass set: 4, latency:   63 [m
[0;32m $ Pass set: 5, latency:   48 [m
[0;32m $ Pass set: 6, latency:   12 [m
[0;32m $ Pass set: 7, latency:   67 [m
[0;33m ###### Pass pattern:  5 ###### [m
[0;34m =========== Pattern:  6 =========== [m
[0;32m $ Pass set: 0, latency:   84 [m
[0;32m $ Pass set: 1, latency:   12 [m
[0;32m $ Pass set: 2, latency:   46 [m
[0;32m $ Pass set: 3, latency:   31 [m
[0;32m $ Pass set: 4, latency:   39 [m
[0;32m $ Pass set: 5, latency:   67 [m
[0;32m $ Pass set: 6, latency:   50 [m
[0;32m $ Pass set: 7, latency:   12 [m
[0;33m ###### Pass pattern:  6 ###### [m
[0;34m =========== Pattern:  7 =========== [m
[0;32m $ Pass set: 0, latency:  250 [m
[0;32m $ Pass set: 1, latency:   91 [m
[0;32m $ Pass set: 2, latency:  231 [m
[0;32m $ Pass set: 3, latency:   89 [m
[0;32m $ Pass set: 4, latency:  187 [m
[0;32m $ Pass set: 5, latency:   87 [m
[0;32m $ Pass set: 6, latency:  118 [m
[0;32m $ Pass set: 7, latency:  168 [m
[0;33m ###### Pass pattern:  7 ###### [m
[0;34m =========== Pattern:  8 =========== [m
[0;32m $ Pass set: 0, latency:  168 [m
[0;32m $ Pass set: 1, latency:  108 [m
[0;32m $ Pass set: 2, latency:  233 [m
[0;32m $ Pass set: 3, latency:   36 [m
[0;32m $ Pass set: 4, latency:  296 [m
[0;32m $ Pass set: 5, latency:  168 [m
[0;32m $ Pass set: 6, latency:   36 [m
[0;32m $ Pass set: 7, latency:  105 [m
[0;33m ###### Pass pattern:  8 ###### [m
[0;34m =========== Pattern:  9 =========== [m
[0;32m $ Pass set: 0, latency:  715 [m
[0;32m $ Pass set: 1, latency:  132 [m
[0;32m $ Pass set: 2, latency:  348 [m
[0;32m $ Pass set: 3, latency:  132 [m
[0;32m $ Pass set: 4, latency: 1290 [m
[0;32m $ Pass set: 5, latency:  650 [m
[0;32m $ Pass set: 6, latency:  197 [m
[0;32m $ Pass set: 7, latency:  132 [m
[0;33m ###### Pass pattern:  9 ###### [m
[0;34m =========== Pattern: 10 =========== [m
[0;32m $ Pass set: 0, latency:  108 [m
[0;32m $ Pass set: 1, latency:  250 [m
[0;32m $ Pass set: 2, latency:   59 [m
[0;32m $ Pass set: 3, latency:  101 [m
[0;32m $ Pass set: 4, latency:   38 [m
[0;32m $ Pass set: 5, latency:  138 [m
[0;32m $ Pass set: 6, latency:   36 [m
[0;32m $ Pass set: 7, latency:   61 [m
[0;33m ###### Pass pattern: 10 ###### [m
[0;34m =========== Pattern: 11 =========== [m
[0;32m $ Pass set: 0, latency:   84 [m
[0;32m $ Pass set: 1, latency:   97 [m
[0;32m $ Pass set: 2, latency:   99 [m
[0;32m $ Pass set: 3, latency:   46 [m
[0;32m $ Pass set: 4, latency:   29 [m
[0;32m $ Pass set: 5, latency:   14 [m
[0;32m $ Pass set: 6, latency:   12 [m
[0;32m $ Pass set: 7, latency:   84 [m
[0;33m ###### Pass pattern: 11 ###### [m
[0;34m =========== Pattern: 12 =========== [m
[0;32m $ Pass set: 0, latency:  237 [m
[0;32m $ Pass set: 1, latency:  909 [m
[0;32m $ Pass set: 2, latency:  457 [m
[0;32m $ Pass set: 3, latency:  389 [m
[0;32m $ Pass set: 4, latency:  521 [m
[0;32m $ Pass set: 5, latency:  132 [m
[0;32m $ Pass set: 6, latency:  538 [m
[0;32m $ Pass set: 7, latency:  460 [m
[0;33m ###### Pass pattern: 12 ###### [m
[0;34m =========== Pattern: 13 =========== [m
[0;32m $ Pass set: 0, latency:  329 [m
[0;32m $ Pass set: 1, latency:  252 [m
[0;32m $ Pass set: 2, latency:  298 [m
[0;32m $ Pass set: 3, latency:  132 [m
[0;32m $ Pass set: 4, latency:  650 [m
[0;32m $ Pass set: 5, latency: 1002 [m
[0;32m $ Pass set: 6, latency:  411 [m
[0;32m $ Pass set: 7, latency:  279 [m
[0;33m ###### Pass pattern: 13 ###### [m
[0;34m =========== Pattern: 14 =========== [m
[0;32m $ Pass set: 0, latency:  281 [m
[0;32m $ Pass set: 1, latency:  648 [m
[0;32m $ Pass set: 2, latency:  197 [m
[0;32m $ Pass set: 3, latency:  264 [m
[0;32m $ Pass set: 4, latency:  197 [m
[0;32m $ Pass set: 5, latency:  391 [m
[0;32m $ Pass set: 6, latency:  905 [m
[0;32m $ Pass set: 7, latency:  315 [m
[0;33m ###### Pass pattern: 14 ###### [m
[0;34m =========== Pattern: 15 =========== [m
[0;32m $ Pass set: 0, latency:   12 [m
[0;32m $ Pass set: 1, latency:   65 [m
[0;32m $ Pass set: 2, latency:   29 [m
[0;32m $ Pass set: 3, latency:   65 [m
[0;32m $ Pass set: 4, latency:   46 [m
[0;32m $ Pass set: 5, latency:   54 [m
[0;32m $ Pass set: 6, latency:   31 [m
[0;32m $ Pass set: 7, latency:   31 [m
[0;33m ###### Pass pattern: 15 ###### [m
[0;34m =========== Pattern: 16 =========== [m
[0;32m $ Pass set: 0, latency:  250 [m
[0;32m $ Pass set: 1, latency:  101 [m
[0;32m $ Pass set: 2, latency:  202 [m
[0;32m $ Pass set: 3, latency:   36 [m
[0;32m $ Pass set: 4, latency:  172 [m
[0;32m $ Pass set: 5, latency:  231 [m
[0;32m $ Pass set: 6, latency:  166 [m
[0;32m $ Pass set: 7, latency:  171 [m
[0;33m ###### Pass pattern: 16 ###### [m
[0;34m =========== Pattern: 17 =========== [m
[0;32m $ Pass set: 0, latency:  166 [m
[0;32m $ Pass set: 1, latency:   53 [m
[0;32m $ Pass set: 2, latency:  237 [m
[0;32m $ Pass set: 3, latency:  101 [m
[0;32m $ Pass set: 4, latency:  166 [m
[0;32m $ Pass set: 5, latency:   74 [m
[0;32m $ Pass set: 6, latency:  296 [m
[0;32m $ Pass set: 7, latency:  106 [m
[0;33m ###### Pass pattern: 17 ###### [m
[0;34m =========== Pattern: 18 =========== [m
[0;32m $ Pass set: 0, latency:   16 [m
[0;32m $ Pass set: 1, latency:   33 [m
[0;32m $ Pass set: 2, latency:   31 [m
[0;32m $ Pass set: 3, latency:   31 [m
[0;32m $ Pass set: 4, latency:   14 [m
[0;32m $ Pass set: 5, latency:   12 [m
[0;32m $ Pass set: 6, latency:   35 [m
[0;32m $ Pass set: 7, latency:   67 [m
[0;33m ###### Pass pattern: 18 ###### [m
[0;34m =========== Pattern: 19 =========== [m
[0;32m $ Pass set: 0, latency:   46 [m
[0;32m $ Pass set: 1, latency:   12 [m
[0;32m $ Pass set: 2, latency:   52 [m
[0;32m $ Pass set: 3, latency:   65 [m
[0;32m $ Pass set: 4, latency:   65 [m
[0;32m $ Pass set: 5, latency:   12 [m
[0;32m $ Pass set: 6, latency:   69 [m
[0;32m $ Pass set: 7, latency:   50 [m
[0;33m ###### Pass pattern: 19 ###### [m
[0;34m =========== Pattern: 20 =========== [m
[0;32m $ Pass set: 0, latency:  104 [m
[0;32m $ Pass set: 1, latency:  300 [m
[0;32m $ Pass set: 2, latency:   36 [m
[0;32m $ Pass set: 3, latency:   38 [m
[0;32m $ Pass set: 4, latency:   91 [m
[0;32m $ Pass set: 5, latency:   36 [m
[0;32m $ Pass set: 6, latency:   91 [m
[0;32m $ Pass set: 7, latency:  103 [m
[0;33m ###### Pass pattern: 20 ###### [m
[0;34m =========== Pattern: 21 =========== [m
[0;32m $ Pass set: 0, latency:  903 [m
[0;32m $ Pass set: 1, latency:  903 [m
[0;32m $ Pass set: 2, latency:  519 [m
[0;32m $ Pass set: 3, latency:  456 [m
[0;32m $ Pass set: 4, latency:  646 [m
[0;32m $ Pass set: 5, latency:  651 [m
[0;32m $ Pass set: 6, latency:  648 [m
[0;32m $ Pass set: 7, latency:  389 [m
[0;33m ###### Pass pattern: 21 ###### [m
[0;34m =========== Pattern: 22 =========== [m
[0;32m $ Pass set: 0, latency:  648 [m
[0;32m $ Pass set: 1, latency:  646 [m
[0;32m $ Pass set: 2, latency:  776 [m
[0;32m $ Pass set: 3, latency: 1164 [m
[0;32m $ Pass set: 4, latency:  298 [m
[0;32m $ Pass set: 5, latency:  905 [m
[0;32m $ Pass set: 6, latency:  586 [m
[0;32m $ Pass set: 7, latency:  396 [m
[0;33m ###### Pass pattern: 22 ###### [m
[0;34m =========== Pattern: 23 =========== [m
[0;32m $ Pass set: 0, latency:  166 [m
[0;32m $ Pass set: 1, latency:  168 [m
[0;32m $ Pass set: 2, latency:   55 [m
[0;32m $ Pass set: 3, latency:   36 [m
[0;32m $ Pass set: 4, latency:   72 [m
[0;32m $ Pass set: 5, latency:  235 [m
[0;32m $ Pass set: 6, latency:  139 [m
[0;32m $ Pass set: 7, latency:  139 [m
[0;33m ###### Pass pattern: 23 ###### [m
[0;34m =========== Pattern: 24 =========== [m
[0;32m $ Pass set: 0, latency:  475 [m
[0;32m $ Pass set: 1, latency: 1162 [m
[0;32m $ Pass set: 2, latency:  392 [m
[0;32m $ Pass set: 3, latency:  199 [m
[0;32m $ Pass set: 4, latency:  391 [m
[0;32m $ Pass set: 5, latency:  132 [m
[0;32m $ Pass set: 6, latency:  488 [m
[0;32m $ Pass set: 7, latency:  715 [m
[0;33m ###### Pass pattern: 24 ###### [m
[0;34m =========== Pattern: 25 =========== [m
[0;32m $ Pass set: 0, latency:  201 [m
[0;32m $ Pass set: 1, latency:  711 [m
[0;32m $ Pass set: 2, latency:  713 [m
[0;32m $ Pass set: 3, latency:  132 [m
[0;32m $ Pass set: 4, latency:  283 [m
[0;32m $ Pass set: 5, latency:  197 [m
[0;32m $ Pass set: 6, latency:  903 [m
[0;32m $ Pass set: 7, latency:  235 [m
[0;33m ###### Pass pattern: 25 ###### [m
[0;34m =========== Pattern: 26 =========== [m
[0;32m $ Pass set: 0, latency:  108 [m
[0;32m $ Pass set: 1, latency:  118 [m
[0;32m $ Pass set: 2, latency:   36 [m
[0;32m $ Pass set: 3, latency:  296 [m
[0;32m $ Pass set: 4, latency:  170 [m
[0;32m $ Pass set: 5, latency:   36 [m
[0;32m $ Pass set: 6, latency:   36 [m
[0;32m $ Pass set: 7, latency:   36 [m
[0;33m ###### Pass pattern: 26 ###### [m
[0;34m =========== Pattern: 27 =========== [m
[0;32m $ Pass set: 0, latency: 1050 [m
[0;32m $ Pass set: 1, latency:  389 [m
[0;32m $ Pass set: 2, latency:  331 [m
[0;32m $ Pass set: 3, latency:  454 [m
[0;32m $ Pass set: 4, latency:  197 [m
[0;32m $ Pass set: 5, latency:  315 [m
[0;32m $ Pass set: 6, latency:  454 [m
[0;32m $ Pass set: 7, latency:  132 [m
[0;33m ###### Pass pattern: 27 ###### [m
[0;34m =========== Pattern: 28 =========== [m
[0;32m $ Pass set: 0, latency:   50 [m
[0;32m $ Pass set: 1, latency:   33 [m
[0;32m $ Pass set: 2, latency:   65 [m
[0;32m $ Pass set: 3, latency:   82 [m
[0;32m $ Pass set: 4, latency:   84 [m
[0;32m $ Pass set: 5, latency:   16 [m
[0;32m $ Pass set: 6, latency:   63 [m
[0;32m $ Pass set: 7, latency:   82 [m
[0;33m ###### Pass pattern: 28 ###### [m
[0;34m =========== Pattern: 29 =========== [m
[0;32m $ Pass set: 0, latency:  907 [m
[0;32m $ Pass set: 1, latency: 1160 [m
[0;32m $ Pass set: 2, latency:  132 [m
[0;32m $ Pass set: 3, latency:  132 [m
[0;32m $ Pass set: 4, latency:  648 [m
[0;32m $ Pass set: 5, latency:  132 [m
[0;32m $ Pass set: 6, latency:  903 [m
[0;32m $ Pass set: 7, latency:  391 [m
[0;33m ###### Pass pattern: 29 ###### [m
[0;34m =========== Pattern: 30 =========== [m
[0;32m $ Pass set: 0, latency:   33 [m
[0;32m $ Pass set: 1, latency:   69 [m
[0;32m $ Pass set: 2, latency:   29 [m
[0;32m $ Pass set: 3, latency:   52 [m
[0;32m $ Pass set: 4, latency:   33 [m
[0;32m $ Pass set: 5, latency:   80 [m
[0;32m $ Pass set: 6, latency:   39 [m
[0;32m $ Pass set: 7, latency:   14 [m
[0;33m ###### Pass pattern: 30 ###### [m
[0;34m =========== Pattern: 31 =========== [m
[0;32m $ Pass set: 0, latency:  395 [m
[0;32m $ Pass set: 1, latency:  132 [m
[0;32m $ Pass set: 2, latency:  134 [m
[0;32m $ Pass set: 3, latency:  970 [m
[0;32m $ Pass set: 4, latency:  905 [m
[0;32m $ Pass set: 5, latency:  650 [m
[0;32m $ Pass set: 6, latency:  197 [m
[0;32m $ Pass set: 7, latency:  586 [m
[0;33m ###### Pass pattern: 31 ###### [m
[0;34m =========== Pattern: 32 =========== [m
[0;32m $ Pass set: 0, latency:   48 [m
[0;32m $ Pass set: 1, latency:   12 [m
[0;32m $ Pass set: 2, latency:   82 [m
[0;32m $ Pass set: 3, latency:   29 [m
[0;32m $ Pass set: 4, latency:   35 [m
[0;32m $ Pass set: 5, latency:   50 [m
[0;32m $ Pass set: 6, latency:   39 [m
[0;32m $ Pass set: 7, latency:   82 [m
[0;33m ###### Pass pattern: 32 ###### [m
[0;34m =========== Pattern: 33 =========== [m
[0;32m $ Pass set: 0, latency:  730 [m
[0;32m $ Pass set: 1, latency:  909 [m
[0;32m $ Pass set: 2, latency:  266 [m
[0;32m $ Pass set: 3, latency:  262 [m
[0;32m $ Pass set: 4, latency:  456 [m
[0;32m $ Pass set: 5, latency:  132 [m
[0;32m $ Pass set: 6, latency:  132 [m
[0;32m $ Pass set: 7, latency: 1164 [m
[0;33m ###### Pass pattern: 33 ###### [m
[0;34m =========== Pattern: 34 =========== [m
[0;32m $ Pass set: 0, latency:   38 [m
[0;32m $ Pass set: 1, latency:   36 [m
[0;32m $ Pass set: 2, latency:  103 [m
[0;32m $ Pass set: 3, latency:  126 [m
[0;32m $ Pass set: 4, latency:  101 [m
[0;32m $ Pass set: 5, latency:  103 [m
[0;32m $ Pass set: 6, latency:   53 [m
[0;32m $ Pass set: 7, latency:  103 [m
[0;33m ###### Pass pattern: 34 ###### [m
[0;34m =========== Pattern: 35 =========== [m
[0;32m $ Pass set: 0, latency:   33 [m
[0;32m $ Pass set: 1, latency:   48 [m
[0;32m $ Pass set: 2, latency:   99 [m
[0;32m $ Pass set: 3, latency:   65 [m
[0;32m $ Pass set: 4, latency:   67 [m
[0;32m $ Pass set: 5, latency:   84 [m
[0;32m $ Pass set: 6, latency:   67 [m
[0;32m $ Pass set: 7, latency:   12 [m
[0;33m ###### Pass pattern: 35 ###### [m
[0;34m =========== Pattern: 36 =========== [m
[0;32m $ Pass set: 0, latency:   36 [m
[0;32m $ Pass set: 1, latency:  108 [m
[0;32m $ Pass set: 2, latency:  237 [m
[0;32m $ Pass set: 3, latency:  106 [m
[0;32m $ Pass set: 4, latency:   59 [m
[0;32m $ Pass set: 5, latency:  101 [m
[0;32m $ Pass set: 6, latency:  235 [m
[0;32m $ Pass set: 7, latency:  250 [m
[0;33m ###### Pass pattern: 36 ###### [m
[0;34m =========== Pattern: 37 =========== [m
[0;32m $ Pass set: 0, latency:  473 [m
[0;32m $ Pass set: 1, latency:  132 [m
[0;32m $ Pass set: 2, latency:  132 [m
[0;32m $ Pass set: 3, latency:  747 [m
[0;32m $ Pass set: 4, latency:  713 [m
[0;32m $ Pass set: 5, latency:  132 [m
[0;32m $ Pass set: 6, latency:  972 [m
[0;32m $ Pass set: 7, latency:  907 [m
[0;33m ###### Pass pattern: 37 ###### [m
[0;34m =========== Pattern: 38 =========== [m
[0;32m $ Pass set: 0, latency:   35 [m
[0;32m $ Pass set: 1, latency:   16 [m
[0;32m $ Pass set: 2, latency:   50 [m
[0;32m $ Pass set: 3, latency:   12 [m
[0;32m $ Pass set: 4, latency:   20 [m
[0;32m $ Pass set: 5, latency:   29 [m
[0;32m $ Pass set: 6, latency:   65 [m
[0;32m $ Pass set: 7, latency:   80 [m
[0;33m ###### Pass pattern: 38 ###### [m
[0;34m =========== Pattern: 39 =========== [m
[0;32m $ Pass set: 0, latency:  296 [m
[0;32m $ Pass set: 1, latency:  237 [m
[0;32m $ Pass set: 2, latency:  646 [m
[0;32m $ Pass set: 3, latency:  776 [m
[0;32m $ Pass set: 4, latency:  475 [m
[0;32m $ Pass set: 5, latency:  285 [m
[0;32m $ Pass set: 6, latency:  650 [m
[0;32m $ Pass set: 7, latency:  490 [m
[0;33m ###### Pass pattern: 39 ###### [m
[0;34m =========== Pattern: 40 =========== [m
[0;32m $ Pass set: 0, latency: 1674 [m
[0;32m $ Pass set: 1, latency:  132 [m
[0;32m $ Pass set: 2, latency:  329 [m
[0;32m $ Pass set: 3, latency:  650 [m
[0;32m $ Pass set: 4, latency:  389 [m
[0;32m $ Pass set: 5, latency:  389 [m
[0;32m $ Pass set: 6, latency: 1164 [m
[0;32m $ Pass set: 7, latency:  134 [m
[0;33m ###### Pass pattern: 40 ###### [m
[0;34m =========== Pattern: 41 =========== [m
[0;32m $ Pass set: 0, latency:  648 [m
[0;32m $ Pass set: 1, latency:  132 [m
[0;32m $ Pass set: 2, latency:  393 [m
[0;32m $ Pass set: 3, latency:  456 [m
[0;32m $ Pass set: 4, latency:  201 [m
[0;32m $ Pass set: 5, latency:  389 [m
[0;32m $ Pass set: 6, latency:  650 [m
[0;32m $ Pass set: 7, latency:  648 [m
[0;33m ###### Pass pattern: 41 ###### [m
[0;34m =========== Pattern: 42 =========== [m
[0;32m $ Pass set: 0, latency:  101 [m
[0;32m $ Pass set: 1, latency:  139 [m
[0;32m $ Pass set: 2, latency:   70 [m
[0;32m $ Pass set: 3, latency:   70 [m
[0;32m $ Pass set: 4, latency:  204 [m
[0;32m $ Pass set: 5, latency:  183 [m
[0;32m $ Pass set: 6, latency:   36 [m
[0;32m $ Pass set: 7, latency:   53 [m
[0;33m ###### Pass pattern: 42 ###### [m
[0;34m =========== Pattern: 43 =========== [m
[0;32m $ Pass set: 0, latency:   54 [m
[0;32m $ Pass set: 1, latency:   48 [m
[0;32m $ Pass set: 2, latency:   12 [m
[0;32m $ Pass set: 3, latency:   46 [m
[0;32m $ Pass set: 4, latency:   14 [m
[0;32m $ Pass set: 5, latency:   52 [m
[0;32m $ Pass set: 6, latency:   12 [m
[0;32m $ Pass set: 7, latency:   14 [m
[0;33m ###### Pass pattern: 43 ###### [m
[0;34m =========== Pattern: 44 =========== [m
[0;32m $ Pass set: 0, latency:   52 [m
[0;32m $ Pass set: 1, latency:   63 [m
[0;32m $ Pass set: 2, latency:   14 [m
[0;32m $ Pass set: 3, latency:   24 [m
[0;32m $ Pass set: 4, latency:   29 [m
[0;32m $ Pass set: 5, latency:   67 [m
[0;32m $ Pass set: 6, latency:   52 [m
[0;32m $ Pass set: 7, latency:   16 [m
[0;33m ###### Pass pattern: 44 ###### [m
[0;34m =========== Pattern: 45 =========== [m
[0;32m $ Pass set: 0, latency:   12 [m
[0;32m $ Pass set: 1, latency:   31 [m
[0;32m $ Pass set: 2, latency:   46 [m
[0;32m $ Pass set: 3, latency:   12 [m
[0;32m $ Pass set: 4, latency:   52 [m
[0;32m $ Pass set: 5, latency:   12 [m
[0;32m $ Pass set: 6, latency:   46 [m
[0;32m $ Pass set: 7, latency:   46 [m
[0;33m ###### Pass pattern: 45 ###### [m
[0;34m =========== Pattern: 46 =========== [m
[0;32m $ Pass set: 0, latency:   31 [m
[0;32m $ Pass set: 1, latency:   14 [m
[0;32m $ Pass set: 2, latency:   67 [m
[0;32m $ Pass set: 3, latency:   63 [m
[0;32m $ Pass set: 4, latency:   29 [m
[0;32m $ Pass set: 5, latency:   12 [m
[0;32m $ Pass set: 6, latency:   84 [m
[0;32m $ Pass set: 7, latency:   67 [m
[0;33m ###### Pass pattern: 46 ###### [m
[0;34m =========== Pattern: 47 =========== [m
[0;32m $ Pass set: 0, latency:   12 [m
[0;32m $ Pass set: 1, latency:   12 [m
[0;32m $ Pass set: 2, latency:   80 [m
[0;32m $ Pass set: 3, latency:   14 [m
[0;32m $ Pass set: 4, latency:   29 [m
[0;32m $ Pass set: 5, latency:   33 [m
[0;32m $ Pass set: 6, latency:   67 [m
[0;32m $ Pass set: 7, latency:   37 [m
[0;33m ###### Pass pattern: 47 ###### [m
[0;34m =========== Pattern: 48 =========== [m
[0;32m $ Pass set: 0, latency:   50 [m
[0;32m $ Pass set: 1, latency:   69 [m
[0;32m $ Pass set: 2, latency:   46 [m
[0;32m $ Pass set: 3, latency:   18 [m
[0;32m $ Pass set: 4, latency:   67 [m
[0;32m $ Pass set: 5, latency:   48 [m
[0;32m $ Pass set: 6, latency:   54 [m
[0;32m $ Pass set: 7, latency:   14 [m
[0;33m ###### Pass pattern: 48 ###### [m
[0;34m =========== Pattern: 49 =========== [m
[0;32m $ Pass set: 0, latency:   89 [m
[0;32m $ Pass set: 1, latency:  363 [m
[0;32m $ Pass set: 2, latency:  137 [m
[0;32m $ Pass set: 3, latency:  103 [m
[0;32m $ Pass set: 4, latency:  168 [m
[0;32m $ Pass set: 5, latency:  363 [m
[0;32m $ Pass set: 6, latency:  200 [m
[0;32m $ Pass set: 7, latency:   36 [m
[0;33m ###### Pass pattern: 49 ###### [m
[0;34m =========== Pattern: 50 =========== [m
[0;32m $ Pass set: 0, latency:  156 [m
[0;32m $ Pass set: 1, latency:  185 [m
[0;32m $ Pass set: 2, latency:   36 [m
[0;32m $ Pass set: 3, latency:  298 [m
[0;32m $ Pass set: 4, latency:  122 [m
[0;32m $ Pass set: 5, latency:   36 [m
[0;32m $ Pass set: 6, latency:  103 [m
[0;32m $ Pass set: 7, latency:   93 [m
[0;33m ###### Pass pattern: 50 ###### [m
[0;34m =========== Pattern: 51 =========== [m
[0;32m $ Pass set: 0, latency:  204 [m
[0;32m $ Pass set: 1, latency:   93 [m
[0;32m $ Pass set: 2, latency:  101 [m
[0;32m $ Pass set: 3, latency:  122 [m
[0;32m $ Pass set: 4, latency:   87 [m
[0;32m $ Pass set: 5, latency:   93 [m
[0;32m $ Pass set: 6, latency:   78 [m
[0;32m $ Pass set: 7, latency:  296 [m
[0;33m ###### Pass pattern: 51 ###### [m
[0;34m =========== Pattern: 52 =========== [m
[0;32m $ Pass set: 0, latency:  329 [m
[0;32m $ Pass set: 1, latency:  651 [m
[0;32m $ Pass set: 2, latency:  586 [m
[0;32m $ Pass set: 3, latency:  650 [m
[0;32m $ Pass set: 4, latency:  197 [m
[0;32m $ Pass set: 5, latency:  132 [m
[0;32m $ Pass set: 6, latency:  648 [m
[0;32m $ Pass set: 7, latency:  905 [m
[0;33m ###### Pass pattern: 52 ###### [m
[0;34m =========== Pattern: 53 =========== [m
[0;32m $ Pass set: 0, latency:   82 [m
[0;32m $ Pass set: 1, latency:   63 [m
[0;32m $ Pass set: 2, latency:   29 [m
[0;32m $ Pass set: 3, latency:   54 [m
[0;32m $ Pass set: 4, latency:   12 [m
[0;32m $ Pass set: 5, latency:   12 [m
[0;32m $ Pass set: 6, latency:   14 [m
[0;32m $ Pass set: 7, latency:   29 [m
[0;33m ###### Pass pattern: 53 ###### [m
[0;34m =========== Pattern: 54 =========== [m
[0;32m $ Pass set: 0, latency:  458 [m
[0;32m $ Pass set: 1, latency:  711 [m
[0;32m $ Pass set: 2, latency:  987 [m
[0;32m $ Pass set: 3, latency:  391 [m
[0;32m $ Pass set: 4, latency:  264 [m
[0;32m $ Pass set: 5, latency:  197 [m
[0;32m $ Pass set: 6, latency:  132 [m
[0;32m $ Pass set: 7, latency:  570 [m
[0;33m ###### Pass pattern: 54 ###### [m
[0;34m =========== Pattern: 55 =========== [m
[0;32m $ Pass set: 0, latency:   29 [m
[0;32m $ Pass set: 1, latency:   31 [m
[0;32m $ Pass set: 2, latency:   46 [m
[0;32m $ Pass set: 3, latency:   67 [m
[0;32m $ Pass set: 4, latency:   46 [m
[0;32m $ Pass set: 5, latency:   52 [m
[0;32m $ Pass set: 6, latency:   39 [m
[0;32m $ Pass set: 7, latency:   46 [m
[0;33m ###### Pass pattern: 55 ###### [m
[0;34m =========== Pattern: 56 =========== [m
[0;32m $ Pass set: 0, latency:  313 [m
[0;32m $ Pass set: 1, latency:   36 [m
[0;32m $ Pass set: 2, latency:   78 [m
[0;32m $ Pass set: 3, latency:   57 [m
[0;32m $ Pass set: 4, latency:   74 [m
[0;32m $ Pass set: 5, latency:   93 [m
[0;32m $ Pass set: 6, latency:   38 [m
[0;32m $ Pass set: 7, latency:  101 [m
[0;33m ###### Pass pattern: 56 ###### [m
[0;34m =========== Pattern: 57 =========== [m
[0;32m $ Pass set: 0, latency: 1419 [m
[0;32m $ Pass set: 1, latency:  648 [m
[0;32m $ Pass set: 2, latency:  394 [m
[0;32m $ Pass set: 3, latency:  389 [m
[0;32m $ Pass set: 4, latency:  490 [m
[0;32m $ Pass set: 5, latency: 1164 [m
[0;32m $ Pass set: 6, latency:  132 [m
[0;32m $ Pass set: 7, latency:  715 [m
[0;33m ###### Pass pattern: 57 ###### [m
[0;34m =========== Pattern: 58 =========== [m
[0;32m $ Pass set: 0, latency:  905 [m
[0;32m $ Pass set: 1, latency:  134 [m
[0;32m $ Pass set: 2, latency:  132 [m
[0;32m $ Pass set: 3, latency:  134 [m
[0;32m $ Pass set: 4, latency:  214 [m
[0;32m $ Pass set: 5, latency: 1160 [m
[0;32m $ Pass set: 6, latency:  132 [m
[0;32m $ Pass set: 7, latency:  132 [m
[0;33m ###### Pass pattern: 58 ###### [m
[0;34m =========== Pattern: 59 =========== [m
[0;32m $ Pass set: 0, latency:   12 [m
[0;32m $ Pass set: 1, latency:   65 [m
[0;32m $ Pass set: 2, latency:   29 [m
[0;32m $ Pass set: 3, latency:   29 [m
[0;32m $ Pass set: 4, latency:   12 [m
[0;32m $ Pass set: 5, latency:   12 [m
[0;32m $ Pass set: 6, latency:   31 [m
[0;32m $ Pass set: 7, latency:   69 [m
[0;33m ###### Pass pattern: 59 ###### [m
[0;34m =========== Pattern: 60 =========== [m
[0;32m $ Pass set: 0, latency:  103 [m
[0;32m $ Pass set: 1, latency:  154 [m
[0;32m $ Pass set: 2, latency:   70 [m
[0;32m $ Pass set: 3, latency:  166 [m
[0;32m $ Pass set: 4, latency:  166 [m
[0;32m $ Pass set: 5, latency:  166 [m
[0;32m $ Pass set: 6, latency:   53 [m
[0;32m $ Pass set: 7, latency:   89 [m
[0;33m ###### Pass pattern: 60 ###### [m
[0;34m =========== Pattern: 61 =========== [m
[0;32m $ Pass set: 0, latency:  903 [m
[0;32m $ Pass set: 1, latency:  134 [m
[0;32m $ Pass set: 2, latency:  214 [m
[0;32m $ Pass set: 3, latency:  132 [m
[0;32m $ Pass set: 4, latency:  505 [m
[0;32m $ Pass set: 5, latency:  391 [m
[0;32m $ Pass set: 6, latency:  132 [m
[0;32m $ Pass set: 7, latency:  488 [m
[0;33m ###### Pass pattern: 61 ###### [m
[0;34m =========== Pattern: 62 =========== [m
[0;32m $ Pass set: 0, latency:   74 [m
[0;32m $ Pass set: 1, latency:  120 [m
[0;32m $ Pass set: 2, latency:  135 [m
[0;32m $ Pass set: 3, latency:   93 [m
[0;32m $ Pass set: 4, latency:  168 [m
[0;32m $ Pass set: 5, latency:  298 [m
[0;32m $ Pass set: 6, latency:   55 [m
[0;32m $ Pass set: 7, latency:   70 [m
[0;33m ###### Pass pattern: 62 ###### [m
[0;34m =========== Pattern: 63 =========== [m
[0;32m $ Pass set: 0, latency:  985 [m
[0;32m $ Pass set: 1, latency:  391 [m
[0;32m $ Pass set: 2, latency:  646 [m
[0;32m $ Pass set: 3, latency:  905 [m
[0;32m $ Pass set: 4, latency:  378 [m
[0;32m $ Pass set: 5, latency:  646 [m
[0;32m $ Pass set: 6, latency:  218 [m
[0;32m $ Pass set: 7, latency:  389 [m
[0;33m ###### Pass pattern: 63 ###### [m
[0;34m =========== Pattern: 64 =========== [m
[0;32m $ Pass set: 0, latency:   12 [m
[0;32m $ Pass set: 1, latency:   67 [m
[0;32m $ Pass set: 2, latency:   33 [m
[0;32m $ Pass set: 3, latency:   48 [m
[0;32m $ Pass set: 4, latency:   48 [m
[0;32m $ Pass set: 5, latency:   46 [m
[0;32m $ Pass set: 6, latency:   12 [m
[0;32m $ Pass set: 7, latency:   29 [m
[0;33m ###### Pass pattern: 64 ###### [m
[0;34m =========== Pattern: 65 =========== [m
[0;32m $ Pass set: 0, latency:   57 [m
[0;32m $ Pass set: 1, latency:   55 [m
[0;32m $ Pass set: 2, latency:  141 [m
[0;32m $ Pass set: 3, latency:   38 [m
[0;32m $ Pass set: 4, latency:   55 [m
[0;32m $ Pass set: 5, latency:  120 [m
[0;32m $ Pass set: 6, latency:   40 [m
[0;32m $ Pass set: 7, latency:   87 [m
[0;33m ###### Pass pattern: 65 ###### [m
[0;34m =========== Pattern: 66 =========== [m
[0;32m $ Pass set: 0, latency:  646 [m
[0;32m $ Pass set: 1, latency:  646 [m
[0;32m $ Pass set: 2, latency:  393 [m
[0;32m $ Pass set: 3, latency:  970 [m
[0;32m $ Pass set: 4, latency:  298 [m
[0;32m $ Pass set: 5, latency:  235 [m
[0;32m $ Pass set: 6, latency:  586 [m
[0;32m $ Pass set: 7, latency: 1225 [m
[0;33m ###### Pass pattern: 66 ###### [m
[0;34m =========== Pattern: 67 =========== [m
[0;32m $ Pass set: 0, latency:   36 [m
[0;32m $ Pass set: 1, latency:   78 [m
[0;32m $ Pass set: 2, latency:   89 [m
[0;32m $ Pass set: 3, latency:   74 [m
[0;32m $ Pass set: 4, latency:   70 [m
[0;32m $ Pass set: 5, latency:   36 [m
[0;32m $ Pass set: 6, latency:  103 [m
[0;32m $ Pass set: 7, latency:  231 [m
[0;33m ###### Pass pattern: 67 ###### [m
[0;34m =========== Pattern: 68 =========== [m
[0;32m $ Pass set: 0, latency:  132 [m
[0;32m $ Pass set: 1, latency:  652 [m
[0;32m $ Pass set: 2, latency:  197 [m
[0;32m $ Pass set: 3, latency:  132 [m
[0;32m $ Pass set: 4, latency:  394 [m
[0;32m $ Pass set: 5, latency:  471 [m
[0;32m $ Pass set: 6, latency:  132 [m
[0;32m $ Pass set: 7, latency:  327 [m
[0;33m ###### Pass pattern: 68 ###### [m
[0;34m =========== Pattern: 69 =========== [m
[0;32m $ Pass set: 0, latency:   48 [m
[0;32m $ Pass set: 1, latency:   46 [m
[0;32m $ Pass set: 2, latency:   48 [m
[0;32m $ Pass set: 3, latency:   54 [m
[0;32m $ Pass set: 4, latency:   14 [m
[0;32m $ Pass set: 5, latency:   37 [m
[0;32m $ Pass set: 6, latency:   35 [m
[0;32m $ Pass set: 7, latency:   12 [m
[0;33m ###### Pass pattern: 69 ###### [m
[0;34m =========== Pattern: 70 =========== [m
[0;32m $ Pass set: 0, latency:   50 [m
[0;32m $ Pass set: 1, latency:   14 [m
[0;32m $ Pass set: 2, latency:   12 [m
[0;32m $ Pass set: 3, latency:   54 [m
[0;32m $ Pass set: 4, latency:   50 [m
[0;32m $ Pass set: 5, latency:   67 [m
[0;32m $ Pass set: 6, latency:   12 [m
[0;32m $ Pass set: 7, latency:   67 [m
[0;33m ###### Pass pattern: 70 ###### [m
[0;34m =========== Pattern: 71 =========== [m
[0;32m $ Pass set: 0, latency:  103 [m
[0;32m $ Pass set: 1, latency:  170 [m
[0;32m $ Pass set: 2, latency:   74 [m
[0;32m $ Pass set: 3, latency:  171 [m
[0;32m $ Pass set: 4, latency:   74 [m
[0;32m $ Pass set: 5, latency:   38 [m
[0;32m $ Pass set: 6, latency:  250 [m
[0;32m $ Pass set: 7, latency:   38 [m
[0;33m ###### Pass pattern: 71 ###### [m
[0;34m =========== Pattern: 72 =========== [m
[0;32m $ Pass set: 0, latency:   76 [m
[0;32m $ Pass set: 1, latency:   55 [m
[0;32m $ Pass set: 2, latency:  105 [m
[0;32m $ Pass set: 3, latency:  172 [m
[0;32m $ Pass set: 4, latency:  187 [m
[0;32m $ Pass set: 5, latency:   36 [m
[0;32m $ Pass set: 6, latency:  120 [m
[0;32m $ Pass set: 7, latency:  204 [m
[0;33m ###### Pass pattern: 72 ###### [m
[0;34m =========== Pattern: 73 =========== [m
[0;32m $ Pass set: 0, latency:   48 [m
[0;32m $ Pass set: 1, latency:   14 [m
[0;32m $ Pass set: 2, latency:   12 [m
[0;32m $ Pass set: 3, latency:   12 [m
[0;32m $ Pass set: 4, latency:   50 [m
[0;32m $ Pass set: 5, latency:   69 [m
[0;32m $ Pass set: 6, latency:   50 [m
[0;32m $ Pass set: 7, latency:   84 [m
[0;33m ###### Pass pattern: 73 ###### [m
[0;34m =========== Pattern: 74 =========== [m
[0;32m $ Pass set: 0, latency:  488 [m
[0;32m $ Pass set: 1, latency:  795 [m
[0;32m $ Pass set: 2, latency:  523 [m
[0;32m $ Pass set: 3, latency: 1098 [m
[0;32m $ Pass set: 4, latency:  843 [m
[0;32m $ Pass set: 5, latency:  650 [m
[0;32m $ Pass set: 6, latency:  132 [m
[0;32m $ Pass set: 7, latency:  525 [m
[0;33m ###### Pass pattern: 74 ###### [m
[0;34m =========== Pattern: 75 =========== [m
[0;32m $ Pass set: 0, latency:  137 [m
[0;32m $ Pass set: 1, latency:   38 [m
[0;32m $ Pass set: 2, latency:   36 [m
[0;32m $ Pass set: 3, latency:   93 [m
[0;32m $ Pass set: 4, latency:   93 [m
[0;32m $ Pass set: 5, latency:  233 [m
[0;32m $ Pass set: 6, latency:   63 [m
[0;32m $ Pass set: 7, latency:  101 [m
[0;33m ###### Pass pattern: 75 ###### [m
[0;34m =========== Pattern: 76 =========== [m
[0;32m $ Pass set: 0, latency:   29 [m
[0;32m $ Pass set: 1, latency:   80 [m
[0;32m $ Pass set: 2, latency:   48 [m
[0;32m $ Pass set: 3, latency:   54 [m
[0;32m $ Pass set: 4, latency:   82 [m
[0;32m $ Pass set: 5, latency:   12 [m
[0;32m $ Pass set: 6, latency:   48 [m
[0;32m $ Pass set: 7, latency:   12 [m
[0;33m ###### Pass pattern: 76 ###### [m
[0;34m =========== Pattern: 77 =========== [m
[0;32m $ Pass set: 0, latency:  396 [m
[0;32m $ Pass set: 1, latency:  648 [m
[0;32m $ Pass set: 2, latency:  711 [m
[0;32m $ Pass set: 3, latency:  972 [m
[0;32m $ Pass set: 4, latency:  778 [m
[0;32m $ Pass set: 5, latency:  134 [m
[0;32m $ Pass set: 6, latency:  132 [m
[0;32m $ Pass set: 7, latency:  648 [m
[0;33m ###### Pass pattern: 77 ###### [m
[0;34m =========== Pattern: 78 =========== [m
[0;32m $ Pass set: 0, latency:  391 [m
[0;32m $ Pass set: 1, latency:  454 [m
[0;32m $ Pass set: 2, latency:  648 [m
[0;32m $ Pass set: 3, latency:  454 [m
[0;32m $ Pass set: 4, latency:  134 [m
[0;32m $ Pass set: 5, latency:  471 [m
[0;32m $ Pass set: 6, latency:  454 [m
[0;32m $ Pass set: 7, latency:  586 [m
[0;33m ###### Pass pattern: 78 ###### [m
[0;34m =========== Pattern: 79 =========== [m
[0;32m $ Pass set: 0, latency:   87 [m
[0;32m $ Pass set: 1, latency:   36 [m
[0;32m $ Pass set: 2, latency:  233 [m
[0;32m $ Pass set: 3, latency:  231 [m
[0;32m $ Pass set: 4, latency:   76 [m
[0;32m $ Pass set: 5, latency:  202 [m
[0;32m $ Pass set: 6, latency:  189 [m
[0;32m $ Pass set: 7, latency:  248 [m
[0;33m ###### Pass pattern: 79 ###### [m
[0;34m =========== Pattern: 80 =========== [m
[0;32m $ Pass set: 0, latency:   78 [m
[0;32m $ Pass set: 1, latency:  187 [m
[0;32m $ Pass set: 2, latency:   55 [m
[0;32m $ Pass set: 3, latency:   76 [m
[0;32m $ Pass set: 4, latency:  233 [m
[0;32m $ Pass set: 5, latency:  231 [m
[0;32m $ Pass set: 6, latency:  231 [m
[0;32m $ Pass set: 7, latency:  107 [m
[0;33m ###### Pass pattern: 80 ###### [m
[0;34m =========== Pattern: 81 =========== [m
[0;32m $ Pass set: 0, latency:   12 [m
[0;32m $ Pass set: 1, latency:   31 [m
[0;32m $ Pass set: 2, latency:   69 [m
[0;32m $ Pass set: 3, latency:   69 [m
[0;32m $ Pass set: 4, latency:   50 [m
[0;32m $ Pass set: 5, latency:   52 [m
[0;32m $ Pass set: 6, latency:   33 [m
[0;32m $ Pass set: 7, latency:   16 [m
[0;33m ###### Pass pattern: 81 ###### [m
[0;34m =========== Pattern: 82 =========== [m
[0;32m $ Pass set: 0, latency:  409 [m
[0;32m $ Pass set: 1, latency:  266 [m
[0;32m $ Pass set: 2, latency:  136 [m
[0;32m $ Pass set: 3, latency:  132 [m
[0;32m $ Pass set: 4, latency:  970 [m
[0;32m $ Pass set: 5, latency:  132 [m
[0;32m $ Pass set: 6, latency:  214 [m
[0;32m $ Pass set: 7, latency:  199 [m
[0;33m ###### Pass pattern: 82 ###### [m
[0;34m =========== Pattern: 83 =========== [m
[0;32m $ Pass set: 0, latency:   36 [m
[0;32m $ Pass set: 1, latency:  231 [m
[0;32m $ Pass set: 2, latency:  141 [m
[0;32m $ Pass set: 3, latency:   91 [m
[0;32m $ Pass set: 4, latency:   36 [m
[0;32m $ Pass set: 5, latency:   36 [m
[0;32m $ Pass set: 6, latency:   38 [m
[0;32m $ Pass set: 7, latency:  168 [m
[0;33m ###### Pass pattern: 83 ###### [m
[0;34m =========== Pattern: 84 =========== [m
[0;32m $ Pass set: 0, latency:  134 [m
[0;32m $ Pass set: 1, latency: 1419 [m
[0;32m $ Pass set: 2, latency:  132 [m
[0;32m $ Pass set: 3, latency:  327 [m
[0;32m $ Pass set: 4, latency:  216 [m
[0;32m $ Pass set: 5, latency: 1225 [m
[0;32m $ Pass set: 6, latency:  220 [m
[0;32m $ Pass set: 7, latency:  389 [m
[0;33m ###### Pass pattern: 84 ###### [m
[0;34m =========== Pattern: 85 =========== [m
[0;32m $ Pass set: 0, latency:  778 [m
[0;32m $ Pass set: 1, latency:  132 [m
[0;32m $ Pass set: 2, latency:  519 [m
[0;32m $ Pass set: 3, latency:  646 [m
[0;32m $ Pass set: 4, latency:  136 [m
[0;32m $ Pass set: 5, latency:  905 [m
[0;32m $ Pass set: 6, latency:  646 [m
[0;32m $ Pass set: 7, latency:  134 [m
[0;33m ###### Pass pattern: 85 ###### [m
[0;34m =========== Pattern: 86 =========== [m
[0;32m $ Pass set: 0, latency:   12 [m
[0;32m $ Pass set: 1, latency:   48 [m
[0;32m $ Pass set: 2, latency:   67 [m
[0;32m $ Pass set: 3, latency:   31 [m
[0;32m $ Pass set: 4, latency:   54 [m
[0;32m $ Pass set: 5, latency:   48 [m
[0;32m $ Pass set: 6, latency:   67 [m
[0;32m $ Pass set: 7, latency:   12 [m
[0;33m ###### Pass pattern: 86 ###### [m
[0;34m =========== Pattern: 87 =========== [m
[0;32m $ Pass set: 0, latency:  166 [m
[0;32m $ Pass set: 1, latency:   57 [m
[0;32m $ Pass set: 2, latency:  219 [m
[0;32m $ Pass set: 3, latency:   74 [m
[0;32m $ Pass set: 4, latency:   36 [m
[0;32m $ Pass set: 5, latency:  137 [m
[0;32m $ Pass set: 6, latency:   36 [m
[0;32m $ Pass set: 7, latency:   59 [m
[0;33m ###### Pass pattern: 87 ###### [m
[0;34m =========== Pattern: 88 =========== [m
[0;32m $ Pass set: 0, latency:  392 [m
[0;32m $ Pass set: 1, latency:  648 [m
[0;32m $ Pass set: 2, latency:  331 [m
[0;32m $ Pass set: 3, latency:  235 [m
[0;32m $ Pass set: 4, latency:  132 [m
[0;32m $ Pass set: 5, latency:  389 [m
[0;32m $ Pass set: 6, latency: 1419 [m
[0;32m $ Pass set: 7, latency:  601 [m
[0;33m ###### Pass pattern: 88 ###### [m
[0;34m =========== Pattern: 89 =========== [m
[0;32m $ Pass set: 0, latency:   36 [m
[0;32m $ Pass set: 1, latency:   36 [m
[0;32m $ Pass set: 2, latency:   55 [m
[0;32m $ Pass set: 3, latency:  103 [m
[0;32m $ Pass set: 4, latency:  156 [m
[0;32m $ Pass set: 5, latency:  217 [m
[0;32m $ Pass set: 6, latency:  101 [m
[0;32m $ Pass set: 7, latency:  101 [m
[0;33m ###### Pass pattern: 89 ###### [m
[0;34m =========== Pattern: 90 =========== [m
[0;32m $ Pass set: 0, latency:   36 [m
[0;32m $ Pass set: 1, latency:  300 [m
[0;32m $ Pass set: 2, latency:   36 [m
[0;32m $ Pass set: 3, latency:   78 [m
[0;32m $ Pass set: 4, latency:  101 [m
[0;32m $ Pass set: 5, latency:  122 [m
[0;32m $ Pass set: 6, latency:   36 [m
[0;32m $ Pass set: 7, latency:  108 [m
[0;33m ###### Pass pattern: 90 ###### [m
[0;34m =========== Pattern: 91 =========== [m
[0;32m $ Pass set: 0, latency:  905 [m
[0;32m $ Pass set: 1, latency:  521 [m
[0;32m $ Pass set: 2, latency:  134 [m
[0;32m $ Pass set: 3, latency:  519 [m
[0;32m $ Pass set: 4, latency:  389 [m
[0;32m $ Pass set: 5, latency:  296 [m
[0;32m $ Pass set: 6, latency:  327 [m
[0;32m $ Pass set: 7, latency:  586 [m
[0;33m ###### Pass pattern: 91 ###### [m
[0;34m =========== Pattern: 92 =========== [m
[0;32m $ Pass set: 0, latency:  168 [m
[0;32m $ Pass set: 1, latency:  361 [m
[0;32m $ Pass set: 2, latency:  108 [m
[0;32m $ Pass set: 3, latency:  237 [m
[0;32m $ Pass set: 4, latency:  231 [m
[0;32m $ Pass set: 5, latency:  166 [m
[0;32m $ Pass set: 6, latency:   76 [m
[0;32m $ Pass set: 7, latency:   38 [m
[0;33m ###### Pass pattern: 92 ###### [m
[0;34m =========== Pattern: 93 =========== [m
[0;32m $ Pass set: 0, latency:   67 [m
[0;32m $ Pass set: 1, latency:   31 [m
[0;32m $ Pass set: 2, latency:   33 [m
[0;32m $ Pass set: 3, latency:   12 [m
[0;32m $ Pass set: 4, latency:   37 [m
[0;32m $ Pass set: 5, latency:   29 [m
[0;32m $ Pass set: 6, latency:   12 [m
[0;32m $ Pass set: 7, latency:   12 [m
[0;33m ###### Pass pattern: 93 ###### [m
[0;34m =========== Pattern: 94 =========== [m
[0;32m $ Pass set: 0, latency:  459 [m
[0;32m $ Pass set: 1, latency:  521 [m
[0;32m $ Pass set: 2, latency:  903 [m
[0;32m $ Pass set: 3, latency:  132 [m
[0;32m $ Pass set: 4, latency:  132 [m
[0;32m $ Pass set: 5, latency:  396 [m
[0;32m $ Pass set: 6, latency:  267 [m
[0;32m $ Pass set: 7, latency:  134 [m
[0;33m ###### Pass pattern: 94 ###### [m
[0;34m =========== Pattern: 95 =========== [m
[0;32m $ Pass set: 0, latency:  168 [m
[0;32m $ Pass set: 1, latency:  120 [m
[0;32m $ Pass set: 2, latency:  166 [m
[0;32m $ Pass set: 3, latency:  101 [m
[0;32m $ Pass set: 4, latency:  124 [m
[0;32m $ Pass set: 5, latency:  103 [m
[0;32m $ Pass set: 6, latency:  139 [m
[0;32m $ Pass set: 7, latency:   38 [m
[0;33m ###### Pass pattern: 95 ###### [m
[0;34m =========== Pattern: 96 =========== [m
[0;32m $ Pass set: 0, latency:  132 [m
[0;32m $ Pass set: 1, latency:  136 [m
[0;32m $ Pass set: 2, latency:  132 [m
[0;32m $ Pass set: 3, latency:  281 [m
[0;32m $ Pass set: 4, latency:  266 [m
[0;32m $ Pass set: 5, latency:  329 [m
[0;32m $ Pass set: 6, latency:  713 [m
[0;32m $ Pass set: 7, latency:  252 [m
[0;33m ###### Pass pattern: 96 ###### [m
[0;34m =========== Pattern: 97 =========== [m
[0;32m $ Pass set: 0, latency:   48 [m
[0;32m $ Pass set: 1, latency:   31 [m
[0;32m $ Pass set: 2, latency:   14 [m
[0;32m $ Pass set: 3, latency:   39 [m
[0;32m $ Pass set: 4, latency:   54 [m
[0;32m $ Pass set: 5, latency:   69 [m
[0;32m $ Pass set: 6, latency:   29 [m
[0;32m $ Pass set: 7, latency:   16 [m
[0;33m ###### Pass pattern: 97 ###### [m
[0;34m =========== Pattern: 98 =========== [m
[0;32m $ Pass set: 0, latency:   36 [m
[0;32m $ Pass set: 1, latency:   78 [m
[0;32m $ Pass set: 2, latency:   36 [m
[0;32m $ Pass set: 3, latency:   36 [m
[0;32m $ Pass set: 4, latency:  300 [m
[0;32m $ Pass set: 5, latency:   72 [m
[0;32m $ Pass set: 6, latency:   36 [m
[0;32m $ Pass set: 7, latency:  166 [m
[0;33m ###### Pass pattern: 98 ###### [m
[0;34m =========== Pattern: 99 =========== [m
[0;32m $ Pass set: 0, latency:   14 [m
[0;32m $ Pass set: 1, latency:   12 [m
[0;32m $ Pass set: 2, latency:   31 [m
[0;32m $ Pass set: 3, latency:   67 [m
[0;32m $ Pass set: 4, latency:   48 [m
[0;32m $ Pass set: 5, latency:   29 [m
[0;32m $ Pass set: 6, latency:   69 [m
[0;32m $ Pass set: 7, latency:   14 [m
[0;33m ###### Pass pattern: 99 ###### [m




                        [0;32m＼O/       [mI LOVE ICLAB!                    
                        [0;32m  \\
                        [0;32m ノノ
        [0;34m------------
        | ┏┓ ┏┓ ┏┓ |
        | ┗┛ ┗┛ ┗┛ |
        | ┏┓ ┏┓ ┏┓ |
        [0;34m| ┗┛ ┗┛ ┗┛ |   
        [0;34m| ┏┓ ┏┓ ┏┓ |   
        [0;34m| ┗┛ ┗┛ ┗┛ |   
        [0;34m| ┏┓ ┏┓ ┏┓ |            															    							
        [0;34m| ┗┛ ┗┛ ┗┛ |            															    							
        [0;34m| ┏┓ ┏┓ ┏┓ |            															    							
        [0;34m| ┗┛ ┗┛ ┗┛ |            															    							
        [0;34m| ┏┓ ┏┓ ┏┓ |            															    							
        [0;34m| ┗┛ ┗┛ ┗┛ |            															    							
        [0;34m| ┏┓ ┏┓ ┏┓ |            															    							
        [0;34m| ┗┛ ┗┛ ┗┛ |            															    							
        [0;34m| ┏┓ ┏┓ ┏┓ |                   [33m [5m TQQQQQQQRV            QQQV            XQKFDDIPR       SOIDDELPV  
        [0;34m| ┗┛ ┗┛ ┗┛ |                   [33m [5m GAAAAAAAAAAAM        EAAAAW        ZCAAAAAAAAAAT   QAAAAAAAAAAE  
        [0;34m| ┏┓ ┏┓ ┏┓ |                   [33m [5m GAAG     TAAAB      MAAHAAD       YAAAH       Y   RAAAU       X  	
        [0;34m| ┗┛ ┗┛ ┗┛ |                   [33m [5m GAAG      ZAAAT    SAAF DAAE      OAAA            CAAG           	
        [0;34m| ┏┓ ┏┓ ┏┓ |                   [33m [5m GAAG       AAAT    AAAU  BAAS     ZAAABZ          TAAAD          	
        [0;34m| ┗┛ ┗┛ ┗┛ |                   [33m [5m GAAG      CAAB    GAAP   RAAA       FAAAABU        UBAAAADV      
        [0;34m| ┏┓ ┏┓ ┏┓ |                   [33m [5m GAAAAAAAAAAAL    VAAD     IAAH        QDAAAAAN        LBAAAAAS    
        [0;34m| ┗┛ ┗┛ ┗┛ |                   [33m [5m GAAAAAAACPV     YAAAJMMMMMKAAAR           QAAAAQ         UHAAAC   
        [0;34m| ┏┓ ┏┓ ┏┓ |                   [33m [5m GAAG            EAAAAAAAAAAAAAAW            OAAA            BAAD 
        [0;34m| ┗┛ ┗┛ ┗┛ |                   [33m [5m GAAG           KAAB         JAAC            SAAA            DAAD  
        [0;34m| ┏┓ ┏┓ ┏┓ |                   [33m [5m GAAG           AAAW          AAAL OAAL     DAAAM  CABT    PAAAA   
        [0;34m| ┗┛ ┗┛ ┗┛ |                   [33m [5m GAAG          AAAE           TAAA RDAAAAAAAABI    IAAAAAAAAADT    
        [0;34m| ┏┓ ┏┓ ┏┓ |            															    							
        [0;34m| ┗┛ ┗┛ ┗┛ |            															    							
[m---------------------------------------------------------------------------------------------------------------------------
********************************************************************************
                                Congratulations!                                
                      Your execution cycles: 180121 cycles                         
                          Your clock period: 13.0 ns                            
                              Total Latency: 2341573.0 ns                            
********************************************************************************
$finish called from file "PATTERN.vp", line 37.
$finish at simulation time       18011493500 ps
           V C S   S i m u l a t i o n   R e p o r t 
Time: 18011493500 ps
CPU Time:      7.550 seconds;       Data structure size:   0.1Mb
Mon Oct 14 12:48:45 2024
CPU time: 1.111 seconds to compile + .500 seconds to elab + .453 seconds to link + 7.595 seconds in simulation
