Command: vcs -timescale=1ns/1fs -j4 -sverilog +v2k -full64 -Mupdate -R -debug_access+all \
-f filelist.f -o simv -l vcs.log -P /usr/cad/synopsys/verdi/2019.06//share/PLI/VCS/linux64/novas.tab \
/usr/cad/synopsys/verdi/2019.06//share/PLI/VCS/linux64/pli.a -v /RAID2/COURSE/iclab/iclabTA01/UMC018_CBDK/CIC/Verilog/fsa0m_a_generic_core_30.lib.src \
+define+PERF +define+GATE +neg_tchk +nowarnNTCDSN
*** Using c compiler gcc instead of cc ...
                         Chronologic VCS (TM)
         Version T-2022.06_Full64 -- Wed Dec 25 01:56:31 2024

                    Copyright (c) 1991 - 2022 Synopsys, Inc.
   This software and the associated documentation are proprietary to Synopsys,
 Inc. This software may only be used in accordance with the terms and conditions
 of a written license agreement with Synopsys, Inc. All other use, reproduction,
   or distribution of this software is strictly prohibited.  Licensed Products
     communicate with Synopsys servers for the purpose of providing software
    updates, detecting software piracy and verifying that customers are using
    Licensed Products in conformity with the applicable License Key for such
  Licensed Products. Synopsys will use information gathered in connection with
    this process to deliver software updates and pursue software pirates and
                                   infringers.

 Inclusivity & Diversity - Visit SolvNetPlus to read the "Synopsys Statement on
            Inclusivity and Diversity" (Refer to article 000036315 at
                        https://solvnetplus.synopsys.com)

Parsing design file 'TESTBED.v'
Parsing included file 'PATTERN.v'.
Parsing included file '../00_TESTBED/pseudo_DRAM.v'.
Back to file 'PATTERN.v'.
Back to file 'TESTBED.v'.
Parsing included file 'ISP_SYN.v'.
Back to file 'TESTBED.v'.
Parsing library file '/RAID2/COURSE/iclab/iclabTA01/UMC018_CBDK/CIC/Verilog/fsa0m_a_generic_core_30.lib.src'
Top Level Modules:
       TESTBED
TimeScale is 10 ps / 1 ps

Warning-[TFIPC] Too few instance port connections
ISP_SYN.v, 3255
ISP, "DFFRBP data_to_dram_reg_116_( .D (N2204),  .CK (clk),  .RB (n6875),  .Q (data_to_dram[116]));"
  The above instance has fewer port connections than the module definition.
  Please use '+lint=TFIPC-L' to print out detailed information of unconnected 
  ports.


Warning-[TFIPC] Too few instance port connections
ISP_SYN.v, 3510
ISP, "DFFRBS focus_store_reg_6__0_( .D (n1854),  .CK (clk),  .RB (n2587),  .Q (focus_store[12]));"
  The above instance has fewer port connections than the module definition.
  Please use '+lint=TFIPC-L' to print out detailed information of unconnected 
  ports.


   ***   $sdf_annotate() version 1.2R
   ***    SDF file: "ISP_SYN.sdf"
   ***    Annotation scope: TESTBED.u_ISP
   ***    No MTM selection argument specified
   ***    No SCALE FACTORS argument specified
   ***    No SCALE TYPE argument specified
   ***    MTM selection defaulted to "TOOL_CONTROL":
               (+typdelays compiled, TYPICAL delays selected)
   ***    SCALE FACTORS defaulted to "1.0:1.0:1.0":
   ***    SCALE TYPE defaulted to: "FROM_MTM"
   ***    Turnoff delay: "FROM_FILE"
   ***    Approximation (mipd) policy: "MAXIMUM"

   ***    SDF annotation begin: Wed Dec 25 01:56:32 2024


SDF Info: +pulse_r/100, +pulse_e/100 in effect

Warning-[SDFCOM_CFTC] Cannot find timing check 
ISP_SYN.sdf, 97735
module: QDFFRBN, "instance: TESTBED.u_ISP.data_store_reg_27__2_"
  SDF Warning: Cannot find timing check $hold(posedge CK,posedge RB,...)
      


Warning-[SDFCOM_CFTC] Cannot find timing check 
ISP_SYN.sdf, 97756
module: QDFFRBS, "instance: TESTBED.u_ISP.data_store_reg_30__4_"
  SDF Warning: Cannot find timing check $hold(posedge CK,posedge RB,...)
      


Warning-[SDFCOM_CFTC] Cannot find timing check 
ISP_SYN.sdf, 97777
module: QDFFRBS, "instance: TESTBED.u_ISP.sub_out_reg_0__7_"
  SDF Warning: Cannot find timing check $hold(posedge CK,posedge RB,...)
      


Warning-[SDFCOM_CFTC] Cannot find timing check 
ISP_SYN.sdf, 97798
module: QDFFRBN, "instance: TESTBED.u_ISP.sub_accum_all_store_2_reg_3_"
  SDF Warning: Cannot find timing check $hold(posedge CK,posedge RB,...)
      


Warning-[SDFCOM_CFTC] Cannot find timing check 
ISP_SYN.sdf, 97819
module: QDFFRBN, "instance: TESTBED.u_ISP.input16_add_out_reg_5_"
  SDF Warning: Cannot find timing check $hold(posedge CK,posedge RB,...)
      


Warning-[SDFCOM_CFTC] Cannot find timing check 
ISP_SYN.sdf, 97840
module: QDFFRBN, "instance: TESTBED.u_ISP.count_reg_1_"
  SDF Warning: Cannot find timing check $hold(posedge CK,posedge RB,...)
      


Warning-[SDFCOM_CFTC] Cannot find timing check 
ISP_SYN.sdf, 97861
module: QDFFRBS, "instance: TESTBED.u_ISP.data_store_reg_14__3_"
  SDF Warning: Cannot find timing check $hold(posedge CK,posedge RB,...)
      


Warning-[SDFCOM_CFTC] Cannot find timing check 
ISP_SYN.sdf, 97882
module: QDFFRBN, "instance: TESTBED.u_ISP.input16_add_outadd34_reg_3_"
  SDF Warning: Cannot find timing check $hold(posedge CK,posedge RB,...)
      


Warning-[SDFCOM_CFTC] Cannot find timing check 
ISP_SYN.sdf, 97903
module: QDFFRBN, "instance: TESTBED.u_ISP.input16_add_outadd12_reg_3_"
  SDF Warning: Cannot find timing check $hold(posedge CK,posedge RB,...)
      

All future warnings not reported; use +sdfverbose to report them.

Warning-[SDFCOM_CFTC] Cannot find timing check 
ISP_SYN.sdf, 97924
module: QDFFRBN, "instance: TESTBED.u_ISP.sub_accum_all_store_2_reg_8_"
  SDF Warning: Cannot find timing check $hold(posedge CK,posedge RB,...)
      


          Total errors: 0
          Total warnings: 1638
   ***    SDF annotation completed: Wed Dec 25 01:56:32 2024


Starting vcs inline pass...

Note-[VCS_PARAL] Parallel code-gen enabled
  VCS is running with parallel code generation(-j)...

120 modules and 2 UDPs read.
recompiling module PATTERN
recompiling module AO22
recompiling module OA22S
recompiling module MAOI1
recompiling module MOAI1H
recompiling module AO13
recompiling module DFFRBP
recompiling module MXL2HS
recompiling module AOI112HS
recompiling module OAI112HS
recompiling module QDFFRBT
recompiling module OA12
recompiling module XNR2HS
recompiling module AOI12HS
recompiling module OAI12HS
recompiling module AN4B1P
recompiling module AN2B1
recompiling module ND3
recompiling module NR3
recompiling module OR2B1
recompiling module AN2S
recompiling module ND2P
recompiling module NR2F
recompiling module OR2P
recompiling module BUF12CK
recompiling module BUF3
recompiling module BUF6CK
recompiling module INV1S
recompiling module INV4
recompiling module INV8
recompiling module ISP
recompiling module AO222
recompiling module AO22T
recompiling module AOI22HP
recompiling module MAOI1S
recompiling module OAI22H
recompiling module AOI13H
recompiling module DFFRBT
recompiling module OA112S
recompiling module MUX2S
recompiling module QDFFRBP
recompiling module AO12S
recompiling module OA12S
recompiling module AOI12H
recompiling module OAI12H
recompiling module TESTBED
recompiling module OR3B2
recompiling module AN3
recompiling module ND3P
recompiling module NR3HP
recompiling module AN2
recompiling module ND2
recompiling module ND2T
recompiling module NR2T
recompiling module OR2T
recompiling module BUF1S
recompiling module BUF4CK
recompiling module INV1
recompiling module INV3
recompiling module INV6
recompiling module TIE1
recompiling module OAI222S
recompiling module OA22P
recompiling module AOI22S
recompiling module MOAI1
recompiling module OAI22S
recompiling module AOI13HS
recompiling module DFFSBN
recompiling module AOI112H
recompiling module OAI112H
recompiling module QDFFRBS
recompiling module AO12T
recompiling module OA12T
recompiling module AOI12HP
recompiling module OAI12HP
recompiling module AN4B1
recompiling module AN4S
recompiling module AN3T
recompiling module ND3S
recompiling module NR3HT
recompiling module AN2P
recompiling module ND2F
recompiling module NR2
recompiling module OR2
recompiling module BUF1
recompiling module BUF2
recompiling module BUF6
recompiling module INV12
recompiling module INV3CK
recompiling module INV6CK
recompiling module AO22P
recompiling module AOI22H
recompiling module MAOI1H
recompiling module MOAI1S
recompiling module AO112
recompiling module DFFRBS
recompiling module OA112
recompiling module MUX2
recompiling module QDFFRBN
recompiling module AO12
recompiling module OA12P
recompiling module XOR2HS
recompiling module AOI12HT
recompiling module OAI12HT
recompiling module AN4B1S
recompiling module AN2B1T
recompiling module ND3HT
recompiling module NR3H
recompiling module OR2B1T
recompiling module AN2T
recompiling module ND2S
recompiling module NR2P
recompiling module OR2S
recompiling module BUF1CK
recompiling module BUF4
recompiling module BUF8CK
recompiling module INV2
recompiling module INV4CK
recompiling module INV8CK
	However, due to incremental compilation, only 119 modules need to be compiled. 
make[1]: Entering directory `/RAID2/COURSE/iclab/iclab143/Midterm_Project/Exercise/03_GATE/csrc' \

rm -f _cuarc*.so _csrc*.so pre_vcsobj_*.so share_vcsobj_*.so
if [ -x ../simv ]; then chmod a-x ../simv; fi
g++  -o ../simv      -rdynamic  -Wl,-rpath='$ORIGIN'/simv.daidir -Wl,-rpath=./simv.daidir \
-Wl,-rpath=/usr/cad/synopsys/vcs/2022.06/linux64/lib -L/usr/cad/synopsys/vcs/2022.06/linux64/lib \
-Wl,-rpath-link=./  /usr/lib64/libnuma.so.1   objs/amcQw_d.o   _32460_archive_1.so \
_32748_archive_1.so _32749_archive_1.so _32750_archive_1.so _prev_archive_1.so objs/udps/qndjy.o \
objs/udps/Sbaqa.o  SIM_l.o      rmapats_mop.o rmapats.o rmar.o rmar_nd.o  rmar_llvm_0_1.o \
rmar_llvm_0_0.o           -lvirsim -lerrorinf -lsnpsmalloc -lvfs /usr/cad/synopsys/verdi/2019.06//share/PLI/VCS/linux64/pli.a \
-lvcsnew -lsimprofile -luclinative /usr/cad/synopsys/vcs/2022.06/linux64/lib/vcs_tls.o \
-Wl,-whole-archive  -lvcsucli    -Wl,-no-whole-archive        _vcs_pli_stub_.o   \
/usr/cad/synopsys/vcs/2022.06/linux64/lib/vcs_save_restore_new.o /usr/cad/synopsys/verdi/2019.06//share/PLI/VCS/LINUX64/pli.a \
-ldl -lm  -lc -lpthread -ldl 
../simv up to date
make[1]: Leaving directory `/RAID2/COURSE/iclab/iclab143/Midterm_Project/Exercise/03_GATE/csrc' \

Command: /RAID2/COURSE/iclab/iclab143/Midterm_Project/Exercise/03_GATE/./simv +v2k -a vcs.log +define+PERF +define+GATE +neg_tchk +nowarnNTCDSN
Chronologic VCS simulator copyright 1991-2022
Contains Synopsys proprietary information.
Compiler version T-2022.06_Full64; Runtime version T-2022.06_Full64;  Dec 25 01:56 2024
Doing SDF annotation ...... Done
*Verdi* Loading libsscore_vcs201906.so
FSDB Dumper for VCS, Release Verdi_P-2019.06, Linux x86_64/64bit, 05/26/2019
(C) 1996 - 2019 by Synopsys, Inc.
***********************************************************************
*  ERROR -                                                            *
*  The simulator version is newer than the FSDB dumper version which  *
*  may cause abnormal behavior, please contact Synopsys support for   *
*  assistance.                                                        *
***********************************************************************
*Verdi* FSDB WARNING: The FSDB file already exists. Overwriting the FSDB file may crash the programs that are using this file.
*Verdi* : Create FSDB file 'ISP_SYN.fsdb'
*Verdi* : Begin traversing the scopes, layer (0).
*Verdi* : Enable +mda dumping.
*Verdi* : End of traversing.

"/RAID2/COURSE/iclab/iclabTA01/UMC018_CBDK/CIC/Verilog/fsa0m_a_generic_core_30.lib.src", 14601: Timing violation in TESTBED.u_ISP.sub_flag_reg_0_
    $recrem( posedge RB:10862, posedge CK &&& d_D:10800, limits: (55,77) );

[32mPass Pattern           0, Function: color auto exposure[0m
[32mPass Pattern           1, Function: color auto exposure[0m
[32mPass Pattern           2, Function: color auto exposure[0m
[32mPass Pattern           3, Function: color_auto_focus[0m
[32mPass Pattern           4, Function: color auto exposure[0m
[32mPass Pattern           5, Function: color_auto_focus[0m
[32mPass Pattern           6, Function: color_auto_focus[0m
[32mPass Pattern           7, Function: color auto exposure[0m
[32mPass Pattern           8, Function: color auto exposure[0m
[32mPass Pattern           9, Function: color auto exposure[0m
[32mPass Pattern          10, Function: color_auto_focus[0m
[32mPass Pattern          11, Function: color auto exposure[0m
[32mPass Pattern          12, Function: color_auto_focus[0m
[32mPass Pattern          13, Function: color auto exposure[0m
[32mPass Pattern          14, Function: color_auto_focus[0m
[32mPass Pattern          15, Function: color auto exposure[0m
[32mPass Pattern          16, Function: color auto exposure[0m
[32mPass Pattern          17, Function: color auto exposure[0m
[32mPass Pattern          18, Function: color_auto_focus[0m
[32mPass Pattern          19, Function: color_auto_focus[0m
[32mPass Pattern          20, Function: color auto exposure[0m
[32mPass Pattern          21, Function: color auto exposure[0m
[32mPass Pattern          22, Function: color_auto_focus[0m
[32mPass Pattern          23, Function: color_auto_focus[0m
[32mPass Pattern          24, Function: color auto exposure[0m
[32mPass Pattern          25, Function: color_auto_focus[0m
[32mPass Pattern          26, Function: color_auto_focus[0m
[32mPass Pattern          27, Function: color_auto_focus[0m
[32mPass Pattern          28, Function: color_auto_focus[0m
[32mPass Pattern          29, Function: color_auto_focus[0m
[32mPass Pattern          30, Function: color_auto_focus[0m
[32mPass Pattern          31, Function: color auto exposure[0m
[32mPass Pattern          32, Function: color_auto_focus[0m
[32mPass Pattern          33, Function: color auto exposure[0m
[32mPass Pattern          34, Function: color auto exposure[0m
[32mPass Pattern          35, Function: color_auto_focus[0m
[32mPass Pattern          36, Function: color auto exposure[0m
[32mPass Pattern          37, Function: color_auto_focus[0m
[32mPass Pattern          38, Function: color auto exposure[0m
[32mPass Pattern          39, Function: color auto exposure[0m
[32mPass Pattern          40, Function: color_auto_focus[0m
[32mPass Pattern          41, Function: color auto exposure[0m
[32mPass Pattern          42, Function: color auto exposure[0m
[32mPass Pattern          43, Function: color_auto_focus[0m
[32mPass Pattern          44, Function: color_auto_focus[0m
[32mPass Pattern          45, Function: color_auto_focus[0m
[32mPass Pattern          46, Function: color_auto_focus[0m
[32mPass Pattern          47, Function: color auto exposure[0m
[32mPass Pattern          48, Function: color auto exposure[0m
[32mPass Pattern          49, Function: color auto exposure[0m
[32mPass Pattern          50, Function: color_auto_focus[0m
[32mPass Pattern          51, Function: color_auto_focus[0m
[32mPass Pattern          52, Function: color auto exposure[0m
[32mPass Pattern          53, Function: color auto exposure[0m
[32mPass Pattern          54, Function: color_auto_focus[0m
[32mPass Pattern          55, Function: color auto exposure[0m
[32mPass Pattern          56, Function: color auto exposure[0m
[32mPass Pattern          57, Function: color_auto_focus[0m
[32mPass Pattern          58, Function: color_auto_focus[0m
[32mPass Pattern          59, Function: color_auto_focus[0m
[32mPass Pattern          60, Function: color auto exposure[0m
[32mPass Pattern          61, Function: color auto exposure[0m
[32mPass Pattern          62, Function: color auto exposure[0m
[32mPass Pattern          63, Function: color_auto_focus[0m
[32mPass Pattern          64, Function: color_auto_focus[0m
[32mPass Pattern          65, Function: color_auto_focus[0m
[32mPass Pattern          66, Function: color_auto_focus[0m
[32mPass Pattern          67, Function: color auto exposure[0m
[32mPass Pattern          68, Function: color_auto_focus[0m
[32mPass Pattern          69, Function: color auto exposure[0m
[32mPass Pattern          70, Function: color auto exposure[0m
[32mPass Pattern          71, Function: color_auto_focus[0m
[32mPass Pattern          72, Function: color auto exposure[0m
[32mPass Pattern          73, Function: color auto exposure[0m
[32mPass Pattern          74, Function: color auto exposure[0m
[32mPass Pattern          75, Function: color_auto_focus[0m
[32mPass Pattern          76, Function: color_auto_focus[0m
[32mPass Pattern          77, Function: color auto exposure[0m
[32mPass Pattern          78, Function: color_auto_focus[0m
[32mPass Pattern          79, Function: color auto exposure[0m
[32mPass Pattern          80, Function: color auto exposure[0m
[32mPass Pattern          81, Function: color_auto_focus[0m
[32mPass Pattern          82, Function: color_auto_focus[0m
[32mPass Pattern          83, Function: color auto exposure[0m
[32mPass Pattern          84, Function: color auto exposure[0m
[32mPass Pattern          85, Function: color_auto_focus[0m
[32mPass Pattern          86, Function: color auto exposure[0m
[32mPass Pattern          87, Function: color auto exposure[0m
[32mPass Pattern          88, Function: color auto exposure[0m
[32mPass Pattern          89, Function: color_auto_focus[0m
[32mPass Pattern          90, Function: color_auto_focus[0m
[32mPass Pattern          91, Function: color_auto_focus[0m
[32mPass Pattern          92, Function: color auto exposure[0m
[32mPass Pattern          93, Function: color_auto_focus[0m
[32mPass Pattern          94, Function: color_auto_focus[0m
[32mPass Pattern          95, Function: color auto exposure[0m
[32mPass Pattern          96, Function: color_auto_focus[0m
[32mPass Pattern          97, Function: color_auto_focus[0m
[32mPass Pattern          98, Function: color auto exposure[0m
[32mPass Pattern          99, Function: color auto exposure[0m
[32mPass Pattern         100, Function: color auto exposure[0m
[32mPass Pattern         101, Function: color_auto_focus[0m
[32mPass Pattern         102, Function: color auto exposure[0m
[32mPass Pattern         103, Function: color auto exposure[0m
[32mPass Pattern         104, Function: color auto exposure[0m
[32mPass Pattern         105, Function: color_auto_focus[0m
[32mPass Pattern         106, Function: color auto exposure[0m
[32mPass Pattern         107, Function: color_auto_focus[0m
[32mPass Pattern         108, Function: color auto exposure[0m
[32mPass Pattern         109, Function: color_auto_focus[0m
[32mPass Pattern         110, Function: color auto exposure[0m
[32mPass Pattern         111, Function: color_auto_focus[0m
[32mPass Pattern         112, Function: color auto exposure[0m
[32mPass Pattern         113, Function: color_auto_focus[0m
[32mPass Pattern         114, Function: color auto exposure[0m
[32mPass Pattern         115, Function: color_auto_focus[0m
[32mPass Pattern         116, Function: color_auto_focus[0m
[32mPass Pattern         117, Function: color auto exposure[0m
[32mPass Pattern         118, Function: color auto exposure[0m
[32mPass Pattern         119, Function: color auto exposure[0m
[32mPass Pattern         120, Function: color auto exposure[0m
[32mPass Pattern         121, Function: color auto exposure[0m
[32mPass Pattern         122, Function: color_auto_focus[0m
[32mPass Pattern         123, Function: color_auto_focus[0m
[32mPass Pattern         124, Function: color auto exposure[0m
[32mPass Pattern         125, Function: color_auto_focus[0m
[32mPass Pattern         126, Function: color_auto_focus[0m
[32mPass Pattern         127, Function: color auto exposure[0m
[32mPass Pattern         128, Function: color auto exposure[0m
[32mPass Pattern         129, Function: color_auto_focus[0m
[32mPass Pattern         130, Function: color_auto_focus[0m
[32mPass Pattern         131, Function: color auto exposure[0m
[32mPass Pattern         132, Function: color auto exposure[0m
[32mPass Pattern         133, Function: color auto exposure[0m
[32mPass Pattern         134, Function: color auto exposure[0m
[32mPass Pattern         135, Function: color_auto_focus[0m
[32mPass Pattern         136, Function: color auto exposure[0m
[32mPass Pattern         137, Function: color_auto_focus[0m
[32mPass Pattern         138, Function: color auto exposure[0m
[32mPass Pattern         139, Function: color_auto_focus[0m
[32mPass Pattern         140, Function: color auto exposure[0m
[32mPass Pattern         141, Function: color_auto_focus[0m
[32mPass Pattern         142, Function: color auto exposure[0m
[32mPass Pattern         143, Function: color_auto_focus[0m
[32mPass Pattern         144, Function: color auto exposure[0m
[32mPass Pattern         145, Function: color_auto_focus[0m
[32mPass Pattern         146, Function: color auto exposure[0m
[32mPass Pattern         147, Function: color_auto_focus[0m
[32mPass Pattern         148, Function: color auto exposure[0m
[32mPass Pattern         149, Function: color_auto_focus[0m
[32mPass Pattern         150, Function: color auto exposure[0m
[32mPass Pattern         151, Function: color auto exposure[0m
[32mPass Pattern         152, Function: color auto exposure[0m
[32mPass Pattern         153, Function: color_auto_focus[0m
[32mPass Pattern         154, Function: color auto exposure[0m
[32mPass Pattern         155, Function: color auto exposure[0m
[32mPass Pattern         156, Function: color_auto_focus[0m
[32mPass Pattern         157, Function: color auto exposure[0m
[32mPass Pattern         158, Function: color auto exposure[0m
[32mPass Pattern         159, Function: color_auto_focus[0m
[32mPass Pattern         160, Function: color_auto_focus[0m
[32mPass Pattern         161, Function: color_auto_focus[0m
[32mPass Pattern         162, Function: color_auto_focus[0m
[32mPass Pattern         163, Function: color_auto_focus[0m
[32mPass Pattern         164, Function: color auto exposure[0m
[32mPass Pattern         165, Function: color_auto_focus[0m
[32mPass Pattern         166, Function: color_auto_focus[0m
[32mPass Pattern         167, Function: color_auto_focus[0m
[32mPass Pattern         168, Function: color_auto_focus[0m
[32mPass Pattern         169, Function: color auto exposure[0m
[32mPass Pattern         170, Function: color auto exposure[0m
[32mPass Pattern         171, Function: color auto exposure[0m
[32mPass Pattern         172, Function: color auto exposure[0m
[32mPass Pattern         173, Function: color auto exposure[0m
[32mPass Pattern         174, Function: color_auto_focus[0m
[32mPass Pattern         175, Function: color auto exposure[0m
[32mPass Pattern         176, Function: color auto exposure[0m
[32mPass Pattern         177, Function: color auto exposure[0m
[32mPass Pattern         178, Function: color auto exposure[0m
[32mPass Pattern         179, Function: color auto exposure[0m
[32mPass Pattern         180, Function: color_auto_focus[0m
[32mPass Pattern         181, Function: color auto exposure[0m
[32mPass Pattern         182, Function: color_auto_focus[0m
[32mPass Pattern         183, Function: color_auto_focus[0m
[32mPass Pattern         184, Function: color auto exposure[0m
[32mPass Pattern         185, Function: color auto exposure[0m
[32mPass Pattern         186, Function: color_auto_focus[0m
[32mPass Pattern         187, Function: color_auto_focus[0m
[32mPass Pattern         188, Function: color auto exposure[0m
[32mPass Pattern         189, Function: color_auto_focus[0m
[32mPass Pattern         190, Function: color_auto_focus[0m
[32mPass Pattern         191, Function: color auto exposure[0m
[32mPass Pattern         192, Function: color auto exposure[0m
[32mPass Pattern         193, Function: color_auto_focus[0m
[32mPass Pattern         194, Function: color auto exposure[0m
[32mPass Pattern         195, Function: color auto exposure[0m
[32mPass Pattern         196, Function: color auto exposure[0m
[32mPass Pattern         197, Function: color auto exposure[0m
[32mPass Pattern         198, Function: color_auto_focus[0m
[32mPass Pattern         199, Function: color_auto_focus[0m
[32mPass Pattern         200, Function: color_auto_focus[0m
[32mPass Pattern         201, Function: color auto exposure[0m
[32mPass Pattern         202, Function: color_auto_focus[0m
[32mPass Pattern         203, Function: color_auto_focus[0m
[32mPass Pattern         204, Function: color auto exposure[0m
[32mPass Pattern         205, Function: color_auto_focus[0m
[32mPass Pattern         206, Function: color_auto_focus[0m
[32mPass Pattern         207, Function: color auto exposure[0m
[32mPass Pattern         208, Function: color auto exposure[0m
[32mPass Pattern         209, Function: color_auto_focus[0m
[32mPass Pattern         210, Function: color auto exposure[0m
[32mPass Pattern         211, Function: color auto exposure[0m
[32mPass Pattern         212, Function: color auto exposure[0m
[32mPass Pattern         213, Function: color_auto_focus[0m
[32mPass Pattern         214, Function: color auto exposure[0m
[32mPass Pattern         215, Function: color auto exposure[0m
[32mPass Pattern         216, Function: color_auto_focus[0m
[32mPass Pattern         217, Function: color_auto_focus[0m
[32mPass Pattern         218, Function: color auto exposure[0m
[32mPass Pattern         219, Function: color auto exposure[0m
[32mPass Pattern         220, Function: color_auto_focus[0m
[32mPass Pattern         221, Function: color auto exposure[0m
[32mPass Pattern         222, Function: color_auto_focus[0m
[32mPass Pattern         223, Function: color auto exposure[0m
[32mPass Pattern         224, Function: color auto exposure[0m
[32mPass Pattern         225, Function: color auto exposure[0m
[32mPass Pattern         226, Function: color_auto_focus[0m
[32mPass Pattern         227, Function: color auto exposure[0m
[32mPass Pattern         228, Function: color_auto_focus[0m
[32mPass Pattern         229, Function: color auto exposure[0m
[32mPass Pattern         230, Function: color_auto_focus[0m
[32mPass Pattern         231, Function: color_auto_focus[0m
[32mPass Pattern         232, Function: color_auto_focus[0m
[32mPass Pattern         233, Function: color auto exposure[0m
[32mPass Pattern         234, Function: color auto exposure[0m
[32mPass Pattern         235, Function: color auto exposure[0m
[32mPass Pattern         236, Function: color_auto_focus[0m
[32mPass Pattern         237, Function: color_auto_focus[0m
[32mPass Pattern         238, Function: color_auto_focus[0m
[32mPass Pattern         239, Function: color_auto_focus[0m
[32mPass Pattern         240, Function: color auto exposure[0m
[32mPass Pattern         241, Function: color_auto_focus[0m
[32mPass Pattern         242, Function: color_auto_focus[0m
[32mPass Pattern         243, Function: color auto exposure[0m
[32mPass Pattern         244, Function: color auto exposure[0m
[32mPass Pattern         245, Function: color auto exposure[0m
[32mPass Pattern         246, Function: color_auto_focus[0m
[32mPass Pattern         247, Function: color auto exposure[0m
[32mPass Pattern         248, Function: color_auto_focus[0m
[32mPass Pattern         249, Function: color auto exposure[0m
[32mPass Pattern         250, Function: color auto exposure[0m
[32mPass Pattern         251, Function: color auto exposure[0m
[32mPass Pattern         252, Function: color auto exposure[0m
[32mPass Pattern         253, Function: color_auto_focus[0m
[32mPass Pattern         254, Function: color_auto_focus[0m
[32mPass Pattern         255, Function: color auto exposure[0m
[32mPass Pattern         256, Function: color auto exposure[0m
[32mPass Pattern         257, Function: color_auto_focus[0m
[32mPass Pattern         258, Function: color_auto_focus[0m
[32mPass Pattern         259, Function: color_auto_focus[0m
[32mPass Pattern         260, Function: color auto exposure[0m
[32mPass Pattern         261, Function: color_auto_focus[0m
[32mPass Pattern         262, Function: color auto exposure[0m
[32mPass Pattern         263, Function: color_auto_focus[0m
[32mPass Pattern         264, Function: color_auto_focus[0m
[32mPass Pattern         265, Function: color auto exposure[0m
[32mPass Pattern         266, Function: color_auto_focus[0m
[32mPass Pattern         267, Function: color_auto_focus[0m
[32mPass Pattern         268, Function: color_auto_focus[0m
[32mPass Pattern         269, Function: color auto exposure[0m
[32mPass Pattern         270, Function: color_auto_focus[0m
[32mPass Pattern         271, Function: color auto exposure[0m
[32mPass Pattern         272, Function: color_auto_focus[0m
[32mPass Pattern         273, Function: color auto exposure[0m
[32mPass Pattern         274, Function: color_auto_focus[0m
[32mPass Pattern         275, Function: color_auto_focus[0m
[32mPass Pattern         276, Function: color auto exposure[0m
[32mPass Pattern         277, Function: color auto exposure[0m
[32mPass Pattern         278, Function: color_auto_focus[0m
[32mPass Pattern         279, Function: color_auto_focus[0m
[32mPass Pattern         280, Function: color auto exposure[0m
[32mPass Pattern         281, Function: color auto exposure[0m
[32mPass Pattern         282, Function: color_auto_focus[0m
[32mPass Pattern         283, Function: color auto exposure[0m
[32mPass Pattern         284, Function: color auto exposure[0m
[32mPass Pattern         285, Function: color auto exposure[0m
[32mPass Pattern         286, Function: color auto exposure[0m
[32mPass Pattern         287, Function: color_auto_focus[0m
[32mPass Pattern         288, Function: color_auto_focus[0m
[32mPass Pattern         289, Function: color_auto_focus[0m
[32mPass Pattern         290, Function: color_auto_focus[0m
[32mPass Pattern         291, Function: color auto exposure[0m
[32mPass Pattern         292, Function: color_auto_focus[0m
[32mPass Pattern         293, Function: color auto exposure[0m
[32mPass Pattern         294, Function: color_auto_focus[0m
[32mPass Pattern         295, Function: color_auto_focus[0m
[32mPass Pattern         296, Function: color auto exposure[0m
[32mPass Pattern         297, Function: color_auto_focus[0m
[32mPass Pattern         298, Function: color auto exposure[0m
[32mPass Pattern         299, Function: color_auto_focus[0m
[32mPass Pattern         300, Function: color auto exposure[0m
[32mPass Pattern         301, Function: color auto exposure[0m
[32mPass Pattern         302, Function: color_auto_focus[0m
[32mPass Pattern         303, Function: color auto exposure[0m
[32mPass Pattern         304, Function: color auto exposure[0m
[32mPass Pattern         305, Function: color auto exposure[0m
[32mPass Pattern         306, Function: color auto exposure[0m
[32mPass Pattern         307, Function: color_auto_focus[0m
[32mPass Pattern         308, Function: color auto exposure[0m
[32mPass Pattern         309, Function: color_auto_focus[0m
[32mPass Pattern         310, Function: color auto exposure[0m
[32mPass Pattern         311, Function: color auto exposure[0m
[32mPass Pattern         312, Function: color auto exposure[0m
[32mPass Pattern         313, Function: color auto exposure[0m
[32mPass Pattern         314, Function: color auto exposure[0m
[32mPass Pattern         315, Function: color auto exposure[0m
[32mPass Pattern         316, Function: color_auto_focus[0m
[32mPass Pattern         317, Function: color_auto_focus[0m
[32mPass Pattern         318, Function: color_auto_focus[0m
[32mPass Pattern         319, Function: color auto exposure[0m
[32mPass Pattern         320, Function: color_auto_focus[0m
[32mPass Pattern         321, Function: color_auto_focus[0m
[32mPass Pattern         322, Function: color_auto_focus[0m
[32mPass Pattern         323, Function: color_auto_focus[0m
[32mPass Pattern         324, Function: color auto exposure[0m
[32mPass Pattern         325, Function: color auto exposure[0m
[32mPass Pattern         326, Function: color auto exposure[0m
[32mPass Pattern         327, Function: color_auto_focus[0m
[32mPass Pattern         328, Function: color_auto_focus[0m
[32mPass Pattern         329, Function: color_auto_focus[0m
[32mPass Pattern         330, Function: color auto exposure[0m
[32mPass Pattern         331, Function: color auto exposure[0m
[32mPass Pattern         332, Function: color auto exposure[0m
[32mPass Pattern         333, Function: color_auto_focus[0m
[32mPass Pattern         334, Function: color auto exposure[0m
[32mPass Pattern         335, Function: color_auto_focus[0m
[32mPass Pattern         336, Function: color_auto_focus[0m
[32mPass Pattern         337, Function: color auto exposure[0m
[32mPass Pattern         338, Function: color auto exposure[0m
[32mPass Pattern         339, Function: color auto exposure[0m
[32mPass Pattern         340, Function: color_auto_focus[0m
[32mPass Pattern         341, Function: color auto exposure[0m
[32mPass Pattern         342, Function: color auto exposure[0m
[32mPass Pattern         343, Function: color auto exposure[0m
[32mPass Pattern         344, Function: color_auto_focus[0m
[32mPass Pattern         345, Function: color auto exposure[0m
[32mPass Pattern         346, Function: color_auto_focus[0m
[32mPass Pattern         347, Function: color_auto_focus[0m
[32mPass Pattern         348, Function: color_auto_focus[0m
[32mPass Pattern         349, Function: color auto exposure[0m
[32mPass Pattern         350, Function: color_auto_focus[0m
[32mPass Pattern         351, Function: color_auto_focus[0m
[32mPass Pattern         352, Function: color_auto_focus[0m
[32mPass Pattern         353, Function: color auto exposure[0m
[32mPass Pattern         354, Function: color auto exposure[0m
[32mPass Pattern         355, Function: color_auto_focus[0m
[32mPass Pattern         356, Function: color_auto_focus[0m
[32mPass Pattern         357, Function: color auto exposure[0m
[32mPass Pattern         358, Function: color_auto_focus[0m
[32mPass Pattern         359, Function: color_auto_focus[0m
[32mPass Pattern         360, Function: color auto exposure[0m
[32mPass Pattern         361, Function: color_auto_focus[0m
[32mPass Pattern         362, Function: color_auto_focus[0m
[32mPass Pattern         363, Function: color auto exposure[0m
[32mPass Pattern         364, Function: color auto exposure[0m
[32mPass Pattern         365, Function: color auto exposure[0m
[32mPass Pattern         366, Function: color_auto_focus[0m
[32mPass Pattern         367, Function: color_auto_focus[0m
[32mPass Pattern         368, Function: color auto exposure[0m
[32mPass Pattern         369, Function: color_auto_focus[0m
[32mPass Pattern         370, Function: color auto exposure[0m
[32mPass Pattern         371, Function: color auto exposure[0m
[32mPass Pattern         372, Function: color auto exposure[0m
[32mPass Pattern         373, Function: color_auto_focus[0m
[32mPass Pattern         374, Function: color auto exposure[0m
[32mPass Pattern         375, Function: color auto exposure[0m
[32mPass Pattern         376, Function: color_auto_focus[0m
[32mPass Pattern         377, Function: color auto exposure[0m
[32mPass Pattern         378, Function: color_auto_focus[0m
[32mPass Pattern         379, Function: color auto exposure[0m
[32mPass Pattern         380, Function: color auto exposure[0m
[32mPass Pattern         381, Function: color auto exposure[0m
[32mPass Pattern         382, Function: color_auto_focus[0m
[32mPass Pattern         383, Function: color auto exposure[0m
[32mPass Pattern         384, Function: color_auto_focus[0m
[32mPass Pattern         385, Function: color auto exposure[0m
[32mPass Pattern         386, Function: color auto exposure[0m
[32mPass Pattern         387, Function: color auto exposure[0m
[32mPass Pattern         388, Function: color auto exposure[0m
[32mPass Pattern         389, Function: color_auto_focus[0m
[32mPass Pattern         390, Function: color auto exposure[0m
[32mPass Pattern         391, Function: color_auto_focus[0m
[32mPass Pattern         392, Function: color auto exposure[0m
[32mPass Pattern         393, Function: color_auto_focus[0m
[32mPass Pattern         394, Function: color_auto_focus[0m
[32mPass Pattern         395, Function: color auto exposure[0m
[32mPass Pattern         396, Function: color_auto_focus[0m
[32mPass Pattern         397, Function: color auto exposure[0m
[32mPass Pattern         398, Function: color auto exposure[0m
[32mPass Pattern         399, Function: color auto exposure[0m
[32mPass Pattern         400, Function: color auto exposure[0m
*************************************************************************
*                         Congratulations!                              
*                Your execution cycles = 54636 cycles          
*                Your clock period = 2.4 ns          
*                Total Latency = 131126.4 ns          
*************************************************************************
$finish called from file "PATTERN.v", line 54.
$finish at simulation time            134121600
           V C S   S i m u l a t i o n   R e p o r t 
Time: 134121600 ps
CPU Time:      6.890 seconds;       Data structure size:   2.6Mb
Wed Dec 25 01:56:42 2024
CPU time: 2.474 seconds to compile + .531 seconds to elab + .844 seconds to link + 6.943 seconds in simulation
