#======================================================
#
# Synopsys Synthesis Scripts (Design Vision dctcl mode)
#
#======================================================
#======================================================
# (A) Global Parameters
#======================================================
set DESIGN "Ramen"
Ramen
set CYCLE 10
10
set INPUT_DLY [expr 0.5*$CYCLE]
5.0
set OUTPUT_DLY [expr 0.5*$CYCLE]
5.0
#======================================================
# (B) Read RTL Code
#======================================================
# (B-1) analyze + elaborate
set hdlin_auto_save_templates TRUE
TRUE
analyze -f sverilog $DESIGN\.v 
Running PRESTO HDLC
Compiling source file ../01_RTL/Ramen.v
Presto compilation completed successfully.
Loading db file '/RAID2/COURSE/iclab/iclabTA01/umc018/Synthesis/slow.db'
Loading db file '/usr/cad/synopsys/synthesis/cur/libraries/syn/dw_foundation.sldb'
Loading db file '/usr/cad/synopsys/synthesis/cur/libraries/syn/standard.sldb'
1
elaborate $DESIGN  
Loading db file '/usr/cad/synopsys/synthesis/2022.03/libraries/syn/gtech.db'
Loading db file '/usr/cad/synopsys/synthesis/2022.03/libraries/syn/standard.sldb'
  Loading link library 'slow'
  Loading link library 'gtech'
Running PRESTO HDLC

Statistics for case statements in always block at line 78 in file
        '../01_RTL/Ramen.v'
===============================================
|           Line           |  full/ parallel  |
===============================================
|            79            |    auto/auto     |
===============================================

Statistics for case statements in always block at line 168 in file
        '../01_RTL/Ramen.v'
===============================================
|           Line           |  full/ parallel  |
===============================================
|           170            |    auto/auto     |
|           204            |    auto/auto     |
===============================================

Statistics for case statements in always block at line 240 in file
        '../01_RTL/Ramen.v'
===============================================
|           Line           |  full/ parallel  |
===============================================
|           242            |    auto/auto     |
|           280            |    auto/auto     |
===============================================

Statistics for case statements in always block at line 321 in file
        '../01_RTL/Ramen.v'
===============================================
|           Line           |  full/ parallel  |
===============================================
|           333            |    auto/auto     |
===============================================

Inferred memory devices in process
        in routine Ramen line 71 in file
                '../01_RTL/Ramen.v'.
===============================================================================
|    Register Name    |   Type    | Width | Bus | MB | AR | AS | SR | SS | ST |
===============================================================================
|      state_reg      | Flip-flop |   3   |  Y  | N  | Y  | N  | N  | N  | N  |
===============================================================================

Inferred memory devices in process
        in routine Ramen line 111 in file
                '../01_RTL/Ramen.v'.
================================================================================
|    Register Name     |   Type    | Width | Bus | MB | AR | AS | SR | SS | ST |
================================================================================
| ramen_type_store_reg | Flip-flop |   2   |  Y  | N  | Y  | N  | N  | N  | N  |
================================================================================

Inferred memory devices in process
        in routine Ramen line 119 in file
                '../01_RTL/Ramen.v'.
===============================================================================
|    Register Name    |   Type    | Width | Bus | MB | AR | AS | SR | SS | ST |
===============================================================================
|  portion_store_reg  | Flip-flop |   1   |  N  | N  | Y  | N  | N  | N  | N  |
===============================================================================

Inferred memory devices in process
        in routine Ramen line 127 in file
                '../01_RTL/Ramen.v'.
===============================================================================
|    Register Name    |   Type    | Width | Bus | MB | AR | AS | SR | SS | ST |
===============================================================================
|       cnt_reg       | Flip-flop |   3   |  Y  | N  | Y  | N  | N  | N  | N  |
===============================================================================

Inferred memory devices in process
        in routine Ramen line 147 in file
                '../01_RTL/Ramen.v'.
===============================================================================
|    Register Name    |   Type    | Width | Bus | MB | AR | AS | SR | SS | ST |
===============================================================================
|  out_total_cnt_reg  | Flip-flop |   3   |  Y  | N  | Y  | N  | N  | N  | N  |
===============================================================================

Inferred memory devices in process
        in routine Ramen line 158 in file
                '../01_RTL/Ramen.v'.
===============================================================================
|    Register Name    |   Type    | Width | Bus | MB | AR | AS | SR | SS | ST |
===============================================================================
| can_sell_store_reg  | Flip-flop |   1   |  N  | N  | Y  | N  | N  | N  | N  |
===============================================================================

Inferred memory devices in process
        in routine Ramen line 321 in file
                '../01_RTL/Ramen.v'.
================================================================================
|    Register Name     |   Type    | Width | Bus | MB | AR | AS | SR | SS | ST |
================================================================================
|   MISO_SOY_num_reg   | Flip-flop |   7   |  Y  | N  | Y  | N  | N  | N  | N  |
|   TONKOTSU_num_reg   | Flip-flop |   7   |  Y  | N  | Y  | N  | N  | N  | N  |
| TONKOTSU_SOY_num_reg | Flip-flop |   7   |  Y  | N  | Y  | N  | N  | N  | N  |
|     MISO_num_reg     | Flip-flop |   7   |  Y  | N  | Y  | N  | N  | N  | N  |
================================================================================

Inferred memory devices in process
        in routine Ramen line 359 in file
                '../01_RTL/Ramen.v'.
===============================================================================
|    Register Name    |   Type    | Width | Bus | MB | AR | AS | SR | SS | ST |
===============================================================================
|    soy_sause_reg    | Flip-flop |   7   |  Y  | N  | N  | Y  | N  | N  | N  |
|    soy_sause_reg    | Flip-flop |   4   |  Y  | N  | Y  | N  | N  | N  | N  |
|     noodle_reg      | Flip-flop |   7   |  Y  | N  | N  | Y  | N  | N  | N  |
|     noodle_reg      | Flip-flop |   7   |  Y  | N  | Y  | N  | N  | N  | N  |
|      broth_reg      | Flip-flop |   4   |  Y  | N  | N  | Y  | N  | N  | N  |
|      broth_reg      | Flip-flop |  12   |  Y  | N  | Y  | N  | N  | N  | N  |
|  tonkotsu_soup_reg  | Flip-flop |   5   |  Y  | N  | N  | Y  | N  | N  | N  |
|  tonkotsu_soup_reg  | Flip-flop |   9   |  Y  | N  | Y  | N  | N  | N  | N  |
|      miso_reg       | Flip-flop |   6   |  Y  | N  | N  | Y  | N  | N  | N  |
|      miso_reg       | Flip-flop |   4   |  Y  | N  | Y  | N  | N  | N  | N  |
===============================================================================

Inferred memory devices in process
        in routine Ramen line 387 in file
                '../01_RTL/Ramen.v'.
===============================================================================
|    Register Name    |   Type    | Width | Bus | MB | AR | AS | SR | SS | ST |
===============================================================================
|     success_reg     | Flip-flop |   1   |  N  | N  | Y  | N  | N  | N  | N  |
| out_valid_order_reg | Flip-flop |   1   |  N  | N  | Y  | N  | N  | N  | N  |
===============================================================================

Inferred memory devices in process
        in routine Ramen line 404 in file
                '../01_RTL/Ramen.v'.
===============================================================================
|    Register Name    |   Type    | Width | Bus | MB | AR | AS | SR | SS | ST |
===============================================================================
|    sold_num_reg     | Flip-flop |  28   |  Y  | N  | Y  | N  | N  | N  | N  |
===============================================================================

Inferred memory devices in process
        in routine Ramen line 417 in file
                '../01_RTL/Ramen.v'.
===============================================================================
|    Register Name    |   Type    | Width | Bus | MB | AR | AS | SR | SS | ST |
===============================================================================
|  out_valid_tot_reg  | Flip-flop |   1   |  N  | N  | Y  | N  | N  | N  | N  |
===============================================================================

Inferred memory devices in process
        in routine Ramen line 427 in file
                '../01_RTL/Ramen.v'.
===============================================================================
|    Register Name    |   Type    | Width | Bus | MB | AR | AS | SR | SS | ST |
===============================================================================
|   total_gain_reg    | Flip-flop |  15   |  Y  | N  | Y  | N  | N  | N  | N  |
===============================================================================
Presto compilation completed successfully. (Ramen)
Elaborated 1 design.
Current design is now 'Ramen'.
1
# (B-2) read_sverilog
#read_sverilog $DESIGN\.v
# (B-3) set current design
current_design $DESIGN
Current design is 'Ramen'.
{Ramen}
link

  Linking design 'Ramen'
  Using the following designs and libraries:
  --------------------------------------------------------------------------
  Ramen                       /RAID2/COURSE/iclab/iclab143/OT/Exercise/02_SYN/Ramen.db
  slow (library)              /RAID2/COURSE/iclab/iclabTA01/umc018/Synthesis/slow.db
  dw_foundation.sldb (library) /usr/cad/synopsys/synthesis/cur/libraries/syn/dw_foundation.sldb

1
#======================================================
#  (C) Global Setting
#======================================================
#set_wire_load_mode top
#set_operating_conditions -max WCCOM -min BCCOM
#set_wire_load_model -name umc18_wl10 -library slow
#======================================================
#  (D) Set Design Constraints
#======================================================
# (D-1) Setting Clock Constraints
create_clock -name clk -period $CYCLE [get_ports clk] 
1
set_dont_touch_network             [get_clocks clk]
1
set_fix_hold                       [get_clocks clk]
1
set_clock_uncertainty       0.1    [get_clocks clk]
1
# set_clock_latency   -source 0      [get_clocks clk]
# set_clock_latency           1      [get_clocks clk] 
set_input_transition        0.5    [all_inputs] 
1
set_clock_transition        0.1    [all_clocks] 
1
# (D-2) Setting in/out Constraints
set_input_delay   -max  $INPUT_DLY  -clock clk   [all_inputs] ;  # set_up time check 
1
set_input_delay   -min  0           -clock clk   [all_inputs] ;  # hold   time check 
1
set_output_delay  -max  $OUTPUT_DLY -clock clk   [all_outputs] ; # set_up time check 
1
set_output_delay  -min  0           -clock clk   [all_outputs] ; # hold   time check 
1
set_input_delay 0 -clock clk clk
1
set_input_delay 0 -clock clk rst_n
1
#set_max_delay $CYCLE -from [all_inputs] -to [all_outputs]
# (D-3) Setting Design Environment
# set_driving_cell -library umc18io3v5v_slow -lib_cell P2C    -pin {Y}  [get_ports clk]
# set_driving_cell -library umc18io3v5v_slow -lib_cell P2C    -pin {Y}  [remove_from_collection [all_inputs] [get_ports clk]]
# set_load  [load_of "umc18io3v5v_slow/P8C/A"]       [all_outputs] ; # ~= 0.038
set_load 0.05 [all_outputs]
1
# (D-4) Setting DRC Constraint
#set_max_delay           0     ; # Optimize delay max effort                 
#set_max_area            0      ; # Optimize area max effort           
set_max_transition      3       [all_inputs]   ; # U18 LUT Max Transition Value  
1
set_max_capacitance     0.15    [all_inputs]   ; # U18 LUT Max Capacitance Value
1
set_max_fanout          10      [all_inputs]
1
# set_dont_use slow/JKFF*
#set_dont_touch [get_cells core_reg_macro]
#set hdlin_ff_always_sync_set_reset true
# (D-5) Report Clock skew
report_clock -skew clk
Information: Checking out the license 'DesignWare'. (SEC-104)
Information: Updating design information... (UID-85)
Warning: Design 'Ramen' contains 1 high-fanout nets. A fanout number of 1000 will be used for delay calculations involving these nets. (TIM-134)
 
****************************************
Report : clock_skew
Design : Ramen
Version: T-2022.03
Date   : Sat Oct 26 18:56:29 2024
****************************************

                 Rise      Fall  Min Rise  Min fall        Uncertainty
Object          Delay     Delay     Delay     Delay     Plus      Minus
--------------------------------------------------------------------------------
clk                 -         -         -         -      0.10      0.10

                 Max Transition      Min Transition
Object           Rise      Fall      Rise      Fall
-------------------------------------------------------
clk              0.10      0.10      0.10      0.10
1
check_timing

Information: Checking generated_clocks...

Information: Checking loops...

Information: Checking no_input_delay...

Information: Checking unconstrained_endpoints...

Information: Checking pulse_clock_cell_type...

Information: Checking no_driving_cell...

Information: Checking partial_input_delay...
1
#======================================================
#  (E) Optimization
#======================================================
check_design > Report/$DESIGN\.check
set_fix_multiple_port_nets -all -buffer_constants [get_designs *]
1
set_fix_hold [all_clocks]
1
compile_ultra
Information: Performing power optimization. (PWR-850)
Analyzing: "/RAID2/COURSE/iclab/iclabTA01/umc018/Synthesis/slow.db"
Library analysis succeeded.
Information: Running optimization using a maximum of 4 cores. (OPT-1500)
Information: Evaluating DesignWare library utilization. (UISN-27)

============================================================================
| DesignWare Building Block Library  |         Version         | Available |
============================================================================
| Basic DW Building Blocks           | S-2021.06-DWBB_202106.0 |     *     |
| Licensed DW Building Blocks        | S-2021.06-DWBB_202106.0 |     *     |
============================================================================

====================================================================================================
| Flow Information                                                                                 |
----------------------------------------------------------------------------------------------------
| Flow         | Design Compiler NXT WLM                                                           |
| Comand line  | compile_ultra                                                                     |
====================================================================================================
| Design Information                                      | Value                                  |
====================================================================================================
| Number of Scenarios                                     | 0                                      |
| Leaf Cell Count                                         | 541                                    |
| Number of User Hierarchies                              | 0                                      |
| Sequential Cell Count                                   | 152                                    |
| Macro Count                                             | 0                                      |
| Number of Power Domains                                 | 0                                      |
| Number of Path Groups                                   | 2                                      |
| Number of VT class                                      | 0                                      |
| Number of Clocks                                        | 1                                      |
| Number of Dont Touch cells                              | 112                                    |
| Number of Dont Touch nets                               | 1                                      |
| Number of size only cells                               | 0                                      |
| Design with UPF Data                                    | false                                  |
----------------------------------------------------------------------------------------------------
| Variables                                               | Value                                  |
----------------------------------------------------------------------------------------------------
| set_fix_multiple_port_nets                              | -all -buffer_constants                 |
====================================================================================================
Information: Sequential output inversion is enabled.  SVF file must be used for formal verification. (OPT-1208)

Information: There are 23 potential problems in your design. Please run 'check_design' for more information. (LINT-99)

  Simplifying Design 'Ramen'

Loaded alib file './alib-52/slow.db.alib'
  Building model 'DW01_NAND2'
Information: Ungrouping 0 of 1 hierarchies before Pass 1 (OPT-775)
Information: State dependent leakage is now switched from on to off.

  Beginning Pass 1 Mapping
  ------------------------
  Processing 'Ramen'
Information: Added key list 'DesignWare' to design 'Ramen'. (DDB-72)
Information: The register 'state_reg[2]' is a constant and will be removed. (OPT-1206)
 Implement Synthetic for 'Ramen'.
Information: The register 'total_gain_reg[0]' is a constant and will be removed. (OPT-1206)

  Updating timing information
Information: Updating design information... (UID-85)
Information: The library cell 'HOLDX1' in the library 'slow' is not characterized for internal power. (PWR-536)
Information: The target library(s) contains cell(s), other than black boxes, that are not characterized for internal power. (PWR-24)
Information: The register 'noodle_reg[0]' is a constant and will be removed. (OPT-1206)
Information: The register 'broth_reg[0]' is a constant and will be removed. (OPT-1206)
Information: The register 'tonkotsu_soup_reg[0]' is a constant and will be removed. (OPT-1206)

  Beginning Mapping Optimizations  (Ultra High effort)
  -------------------------------
Information: There is no timing violation in design Ramen. Delay-based auto_ungroup will not be performed. (OPT-780)
  Mapping Optimization (Phase 1)

                                  TOTAL                                                            
   ELAPSED            WORST NEG   SETUP    DESIGN                              LEAKAGE   MIN DELAY 
    TIME      AREA      SLACK     COST    RULE COST         ENDPOINT            POWER      COST    
  --------- --------- --------- --------- --------- ------------------------- --------- -----------
    0:00:04   35695.6      0.00       0.0       0.0                           4792108.5000      0.00  
    0:00:04   35615.8      0.00       0.0       0.0                           4778250.5000      0.00  

  Beginning Constant Register Removal
  -----------------------------------
    0:00:04   35615.8      0.00       0.0       0.0                           4778250.5000      0.00  
    0:00:04   35615.8      0.00       0.0       0.0                           4778250.5000      0.00  

  Beginning Global Optimizations
  ------------------------------
  Numerical Synthesis (Phase 1)
  Numerical Synthesis (Phase 2)
  Global Optimization (Phase 1)
  Global Optimization (Phase 2)
  Global Optimization (Phase 3)
  Global Optimization (Phase 4)
  Global Optimization (Phase 5)
  Global Optimization (Phase 6)
  Global Optimization (Phase 7)
  Global Optimization (Phase 8)
  Global Optimization (Phase 9)
  Global Optimization (Phase 10)
  Global Optimization (Phase 11)
  Global Optimization (Phase 12)
  Global Optimization (Phase 13)
  Global Optimization (Phase 14)
  Global Optimization (Phase 15)
  Global Optimization (Phase 16)
  Global Optimization (Phase 17)
  Global Optimization (Phase 18)
  Global Optimization (Phase 19)
  Global Optimization (Phase 20)
  Global Optimization (Phase 21)
  Global Optimization (Phase 22)
  Global Optimization (Phase 23)
  Global Optimization (Phase 24)
  Global Optimization (Phase 25)
  Global Optimization (Phase 26)
  Global Optimization (Phase 27)
  Global Optimization (Phase 28)
  Global Optimization (Phase 29)
  Global Optimization (Phase 30)
  Global Optimization (Phase 31)

  Beginning Isolate Ports
  -----------------------

  Beginning Delay Optimization
  ----------------------------
    0:00:04   24422.4      0.00       0.0       0.0                           2130161.0000      0.00  
    0:00:04   24422.4      0.00       0.0       0.0                           2130161.0000      0.00  
    0:00:04   24422.4      0.00       0.0       0.0                           2130161.0000      0.00  
    0:00:05   24133.0      0.00       0.0       0.0                           2115987.7500      0.00  
    0:00:05   24133.0      0.00       0.0       0.0                           2115987.7500      0.00  
    0:00:05   24123.1      0.00       0.0       0.0                           2115420.7500      0.00  

  Beginning WLM Backend Optimization
  --------------------------------------
    0:00:05   24076.5      0.00       0.0       0.0                           2095933.6250      0.00  
    0:00:05   24076.5      0.00       0.0       0.0                           2095933.6250      0.00  
    0:00:05   24076.5      0.00       0.0       0.0                           2095933.6250      0.00  
    0:00:05   24159.6      0.00       0.0       0.0                           2082832.0000      0.00  
    0:00:05   24159.6      0.00       0.0       0.0                           2082832.0000      0.00  
    0:00:05   24159.6      0.00       0.0       0.0                           2082832.0000      0.00  
    0:00:05   24159.6      0.00       0.0       0.0                           2082832.0000      0.00  
    0:00:05   24159.6      0.00       0.0       0.0                           2082832.0000      0.00  
    0:00:05   24159.6      0.00       0.0       0.0                           2082832.0000      0.00  
    0:00:05   24159.6      0.00       0.0       0.0                           2082832.0000      0.00  
    0:00:05   24159.6      0.00       0.0       0.0                           2082832.0000      0.00  
    0:00:05   24159.6      0.00       0.0       0.0                           2082832.0000      0.00  
    0:00:05   24159.6      0.00       0.0       0.0                           2082832.0000      0.00  
    0:00:05   24159.6      0.00       0.0       0.0                           2082832.0000      0.00  
    0:00:05   24159.6      0.00       0.0       0.0                           2082832.0000      0.00  
    0:00:05   24159.6      0.00       0.0       0.0                           2082832.0000      0.00  
    0:00:05   24159.6      0.00       0.0       0.0                           2082832.0000      0.00  
    0:00:05   24159.6      0.00       0.0       0.0                           2082832.0000      0.00  
    0:00:05   24159.6      0.00       0.0       0.0                           2082832.0000      0.00  
    0:00:05   24159.6      0.00       0.0       0.0                           2082832.0000      0.00  
    0:00:05   24159.6      0.00       0.0       0.0                           2082832.0000      0.00  
    0:00:05   24159.6      0.00       0.0       0.0                           2082832.0000      0.00  
    0:00:05   24159.6      0.00       0.0       0.0                           2082832.0000      0.00  
    0:00:05   24159.6      0.00       0.0       0.0                           2082832.0000      0.00  


  Beginning Leakage Power Optimization  (max_leakage_power 0)
  ------------------------------------

                                  TOTAL                                                            
   ELAPSED            WORST NEG   SETUP    DESIGN                              LEAKAGE   MIN DELAY 
    TIME      AREA      SLACK     COST    RULE COST         ENDPOINT            POWER      COST    
  --------- --------- --------- --------- --------- ------------------------- --------- -----------
    0:00:05   24159.6      0.00       0.0       0.0                           2082832.0000      0.00  
  Global Optimization (Phase 32)
  Global Optimization (Phase 33)
  Global Optimization (Phase 34)
  Global Optimization (Phase 35)
  Global Optimization (Phase 36)
  Global Optimization (Phase 37)
  Global Optimization (Phase 38)
  Global Optimization (Phase 39)
  Global Optimization (Phase 40)
  Global Optimization (Phase 41)
  Global Optimization (Phase 42)
  Global Optimization (Phase 43)
  Global Optimization (Phase 44)
    0:00:05   24974.6      0.00       0.0       0.0                           2060824.5000      0.00  
    0:00:05   24974.6      0.00       0.0       0.0                           2060824.5000      0.00  
    0:00:05   24974.6      0.00       0.0       0.0                           2060824.5000      0.00  
    0:00:05   24489.0      0.00       0.0       0.0                           1924252.3750      0.00  
    0:00:05   24489.0      0.00       0.0       0.0                           1924252.3750      0.00  
    0:00:05   24489.0      0.00       0.0       0.0                           1924252.3750      0.00  
    0:00:05   24489.0      0.00       0.0       0.0                           1924252.3750      0.00  
    0:00:05   24489.0      0.00       0.0       0.0                           1924252.3750      0.00  
    0:00:05   24489.0      0.00       0.0       0.0                           1924252.3750      0.00  
    0:00:05   24489.0      0.00       0.0       0.0                           1924252.3750      0.00  
    0:00:05   24489.0      0.00       0.0       0.0                           1924252.3750      0.00  
    0:00:05   24489.0      0.00       0.0       0.0                           1924252.3750      0.00  
    0:00:05   24489.0      0.00       0.0       0.0                           1924252.3750      0.00  
    0:00:05   24489.0      0.00       0.0       0.0                           1924252.3750      0.00  
    0:00:05   24489.0      0.00       0.0       0.0                           1924252.3750      0.00  
    0:00:05   24489.0      0.00       0.0       0.0                           1924252.3750      0.00  
    0:00:05   24489.0      0.00       0.0       0.0                           1924252.3750      0.00  
    0:00:05   24489.0      0.00       0.0       0.0                           1924252.3750      0.00  
    0:00:05   24489.0      0.00       0.0       0.0                           1924252.3750      0.00  
    0:00:05   24489.0      0.00       0.0       0.0                           1924252.3750      0.00  
    0:00:05   24489.0      0.00       0.0       0.0                           1924252.3750      0.00  
    0:00:05   24489.0      0.00       0.0       0.0                           1924252.3750      0.00  

                                  TOTAL                                                            
   ELAPSED            WORST NEG   SETUP    DESIGN                              LEAKAGE   MIN DELAY 
    TIME      AREA      SLACK     COST    RULE COST         ENDPOINT            POWER      COST    
  --------- --------- --------- --------- --------- ------------------------- --------- -----------
    0:00:06   24498.9      0.00       0.0       0.0                           1924499.8750      0.00  
    0:00:06   24039.9      0.00       0.0       0.0                           1926774.0000      0.00  
    0:00:06   24039.9      0.00       0.0       0.0                           1926774.0000      0.00  
    0:00:06   24039.9      0.00       0.0       0.0                           1926774.0000      0.00  
    0:00:06   24039.9      0.00       0.0       0.0                           1925040.8750      0.00  
    0:00:06   24126.4      0.00       0.0       0.0                           1916926.1250      0.00  
    0:00:06   24126.4      0.00       0.0       0.0                           1916926.1250      0.00  
    0:00:06   24126.4      0.00       0.0       0.0                           1916926.1250      0.00  
    0:00:06   24126.4      0.00       0.0       0.0                           1916926.1250      0.00  
    0:00:06   24126.4      0.00       0.0       0.0                           1916926.1250      0.00  
    0:00:06   24126.4      0.00       0.0       0.0                           1916926.1250      0.00  
Loading db file '/RAID2/COURSE/iclab/iclabTA01/umc018/Synthesis/slow.db'


Note: Symbol # after min delay cost means estimated hold TNS across all active scenarios 


  Optimization Complete
  ---------------------
Information: State dependent leakage is now switched from off to on.
Information: Propagating switching activity (low effort zero delay simulation). (PWR-6)
1
#uniquify
#compile
#======================================================
#  (F) Output Reports 
#======================================================
report_design  >  Report/$DESIGN\.design
report_resource >  Report/$DESIGN\.resource
report_timing -max_paths 3 >  Report/$DESIGN\.timing
report_area >  Report/$DESIGN\.area
report_power > Report/$DESIGN\.power
report_clock > Report/$DESIGN\.clock
report_port >  Report/$DESIGN\.port
report_power >  Report/$DESIGN\.power
#report_reference > Report/$DESIGN\.reference
#======================================================
#  (G) Change Naming Rule
#======================================================
set bus_inference_style "%s\[%d\]"
%s[%d]
set bus_naming_style "%s\[%d\]"
%s[%d]
set hdlout_internal_busses true
true
change_names -hierarchy -rule verilog
1
define_name_rules name_rule -allowed "a-z A-Z 0-9 _" -max_length 255 -type cell
1
define_name_rules name_rule -allowed "a-z A-Z 0-9 _[]" -max_length 255 -type net
1
define_name_rules name_rule -map {{"\\*cell\\*" "cell"}}
1
define_name_rules name_rule -case_insensitive
1
change_names -hierarchy -rules name_rule
1
#======================================================
#  (H) Output Results
#======================================================
set verilogout_higher_designs_first true
true
write -format verilog -output Netlist/$DESIGN\_SYN.v -hierarchy
Writing verilog file '/RAID2/COURSE/iclab/iclab143/OT/Exercise/02_SYN/Netlist/Ramen_SYN.v'.
1
write -format ddc     -hierarchy -output $DESIGN\_SYN.ddc
Writing ddc file 'Ramen_SYN.ddc'.
1
write_sdf -version 3.0 -context verilog -load_delay cell Netlist/$DESIGN\_SYN.sdf -significant_digits 6
Information: Writing timing information to file '/RAID2/COURSE/iclab/iclab143/OT/Exercise/02_SYN/Netlist/Ramen_SYN.sdf'. (WT-3)
1
write_sdc Netlist/$DESIGN\_SYN.sdc
1
#======================================================
#  (I) Finish and Quit
#======================================================
report_area
 
****************************************
Report : area
Design : Ramen
Version: T-2022.03
Date   : Sat Oct 26 18:57:32 2024
****************************************

Library(s) Used:

    slow (File: /RAID2/COURSE/iclab/iclabTA01/umc018/Synthesis/slow.db)

Number of ports:                           53
Number of nets:                           918
Number of cells:                          815
Number of combinational cells:            667
Number of sequential cells:               147
Number of macros/black boxes:               0
Number of buf/inv:                        131
Number of references:                      45

Combinational area:              13954.248260
Buf/Inv area:                     1317.254447
Noncombinational area:           10172.131271
Macro/Black Box area:                0.000000
Net Interconnect area:      undefined  (No wire load specified)

Total cell area:                 24126.379532
Total area:                 undefined
1
report_timing 
 
****************************************
Report : timing
        -path full
        -delay max
        -max_paths 1
Design : Ramen
Version: T-2022.03
Date   : Sat Oct 26 18:57:32 2024
****************************************

Operating Conditions: slow   Library: slow
Wire Load Model Mode: top

  Startpoint: TONKOTSU_num_reg_1_
              (rising edge-triggered flip-flop clocked by clk)
  Endpoint: total_gain_reg_14_
            (rising edge-triggered flip-flop clocked by clk)
  Path Group: clk
  Path Type: max

  Point                                                   Incr       Path
  --------------------------------------------------------------------------
  clock clk (rise edge)                                   0.00       0.00
  clock network delay (ideal)                             0.00       0.00
  TONKOTSU_num_reg_1_/CK (DFFRHQXL)                       0.00       0.00 r
  TONKOTSU_num_reg_1_/Q (DFFRHQXL)                        0.66       0.66 r
  intadd_1_U7/CO (ADDFXL)                                 1.22       1.89 r
  intadd_1_U6/S (ADDFXL)                                  0.52       2.41 r
  U634/Y (INVXL)                                          0.06       2.47 f
  U633/CO (ADDFXL)                                        1.21       3.69 f
  U635/CO (ADDFXL)                                        1.27       4.95 f
  U532/Y (INVXL)                                          0.13       5.08 r
  DP_OP_241J1_122_7686_U34/S (CMPR42X1)                   0.37       5.45 r
  U883/Y (INVXL)                                          0.05       5.50 f
  intadd_0_U8/CO (ADDFXL)                                 0.98       6.48 f
  intadd_0_U7/CO (ADDFXL)                                 0.47       6.95 f
  intadd_0_U6/CO (ADDFXL)                                 0.47       7.41 f
  intadd_0_U5/CO (ADDFXL)                                 0.47       7.88 f
  intadd_0_U4/CO (ADDFXL)                                 0.47       8.34 f
  intadd_0_U3/CO (ADDFXL)                                 0.47       8.81 f
  intadd_0_U2/CO (ADDFXL)                                 0.48       9.28 f
  U438/Y (NOR2XL)                                         0.17       9.45 r
  U757/Y (AOI211XL)                                       0.11       9.56 f
  total_gain_reg_14_/D (DFFRHQXL)                         0.00       9.56 f
  data arrival time                                                  9.56

  clock clk (rise edge)                                  10.00      10.00
  clock network delay (ideal)                             0.00      10.00
  clock uncertainty                                      -0.10       9.90
  total_gain_reg_14_/CK (DFFRHQXL)                        0.00       9.90 r
  library setup time                                     -0.34       9.56
  data required time                                                 9.56
  --------------------------------------------------------------------------
  data required time                                                 9.56
  data arrival time                                                 -9.56
  --------------------------------------------------------------------------
  slack (MET)                                                        0.00


1
exit

Memory usage for this session 226 Mbytes.
Memory usage for this session including child processes 391 Mbytes.
CPU usage for this session 62 seconds ( 0.02 hours ).
Elapsed time for this session 70 seconds ( 0.02 hours ).

Thank you...

