#======================================================
#
# Synopsys Synthesis Scripts (Design Vision dctcl mode)
#
#======================================================
#======================================================
# (A) Global Parameters
#======================================================
set DESIGN "SSC"
SSC
set CYCLE 20
20
set INPUT_DLY [expr 0.5*$CYCLE]
10.0
set OUTPUT_DLY [expr 0.5*$CYCLE]
10.0
#======================================================
# (B) Read RTL Code
#======================================================
# (B-1) analyze + elaborate
set hdlin_auto_save_templates TRUE
TRUE
analyze -f sverilog $DESIGN\.v 
Running PRESTO HDLC
Compiling source file ../01_RTL/SSC.v
Presto compilation completed successfully.
Loading db file '/RAID2/COURSE/iclab/iclabTA01/umc018/Synthesis/slow.db'
Loading db file '/RAID2/COURSE/iclab/iclabTA01/umc018/Synthesis/fast.db'
Loading db file '/RAID2/COURSE/iclab/iclabTA01/umc018/Synthesis/umc18io3v5v_slow.db'
Loading db file '/RAID2/COURSE/iclab/iclabTA01/umc018/Synthesis/umc18io3v5v_fast.db'
Loading db file '/usr/cad/synopsys/synthesis/cur/libraries/syn/dw_foundation.sldb'
Loading db file '/usr/cad/synopsys/synthesis/cur/libraries/syn/standard.sldb'
1
elaborate $DESIGN  
Loading db file '/usr/cad/synopsys/synthesis/2022.03/libraries/syn/gtech.db'
Loading db file '/usr/cad/synopsys/synthesis/2022.03/libraries/syn/standard.sldb'
  Loading link library 'slow'
  Loading link library 'fast'
  Loading link library 'umc18io3v5v_slow'
  Loading link library 'umc18io3v5v_fast'
  Loading link library 'gtech'
Running PRESTO HDLC
Presto compilation completed successfully. (SSC)
Elaborated 1 design.
Current design is now 'SSC'.
Information: Building the design 'Multiplier4bit'. (HDL-193)
Presto compilation completed successfully. (Multiplier4bit)
1
# (B-2) read_sverilog
#read_sverilog $DESIGN\.v
# (B-3) set current design
current_design $DESIGN
Current design is 'SSC'.
{SSC}
link

  Linking design 'SSC'
  Using the following designs and libraries:
  --------------------------------------------------------------------------
  * (2 designs)               /RAID2/COURSE/iclab/iclab143/Lab01/Exercise/02_SYN/SSC.db, etc
  slow (library)              /RAID2/COURSE/iclab/iclabTA01/umc018/Synthesis/slow.db
  fast (library)              /RAID2/COURSE/iclab/iclabTA01/umc018/Synthesis/fast.db
  umc18io3v5v_slow (library)  /RAID2/COURSE/iclab/iclabTA01/umc018/Synthesis/umc18io3v5v_slow.db
  umc18io3v5v_fast (library)  /RAID2/COURSE/iclab/iclabTA01/umc018/Synthesis/umc18io3v5v_fast.db
  dw_foundation.sldb (library) /usr/cad/synopsys/synthesis/cur/libraries/syn/dw_foundation.sldb

1
#======================================================
#  (C) Global Setting
#======================================================
set_wire_load_mode top
1
set_wire_load_model -name umc18_wl10 -library slow
1
set_operating_conditions -min fast  -max slow
Using operating conditions 'slow' found in library 'slow'.
Using operating conditions 'fast' found in library 'fast'.
1
#======================================================
#  (D) Set Design Constraints
#======================================================
set_max_delay $CYCLE -from [all_inputs] -to [all_outputs]
1
set_load 0.05 [all_outputs]
1
# # (D-1) Setting Clock Constraints
# create_clock -name clk -period $CYCLE [get_ports clk] 
# set_dont_touch_network             [get_clocks clk]
# set_fix_hold                       [get_clocks clk]
# set_clock_uncertainty       0.1    [get_clocks clk]
# set_clock_latency   -source 0      [get_clocks clk]
# set_clock_latency           1      [get_clocks clk] 
# set_input_transition        0.5    [all_inputs] 
# set_clock_transition        0.1    [all_clocks] 
# # (D-2) Setting in/out Constraints
# set_input_delay   -max  $INPUT_DLY  -clock clk   [all_inputs] ;  # set_up time check 
# set_input_delay   -min  0           -clock clk   [all_inputs] ;  # hold   time check 
# set_output_delay  -max  $OUTPUT_DLY -clock clk   [all_outputs] ; # set_up time check 
# set_output_delay  -min  0           -clock clk   [all_outputs] ; # hold   time check 
# set_input_delay 0 -clock clk clk
# set_input_delay 0 -clock clk rst_n
# #set_max_delay $CYCLE -from [all_inputs] -to [all_outputs]
# # (D-3) Setting Design Environment
# set_driving_cell -library umc18io3v5v_slow -lib_cell P2C    -pin {Y}  [get_ports clk]
# set_driving_cell -library umc18io3v5v_slow -lib_cell P2C    -pin {Y}  [remove_from_collection [all_inputs] [get_ports clk]]
# set_load  [load_of "umc18io3v5v_slow/P8C/A"]       [all_outputs] ; # ~= 0.038
# #set_load 0.05 [all_outputs]
# # (D-4) Setting DRC Constraint
# #set_max_delay           0     ; # Optimize delay max effort                 
# #set_max_area            0      ; # Optimize area max effort           
# set_max_transition      3       [all_inputs]   ; # U18 LUT Max Transition Value  
# set_max_capacitance     0.15    [all_inputs]   ; # U18 LUT Max Capacitance Value
# set_max_fanout          10      [all_inputs]
# set_dont_use slow/JKFF*
# #set_dont_touch [get_cells core_reg_macro]
# #set hdlin_ff_always_sync_set_reset true
# # (D-5) Report Clock skew
# report_clock -skew clk
# check_timing
#======================================================
#  (E) Optimization
#======================================================
check_design > Report/$DESIGN\.check
set_fix_multiple_port_nets -all -buffer_constants [get_designs *]
1
# set_fix_hold [all_clocks]
compile_ultra
Information: Performing power optimization. (PWR-850)
Alib files are up-to-date.
Information: Running optimization using a maximum of 4 cores. (OPT-1500)
Information: Evaluating DesignWare library utilization. (UISN-27)

============================================================================
| DesignWare Building Block Library  |         Version         | Available |
============================================================================
| Basic DW Building Blocks           | S-2021.06-DWBB_202106.0 |     *     |
| Licensed DW Building Blocks        | S-2021.06-DWBB_202106.0 |     *     |
============================================================================

====================================================================================================
| Flow Information                                                                                 |
----------------------------------------------------------------------------------------------------
| Flow         | Design Compiler NXT WLM                                                           |
| Comand line  | compile_ultra                                                                     |
====================================================================================================
| Design Information                                      | Value                                  |
====================================================================================================
| Number of Scenarios                                     | 0                                      |
| Leaf Cell Count                                         | 334                                    |
| Number of User Hierarchies                              | 8                                      |
| Sequential Cell Count                                   | 0                                      |
| Macro Count                                             | 0                                      |
| Number of Power Domains                                 | 0                                      |
| Number of Path Groups                                   | 1                                      |
| Number of VT class                                      | 0                                      |
| Number of Clocks                                        | 0                                      |
| Number of Dont Touch cells                              | 157                                    |
| Number of Dont Touch nets                               | 0                                      |
| Number of size only cells                               | 0                                      |
| Design with UPF Data                                    | false                                  |
----------------------------------------------------------------------------------------------------
| Variables                                               | Value                                  |
----------------------------------------------------------------------------------------------------
| set_fix_multiple_port_nets                              | -all -buffer_constants                 |
====================================================================================================
Information: Sequential output inversion is enabled.  SVF file must be used for formal verification. (OPT-1208)

Information: There are 8 potential problems in your design. Please run 'check_design' for more information. (LINT-99)

Information: Uniquified 8 instances of design 'Multiplier4bit'. (OPT-1056)
  Simplifying Design 'SSC'

  Loading target library 'fast'
  Loading target library 'umc18io3v5v_slow'
  Loading target library 'umc18io3v5v_fast'
Warning: IO pad 'P8C' is unusable: unknown logic function.  (OPT-1022)
Warning: IO pad 'P8B' is unusable: unknown logic function.  (OPT-1022)
Warning: IO pad 'P8A' is unusable: unknown logic function.  (OPT-1022)
Warning: IO pad 'P4C' is unusable: unknown logic function.  (OPT-1022)
Warning: IO pad 'P4A' is unusable: unknown logic function.  (OPT-1022)
Warning: IO pad 'P2C' is unusable: unknown logic function.  (OPT-1022)
Warning: IO pad 'P2A' is unusable: unknown logic function.  (OPT-1022)
Warning: IO pad 'P24C' is unusable: unknown logic function.  (OPT-1022)
Warning: IO pad 'P24B' is unusable: unknown logic function.  (OPT-1022)
Warning: IO pad 'P24A' is unusable: unknown logic function.  (OPT-1022)
Warning: IO pad 'P16C' is unusable: unknown logic function.  (OPT-1022)
Warning: IO pad 'P16B' is unusable: unknown logic function.  (OPT-1022)
Warning: IO pad 'P16A' is unusable: unknown logic function.  (OPT-1022)
Loaded alib file './alib-52/slow.db.alib'
Loaded alib file './alib-52/fast.db.alib'
Loaded alib file './alib-52/umc18io3v5v_slow.db.alib' (placeholder)
Loaded alib file './alib-52/umc18io3v5v_fast.db.alib' (placeholder)
Warning: Operating condition slow set on design SSC has different process,
voltage and temperatures parameters than the parameters at which target library 
fast is characterized. Delays may be inaccurate as a result. (OPT-998)
  Building model 'DW01_NAND2'
Information: Ungrouping hierarchy M1 before Pass 1 (OPT-776)
Information: Ungrouping hierarchy M8 before Pass 1 (OPT-776)
Information: Ungrouping hierarchy M7 before Pass 1 (OPT-776)
Information: Ungrouping hierarchy M6 before Pass 1 (OPT-776)
Information: Ungrouping hierarchy M5 before Pass 1 (OPT-776)
Information: Ungrouping hierarchy M4 before Pass 1 (OPT-776)
Information: Ungrouping hierarchy M3 before Pass 1 (OPT-776)
Information: Ungrouping hierarchy M2 before Pass 1 (OPT-776)
Information: Ungrouping 8 of 9 hierarchies before Pass 1 (OPT-775)
Information: State dependent leakage is now switched from on to off.

  Beginning Pass 1 Mapping
  ------------------------
  Processing 'SSC'
Information: Added key list 'DesignWare' to design 'SSC'. (DDB-72)
 Implement Synthetic for 'SSC'.

  Updating timing information
Information: Updating design information... (UID-85)
Information: The library cell 'HOLDX1' in the library 'slow' is not characterized for internal power. (PWR-536)
Information: The target library(s) contains cell(s), other than black boxes, that are not characterized for internal power. (PWR-24)

  Beginning Mapping Optimizations  (Ultra High effort)
  -------------------------------
  Mapping Optimization (Phase 1)

                                  TOTAL                                                
   ELAPSED            WORST NEG   SETUP    DESIGN                              LEAKAGE 
    TIME      AREA      SLACK     COST    RULE COST         ENDPOINT            POWER  
  --------- --------- --------- --------- --------- ------------------------- ---------
    0:00:08   98105.5      0.00       0.0       0.0                           15425951.0000
    0:00:08   97939.2      0.00       0.0       0.0                           15394489.0000

  Beginning Constant Register Removal
  -----------------------------------
    0:00:08   97939.2      0.00       0.0       0.0                           15394489.0000
    0:00:08   97939.2      0.00       0.0       0.0                           15394489.0000

  Beginning Global Optimizations
  ------------------------------
  Numerical Synthesis (Phase 1)
  Numerical Synthesis (Phase 2)
  Global Optimization (Phase 1)
  Global Optimization (Phase 2)
  Global Optimization (Phase 3)
  Global Optimization (Phase 4)
  Global Optimization (Phase 5)
  Global Optimization (Phase 6)
  Global Optimization (Phase 7)
  Global Optimization (Phase 8)
  Global Optimization (Phase 9)
  Global Optimization (Phase 10)
  Global Optimization (Phase 11)
  Global Optimization (Phase 12)
  Global Optimization (Phase 13)
  Global Optimization (Phase 14)
  Global Optimization (Phase 15)
  Global Optimization (Phase 16)
  Global Optimization (Phase 17)
  Global Optimization (Phase 18)
  Global Optimization (Phase 19)
  Global Optimization (Phase 20)
  Global Optimization (Phase 21)
  Global Optimization (Phase 22)
  Global Optimization (Phase 23)
  Global Optimization (Phase 24)
  Global Optimization (Phase 25)
  Global Optimization (Phase 26)
  Global Optimization (Phase 27)
  Global Optimization (Phase 28)
  Global Optimization (Phase 29)
  Global Optimization (Phase 30)
  Global Optimization (Phase 31)
  Mapping 'SSC_DP_OP_339J1_123_3061_2'
  Mapping 'SSC_DP_OP_343J1_127_6742_0'

  Beginning Isolate Ports
  -----------------------

  Beginning Delay Optimization
  ----------------------------
    0:00:09   68723.4      0.37       3.3       0.0                           9995449.0000
    0:00:09   68863.1      0.00       0.0       0.0                           10022130.0000
    0:00:09   68863.1      0.00       0.0       0.0                           10022130.0000
    0:00:09   68863.1      0.00       0.0       0.0                           10022130.0000
    0:00:11   66468.1      0.25       0.5       0.0                           9635049.0000
    0:00:11   66045.7      0.25       0.5       0.0                           9564973.0000

  Beginning WLM Backend Optimization
  --------------------------------------
    0:00:13   62419.9      0.08       0.1       0.0                           8893603.0000
    0:00:14   62350.0      0.00       0.0       0.0                           8872529.0000
    0:00:14   62350.0      0.00       0.0       0.0                           8872529.0000
    0:00:14   60297.7      0.00       0.0       0.0                           8417473.0000
    0:00:14   60297.7      0.00       0.0       0.0                           8417473.0000
    0:00:14   60297.7      0.00       0.0       0.0                           8417473.0000
    0:00:14   60297.7      0.00       0.0       0.0                           8417473.0000
    0:00:14   60297.7      0.00       0.0       0.0                           8417473.0000
    0:00:14   60297.7      0.00       0.0       0.0                           8417473.0000
    0:00:14   60297.7      0.00       0.0       0.0                           8417473.0000
    0:00:14   60297.7      0.00       0.0       0.0                           8417473.0000
    0:00:14   60297.7      0.00       0.0       0.0                           8417473.0000
    0:00:14   60297.7      0.00       0.0       0.0                           8417473.0000
    0:00:14   60297.7      0.00       0.0       0.0                           8417473.0000
    0:00:14   60297.7      0.00       0.0       0.0                           8417473.0000
    0:00:14   60297.7      0.00       0.0       0.0                           8417473.0000
    0:00:14   60297.7      0.00       0.0       0.0                           8417473.0000
    0:00:14   60297.7      0.00       0.0       0.0                           8417473.0000
    0:00:14   60297.7      0.00       0.0       0.0                           8417473.0000
    0:00:14   60297.7      0.00       0.0       0.0                           8417473.0000
    0:00:14   60297.7      0.00       0.0       0.0                           8417473.0000
    0:00:14   60297.7      0.00       0.0       0.0                           8417473.0000
    0:00:14   60297.7      0.00       0.0       0.0                           8417473.0000
    0:00:14   60297.7      0.00       0.0       0.0                           8417473.0000


  Beginning Leakage Power Optimization  (max_leakage_power 0)
  ------------------------------------

                                  TOTAL                                                
   ELAPSED            WORST NEG   SETUP    DESIGN                              LEAKAGE 
    TIME      AREA      SLACK     COST    RULE COST         ENDPOINT            POWER  
  --------- --------- --------- --------- --------- ------------------------- ---------
    0:00:14   60297.7      0.00       0.0       0.0                           8417473.0000
  Global Optimization (Phase 32)
  Global Optimization (Phase 33)
  Global Optimization (Phase 34)
  Global Optimization (Phase 35)
  Global Optimization (Phase 36)
  Global Optimization (Phase 37)
  Global Optimization (Phase 38)
  Global Optimization (Phase 39)
  Global Optimization (Phase 40)
  Global Optimization (Phase 41)
  Global Optimization (Phase 42)
  Global Optimization (Phase 43)
  Global Optimization (Phase 44)
  Global Optimization (Phase 45)
    0:00:15   54539.7      0.00       0.0       0.0                           6973376.0000
    0:00:15   54539.7      0.00       0.0       0.0                           6973376.0000
    0:00:15   54539.7      0.00       0.0       0.0                           6973376.0000
    0:00:15   54313.5      0.00       0.0       0.0                           6924215.5000
    0:00:15   54313.5      0.00       0.0       0.0                           6924215.5000
    0:00:15   54313.5      0.00       0.0       0.0                           6924215.5000
    0:00:15   54313.5      0.00       0.0       0.0                           6924215.5000
    0:00:15   54313.5      0.00       0.0       0.0                           6924215.5000
    0:00:15   54313.5      0.00       0.0       0.0                           6924215.5000
    0:00:15   54313.5      0.00       0.0       0.0                           6924215.5000
    0:00:15   54313.5      0.00       0.0       0.0                           6924215.5000
    0:00:15   54313.5      0.00       0.0       0.0                           6924215.5000
    0:00:15   54313.5      0.00       0.0       0.0                           6924215.5000
    0:00:15   54313.5      0.00       0.0       0.0                           6924215.5000
    0:00:15   54313.5      0.00       0.0       0.0                           6924215.5000
    0:00:15   54313.5      0.00       0.0       0.0                           6924215.5000
    0:00:15   54313.5      0.00       0.0       0.0                           6924215.5000
    0:00:15   54313.5      0.00       0.0       0.0                           6924215.5000
    0:00:15   54313.5      0.00       0.0       0.0                           6924215.5000
    0:00:15   54313.5      0.00       0.0       0.0                           6924215.5000
    0:00:15   54313.5      0.00       0.0       0.0                           6924215.5000
    0:00:15   54313.5      0.00       0.0       0.0                           6924215.5000

                                  TOTAL                                                
   ELAPSED            WORST NEG   SETUP    DESIGN                              LEAKAGE 
    TIME      AREA      SLACK     COST    RULE COST         ENDPOINT            POWER  
  --------- --------- --------- --------- --------- ------------------------- ---------
    0:00:15   54313.5      0.00       0.0       0.0                           6924215.5000
    0:00:16   50388.3      0.00       0.0       0.0                           6317955.0000
    0:00:16   50388.3      0.00       0.0       0.0                           6317955.0000
    0:00:16   50388.3      0.00       0.0       0.0                           6317955.0000
    0:00:16   50388.3      0.00       0.0       0.0                           6317955.0000
    0:00:16   50225.3      0.00       0.0       0.0                           6258346.0000
    0:00:16   50225.3      0.00       0.0       0.0                           6258346.0000
    0:00:16   50225.3      0.00       0.0       0.0                           6258346.0000
    0:00:16   50225.3      0.00       0.0       0.0                           6258346.0000
    0:00:16   50225.3      0.00       0.0       0.0                           6258346.0000
    0:00:16   50225.3      0.00       0.0       0.0                           6258346.0000
    0:00:16   48951.3      0.00       0.0       0.0                           6037619.0000
Loading db file '/RAID2/COURSE/iclab/iclabTA01/umc018/Synthesis/slow.db'
Loading db file '/RAID2/COURSE/iclab/iclabTA01/umc018/Synthesis/fast.db'
Loading db file '/RAID2/COURSE/iclab/iclabTA01/umc018/Synthesis/umc18io3v5v_slow.db'
Loading db file '/RAID2/COURSE/iclab/iclabTA01/umc018/Synthesis/umc18io3v5v_fast.db'


Note: Symbol # after min delay cost means estimated hold TNS across all active scenarios 


  Optimization Complete
  ---------------------
  Loading target library 'fast'
  Loading target library 'umc18io3v5v_slow'
  Loading target library 'umc18io3v5v_fast'
Warning: IO pad 'P8C' is unusable: unknown logic function.  (OPT-1022)
Warning: IO pad 'P8B' is unusable: unknown logic function.  (OPT-1022)
Warning: IO pad 'P8A' is unusable: unknown logic function.  (OPT-1022)
Warning: IO pad 'P4C' is unusable: unknown logic function.  (OPT-1022)
Warning: IO pad 'P4A' is unusable: unknown logic function.  (OPT-1022)
Warning: IO pad 'P2C' is unusable: unknown logic function.  (OPT-1022)
Warning: IO pad 'P2A' is unusable: unknown logic function.  (OPT-1022)
Warning: IO pad 'P24C' is unusable: unknown logic function.  (OPT-1022)
Warning: IO pad 'P24B' is unusable: unknown logic function.  (OPT-1022)
Warning: IO pad 'P24A' is unusable: unknown logic function.  (OPT-1022)
Warning: IO pad 'P16C' is unusable: unknown logic function.  (OPT-1022)
Warning: IO pad 'P16B' is unusable: unknown logic function.  (OPT-1022)
Warning: IO pad 'P16A' is unusable: unknown logic function.  (OPT-1022)
Information: State dependent leakage is now switched from off to on.
Information: Propagating switching activity (low effort zero delay simulation). (PWR-6)
Warning: There is no defined clock in the design. (PWR-80)
1
#uniquify
#compile
#======================================================
#  (F) Output Reports 
#======================================================
report_design  >  Report/$DESIGN\.design
report_resource >  Report/$DESIGN\.resource
report_timing -max_paths 3 >  Report/$DESIGN\.timing
report_area >  Report/$DESIGN\.area
report_power > Report/$DESIGN\.power
report_clock > Report/$DESIGN\.clock
report_port >  Report/$DESIGN\.port
report_power >  Report/$DESIGN\.power
#report_reference > Report/$DESIGN\.reference
#======================================================
#  (G) Change Naming Rule
#======================================================
set bus_inference_style "%s\[%d\]"
%s[%d]
set bus_naming_style "%s\[%d\]"
%s[%d]
set hdlout_internal_busses true
true
change_names -hierarchy -rule verilog
1
define_name_rules name_rule -allowed "a-z A-Z 0-9 _" -max_length 255 -type cell
1
define_name_rules name_rule -allowed "a-z A-Z 0-9 _[]" -max_length 255 -type net
1
define_name_rules name_rule -map {{"\\*cell\\*" "cell"}}
1
define_name_rules name_rule -case_insensitive
1
change_names -hierarchy -rules name_rule
1
#======================================================
#  (H) Output Results
#======================================================
set verilogout_higher_designs_first true
true
write -format verilog -output Netlist/$DESIGN\_SYN.v -hierarchy
Writing verilog file '/RAID2/COURSE/iclab/iclab143/Lab01/Exercise/02_SYN/Netlist/SSC_SYN.v'.
1
write -format ddc     -hierarchy -output $DESIGN\_SYN.ddc
Writing ddc file 'SSC_SYN.ddc'.
1
write_sdf -version 3.0 -context verilog -load_delay cell Netlist/$DESIGN\_SYN.sdf -significant_digits 6
Information: Writing timing information to file '/RAID2/COURSE/iclab/iclab143/Lab01/Exercise/02_SYN/Netlist/SSC_SYN.sdf'. (WT-3)
Information: Updating design information... (UID-85)
1
write_sdc Netlist/$DESIGN\_SYN.sdc
1
#======================================================
#  (I) Finish and Quit
#======================================================
report_area
 
****************************************
Report : area
Design : SSC
Version: T-2022.03
Date   : Mon Sep 16 00:02:50 2024
****************************************

Library(s) Used:

    slow (File: /RAID2/COURSE/iclab/iclabTA01/umc018/Synthesis/slow.db)

Number of ports:                          147
Number of nets:                          2464
Number of cells:                         2117
Number of combinational cells:           2116
Number of sequential cells:                 0
Number of macros/black boxes:               0
Number of buf/inv:                        443
Number of references:                     102

Combinational area:              48951.302877
Buf/Inv area:                     5029.516959
Noncombinational area:               0.000000
Macro/Black Box area:                0.000000
Net Interconnect area:          223394.452026

Total cell area:                 48951.302877
Total area:                     272345.754904
1
report_timing 
 
****************************************
Report : timing
        -path full
        -delay max
        -max_paths 1
Design : SSC
Version: T-2022.03
Date   : Mon Sep 16 00:02:50 2024
****************************************

Operating Conditions: slow   Library: slow
Wire Load Model Mode: top

  Startpoint: snack_num[10]
              (input port)
  Endpoint: out_change[0]
            (output port)
  Path Group: default
  Path Type: max

  Des/Clust/Port     Wire Load Model       Library
  ------------------------------------------------
  SSC                umc18_wl10            slow

  Point                                                   Incr       Path
  --------------------------------------------------------------------------
  input external delay                                    0.00       0.00 r
  snack_num[10] (in)                                      0.00       0.00 r
  U1185/Y (AND2X1)                                        0.28       0.28 r
  U2769/CO (ADDHXL)                                       0.32       0.60 r
  U2095/S (ADDFX2)                                        0.48       1.08 r
  U1335/CO (ADDFX2)                                       0.59       1.67 r
  U2052/CO (ADDFHX2)                                      0.25       1.93 r
  U1617/CO (ADDFX2)                                       0.37       2.30 r
  U2874/S (ADDFX2)                                        0.36       2.66 f
  U2796/Y (INVX2)                                         0.26       2.91 r
  DP_OP_341J1_125_3061_U8/CO0 (AFCSHCINX2)                0.40       3.31 r
  U2878/Y (MX2X2)                                         0.28       3.59 r
  U1993/Y (MXI2X2)                                        0.23       3.82 r
  U1591/Y (BUFX12)                                        0.32       4.14 r
  U2138/Y (MXI2X4)                                        0.26       4.40 f
  U1578/Y (OAI2BB1X2)                                     0.23       4.63 r
  U1568/Y (OAI21X2)                                       0.20       4.83 f
  U2242/Y (OAI2BB1X2)                                     0.30       5.13 f
  U2892/Y (OAI21X4)                                       0.20       5.33 r
  U2894/Y (AOI21X4)                                       0.13       5.47 f
  U1294/Y (NAND2X2)                                       0.17       5.64 r
  U1554/Y (NAND2X2)                                       0.13       5.77 f
  U2898/Y (NAND2X4)                                       0.12       5.89 r
  U2899/Y (BUFX16)                                        0.24       6.14 r
  U2248/Y (MXI2X1)                                        0.36       6.50 r
  U2310/Y (INVX2)                                         0.28       6.78 f
  U2911/Y (OAI21X4)                                       0.21       6.99 r
  U2912/Y (NAND2X2)                                       0.13       7.13 f
  U2913/Y (OAI21X4)                                       0.13       7.26 r
  U1134/Y (AOI2BB1X2)                                     0.30       7.55 r
  U2915/Y (NAND2X4)                                       0.11       7.67 f
  U2432/Y (OAI21X1)                                       0.31       7.98 r
  U2431/Y (OAI22X2)                                       0.23       8.21 f
  U2923/Y (NAND2X4)                                       0.21       8.43 r
  U2925/Y (NAND2X4)                                       0.14       8.57 f
  U1506/Y (BUFX16)                                        0.23       8.80 f
  U2286/Y (MXI2X1)                                        0.23       9.03 r
  U1123/Y (BUFX4)                                         0.26       9.29 r
  U2309/Y (INVX2)                                         0.13       9.42 f
  U2201/Y (NAND2X2)                                       0.12       9.54 r
  U2960/Y (OAI2BB1X4)                                     0.21       9.76 r
  U2961/Y (OAI21X4)                                       0.12       9.88 f
  U1274/Y (OAI2BB1X2)                                     0.24      10.11 f
  U1273/Y (NAND2X2)                                       0.21      10.32 r
  U2972/Y (NAND2X4)                                       0.11      10.43 f
  U1479/Y (BUFX16)                                        0.24      10.66 f
  U2981/Y (MXI2X4)                                        0.26      10.92 r
  U1879/Y (OAI22X2)                                       0.19      11.11 f
  U2726/Y (OAI22X2)                                       0.23      11.34 r
  U1083/Y (OAI21X1)                                       0.19      11.54 f
  U2986/Y (OAI2BB1X4)                                     0.27      11.81 f
  U2988/Y (AOI2BB2X4)                                     0.25      12.06 f
  U2989/Y (OAI2BB1X4)                                     0.16      12.22 r
  U1262/Y (BUFX16)                                        0.21      12.43 r
  U2990/Y (MXI2X2)                                        0.27      12.70 r
  U2134/Y (OAI21X2)                                       0.20      12.90 f
  U2996/Y (OAI21X4)                                       0.13      13.03 r
  U2997/CON (AFHCONX2)                                    0.22      13.25 f
  U1865/Y (AOI2BB1X2)                                     0.34      13.59 f
  U2128/Y (AOI211X2)                                      0.33      13.92 r
  U2140/Y (NOR2X4)                                        0.14      14.05 f
  U1861/Y (INVX3)                                         0.10      14.16 r
  U2568/Y (OAI2BB1X1)                                     0.16      14.32 f
  U2567/Y (AOI222X2)                                      0.35      14.67 r
  U1832/Y (BUFX12)                                        0.32      14.99 r
  U1822/Y (MX2X2)                                         0.37      15.36 r
  U3028/S (ADDFHX4)                                       0.55      15.91 r
  U3027/S (ADDFHX4)                                       0.47      16.38 r
  U3030/S (ADDFHX4)                                       0.46      16.83 r
  U3049/S (ADDFHX4)                                       0.45      17.29 r
  U1025/Y (NAND2X1)                                       0.29      17.58 f
  U1022/Y (OAI21X1)                                       0.46      18.04 r
  U3051/Y (AOI21X4)                                       0.21      18.25 f
  U1723/Y (OAI21X2)                                       0.27      18.52 r
  U2142/Y (INVX4)                                         0.10      18.62 f
  U2141/Y (OR2X4)                                         0.28      18.90 f
  U1716/Y (NOR2X2)                                        0.20      19.10 r
  U2682/Y (BUFX8)                                         0.23      19.33 r
  U1714/Y (OAI2BB1X2)                                     0.24      19.57 r
  U1707/Y (AOI21X2)                                       0.13      19.70 f
  U2172/Y (OAI2BB2X4)                                     0.30      19.99 r
  out_change[0] (out)                                     0.00      19.99 r
  data arrival time                                                 19.99

  max_delay                                              20.00      20.00
  output external delay                                   0.00      20.00
  data required time                                                20.00
  --------------------------------------------------------------------------
  data required time                                                20.00
  data arrival time                                                -19.99
  --------------------------------------------------------------------------
  slack (MET)                                                        0.01


1
exit

Memory usage for this session 292 Mbytes.
Memory usage for this session including child processes 545 Mbytes.
CPU usage for this session 33 seconds ( 0.01 hours ).
Elapsed time for this session 25 seconds ( 0.01 hours ).

Thank you...

